<?xml version="1.0" encoding="UTF-8"?>
<coverage generated="1778898334610" clover="3.2.0">
  <project timestamp="1778898334610" name="All files">
    <metrics statements="2995" coveredstatements="2099" conditionals="1175" coveredconditionals="669" methods="650" coveredmethods="408" elements="4820" coveredelements="3176" complexity="0" loc="2995" ncloc="2995" packages="21" files="83" classes="83"/>
    <package name="src">
      <metrics statements="545" coveredstatements="330" conditionals="267" coveredconditionals="118" methods="112" coveredmethods="52"/>
      <file name="App.tsx" path="C:\Users\nickg\OneDrive\Documents\GitHub\Project 3\src\App.tsx">
        <metrics statements="16" coveredstatements="0" conditionals="0" coveredconditionals="0" methods="14" coveredmethods="0"/>
        <line num="1" count="0" type="stmt"/>
        <line num="2" count="0" type="stmt"/>
        <line num="3" count="0" type="stmt"/>
        <line num="4" count="0" type="stmt"/>
        <line num="5" count="0" type="stmt"/>
        <line num="6" count="0" type="stmt"/>
        <line num="9" count="0" type="stmt"/>
        <line num="10" count="0" type="stmt"/>
        <line num="11" count="0" type="stmt"/>
        <line num="14" count="0" type="stmt"/>
        <line num="15" count="0" type="stmt"/>
        <line num="16" count="0" type="stmt"/>
        <line num="18" count="0" type="stmt"/>
        <line num="19" count="0" type="stmt"/>
        <line num="27" count="0" type="stmt"/>
        <line num="28" count="0" type="stmt"/>
      </file>
      <file name="ClassicGame.tsx" path="C:\Users\nickg\OneDrive\Documents\GitHub\Project 3\src\ClassicGame.tsx">
        <metrics statements="194" coveredstatements="70" conditionals="130" coveredconditionals="34" methods="47" coveredmethods="8"/>
        <line num="1" count="1" type="stmt"/>
        <line num="2" count="1" type="stmt"/>
        <line num="3" count="1" type="stmt"/>
        <line num="4" count="1" type="stmt"/>
        <line num="5" count="1" type="stmt"/>
        <line num="6" count="1" type="stmt"/>
        <line num="7" count="1" type="stmt"/>
        <line num="8" count="1" type="stmt"/>
        <line num="9" count="1" type="stmt"/>
        <line num="10" count="1" type="stmt"/>
        <line num="11" count="1" type="stmt"/>
        <line num="12" count="1" type="stmt"/>
        <line num="13" count="1" type="stmt"/>
        <line num="15" count="1" type="stmt"/>
        <line num="24" count="14" type="stmt"/>
        <line num="25" count="14" type="stmt"/>
        <line num="27" count="14" type="cond" truecount="1" falsecount="0"/>
        <line num="29" count="1" type="stmt"/>
        <line num="31" count="1" type="stmt"/>
        <line num="34" count="14" type="stmt"/>
        <line num="45" count="1" type="stmt"/>
        <line num="46" count="15" type="stmt"/>
        <line num="47" count="14" type="cond" truecount="1" falsecount="1"/>
        <line num="55" count="14" type="stmt"/>
        <line num="56" count="14" type="stmt"/>
        <line num="57" count="14" type="stmt"/>
        <line num="58" count="14" type="stmt"/>
        <line num="60" count="14" type="stmt"/>
        <line num="61" count="0" type="stmt"/>
        <line num="63" count="14" type="stmt"/>
        <line num="64" count="14" type="stmt"/>
        <line num="65" count="14" type="stmt"/>
        <line num="66" count="14" type="stmt"/>
        <line num="67" count="14" type="stmt"/>
        <line num="69" count="14" type="stmt"/>
        <line num="70" count="14" type="stmt"/>
        <line num="71" count="14" type="cond" truecount="1" falsecount="1"/>
        <line num="74" count="14" type="stmt"/>
        <line num="75" count="14" type="stmt"/>
        <line num="78" count="14" type="stmt"/>
        <line num="79" count="14" type="stmt"/>
        <line num="80" count="14" type="stmt"/>
        <line num="81" count="14" type="stmt"/>
        <line num="83" count="14" type="stmt"/>
        <line num="89" count="14" type="stmt"/>
        <line num="90" count="0" type="stmt"/>
        <line num="93" count="14" type="stmt"/>
        <line num="94" count="0" type="stmt"/>
        <line num="95" count="0" type="cond" truecount="0" falsecount="2"/>
        <line num="96" count="0" type="stmt"/>
        <line num="98" count="0" type="stmt"/>
        <line num="103" count="14" type="stmt"/>
        <line num="104" count="0" type="cond" truecount="0" falsecount="4"/>
        <line num="105" count="0" type="stmt"/>
        <line num="107" count="0" type="cond" truecount="0" falsecount="2"/>
        <line num="108" count="0" type="stmt"/>
        <line num="109" count="0" type="stmt"/>
        <line num="110" count="0" type="stmt"/>
        <line num="111" count="0" type="stmt"/>
        <line num="112" count="0" type="stmt"/>
        <line num="113" count="0" type="stmt"/>
        <line num="115" count="0" type="stmt"/>
        <line num="118" count="0" type="stmt"/>
        <line num="120" count="0" type="stmt"/>
        <line num="122" count="0" type="stmt"/>
        <line num="124" count="0" type="stmt"/>
        <line num="129" count="0" type="stmt"/>
        <line num="131" count="0" type="stmt"/>
        <line num="132" count="0" type="stmt"/>
        <line num="134" count="0" type="stmt"/>
        <line num="135" count="0" type="cond" truecount="0" falsecount="1"/>
        <line num="136" count="0" type="stmt"/>
        <line num="138" count="0" type="stmt"/>
        <line num="140" count="0" type="stmt"/>
        <line num="145" count="0" type="stmt"/>
        <line num="147" count="0" type="stmt"/>
        <line num="148" count="0" type="stmt"/>
        <line num="152" count="0" type="stmt"/>
        <line num="153" count="0" type="stmt"/>
        <line num="154" count="0" type="stmt"/>
        <line num="156" count="0" type="stmt"/>
        <line num="165" count="0" type="cond" truecount="0" falsecount="3"/>
        <line num="167" count="0" type="stmt"/>
        <line num="168" count="0" type="stmt"/>
        <line num="172" count="0" type="stmt"/>
        <line num="176" count="0" type="stmt"/>
        <line num="177" count="0" type="cond" truecount="0" falsecount="1"/>
        <line num="178" count="0" type="stmt"/>
        <line num="180" count="0" type="stmt"/>
        <line num="181" count="0" type="stmt"/>
        <line num="182" count="0" type="stmt"/>
        <line num="183" count="0" type="stmt"/>
        <line num="184" count="0" type="stmt"/>
        <line num="189" count="14" type="stmt"/>
        <line num="191" count="0" type="cond" truecount="0" falsecount="1"/>
        <line num="192" count="0" type="stmt"/>
        <line num="193" count="0" type="stmt"/>
        <line num="197" count="0" type="cond" truecount="0" falsecount="1"/>
        <line num="200" count="0" type="cond" truecount="0" falsecount="2"/>
        <line num="203" count="0" type="stmt"/>
        <line num="205" count="0" type="cond" truecount="0" falsecount="1"/>
        <line num="206" count="0" type="stmt"/>
        <line num="209" count="0" type="stmt"/>
        <line num="213" count="14" type="stmt"/>
        <line num="214" count="0" type="cond" truecount="0" falsecount="1"/>
        <line num="216" count="0" type="stmt"/>
        <line num="217" count="0" type="stmt"/>
        <line num="220" count="0" type="stmt"/>
        <line num="224" count="14" type="stmt"/>
        <line num="225" count="0" type="cond" truecount="0" falsecount="3"/>
        <line num="226" count="0" type="stmt"/>
        <line num="231" count="14" type="stmt"/>
        <line num="232" count="0" type="cond" truecount="0" falsecount="3"/>
        <line num="233" count="0" type="stmt"/>
        <line num="234" count="0" type="stmt"/>
        <line num="239" count="14" type="stmt"/>
        <line num="240" count="0" type="stmt"/>
        <line num="241" count="0" type="cond" truecount="0" falsecount="2"/>
        <line num="242" count="0" type="stmt"/>
        <line num="243" count="0" type="stmt"/>
        <line num="244" count="0" type="stmt"/>
        <line num="245" count="0" type="stmt"/>
        <line num="246" count="0" type="stmt"/>
        <line num="247" count="0" type="stmt"/>
        <line num="248" count="0" type="stmt"/>
        <line num="252" count="14" type="stmt"/>
        <line num="253" count="0" type="stmt"/>
        <line num="254" count="0" type="cond" truecount="0" falsecount="1"/>
        <line num="255" count="0" type="stmt"/>
        <line num="256" count="0" type="cond" truecount="0" falsecount="3"/>
        <line num="257" count="0" type="stmt"/>
        <line num="258" count="0" type="stmt"/>
        <line num="259" count="0" type="cond" truecount="0" falsecount="1"/>
        <line num="261" count="0" type="stmt"/>
        <line num="264" count="14" type="stmt"/>
        <line num="265" count="0" type="stmt"/>
        <line num="266" count="0" type="cond" truecount="0" falsecount="1"/>
        <line num="268" count="0" type="stmt"/>
        <line num="269" count="0" type="cond" truecount="0" falsecount="1"/>
        <line num="271" count="0" type="cond" truecount="0" falsecount="2"/>
        <line num="273" count="0" type="stmt"/>
        <line num="276" count="0" type="cond" truecount="0" falsecount="1"/>
        <line num="277" count="0" type="stmt"/>
        <line num="281" count="0" type="stmt"/>
        <line num="284" count="14" type="stmt"/>
        <line num="285" count="0" type="stmt"/>
        <line num="286" count="0" type="cond" truecount="0" falsecount="1"/>
        <line num="287" count="0" type="stmt"/>
        <line num="288" count="0" type="cond" truecount="0" falsecount="1"/>
        <line num="289" count="0" type="stmt"/>
        <line num="290" count="0" type="cond" truecount="0" falsecount="3"/>
        <line num="292" count="0" type="cond" truecount="0" falsecount="2"/>
        <line num="294" count="0" type="stmt"/>
        <line num="297" count="0" type="cond" truecount="0" falsecount="1"/>
        <line num="298" count="0" type="stmt"/>
        <line num="302" count="0" type="stmt"/>
        <line num="305" count="14" type="stmt"/>
        <line num="306" count="0" type="stmt"/>
        <line num="307" count="0" type="cond" truecount="0" falsecount="1"/>
        <line num="308" count="0" type="stmt"/>
        <line num="312" count="14" type="stmt"/>
        <line num="313" count="0" type="stmt"/>
        <line num="314" count="0" type="cond" truecount="0" falsecount="1"/>
        <line num="316" count="0" type="stmt"/>
        <line num="317" count="0" type="cond" truecount="0" falsecount="1"/>
        <line num="319" count="0" type="cond" truecount="0" falsecount="2"/>
        <line num="321" count="0" type="stmt"/>
        <line num="324" count="0" type="cond" truecount="0" falsecount="1"/>
        <line num="325" count="0" type="stmt"/>
        <line num="329" count="0" type="stmt"/>
        <line num="332" count="14" type="stmt"/>
        <line num="348" count="0" type="stmt"/>
        <line num="363" count="42" type="cond" truecount="1" falsecount="1"/>
        <line num="380" count="0" type="stmt"/>
        <line num="403" count="0" type="stmt"/>
        <line num="408" count="0" type="stmt"/>
        <line num="420" count="0" type="stmt"/>
        <line num="456" count="0" type="stmt"/>
        <line num="467" count="0" type="stmt"/>
        <line num="493" count="0" type="stmt"/>
        <line num="508" count="0" type="stmt"/>
        <line num="585" count="0" type="stmt"/>
        <line num="598" count="14" type="stmt"/>
        <line num="599" count="14" type="cond" truecount="2" falsecount="0"/>
        <line num="600" count="14" type="cond" truecount="2" falsecount="0"/>
        <line num="601" count="14" type="stmt"/>
        <line num="602" count="14" type="cond" truecount="2" falsecount="0"/>
        <line num="603" count="14" type="cond" truecount="2" falsecount="0"/>
        <line num="605" count="14" type="stmt"/>
        <line num="617" count="14" type="stmt"/>
        <line num="618" count="14" type="cond" truecount="3" falsecount="0"/>
        <line num="619" count="14" type="cond" truecount="3" falsecount="0"/>
        <line num="621" count="14" type="stmt"/>
        <line num="644" count="1" type="stmt"/>
      </file>
      <file name="GameKeyboard.tsx" path="C:\Users\nickg\OneDrive\Documents\GitHub\Project 3\src\GameKeyboard.tsx">
        <metrics statements="35" coveredstatements="34" conditionals="13" coveredconditionals="11" methods="12" coveredmethods="11"/>
        <line num="1" count="2" type="stmt"/>
        <line num="10" count="2" type="stmt"/>
        <line num="21" count="2" type="cond" truecount="0" falsecount="2"/>
        <line num="22" count="868" type="stmt"/>
        <line num="28" count="868" type="stmt"/>
        <line num="46" count="868" type="stmt"/>
        <line num="50" count="7" type="cond" truecount="1" falsecount="0"/>
        <line num="51" count="6" type="stmt"/>
        <line num="52" count="6" type="stmt"/>
        <line num="63" count="2" type="stmt"/>
        <line num="69" count="31" type="stmt"/>
        <line num="70" count="31" type="stmt"/>
        <line num="71" count="16" type="cond" truecount="1" falsecount="0"/>
        <line num="73" count="15" type="stmt"/>
        <line num="75" count="15" type="cond" truecount="1" falsecount="0"/>
        <line num="76" count="9" type="stmt"/>
        <line num="77" count="9" type="stmt"/>
        <line num="78" count="9" type="stmt"/>
        <line num="81" count="6" type="cond" truecount="3" falsecount="0"/>
        <line num="83" count="1" type="stmt"/>
        <line num="84" count="1" type="stmt"/>
        <line num="85" count="1" type="stmt"/>
        <line num="87" count="2" type="stmt"/>
        <line num="88" count="2" type="stmt"/>
        <line num="89" count="2" type="stmt"/>
        <line num="91" count="3" type="stmt"/>
        <line num="95" count="31" type="stmt"/>
        <line num="96" count="31" type="stmt"/>
        <line num="99" count="31" type="stmt"/>
        <line num="104" count="310" type="stmt"/>
        <line num="107" count="2" type="stmt"/>
        <line num="118" count="279" type="stmt"/>
        <line num="121" count="1" type="stmt"/>
        <line num="138" count="217" type="stmt"/>
        <line num="141" count="0" type="stmt"/>
      </file>
      <file name="LetterTile.tsx" path="C:\Users\nickg\OneDrive\Documents\GitHub\Project 3\src\LetterTile.tsx">
        <metrics statements="4" coveredstatements="4" conditionals="0" coveredconditionals="0" methods="1" coveredmethods="1"/>
        <line num="1" count="3" type="stmt"/>
        <line num="10" count="3" type="stmt"/>
        <line num="20" count="3" type="stmt"/>
        <line num="21" count="76" type="stmt"/>
      </file>
      <file name="Rung.tsx" path="C:\Users\nickg\OneDrive\Documents\GitHub\Project 3\src\Rung.tsx">
        <metrics statements="18" coveredstatements="18" conditionals="14" coveredconditionals="13" methods="6" coveredmethods="6"/>
        <line num="1" count="2" type="stmt"/>
        <line num="2" count="2" type="stmt"/>
        <line num="12" count="2" type="stmt"/>
        <line num="13" count="19" type="cond" truecount="3" falsecount="0"/>
        <line num="15" count="3" type="stmt"/>
        <line num="23" count="2" type="stmt"/>
        <line num="31" count="14" type="stmt"/>
        <line num="35" count="2" type="stmt"/>
        <line num="42" count="19" type="stmt"/>
        <line num="44" count="19" type="stmt"/>
        <line num="45" count="19" type="cond" truecount="1" falsecount="0"/>
        <line num="46" count="3" type="stmt"/>
        <line num="47" count="3" type="stmt"/>
        <line num="48" count="3" type="stmt"/>
        <line num="49" count="3" type="stmt"/>
        <line num="51" count="3" type="stmt"/>
        <line num="55" count="19" type="stmt"/>
        <line num="80" count="60" type="stmt"/>
      </file>
      <file name="generatePuzzle.ts" path="C:\Users\nickg\OneDrive\Documents\GitHub\Project 3\src\generatePuzzle.ts">
        <metrics statements="69" coveredstatements="67" conditionals="25" coveredconditionals="19" methods="9" coveredmethods="9"/>
        <line num="1" count="6" type="stmt"/>
        <line num="2" count="6" type="stmt"/>
        <line num="3" count="6" type="stmt"/>
        <line num="19" count="6" type="stmt"/>
        <line num="127" count="323" type="cond" truecount="3" falsecount="0"/>
        <line num="129" count="137" type="stmt"/>
        <line num="131" count="92" type="stmt"/>
        <line num="133" count="94" type="stmt"/>
        <line num="143" count="323" type="stmt"/>
        <line num="144" count="811303" type="stmt"/>
        <line num="145" count="811303" type="stmt"/>
        <line num="147" count="811303" type="cond" truecount="1" falsecount="0"/>
        <line num="149" count="808106" type="stmt"/>
        <line num="150" count="808106" type="stmt"/>
        <line num="152" count="808106" type="stmt"/>
        <line num="153" count="808106" type="cond" truecount="3" falsecount="0"/>
        <line num="154" count="307" type="stmt"/>
        <line num="158" count="16" type="stmt"/>
        <line num="162" count="307" type="cond" truecount="0" falsecount="1"/>
        <line num="164" count="307" type="stmt"/>
        <line num="165" count="307" type="stmt"/>
        <line num="167" count="307" type="cond" truecount="1" falsecount="0"/>
        <line num="170" count="802" type="stmt"/>
        <line num="171" count="210" type="stmt"/>
        <line num="173" count="210" type="stmt"/>
        <line num="174" count="309" type="stmt"/>
        <line num="175" count="309" type="stmt"/>
        <line num="176" count="309" type="stmt"/>
        <line num="179" count="210" type="stmt"/>
        <line num="182" count="6" type="stmt"/>
        <line num="187" count="323" type="cond" truecount="2" falsecount="0"/>
        <line num="188" count="323" type="stmt"/>
        <line num="190" count="323" type="stmt"/>
        <line num="191" count="323" type="stmt"/>
        <line num="193" count="323" type="stmt"/>
        <line num="195" count="323" type="cond" truecount="1" falsecount="0"/>
        <line num="196" count="16" type="stmt"/>
        <line num="202" count="307" type="stmt"/>
        <line num="203" count="307" type="cond" truecount="2" falsecount="1"/>
        <line num="204" count="0" type="stmt"/>
        <line num="210" count="307" type="cond" truecount="0" falsecount="1"/>
        <line num="211" count="0" type="stmt"/>
        <line num="214" count="307" type="stmt"/>
        <line num="217" count="307" type="stmt"/>
        <line num="221" count="638" type="stmt"/>
        <line num="223" count="307" type="stmt"/>
        <line num="234" count="6" type="stmt"/>
        <line num="238" count="8" type="stmt"/>
        <line num="241" count="6" type="stmt"/>
        <line num="247" count="5" type="cond" truecount="1" falsecount="1"/>
        <line num="249" count="5" type="stmt"/>
        <line num="250" count="5" type="stmt"/>
        <line num="253" count="5" type="stmt"/>
        <line num="254" count="11" type="stmt"/>
        <line num="255" count="11" type="stmt"/>
        <line num="256" count="11" type="stmt"/>
        <line num="263" count="3" type="stmt"/>
        <line num="264" count="1" type="stmt"/>
        <line num="265" count="3" type="stmt"/>
        <line num="266" count="3" type="stmt"/>
        <line num="267" count="3" type="stmt"/>
        <line num="275" count="3" type="cond" truecount="1" falsecount="0"/>
        <line num="276" count="3" type="stmt"/>
        <line num="277" count="3" type="stmt"/>
        <line num="278" count="3" type="stmt"/>
        <line num="279" count="5" type="stmt"/>
        <line num="280" count="5" type="stmt"/>
        <line num="281" count="5" type="stmt"/>
        <line num="290" count="1" type="stmt"/>
      </file>
      <file name="index.tsx" path="C:\Users\nickg\OneDrive\Documents\GitHub\Project 3\src\index.tsx">
        <metrics statements="14" coveredstatements="0" conditionals="2" coveredconditionals="0" methods="1" coveredmethods="0"/>
        <line num="1" count="0" type="stmt"/>
        <line num="2" count="0" type="stmt"/>
        <line num="3" count="0" type="stmt"/>
        <line num="4" count="0" type="stmt"/>
        <line num="5" count="0" type="stmt"/>
        <line num="8" count="0" type="stmt"/>
        <line num="9" count="0" type="stmt"/>
        <line num="12" count="0" type="cond" truecount="0" falsecount="1"/>
        <line num="13" count="0" type="stmt"/>
        <line num="14" count="0" type="stmt"/>
        <line num="15" count="0" type="cond" truecount="0" falsecount="1"/>
        <line num="16" count="0" type="stmt"/>
        <line num="21" count="0" type="stmt"/>
        <line num="22" count="0" type="stmt"/>
      </file>
      <file name="useGameState.ts" path="C:\Users\nickg\OneDrive\Documents\GitHub\Project 3\src\useGameState.ts">
        <metrics statements="70" coveredstatements="41" conditionals="32" coveredconditionals="16" methods="11" coveredmethods="10"/>
        <line num="1" count="2" type="stmt"/>
        <line num="4" count="2" type="stmt"/>
        <line num="33" count="0" type="cond" truecount="0" falsecount="1"/>
        <line num="34" count="0" type="stmt"/>
        <line num="35" count="0" type="stmt"/>
        <line num="36" count="0" type="cond" truecount="0" falsecount="1"/>
        <line num="38" count="0" type="stmt"/>
        <line num="42" count="105" type="cond" truecount="6" falsecount="5"/>
        <line num="44" count="75" type="cond" truecount="3" falsecount="0"/>
        <line num="45" count="3" type="stmt"/>
        <line num="47" count="72" type="stmt"/>
        <line num="55" count="4" type="cond" truecount="1" falsecount="0"/>
        <line num="56" count="3" type="stmt"/>
        <line num="64" count="21" type="cond" truecount="1" falsecount="0"/>
        <line num="66" count="20" type="cond" truecount="1" falsecount="1"/>
        <line num="67" count="0" type="stmt"/>
        <line num="76" count="20" type="stmt"/>
        <line num="77" count="20" type="stmt"/>
        <line num="89" count="3" type="cond" truecount="0" falsecount="1"/>
        <line num="90" count="3" type="stmt"/>
        <line num="98" count="1" type="cond" truecount="0" falsecount="1"/>
        <line num="99" count="1" type="stmt"/>
        <line num="107" count="1" type="stmt"/>
        <line num="114" count="0" type="cond" truecount="0" falsecount="1"/>
        <line num="115" count="0" type="stmt"/>
        <line num="127" count="0" type="stmt"/>
        <line num="134" count="0" type="stmt"/>
        <line num="141" count="0" type="stmt"/>
        <line num="155" count="0" type="stmt"/>
        <line num="159" count="2" type="stmt"/>
        <line num="160" count="57" type="stmt"/>
        <line num="172" count="57" type="stmt"/>
        <line num="173" count="57" type="stmt"/>
        <line num="175" count="57" type="stmt"/>
        <line num="176" count="26" type="cond" truecount="0" falsecount="1"/>
        <line num="177" count="0" type="stmt"/>
        <line num="178" count="0" type="stmt"/>
        <line num="182" count="57" type="stmt"/>
        <line num="183" count="75" type="stmt"/>
        <line num="186" count="57" type="stmt"/>
        <line num="187" count="4" type="stmt"/>
        <line num="190" count="57" type="stmt"/>
        <line num="191" count="21" type="stmt"/>
        <line num="193" count="21" type="cond" truecount="1" falsecount="0"/>
        <line num="194" count="21" type="stmt"/>
        <line num="195" count="21" type="stmt"/>
        <line num="198" count="0" type="cond" truecount="0" falsecount="1"/>
        <line num="199" count="0" type="stmt"/>
        <line num="200" count="0" type="stmt"/>
        <line num="203" count="0" type="stmt"/>
        <line num="204" count="0" type="cond" truecount="0" falsecount="1"/>
        <line num="205" count="0" type="stmt"/>
        <line num="206" count="0" type="stmt"/>
        <line num="209" count="0" type="stmt"/>
        <line num="210" count="0" type="cond" truecount="0" falsecount="1"/>
        <line num="211" count="0" type="stmt"/>
        <line num="212" count="0" type="stmt"/>
        <line num="215" count="0" type="stmt"/>
        <line num="217" count="0" type="cond" truecount="0" falsecount="1"/>
        <line num="218" count="0" type="stmt"/>
        <line num="222" count="57" type="stmt"/>
        <line num="223" count="3" type="stmt"/>
        <line num="226" count="57" type="stmt"/>
        <line num="227" count="1" type="stmt"/>
        <line num="230" count="57" type="stmt"/>
        <line num="231" count="1" type="stmt"/>
        <line num="234" count="57" type="stmt"/>
        <line num="235" count="2" type="cond" truecount="1" falsecount="0"/>
        <line num="236" count="0" type="stmt"/>
        <line num="239" count="57" type="stmt"/>
      </file>
      <file name="vite-env.d.ts" path="C:\Users\nickg\OneDrive\Documents\GitHub\Project 3\src\vite-env.d.ts">
        <metrics statements="0" coveredstatements="0" conditionals="0" coveredconditionals="0" methods="0" coveredmethods="0"/>
      </file>
      <file name="wordGraph.ts" path="C:\Users\nickg\OneDrive\Documents\GitHub\Project 3\src\wordGraph.ts">
        <metrics statements="125" coveredstatements="96" conditionals="51" coveredconditionals="25" methods="11" coveredmethods="7"/>
        <line num="1" count="9" type="stmt"/>
        <line num="4" count="9" type="stmt"/>
        <line num="7" count="9" type="stmt"/>
        <line num="10" count="9" type="stmt"/>
        <line num="11" count="9" type="stmt"/>
        <line num="12" count="30366" type="stmt"/>
        <line num="13" count="141498" type="stmt"/>
        <line num="14" count="141498" type="cond" truecount="1" falsecount="0"/>
        <line num="15" count="110115" type="stmt"/>
        <line num="17" count="141498" type="stmt"/>
        <line num="22" count="9" type="stmt"/>
        <line num="23" count="30366" type="stmt"/>
        <line num="24" count="30366" type="stmt"/>
        <line num="25" count="141498" type="stmt"/>
        <line num="26" count="141498" type="cond" truecount="1" falsecount="1"/>
        <line num="27" count="257796" type="cond" truecount="1" falsecount="0"/>
        <line num="28" count="116298" type="stmt"/>
        <line num="32" count="30366" type="stmt"/>
        <line num="36" count="9" type="cond" truecount="0" falsecount="1"/>
        <line num="37" count="0" type="cond" truecount="0" falsecount="2"/>
        <line num="38" count="0" type="cond" truecount="0" falsecount="1"/>
        <line num="39" count="0" type="stmt"/>
        <line num="44" count="9" type="stmt"/>
        <line num="46" count="9" type="stmt"/>
        <line num="47" count="11" type="stmt"/>
        <line num="48" count="11" type="cond" truecount="1" falsecount="0"/>
        <line num="49" count="7" type="cond" truecount="1" falsecount="1"/>
        <line num="52" count="9" type="stmt"/>
        <line num="53" count="808614" type="stmt"/>
        <line num="54" count="808614" type="stmt"/>
        <line num="57" count="808614" type="cond" truecount="3" falsecount="0"/>
        <line num="58" count="808609" type="cond" truecount="1" falsecount="0"/>
        <line num="61" count="808607" type="stmt"/>
        <line num="62" count="808607" type="stmt"/>
        <line num="64" count="808607" type="stmt"/>
        <line num="65" count="4153317" type="stmt"/>
        <line num="67" count="4153317" type="cond" truecount="1" falsecount="1"/>
        <line num="68" count="14285566" type="cond" truecount="1" falsecount="0"/>
        <line num="69" count="5386" type="stmt"/>
        <line num="72" count="14280180" type="cond" truecount="1" falsecount="0"/>
        <line num="73" count="3774805" type="stmt"/>
        <line num="74" count="3774805" type="stmt"/>
        <line num="79" count="803221" type="stmt"/>
        <line num="82" count="9" type="cond" truecount="0" falsecount="1"/>
        <line num="83" count="307" type="stmt"/>
        <line num="84" count="307" type="stmt"/>
        <line num="86" count="307" type="cond" truecount="2" falsecount="1"/>
        <line num="87" count="307" type="cond" truecount="0" falsecount="1"/>
        <line num="90" count="307" type="stmt"/>
        <line num="91" count="307" type="stmt"/>
        <line num="92" count="307" type="stmt"/>
        <line num="94" count="307" type="stmt"/>
        <line num="95" count="200817" type="stmt"/>
        <line num="96" count="200817" type="stmt"/>
        <line num="98" count="200817" type="cond" truecount="1" falsecount="1"/>
        <line num="99" count="1295000" type="cond" truecount="1" falsecount="0"/>
        <line num="100" count="200510" type="stmt"/>
        <line num="101" count="200510" type="stmt"/>
        <line num="106" count="307" type="cond" truecount="0" falsecount="1"/>
        <line num="107" count="307" type="stmt"/>
        <line num="110" count="307" type="stmt"/>
        <line num="113" count="674692" type="cond" truecount="1" falsecount="0"/>
        <line num="114" count="674166" type="cond" truecount="1" falsecount="0"/>
        <line num="115" count="638" type="stmt"/>
        <line num="116" count="638" type="stmt"/>
        <line num="119" count="673528" type="stmt"/>
        <line num="120" count="673528" type="cond" truecount="1" falsecount="1"/>
        <line num="121" count="4204455" type="stmt"/>
        <line num="122" count="4204455" type="cond" truecount="1" falsecount="0"/>
        <line num="123" count="674385" type="stmt"/>
        <line num="124" count="674385" type="stmt"/>
        <line num="125" count="674385" type="stmt"/>
        <line num="130" count="307" type="stmt"/>
        <line num="131" count="307" type="stmt"/>
        <line num="134" count="9" type="cond" truecount="0" falsecount="1"/>
        <line num="135" count="0" type="stmt"/>
        <line num="136" count="0" type="stmt"/>
        <line num="138" count="0" type="cond" truecount="0" falsecount="3"/>
        <line num="139" count="0" type="cond" truecount="0" falsecount="1"/>
        <line num="140" count="0" type="cond" truecount="0" falsecount="1"/>
        <line num="142" count="0" type="stmt"/>
        <line num="145" count="0" type="cond" truecount="0" falsecount="1"/>
        <line num="146" count="0" type="cond" truecount="0" falsecount="1"/>
        <line num="148" count="0" type="cond" truecount="0" falsecount="1"/>
        <line num="149" count="0" type="stmt"/>
        <line num="150" count="0" type="stmt"/>
        <line num="153" count="0" type="cond" truecount="0" falsecount="2"/>
        <line num="154" count="0" type="cond" truecount="0" falsecount="1"/>
        <line num="155" count="0" type="stmt"/>
        <line num="156" count="0" type="stmt"/>
        <line num="157" count="0" type="stmt"/>
        <line num="158" count="0" type="stmt"/>
        <line num="159" count="0" type="stmt"/>
        <line num="164" count="0" type="stmt"/>
        <line num="165" count="0" type="stmt"/>
        <line num="166" count="0" type="stmt"/>
        <line num="174" count="9" type="stmt"/>
        <line num="175" count="5" type="cond" truecount="1" falsecount="0"/>
        <line num="176" count="1" type="stmt"/>
        <line num="179" count="12" type="stmt"/>
        <line num="182" count="4" type="stmt"/>
        <line num="183" count="11" type="cond" truecount="1" falsecount="0"/>
        <line num="184" count="1" type="stmt"/>
        <line num="189" count="3" type="stmt"/>
        <line num="190" count="3" type="stmt"/>
        <line num="191" count="9" type="cond" truecount="1" falsecount="0"/>
        <line num="192" count="1" type="stmt"/>
        <line num="194" count="8" type="stmt"/>
        <line num="198" count="2" type="stmt"/>
        <line num="199" count="4" type="stmt"/>
        <line num="200" count="4" type="stmt"/>
        <line num="202" count="4" type="cond" truecount="0" falsecount="1"/>
        <line num="203" count="0" type="stmt"/>
        <line num="206" count="4" type="stmt"/>
        <line num="207" count="4" type="stmt"/>
        <line num="208" count="12" type="cond" truecount="1" falsecount="0"/>
        <line num="209" count="6" type="stmt"/>
        <line num="213" count="4" type="cond" truecount="1" falsecount="0"/>
        <line num="214" count="1" type="stmt"/>
        <line num="218" count="1" type="stmt"/>
        <line num="227" count="9" type="stmt"/>
        <line num="228" count="0" type="stmt"/>
        <line num="229" count="0" type="stmt"/>
        <line num="230" count="0" type="stmt"/>
        <line num="232" count="0" type="stmt"/>
      </file>
    </package>
    <package name="src.components">
      <metrics statements="85" coveredstatements="42" conditionals="52" coveredconditionals="26" methods="29" coveredmethods="12"/>
      <file name="ConsumableButton.tsx" path="C:\Users\nickg\OneDrive\Documents\GitHub\Project 3\src\components\ConsumableButton.tsx">
        <metrics statements="8" coveredstatements="8" conditionals="12" coveredconditionals="12" methods="2" coveredmethods="2"/>
        <line num="1" count="2" type="stmt"/>
        <line num="14" count="2" type="stmt"/>
        <line num="22" count="8" type="stmt"/>
        <line num="24" count="8" type="stmt"/>
        <line num="25" count="2" type="cond" truecount="2" falsecount="0"/>
        <line num="26" count="1" type="stmt"/>
        <line num="28" count="1" type="stmt"/>
        <line num="32" count="8" type="stmt"/>
      </file>
      <file name="HomeButton.tsx" path="C:\Users\nickg\OneDrive\Documents\GitHub\Project 3\src\components\HomeButton.tsx">
        <metrics statements="23" coveredstatements="10" conditionals="7" coveredconditionals="2" methods="9" coveredmethods="2"/>
        <line num="1" count="1" type="stmt"/>
        <line num="2" count="1" type="stmt"/>
        <line num="9" count="1" type="stmt"/>
        <line num="13" count="1" type="stmt"/>
        <line num="14" count="1" type="stmt"/>
        <line num="17" count="1" type="stmt"/>
        <line num="18" count="1" type="cond" truecount="1" falsecount="0"/>
        <line num="20" count="0" type="stmt"/>
        <line num="21" count="0" type="cond" truecount="0" falsecount="1"/>
        <line num="22" count="0" type="stmt"/>
        <line num="26" count="0" type="stmt"/>
        <line num="27" count="0" type="stmt"/>
        <line num="30" count="1" type="stmt"/>
        <line num="31" count="0" type="cond" truecount="0" falsecount="2"/>
        <line num="32" count="0" type="stmt"/>
        <line num="34" count="0" type="stmt"/>
        <line num="38" count="1" type="stmt"/>
        <line num="39" count="0" type="stmt"/>
        <line num="40" count="0" type="stmt"/>
        <line num="43" count="1" type="stmt"/>
        <line num="69" count="0" type="stmt"/>
        <line num="73" count="0" type="stmt"/>
        <line num="83" count="0" type="stmt"/>
      </file>
      <file name="ModeTile.tsx" path="C:\Users\nickg\OneDrive\Documents\GitHub\Project 3\src\components\ModeTile.tsx">
        <metrics statements="8" coveredstatements="0" conditionals="3" coveredconditionals="0" methods="1" coveredmethods="0"/>
        <line num="1" count="0" type="stmt"/>
        <line num="2" count="0" type="stmt"/>
        <line num="11" count="0" type="stmt"/>
        <line num="17" count="0" type="stmt"/>
        <line num="18" count="0" type="stmt"/>
        <line num="20" count="0" type="cond" truecount="0" falsecount="1"/>
        <line num="21" count="0" type="stmt"/>
        <line num="36" count="0" type="stmt"/>
      </file>
      <file name="PuzzleBoard.tsx" path="C:\Users\nickg\OneDrive\Documents\GitHub\Project 3\src\components\PuzzleBoard.tsx">
        <metrics statements="38" coveredstatements="24" conditionals="26" coveredconditionals="12" methods="14" coveredmethods="8"/>
        <line num="1" count="1" type="stmt"/>
        <line num="3" count="1" type="stmt"/>
        <line num="4" count="1" type="stmt"/>
        <line num="5" count="1" type="stmt"/>
        <line num="21" count="1" type="stmt"/>
        <line num="29" count="1" type="stmt"/>
        <line num="30" count="1" type="stmt"/>
        <line num="31" count="1" type="stmt"/>
        <line num="33" count="1" type="stmt"/>
        <line num="35" count="0" type="stmt"/>
        <line num="40" count="1" type="stmt"/>
        <line num="41" count="1" type="cond" truecount="0" falsecount="1"/>
        <line num="42" count="0" type="stmt"/>
        <line num="43" count="0" type="stmt"/>
        <line num="44" count="0" type="stmt"/>
        <line num="45" count="0" type="stmt"/>
        <line num="46" count="0" type="stmt"/>
        <line num="51" count="1" type="stmt"/>
        <line num="52" count="1" type="cond" truecount="0" falsecount="1"/>
        <line num="53" count="0" type="stmt"/>
        <line num="57" count="1" type="stmt"/>
        <line num="58" count="0" type="cond" truecount="0" falsecount="1"/>
        <line num="60" count="0" type="stmt"/>
        <line num="62" count="0" type="cond" truecount="0" falsecount="1"/>
        <line num="63" count="0" type="stmt"/>
        <line num="66" count="0" type="stmt"/>
        <line num="69" count="1" type="stmt"/>
        <line num="76" count="3" type="stmt"/>
        <line num="87" count="3" type="stmt"/>
        <line num="103" count="1" type="stmt"/>
        <line num="104" count="1" type="cond" truecount="1" falsecount="1"/>
        <line num="105" count="1" type="stmt"/>
        <line num="106" count="3" type="cond" truecount="2" falsecount="1"/>
        <line num="107" count="3" type="cond" truecount="1" falsecount="2"/>
        <line num="108" count="3" type="stmt"/>
        <line num="110" count="1" type="stmt"/>
        <line num="121" count="0" type="stmt"/>
        <line num="131" count="0" type="stmt"/>
      </file>
      <file name="StatsStrip.tsx" path="C:\Users\nickg\OneDrive\Documents\GitHub\Project 3\src\components\StatsStrip.tsx">
        <metrics statements="8" coveredstatements="0" conditionals="4" coveredconditionals="0" methods="3" coveredmethods="0"/>
        <line num="1" count="0" type="stmt"/>
        <line num="2" count="0" type="stmt"/>
        <line num="4" count="0" type="stmt"/>
        <line num="5" count="0" type="stmt"/>
        <line num="7" count="0" type="cond" truecount="0" falsecount="2"/>
        <line num="9" count="0" type="stmt"/>
        <line num="16" count="0" type="stmt"/>
        <line num="20" count="0" type="stmt"/>
      </file>
    </package>
    <package name="src.components.economy">
      <metrics statements="54" coveredstatements="51" conditionals="31" coveredconditionals="25" methods="19" coveredmethods="19"/>
      <file name="LevelUpModal.tsx" path="C:\Users\nickg\OneDrive\Documents\GitHub\Project 3\src\components\economy\LevelUpModal.tsx">
        <metrics statements="21" coveredstatements="18" conditionals="12" coveredconditionals="6" methods="9" coveredmethods="9"/>
        <line num="1" count="4" type="stmt"/>
        <line num="9" count="4" type="stmt"/>
        <line num="11" count="16" type="stmt"/>
        <line num="12" count="12" type="stmt"/>
        <line num="13" count="2" type="cond" truecount="1" falsecount="0"/>
        <line num="14" count="2" type="stmt"/>
        <line num="18" count="12" type="stmt"/>
        <line num="19" count="12" type="stmt"/>
        <line num="23" count="16" type="stmt"/>
        <line num="24" count="12" type="stmt"/>
        <line num="25" count="12" type="stmt"/>
        <line num="26" count="12" type="stmt"/>
        <line num="30" count="16" type="stmt"/>
        <line num="40" count="4" type="stmt"/>
        <line num="64" count="19" type="stmt"/>
        <line num="89" count="19" type="cond" truecount="2" falsecount="3"/>
        <line num="91" count="11" type="stmt"/>
        <line num="93" count="8" type="cond" truecount="1" falsecount="1"/>
        <line num="95" count="0" type="stmt"/>
        <line num="97" count="0" type="cond" truecount="0" falsecount="2"/>
        <line num="99" count="0" type="stmt"/>
      </file>
      <file name="LevelUpProvider.tsx" path="C:\Users\nickg\OneDrive\Documents\GitHub\Project 3\src\components\economy\LevelUpProvider.tsx">
        <metrics statements="16" coveredstatements="16" conditionals="4" coveredconditionals="4" methods="6" coveredmethods="6"/>
        <line num="1" count="3" type="stmt"/>
        <line num="3" count="3" type="stmt"/>
        <line num="16" count="3" type="stmt"/>
        <line num="30" count="3" type="stmt"/>
        <line num="31" count="18" type="stmt"/>
        <line num="36" count="18" type="stmt"/>
        <line num="37" count="5" type="cond" truecount="1" falsecount="0"/>
        <line num="38" count="4" type="stmt"/>
        <line num="44" count="18" type="stmt"/>
        <line num="45" count="4" type="stmt"/>
        <line num="48" count="18" type="stmt"/>
        <line num="60" count="3" type="stmt"/>
        <line num="61" count="74" type="stmt"/>
        <line num="62" count="73" type="cond" truecount="1" falsecount="0"/>
        <line num="63" count="56" type="stmt"/>
        <line num="65" count="17" type="stmt"/>
      </file>
      <file name="WalletStrip.tsx" path="C:\Users\nickg\OneDrive\Documents\GitHub\Project 3\src\components\economy\WalletStrip.tsx">
        <metrics statements="17" coveredstatements="17" conditionals="15" coveredconditionals="15" methods="4" coveredmethods="4"/>
        <line num="1" count="3" type="stmt"/>
        <line num="2" count="3" type="stmt"/>
        <line num="3" count="3" type="stmt"/>
        <line num="4" count="3" type="stmt"/>
        <line num="12" count="3" type="cond" truecount="2" falsecount="0"/>
        <line num="13" count="25" type="stmt"/>
        <line num="14" count="25" type="stmt"/>
        <line num="16" count="25" type="stmt"/>
        <line num="17" count="25" type="stmt"/>
        <line num="19" count="25" type="stmt"/>
        <line num="25" count="25" type="stmt"/>
        <line num="31" count="25" type="cond" truecount="1" falsecount="0"/>
        <line num="32" count="21" type="stmt"/>
        <line num="34" count="1" type="stmt"/>
        <line num="46" count="4" type="stmt"/>
        <line num="50" count="25" type="stmt"/>
        <line num="78" count="25" type="stmt"/>
      </file>
    </package>
    <package name="src.components.game">
      <metrics statements="6" coveredstatements="3" conditionals="4" coveredconditionals="2" methods="2" coveredmethods="1"/>
      <file name="HintRevealButtons.tsx" path="C:\Users\nickg\OneDrive\Documents\GitHub\Project 3\src\components\game\HintRevealButtons.tsx">
        <metrics statements="3" coveredstatements="3" conditionals="2" coveredconditionals="2" methods="1" coveredmethods="1"/>
        <line num="1" count="2" type="stmt"/>
        <line num="10" count="2" type="stmt"/>
        <line num="16" count="3" type="stmt"/>
      </file>
      <file name="TimerExtensionButton.tsx" path="C:\Users\nickg\OneDrive\Documents\GitHub\Project 3\src\components\game\TimerExtensionButton.tsx">
        <metrics statements="3" coveredstatements="0" conditionals="2" coveredconditionals="0" methods="1" coveredmethods="0"/>
        <line num="1" count="0" type="stmt"/>
        <line num="9" count="0" type="stmt"/>
        <line num="14" count="0" type="stmt"/>
      </file>
    </package>
    <package name="src.components.leaderboard">
      <metrics statements="102" coveredstatements="0" conditionals="45" coveredconditionals="0" methods="32" coveredmethods="0"/>
      <file name="AchievementsScreen.tsx" path="C:\Users\nickg\OneDrive\Documents\GitHub\Project 3\src\components\leaderboard\AchievementsScreen.tsx">
        <metrics statements="27" coveredstatements="0" conditionals="14" coveredconditionals="0" methods="8" coveredmethods="0"/>
        <line num="3" count="0" type="stmt"/>
        <line num="5" count="0" type="stmt"/>
        <line num="7" count="0" type="stmt"/>
        <line num="10" count="0" type="stmt"/>
        <line num="26" count="0" type="stmt"/>
        <line num="28" count="0" type="stmt"/>
        <line num="30" count="0" type="stmt"/>
        <line num="66" count="0" type="stmt"/>
        <line num="68" count="0" type="stmt"/>
        <line num="69" count="0" type="stmt"/>
        <line num="70" count="0" type="stmt"/>
        <line num="71" count="0" type="stmt"/>
        <line num="73" count="0" type="stmt"/>
        <line num="74" count="0" type="stmt"/>
        <line num="75" count="0" type="stmt"/>
        <line num="76" count="0" type="stmt"/>
        <line num="77" count="0" type="stmt"/>
        <line num="79" count="0" type="stmt"/>
        <line num="84" count="0" type="stmt"/>
        <line num="85" count="0" type="cond" truecount="0" falsecount="1"/>
        <line num="86" count="0" type="cond" truecount="0" falsecount="1"/>
        <line num="87" count="0" type="stmt"/>
        <line num="90" count="0" type="stmt"/>
        <line num="102" count="0" type="stmt"/>
        <line num="104" count="0" type="stmt"/>
        <line num="127" count="0" type="stmt"/>
        <line num="139" count="0" type="stmt"/>
      </file>
      <file name="LeaderboardScreen.tsx" path="C:\Users\nickg\OneDrive\Documents\GitHub\Project 3\src\components\leaderboard\LeaderboardScreen.tsx">
        <metrics statements="37" coveredstatements="0" conditionals="13" coveredconditionals="0" methods="16" coveredmethods="0"/>
        <line num="3" count="0" type="stmt"/>
        <line num="4" count="0" type="stmt"/>
        <line num="6" count="0" type="stmt"/>
        <line num="8" count="0" type="stmt"/>
        <line num="11" count="0" type="stmt"/>
        <line num="13" count="0" type="stmt"/>
        <line num="14" count="0" type="stmt"/>
        <line num="34" count="0" type="stmt"/>
        <line num="37" count="0" type="stmt"/>
        <line num="39" count="0" type="stmt"/>
        <line num="40" count="0" type="stmt"/>
        <line num="60" count="0" type="stmt"/>
        <line num="62" count="0" type="stmt"/>
        <line num="63" count="0" type="stmt"/>
        <line num="64" count="0" type="stmt"/>
        <line num="65" count="0" type="stmt"/>
        <line num="66" count="0" type="stmt"/>
        <line num="67" count="0" type="stmt"/>
        <line num="69" count="0" type="stmt"/>
        <line num="70" count="0" type="stmt"/>
        <line num="71" count="0" type="stmt"/>
        <line num="73" count="0" type="stmt"/>
        <line num="74" count="0" type="stmt"/>
        <line num="75" count="0" type="stmt"/>
        <line num="76" count="0" type="stmt"/>
        <line num="80" count="0" type="stmt"/>
        <line num="81" count="0" type="cond" truecount="0" falsecount="1"/>
        <line num="85" count="0" type="stmt"/>
        <line num="86" count="0" type="stmt"/>
        <line num="89" count="0" type="stmt"/>
        <line num="100" count="0" type="stmt"/>
        <line num="102" count="0" type="stmt"/>
        <line num="120" count="0" type="stmt"/>
        <line num="122" count="0" type="stmt"/>
        <line num="146" count="0" type="stmt"/>
        <line num="167" count="0" type="stmt"/>
        <line num="186" count="0" type="stmt"/>
      </file>
      <file name="PlayerProfileScreen.tsx" path="C:\Users\nickg\OneDrive\Documents\GitHub\Project 3\src\components\leaderboard\PlayerProfileScreen.tsx">
        <metrics statements="38" coveredstatements="0" conditionals="18" coveredconditionals="0" methods="8" coveredmethods="0"/>
        <line num="3" count="0" type="stmt"/>
        <line num="4" count="0" type="stmt"/>
        <line num="6" count="0" type="stmt"/>
        <line num="8" count="0" type="stmt"/>
        <line num="10" count="0" type="stmt"/>
        <line num="11" count="0" type="stmt"/>
        <line num="12" count="0" type="stmt"/>
        <line num="13" count="0" type="stmt"/>
        <line num="14" count="0" type="stmt"/>
        <line num="15" count="0" type="stmt"/>
        <line num="17" count="0" type="stmt"/>
        <line num="18" count="0" type="cond" truecount="0" falsecount="1"/>
        <line num="20" count="0" type="stmt"/>
        <line num="21" count="0" type="stmt"/>
        <line num="22" count="0" type="stmt"/>
        <line num="23" count="0" type="stmt"/>
        <line num="25" count="0" type="stmt"/>
        <line num="27" count="0" type="stmt"/>
        <line num="32" count="0" type="cond" truecount="0" falsecount="1"/>
        <line num="33" count="0" type="cond" truecount="0" falsecount="1"/>
        <line num="34" count="0" type="cond" truecount="0" falsecount="1"/>
        <line num="36" count="0" type="stmt"/>
        <line num="71" count="0" type="stmt"/>
        <line num="72" count="0" type="stmt"/>
        <line num="73" count="0" type="stmt"/>
        <line num="74" count="0" type="stmt"/>
        <line num="75" count="0" type="stmt"/>
        <line num="76" count="0" type="stmt"/>
        <line num="77" count="0" type="cond" truecount="0" falsecount="2"/>
        <line num="78" count="0" type="stmt"/>
        <line num="79" count="0" type="cond" truecount="0" falsecount="2"/>
        <line num="80" count="0" type="stmt"/>
        <line num="82" count="0" type="stmt"/>
        <line num="86" count="0" type="stmt"/>
        <line num="142" count="0" type="stmt"/>
        <line num="153" count="0" type="stmt"/>
        <line num="159" count="0" type="stmt"/>
        <line num="170" count="0" type="stmt"/>
      </file>
    </package>
    <package name="src.components.navigation">
      <metrics statements="14" coveredstatements="13" conditionals="0" coveredconditionals="0" methods="4" coveredmethods="3"/>
      <file name="HomeButton.tsx" path="C:\Users\nickg\OneDrive\Documents\GitHub\Project 3\src\components\navigation\HomeButton.tsx">
        <metrics statements="7" coveredstatements="6" conditionals="0" coveredconditionals="0" methods="2" coveredmethods="1"/>
        <line num="1" count="3" type="stmt"/>
        <line num="2" count="3" type="stmt"/>
        <line num="4" count="3" type="stmt"/>
        <line num="5" count="68" type="stmt"/>
        <line num="7" count="4" type="stmt"/>
        <line num="8" count="0" type="stmt"/>
        <line num="11" count="4" type="stmt"/>
      </file>
      <file name="SettingsButton.tsx" path="C:\Users\nickg\OneDrive\Documents\GitHub\Project 3\src\components\navigation\SettingsButton.tsx">
        <metrics statements="7" coveredstatements="7" conditionals="0" coveredconditionals="0" methods="2" coveredmethods="2"/>
        <line num="1" count="4" type="stmt"/>
        <line num="2" count="4" type="stmt"/>
        <line num="4" count="4" type="stmt"/>
        <line num="5" count="8" type="stmt"/>
        <line num="7" count="8" type="stmt"/>
        <line num="8" count="1" type="stmt"/>
        <line num="11" count="8" type="stmt"/>
      </file>
    </package>
    <package name="src.dictionary">
      <metrics statements="24" coveredstatements="24" conditionals="6" coveredconditionals="5" methods="5" coveredmethods="5"/>
      <file name="index.ts" path="C:\Users\nickg\OneDrive\Documents\GitHub\Project 3\src\dictionary\index.ts">
        <metrics statements="19" coveredstatements="19" conditionals="6" coveredconditionals="5" methods="5" coveredmethods="5"/>
        <line num="1" count="11" type="stmt"/>
        <line num="2" count="11" type="stmt"/>
        <line num="3" count="11" type="stmt"/>
        <line num="4" count="11" type="stmt"/>
        <line num="5" count="11" type="stmt"/>
        <line num="8" count="55" type="stmt"/>
        <line num="9" count="37235" type="stmt"/>
        <line num="10" count="37235" type="cond" truecount="3" falsecount="0"/>
        <line num="11" count="37224" type="stmt"/>
        <line num="14" count="11" type="stmt"/>
        <line num="22" count="11" type="stmt"/>
        <line num="24" count="11" type="stmt"/>
        <line num="25" count="11" type="stmt"/>
        <line num="26" count="37213" type="stmt"/>
        <line num="27" count="37213" type="cond" truecount="1" falsecount="0"/>
        <line num="28" count="55" type="stmt"/>
        <line num="30" count="37213" type="stmt"/>
        <line num="33" count="11" type="stmt"/>
        <line num="34" count="323" type="cond" truecount="1" falsecount="1"/>
      </file>
      <file name="words3.ts" path="C:\Users\nickg\OneDrive\Documents\GitHub\Project 3\src\dictionary\words3.ts">
        <metrics statements="1" coveredstatements="1" conditionals="0" coveredconditionals="0" methods="0" coveredmethods="0"/>
        <line num="2" count="11" type="stmt"/>
      </file>
      <file name="words4.ts" path="C:\Users\nickg\OneDrive\Documents\GitHub\Project 3\src\dictionary\words4.ts">
        <metrics statements="1" coveredstatements="1" conditionals="0" coveredconditionals="0" methods="0" coveredmethods="0"/>
        <line num="2" count="11" type="stmt"/>
      </file>
      <file name="words5.ts" path="C:\Users\nickg\OneDrive\Documents\GitHub\Project 3\src\dictionary\words5.ts">
        <metrics statements="1" coveredstatements="1" conditionals="0" coveredconditionals="0" methods="0" coveredmethods="0"/>
        <line num="2" count="11" type="stmt"/>
      </file>
      <file name="words6.ts" path="C:\Users\nickg\OneDrive\Documents\GitHub\Project 3\src\dictionary\words6.ts">
        <metrics statements="1" coveredstatements="1" conditionals="0" coveredconditionals="0" methods="0" coveredmethods="0"/>
        <line num="2" count="11" type="stmt"/>
      </file>
      <file name="words7.ts" path="C:\Users\nickg\OneDrive\Documents\GitHub\Project 3\src\dictionary\words7.ts">
        <metrics statements="1" coveredstatements="1" conditionals="0" coveredconditionals="0" methods="0" coveredmethods="0"/>
        <line num="2" count="11" type="stmt"/>
      </file>
    </package>
    <package name="src.features.blitz">
      <metrics statements="429" coveredstatements="387" conditionals="117" coveredconditionals="101" methods="62" coveredmethods="54"/>
      <file name="BlitzPage.tsx" path="C:\Users\nickg\OneDrive\Documents\GitHub\Project 3\src\features\blitz\BlitzPage.tsx">
        <metrics statements="61" coveredstatements="49" conditionals="14" coveredconditionals="9" methods="13" coveredmethods="5"/>
        <line num="1" count="1" type="stmt"/>
        <line num="2" count="1" type="stmt"/>
        <line num="3" count="1" type="stmt"/>
        <line num="4" count="1" type="stmt"/>
        <line num="5" count="1" type="stmt"/>
        <line num="6" count="1" type="stmt"/>
        <line num="7" count="1" type="stmt"/>
        <line num="8" count="1" type="stmt"/>
        <line num="9" count="1" type="stmt"/>
        <line num="10" count="1" type="stmt"/>
        <line num="13" count="1" type="stmt"/>
        <line num="14" count="8" type="stmt"/>
        <line num="15" count="8" type="stmt"/>
        <line num="16" count="8" type="stmt"/>
        <line num="19" count="8" type="stmt"/>
        <line num="20" count="8" type="stmt"/>
        <line num="24" count="8" type="stmt"/>
        <line num="25" count="0" type="stmt"/>
        <line num="28" count="8" type="stmt"/>
        <line num="29" count="0" type="stmt"/>
        <line num="32" count="8" type="stmt"/>
        <line num="34" count="0" type="stmt"/>
        <line num="40" count="8" type="stmt"/>
        <line num="42" count="0" type="stmt"/>
        <line num="48" count="8" type="stmt"/>
        <line num="49" count="0" type="stmt"/>
        <line num="50" count="0" type="stmt"/>
        <line num="53" count="8" type="stmt"/>
        <line num="54" count="0" type="stmt"/>
        <line num="58" count="8" type="stmt"/>
        <line num="59" count="1" type="stmt"/>
        <line num="76" count="8" type="stmt"/>
        <line num="77" count="1" type="stmt"/>
        <line num="86" count="8" type="stmt"/>
        <line num="87" count="4" type="cond" truecount="0" falsecount="1"/>
        <line num="89" count="4" type="stmt"/>
        <line num="90" count="4" type="cond" truecount="1" falsecount="1"/>
        <line num="92" count="4" type="cond" truecount="1" falsecount="0"/>
        <line num="94" count="1" type="cond" truecount="0" falsecount="1"/>
        <line num="95" count="0" type="stmt"/>
        <line num="98" count="1" type="stmt"/>
        <line num="111" count="3" type="cond" truecount="1" falsecount="0"/>
        <line num="113" count="1" type="cond" truecount="0" falsecount="1"/>
        <line num="114" count="0" type="stmt"/>
        <line num="117" count="1" type="stmt"/>
        <line num="125" count="2" type="cond" truecount="1" falsecount="0"/>
        <line num="126" count="1" type="stmt"/>
        <line num="129" count="1" type="cond" truecount="1" falsecount="0"/>
        <line num="130" count="1" type="stmt"/>
        <line num="134" count="0" type="stmt"/>
        <line num="138" count="8" type="cond" truecount="1" falsecount="0"/>
        <line num="139" count="1" type="stmt"/>
        <line num="143" count="7" type="cond" truecount="1" falsecount="0"/>
        <line num="144" count="1" type="stmt"/>
        <line num="148" count="6" type="cond" truecount="1" falsecount="0"/>
        <line num="149" count="4" type="stmt"/>
        <line num="153" count="2" type="stmt"/>
        <line num="155" count="2" type="stmt"/>
        <line num="161" count="0" type="stmt"/>
        <line num="162" count="0" type="stmt"/>
        <line num="185" count="1" type="stmt"/>
      </file>
      <file name="economy.ts" path="C:\Users\nickg\OneDrive\Documents\GitHub\Project 3\src\features\blitz\economy.ts">
        <metrics statements="20" coveredstatements="18" conditionals="4" coveredconditionals="3" methods="3" coveredmethods="3"/>
        <line num="17" count="2" type="stmt"/>
        <line num="22" count="2" type="stmt"/>
        <line num="27" count="2" type="stmt"/>
        <line num="32" count="2" type="stmt"/>
        <line num="33" count="13" type="cond" truecount="3" falsecount="1"/>
        <line num="35" count="6" type="stmt"/>
        <line num="37" count="3" type="stmt"/>
        <line num="39" count="4" type="stmt"/>
        <line num="41" count="0" type="stmt"/>
        <line num="42" count="0" type="stmt"/>
        <line num="52" count="2" type="stmt"/>
        <line num="53" count="4" type="stmt"/>
        <line num="54" count="4" type="stmt"/>
        <line num="55" count="4" type="stmt"/>
        <line num="56" count="4" type="stmt"/>
        <line num="65" count="2" type="stmt"/>
        <line num="66" count="6" type="stmt"/>
        <line num="67" count="6" type="stmt"/>
        <line num="68" count="6" type="stmt"/>
        <line num="69" count="6" type="stmt"/>
      </file>
      <file name="scoring.ts" path="C:\Users\nickg\OneDrive\Documents\GitHub\Project 3\src\features\blitz\scoring.ts">
        <metrics statements="19" coveredstatements="19" conditionals="5" coveredconditionals="5" methods="2" coveredmethods="2"/>
        <line num="2" count="2" type="stmt"/>
        <line num="17" count="2" type="stmt"/>
        <line num="43" count="2" type="stmt"/>
        <line num="44" count="18" type="cond" truecount="3" falsecount="0"/>
        <line num="45" count="1" type="stmt"/>
        <line num="48" count="17" type="stmt"/>
        <line num="49" count="17" type="stmt"/>
        <line num="50" count="17" type="stmt"/>
        <line num="51" count="17" type="stmt"/>
        <line num="53" count="17" type="stmt"/>
        <line num="54" count="17" type="cond" truecount="1" falsecount="0"/>
        <line num="55" count="8" type="stmt"/>
        <line num="56" count="8" type="stmt"/>
        <line num="59" count="17" type="stmt"/>
        <line num="60" count="17" type="stmt"/>
        <line num="66" count="2" type="stmt"/>
        <line num="67" count="3" type="cond" truecount="1" falsecount="0"/>
        <line num="68" count="1" type="stmt"/>
        <line num="70" count="2" type="stmt"/>
      </file>
      <file name="theme.ts" path="C:\Users\nickg\OneDrive\Documents\GitHub\Project 3\src\features\blitz\theme.ts">
        <metrics statements="13" coveredstatements="13" conditionals="0" coveredconditionals="0" methods="0" coveredmethods="0"/>
        <line num="11" count="7" type="stmt"/>
        <line num="32" count="7" type="stmt"/>
        <line num="51" count="7" type="stmt"/>
        <line num="63" count="7" type="stmt"/>
        <line num="70" count="7" type="stmt"/>
        <line num="82" count="7" type="stmt"/>
        <line num="94" count="7" type="stmt"/>
        <line num="145" count="7" type="stmt"/>
        <line num="152" count="7" type="stmt"/>
        <line num="164" count="7" type="stmt"/>
        <line num="171" count="7" type="stmt"/>
        <line num="180" count="7" type="stmt"/>
        <line num="195" count="7" type="stmt"/>
      </file>
      <file name="types.ts" path="C:\Users\nickg\OneDrive\Documents\GitHub\Project 3\src\features\blitz\types.ts">
        <metrics statements="5" coveredstatements="5" conditionals="0" coveredconditionals="0" methods="2" coveredmethods="2"/>
        <line num="9" count="13" type="stmt"/>
        <line num="10" count="291" type="stmt"/>
        <line num="13" count="13" type="stmt"/>
        <line num="14" count="378" type="stmt"/>
        <line num="85" count="13" type="stmt"/>
      </file>
      <file name="useBlitzGame.ts" path="C:\Users\nickg\OneDrive\Documents\GitHub\Project 3\src\features\blitz\useBlitzGame.ts">
        <metrics statements="48" coveredstatements="47" conditionals="27" coveredconditionals="26" methods="7" coveredmethods="7"/>
        <line num="1" count="1" type="stmt"/>
        <line num="2" count="1" type="stmt"/>
        <line num="50" count="1" type="stmt"/>
        <line num="51" count="21" type="stmt"/>
        <line num="54" count="21" type="stmt"/>
        <line num="55" count="21" type="stmt"/>
        <line num="58" count="21" type="stmt"/>
        <line num="59" count="21" type="stmt"/>
        <line num="62" count="21" type="cond" truecount="2" falsecount="0"/>
        <line num="63" count="21" type="cond" truecount="2" falsecount="0"/>
        <line num="64" count="21" type="cond" truecount="2" falsecount="0"/>
        <line num="65" count="21" type="cond" truecount="2" falsecount="0"/>
        <line num="66" count="21" type="cond" truecount="2" falsecount="0"/>
        <line num="69" count="21" type="stmt"/>
        <line num="70" count="21" type="cond" truecount="2" falsecount="0"/>
        <line num="71" count="21" type="cond" truecount="5" falsecount="0"/>
        <line num="72" count="17" type="stmt"/>
        <line num="78" count="21" type="stmt"/>
        <line num="79" count="14" type="stmt"/>
        <line num="85" count="21" type="stmt"/>
        <line num="87" count="7" type="cond" truecount="4" falsecount="0"/>
        <line num="88" count="1" type="stmt"/>
        <line num="91" count="6" type="stmt"/>
        <line num="94" count="6" type="stmt"/>
        <line num="104" count="6" type="stmt"/>
        <line num="105" count="6" type="stmt"/>
        <line num="108" count="6" type="cond" truecount="0" falsecount="1"/>
        <line num="109" count="0" type="stmt"/>
        <line num="113" count="6" type="stmt"/>
        <line num="114" count="1" type="stmt"/>
        <line num="115" count="1" type="stmt"/>
        <line num="119" count="6" type="stmt"/>
        <line num="128" count="6" type="stmt"/>
        <line num="129" count="6" type="stmt"/>
        <line num="131" count="6" type="stmt"/>
        <line num="145" count="21" type="stmt"/>
        <line num="147" count="2" type="cond" truecount="4" falsecount="0"/>
        <line num="148" count="1" type="stmt"/>
        <line num="151" count="1" type="stmt"/>
        <line num="154" count="1" type="stmt"/>
        <line num="163" count="1" type="stmt"/>
        <line num="164" count="1" type="stmt"/>
        <line num="166" count="1" type="stmt"/>
        <line num="178" count="21" type="stmt"/>
        <line num="179" count="14" type="stmt"/>
        <line num="180" count="14" type="cond" truecount="1" falsecount="0"/>
        <line num="181" count="5" type="stmt"/>
        <line num="186" count="21" type="stmt"/>
      </file>
      <file name="useBlitzRoom.ts" path="C:\Users\nickg\OneDrive\Documents\GitHub\Project 3\src\features\blitz\useBlitzRoom.ts">
        <metrics statements="151" coveredstatements="126" conditionals="41" coveredconditionals="32" methods="22" coveredmethods="22"/>
        <line num="1" count="3" type="stmt"/>
        <line num="2" count="3" type="stmt"/>
        <line num="6" count="3" type="stmt"/>
        <line num="40" count="3" type="stmt"/>
        <line num="42" count="110" type="stmt"/>
        <line num="43" count="110" type="stmt"/>
        <line num="44" count="110" type="stmt"/>
        <line num="45" count="110" type="stmt"/>
        <line num="48" count="110" type="stmt"/>
        <line num="49" count="110" type="stmt"/>
        <line num="50" count="110" type="stmt"/>
        <line num="53" count="110" type="cond" truecount="1" falsecount="0"/>
        <line num="54" count="38" type="stmt"/>
        <line num="57" count="110" type="stmt"/>
        <line num="60" count="110" type="cond" truecount="5" falsecount="1"/>
        <line num="61" count="110" type="cond" truecount="2" falsecount="0"/>
        <line num="66" count="110" type="stmt"/>
        <line num="67" count="200" type="cond" truecount="1" falsecount="0"/>
        <line num="68" count="60" type="stmt"/>
        <line num="69" count="60" type="stmt"/>
        <line num="76" count="110" type="stmt"/>
        <line num="77" count="40" type="cond" truecount="1" falsecount="0"/>
        <line num="78" count="28" type="stmt"/>
        <line num="79" count="28" type="stmt"/>
        <line num="86" count="110" type="stmt"/>
        <line num="87" count="60" type="stmt"/>
        <line num="89" count="60" type="stmt"/>
        <line num="91" count="2" type="cond" truecount="4" falsecount="0"/>
        <line num="92" count="1" type="stmt"/>
        <line num="93" count="1" type="stmt"/>
        <line num="106" count="110" type="stmt"/>
        <line num="107" count="100" type="cond" truecount="3" falsecount="0"/>
        <line num="108" count="40" type="stmt"/>
        <line num="109" count="40" type="stmt"/>
        <line num="112" count="60" type="stmt"/>
        <line num="114" count="60" type="stmt"/>
        <line num="115" count="60" type="stmt"/>
        <line num="122" count="110" type="stmt"/>
        <line num="123" count="38" type="stmt"/>
        <line num="124" count="38" type="stmt"/>
        <line num="125" count="38" type="stmt"/>
        <line num="132" count="110" type="stmt"/>
        <line num="133" count="9" type="cond" truecount="1" falsecount="0"/>
        <line num="134" count="9" type="stmt"/>
        <line num="136" count="0" type="cond" truecount="0" falsecount="1"/>
        <line num="137" count="0" type="stmt"/>
        <line num="139" count="0" type="stmt"/>
        <line num="145" count="110" type="stmt"/>
        <line num="147" count="20" type="stmt"/>
        <line num="148" count="20" type="stmt"/>
        <line num="149" count="20" type="stmt"/>
        <line num="151" count="20" type="stmt"/>
        <line num="154" count="18" type="stmt"/>
        <line num="155" count="39" type="stmt"/>
        <line num="157" count="18" type="stmt"/>
        <line num="159" count="18" type="stmt"/>
        <line num="161" count="18" type="stmt"/>
        <line num="163" count="2" type="stmt"/>
        <line num="164" count="2" type="stmt"/>
        <line num="165" count="2" type="stmt"/>
        <line num="167" count="20" type="stmt"/>
        <line num="176" count="110" type="stmt"/>
        <line num="178" count="14" type="stmt"/>
        <line num="179" count="14" type="stmt"/>
        <line num="180" count="14" type="stmt"/>
        <line num="182" count="14" type="stmt"/>
        <line num="183" count="10" type="stmt"/>
        <line num="186" count="10" type="stmt"/>
        <line num="187" count="21" type="stmt"/>
        <line num="189" count="10" type="stmt"/>
        <line num="191" count="10" type="stmt"/>
        <line num="193" count="4" type="stmt"/>
        <line num="194" count="4" type="stmt"/>
        <line num="195" count="4" type="stmt"/>
        <line num="197" count="14" type="stmt"/>
        <line num="206" count="110" type="stmt"/>
        <line num="208" count="2" type="cond" truecount="2" falsecount="1"/>
        <line num="209" count="0" type="stmt"/>
        <line num="210" count="0" type="stmt"/>
        <line num="213" count="2" type="stmt"/>
        <line num="214" count="2" type="stmt"/>
        <line num="215" count="2" type="stmt"/>
        <line num="216" count="1" type="stmt"/>
        <line num="218" count="1" type="stmt"/>
        <line num="219" count="1" type="stmt"/>
        <line num="220" count="1" type="stmt"/>
        <line num="229" count="110" type="stmt"/>
        <line num="230" count="3" type="cond" truecount="2" falsecount="1"/>
        <line num="231" count="0" type="stmt"/>
        <line num="232" count="0" type="stmt"/>
        <line num="235" count="3" type="stmt"/>
        <line num="236" count="3" type="stmt"/>
        <line num="237" count="3" type="stmt"/>
        <line num="238" count="2" type="stmt"/>
        <line num="240" count="1" type="stmt"/>
        <line num="241" count="1" type="stmt"/>
        <line num="242" count="1" type="stmt"/>
        <line num="249" count="110" type="stmt"/>
        <line num="251" count="1" type="cond" truecount="2" falsecount="1"/>
        <line num="252" count="0" type="stmt"/>
        <line num="255" count="1" type="stmt"/>
        <line num="256" count="1" type="stmt"/>
        <line num="257" count="1" type="stmt"/>
        <line num="259" count="0" type="stmt"/>
        <line num="260" count="0" type="stmt"/>
        <line num="261" count="0" type="stmt"/>
        <line num="270" count="110" type="stmt"/>
        <line num="272" count="2" type="cond" truecount="2" falsecount="1"/>
        <line num="273" count="0" type="stmt"/>
        <line num="276" count="2" type="stmt"/>
        <line num="277" count="2" type="stmt"/>
        <line num="278" count="2" type="stmt"/>
        <line num="280" count="0" type="stmt"/>
        <line num="281" count="0" type="stmt"/>
        <line num="282" count="0" type="stmt"/>
        <line num="291" count="110" type="stmt"/>
        <line num="292" count="2" type="cond" truecount="2" falsecount="1"/>
        <line num="293" count="0" type="stmt"/>
        <line num="296" count="2" type="stmt"/>
        <line num="297" count="2" type="stmt"/>
        <line num="298" count="2" type="stmt"/>
        <line num="299" count="2" type="stmt"/>
        <line num="300" count="2" type="stmt"/>
        <line num="301" count="2" type="stmt"/>
        <line num="302" count="2" type="stmt"/>
        <line num="304" count="0" type="stmt"/>
        <line num="305" count="0" type="stmt"/>
        <line num="306" count="0" type="stmt"/>
        <line num="313" count="110" type="stmt"/>
        <line num="314" count="3" type="cond" truecount="2" falsecount="1"/>
        <line num="315" count="0" type="stmt"/>
        <line num="318" count="3" type="stmt"/>
        <line num="319" count="3" type="stmt"/>
        <line num="320" count="3" type="stmt"/>
        <line num="322" count="0" type="stmt"/>
        <line num="323" count="0" type="stmt"/>
        <line num="324" count="0" type="stmt"/>
        <line num="331" count="110" type="stmt"/>
        <line num="332" count="2" type="cond" truecount="2" falsecount="1"/>
        <line num="333" count="0" type="stmt"/>
        <line num="334" count="0" type="stmt"/>
        <line num="337" count="2" type="stmt"/>
        <line num="338" count="2" type="stmt"/>
        <line num="339" count="2" type="stmt"/>
        <line num="340" count="1" type="stmt"/>
        <line num="342" count="1" type="stmt"/>
        <line num="343" count="1" type="stmt"/>
        <line num="344" count="1" type="stmt"/>
        <line num="351" count="110" type="stmt"/>
        <line num="352" count="1" type="stmt"/>
        <line num="355" count="110" type="stmt"/>
      </file>
      <file name="useBlitzTimer.ts" path="C:\Users\nickg\OneDrive\Documents\GitHub\Project 3\src\features\blitz\useBlitzTimer.ts">
        <metrics statements="54" coveredstatements="54" conditionals="16" coveredconditionals="16" methods="7" coveredmethods="7"/>
        <line num="1" count="1" type="stmt"/>
        <line num="34" count="1" type="stmt"/>
        <line num="35" count="29" type="stmt"/>
        <line num="37" count="29" type="stmt"/>
        <line num="38" count="15" type="cond" truecount="1" falsecount="0"/>
        <line num="39" count="14" type="cond" truecount="1" falsecount="0"/>
        <line num="40" count="13" type="stmt"/>
        <line num="41" count="13" type="stmt"/>
        <line num="44" count="29" type="stmt"/>
        <line num="47" count="29" type="stmt"/>
        <line num="50" count="29" type="stmt"/>
        <line num="53" count="29" type="stmt"/>
        <line num="54" count="3458" type="cond" truecount="1" falsecount="0"/>
        <line num="55" count="2" type="stmt"/>
        <line num="56" count="2" type="stmt"/>
        <line num="59" count="3456" type="stmt"/>
        <line num="62" count="3456" type="cond" truecount="1" falsecount="0"/>
        <line num="63" count="2" type="stmt"/>
        <line num="64" count="2" type="stmt"/>
        <line num="68" count="3454" type="stmt"/>
        <line num="70" count="3454" type="stmt"/>
        <line num="72" count="3454" type="cond" truecount="1" falsecount="0"/>
        <line num="74" count="6" type="cond" truecount="1" falsecount="0"/>
        <line num="75" count="5" type="stmt"/>
        <line num="76" count="5" type="stmt"/>
        <line num="77" count="5" type="stmt"/>
        <line num="79" count="6" type="stmt"/>
        <line num="83" count="3448" type="stmt"/>
        <line num="87" count="29" type="stmt"/>
        <line num="88" count="3453" type="cond" truecount="1" falsecount="0"/>
        <line num="89" count="3435" type="stmt"/>
        <line num="90" count="3435" type="stmt"/>
        <line num="94" count="3453" type="cond" truecount="3" falsecount="0"/>
        <line num="96" count="4" type="stmt"/>
        <line num="99" count="3449" type="stmt"/>
        <line num="100" count="3449" type="stmt"/>
        <line num="102" count="3449" type="cond" truecount="1" falsecount="0"/>
        <line num="104" count="1" type="stmt"/>
        <line num="105" count="1" type="stmt"/>
        <line num="109" count="3448" type="stmt"/>
        <line num="110" count="3439" type="stmt"/>
        <line num="111" count="3439" type="cond" truecount="1" falsecount="0"/>
        <line num="112" count="3435" type="stmt"/>
        <line num="118" count="29" type="stmt"/>
        <line num="120" count="18" type="stmt"/>
        <line num="121" count="18" type="stmt"/>
        <line num="124" count="18" type="stmt"/>
        <line num="127" count="18" type="stmt"/>
        <line num="130" count="18" type="stmt"/>
        <line num="131" count="18" type="cond" truecount="1" falsecount="0"/>
        <line num="132" count="13" type="stmt"/>
        <line num="133" count="13" type="stmt"/>
        <line num="138" count="29" type="cond" truecount="3" falsecount="0"/>
        <line num="140" count="29" type="stmt"/>
      </file>
      <file name="utils.ts" path="C:\Users\nickg\OneDrive\Documents\GitHub\Project 3\src\features\blitz\utils.ts">
        <metrics statements="58" coveredstatements="56" conditionals="10" coveredconditionals="10" methods="6" coveredmethods="6"/>
        <line num="2" count="6" type="stmt"/>
        <line num="8" count="6" type="stmt"/>
        <line num="9" count="349" type="stmt"/>
        <line num="10" count="349" type="stmt"/>
        <line num="11" count="349" type="stmt"/>
        <line num="12" count="2094" type="stmt"/>
        <line num="14" count="349" type="stmt"/>
        <line num="21" count="6" type="stmt"/>
        <line num="22" count="16" type="stmt"/>
        <line num="23" count="16" type="cond" truecount="1" falsecount="0"/>
        <line num="25" count="14" type="stmt"/>
        <line num="26" count="14" type="cond" truecount="1" falsecount="0"/>
        <line num="28" count="9" type="stmt"/>
        <line num="29" count="9" type="stmt"/>
        <line num="37" count="6" type="stmt"/>
        <line num="43" count="20" type="stmt"/>
        <line num="127" count="20" type="cond" truecount="2" falsecount="0"/>
        <line num="128" count="20" type="cond" truecount="1" falsecount="0"/>
        <line num="129" count="1" type="stmt"/>
        <line num="132" count="19" type="stmt"/>
        <line num="133" count="19" type="stmt"/>
        <line num="135" count="19" type="stmt"/>
        <line num="136" count="19" type="stmt"/>
        <line num="137" count="19" type="stmt"/>
        <line num="139" count="19" type="stmt"/>
        <line num="141" count="115" type="stmt"/>
        <line num="142" count="115" type="stmt"/>
        <line num="143" count="115" type="stmt"/>
        <line num="144" count="3215" type="stmt"/>
        <line num="146" count="115" type="stmt"/>
        <line num="147" count="115" type="stmt"/>
        <line num="149" count="115" type="stmt"/>
        <line num="152" count="19" type="cond" truecount="1" falsecount="0"/>
        <line num="153" count="19" type="stmt"/>
        <line num="156" count="0" type="stmt"/>
        <line num="159" count="0" type="stmt"/>
        <line num="168" count="6" type="stmt"/>
        <line num="169" count="11" type="cond" truecount="1" falsecount="0"/>
        <line num="171" count="9" type="stmt"/>
        <line num="172" count="9" type="stmt"/>
        <line num="173" count="9" type="stmt"/>
        <line num="174" count="9" type="stmt"/>
        <line num="176" count="9" type="cond" truecount="2" falsecount="0"/>
        <line num="177" count="3" type="stmt"/>
        <line num="179" count="6" type="stmt"/>
        <line num="189" count="6" type="stmt"/>
        <line num="190" count="60" type="cond" truecount="1" falsecount="0"/>
        <line num="192" count="58" type="stmt"/>
        <line num="193" count="58" type="stmt"/>
        <line num="194" count="58" type="stmt"/>
        <line num="196" count="58" type="stmt"/>
        <line num="202" count="6" type="stmt"/>
        <line num="203" count="65" type="stmt"/>
        <line num="204" count="65" type="stmt"/>
        <line num="205" count="65" type="stmt"/>
        <line num="206" count="65" type="stmt"/>
        <line num="207" count="325" type="stmt"/>
        <line num="209" count="65" type="stmt"/>
      </file>
    </package>
    <package name="src.features.blitz.components">
      <metrics statements="269" coveredstatements="159" conditionals="174" coveredconditionals="101" methods="58" coveredmethods="30"/>
      <file name="BlitzEntry.tsx" path="C:\Users\nickg\OneDrive\Documents\GitHub\Project 3\src\features\blitz\components\BlitzEntry.tsx">
        <metrics statements="3" coveredstatements="3" conditionals="4" coveredconditionals="4" methods="1" coveredmethods="1"/>
        <line num="1" count="1" type="stmt"/>
        <line num="11" count="1" type="stmt"/>
        <line num="17" count="15" type="stmt"/>
      </file>
      <file name="BlitzGameScreen.tsx" path="C:\Users\nickg\OneDrive\Documents\GitHub\Project 3\src\features\blitz\components\BlitzGameScreen.tsx">
[...]
        <line num="320" count="16" type="stmt"/>
        <line num="321" count="16" type="stmt"/>
        <line num="323" count="16" type="stmt"/>
        <line num="324" count="16" type="stmt"/>
        <line num="326" count="16" type="cond" truecount="0" falsecount="1"/>
        <line num="328" count="0" type="stmt"/>
        <line num="331" count="0" type="cond" truecount="0" falsecount="1"/>
        <line num="332" count="0" type="stmt"/>
        <line num="334" count="0" type="cond" truecount="0" falsecount="2"/>
        <line num="338" count="0" type="stmt"/>
        <line num="340" count="0" type="stmt"/>
        <line num="341" count="0" type="cond" truecount="0" falsecount="3"/>
        <line num="343" count="0" type="cond" truecount="0" falsecount="1"/>
        <line num="344" count="0" type="stmt"/>
        <line num="348" count="16" type="stmt"/>
        <line num="351" count="16" type="stmt"/>
        <line num="356" count="1" type="cond" truecount="0" falsecount="1"/>
        <line num="358" count="1" type="stmt"/>
        <line num="359" count="1" type="stmt"/>
        <line num="361" count="1" type="stmt"/>
        <line num="362" count="1" type="stmt"/>
        <line num="363" count="1" type="stmt"/>
        <line num="365" count="1" type="stmt"/>
        <line num="366" count="1" type="stmt"/>
      </file>
    </package>
    <package name="src.lib.leaderboard.sync">
      <metrics statements="206" coveredstatements="93" conditionals="55" coveredconditionals="21" methods="39" coveredmethods="19"/>
      <file name="FirebaseLeaderboardAdapter.ts" path="C:\Users\nickg\OneDrive\Documents\GitHub\Project 3\src\lib\leaderboard\sync\FirebaseLeaderboardAdapter.ts">
        <metrics statements="121" coveredstatements="15" conditionals="30" coveredconditionals="0" methods="18" coveredmethods="2"/>
        <line num="61" count="4" type="stmt"/>
        <line num="71" count="4" type="stmt"/>
        <line num="76" count="4" type="stmt"/>
        <line num="91" count="4" type="stmt"/>
        <line num="92" count="4" type="stmt"/>
        <line num="93" count="4" type="stmt"/>
        <line num="153" count="4" type="stmt"/>
        <line num="156" count="1" type="stmt"/>
        <line num="157" count="1" type="stmt"/>
        <line num="158" count="1" type="stmt"/>
        <line num="161" count="1" type="stmt"/>
        <line num="162" count="1" type="stmt"/>
        <line num="170" count="1" type="stmt"/>
        <line num="171" count="1" type="stmt"/>
        <line num="172" count="0" type="stmt"/>
        <line num="174" count="1" type="stmt"/>
        <line num="187" count="0" type="cond" truecount="0" falsecount="1"/>
        <line num="188" count="0" type="stmt"/>
        <line num="192" count="0" type="stmt"/>
        <line num="193" count="0" type="stmt"/>
        <line num="194" count="0" type="cond" truecount="0" falsecount="1"/>
        <line num="195" count="0" type="stmt"/>
        <line num="196" count="0" type="stmt"/>
        <line num="202" count="0" type="stmt"/>
        <line num="211" count="0" type="stmt"/>
        <line num="213" count="0" type="stmt"/>
        <line num="216" count="0" type="stmt"/>
        <line num="219" count="0" type="cond" truecount="0" falsecount="2"/>
        <line num="220" count="0" type="stmt"/>
        <line num="221" count="0" type="stmt"/>
        <line num="223" count="0" type="stmt"/>
        <line num="226" count="0" type="stmt"/>
        <line num="242" count="0" type="stmt"/>
        <line num="245" count="0" type="stmt"/>
        <line num="248" count="0" type="cond" truecount="0" falsecount="1"/>
        <line num="249" count="0" type="stmt"/>
        <line num="253" count="0" type="stmt"/>
        <line num="256" count="0" type="stmt"/>
        <line num="258" count="0" type="stmt"/>
        <line num="260" count="0" type="stmt"/>
        <line num="261" count="0" type="cond" truecount="0" falsecount="1"/>
        <line num="262" count="0" type="stmt"/>
        <line num="264" count="0" type="stmt"/>
        <line num="267" count="0" type="stmt"/>
        <line num="270" count="0" type="stmt"/>
        <line num="274" count="0" type="stmt"/>
        <line num="275" count="0" type="stmt"/>
        <line num="277" count="0" type="stmt"/>
        <line num="289" count="0" type="stmt"/>
        <line num="291" count="0" type="stmt"/>
        <line num="292" count="0" type="cond" truecount="0" falsecount="1"/>
        <line num="293" count="0" type="stmt"/>
        <line num="297" count="0" type="stmt"/>
        <line num="298" count="0" type="stmt"/>
        <line num="300" count="0" type="cond" truecount="0" falsecount="1"/>
        <line num="301" count="0" type="stmt"/>
        <line num="307" count="0" type="stmt"/>
        <line num="308" count="0" type="stmt"/>
        <line num="309" count="0" type="stmt"/>
        <line num="311" count="0" type="cond" truecount="0" falsecount="1"/>
        <line num="312" count="0" type="stmt"/>
        <line num="325" count="0" type="stmt"/>
        <line num="326" count="0" type="cond" truecount="0" falsecount="2"/>
        <line num="327" count="0" type="stmt"/>
        <line num="329" count="0" type="cond" truecount="0" falsecount="1"/>
        <line num="330" count="0" type="stmt"/>
        <line num="334" count="0" type="stmt"/>
        <line num="335" count="0" type="stmt"/>
        <line num="338" count="0" type="stmt"/>
        <line num="339" count="0" type="stmt"/>
        <line num="342" count="0" type="stmt"/>
        <line num="344" count="0" type="cond" truecount="0" falsecount="1"/>
        <line num="345" count="0" type="stmt"/>
        <line num="356" count="0" type="stmt"/>
        <line num="364" count="0" type="stmt"/>
        <line num="365" count="0" type="stmt"/>
        <line num="367" count="0" type="cond" truecount="0" falsecount="1"/>
        <line num="368" count="0" type="stmt"/>
        <line num="369" count="0" type="stmt"/>
        <line num="372" count="0" type="stmt"/>
        <line num="375" count="0" type="stmt"/>
        <line num="378" count="0" type="stmt"/>
        <line num="380" count="0" type="stmt"/>
        <line num="381" count="0" type="stmt"/>
        <line num="387" count="0" type="stmt"/>
        <line num="391" count="0" type="stmt"/>
        <line num="392" count="0" type="stmt"/>
        <line num="400" count="0" type="stmt"/>
        <line num="403" count="0" type="stmt"/>
        <line num="406" count="0" type="stmt"/>
        <line num="408" count="0" type="stmt"/>
        <line num="410" count="0" type="cond" truecount="0" falsecount="1"/>
        <line num="411" count="0" type="stmt"/>
        <line num="427" count="0" type="stmt"/>
        <line num="428" count="0" type="stmt"/>
        <line num="429" count="0" type="stmt"/>
        <line num="432" count="0" type="stmt"/>
        <line num="433" count="0" type="cond" truecount="0" falsecount="1"/>
        <line num="434" count="0" type="stmt"/>
        <line num="435" count="0" type="stmt"/>
        <line num="436" count="0" type="stmt"/>
        <line num="440" count="0" type="cond" truecount="0" falsecount="1"/>
        <line num="441" count="0" type="stmt"/>
        <line num="445" count="0" type="cond" truecount="0" falsecount="1"/>
        <line num="446" count="0" type="stmt"/>
        <line num="450" count="0" type="cond" truecount="0" falsecount="4"/>
        <line num="451" count="0" type="stmt"/>
        <line num="452" count="0" type="cond" truecount="0" falsecount="1"/>
        <line num="456" count="0" type="stmt"/>
        <line num="457" count="0" type="cond" truecount="0" falsecount="1"/>
        <line num="461" count="0" type="stmt"/>
        <line num="463" count="0" type="cond" truecount="0" falsecount="1"/>
        <line num="464" count="0" type="stmt"/>
        <line num="475" count="0" type="stmt"/>
        <line num="476" count="0" type="stmt"/>
        <line num="477" count="0" type="stmt"/>
        <line num="479" count="0" type="stmt"/>
        <line num="482" count="0" type="stmt"/>
        <line num="485" count="0" type="cond" truecount="0" falsecount="1"/>
        <line num="486" count="0" type="stmt"/>
        <line num="487" count="0" type="stmt"/>
      </file>
      <file name="LeaderboardSyncAdapter.ts" path="C:\Users\nickg\OneDrive\Documents\GitHub\Project 3\src\lib\leaderboard\sync\LeaderboardSyncAdapter.ts">
        <metrics statements="11" coveredstatements="11" conditionals="2" coveredconditionals="2" methods="2" coveredmethods="2"/>
        <line num="13" count="10" type="cond" truecount="2" falsecount="0"/>
        <line num="14" count="10" type="stmt"/>
        <line num="15" count="10" type="stmt"/>
        <line num="16" count="10" type="stmt"/>
        <line num="17" count="10" type="stmt"/>
        <line num="18" count="10" type="stmt"/>
        <line num="19" count="10" type="stmt"/>
        <line num="25" count="10" type="stmt"/>
        <line num="27" count="1" type="stmt"/>
        <line num="30" count="1" type="stmt"/>
        <line num="31" count="1" type="stmt"/>
      </file>
      <file name="LocalLeaderboardAdapter.ts" path="C:\Users\nickg\OneDrive\Documents\GitHub\Project 3\src\lib\leaderboard\sync\LocalLeaderboardAdapter.ts">
        <metrics statements="74" coveredstatements="67" conditionals="23" coveredconditionals="19" methods="19" coveredmethods="15"/>
        <line num="2" count="6" type="stmt"/>
        <line num="13" count="6" type="stmt"/>
        <line num="14" count="6" type="stmt"/>
        <line num="15" count="6" type="stmt"/>
        <line num="22" count="6" type="stmt"/>
        <line num="23" count="57" type="stmt"/>
        <line num="24" count="57" type="stmt"/>
        <line num="25" count="57" type="stmt"/>
        <line num="26" count="57" type="stmt"/>
        <line num="33" count="57" type="stmt"/>
        <line num="34" count="57" type="stmt"/>
        <line num="35" count="57" type="stmt"/>
        <line num="43" count="241" type="stmt"/>
        <line num="44" count="241" type="cond" truecount="0" falsecount="1"/>
        <line num="45" count="0" type="stmt"/>
        <line num="49" count="241" type="stmt"/>
        <line num="50" count="241" type="cond" truecount="1" falsecount="0"/>
        <line num="51" count="241" type="stmt"/>
        <line num="52" count="241" type="stmt"/>
        <line num="53" count="241" type="stmt"/>
        <line num="54" count="241" type="stmt"/>
        <line num="55" count="241" type="cond" truecount="1" falsecount="0"/>
        <line num="56" count="100" type="stmt"/>
        <line num="61" count="241" type="cond" truecount="2" falsecount="0"/>
        <line num="62" count="100" type="stmt"/>
        <line num="63" count="141" type="cond" truecount="1" falsecount="0"/>
        <line num="64" count="10" type="stmt"/>
        <line num="65" count="10" type="cond" truecount="1" falsecount="0"/>
        <line num="66" count="9" type="stmt"/>
        <line num="67" count="9" type="cond" truecount="3" falsecount="0"/>
        <line num="68" count="9" type="stmt"/>
        <line num="75" count="241" type="stmt"/>
        <line num="76" count="241" type="stmt"/>
        <line num="77" count="241" type="stmt"/>
        <line num="80" count="241" type="stmt"/>
        <line num="93" count="12" type="stmt"/>
        <line num="95" count="12" type="cond" truecount="1" falsecount="0"/>
        <line num="96" count="12" type="stmt"/>
        <line num="99" count="12" type="stmt"/>
        <line num="102" count="12" type="stmt"/>
        <line num="103" count="12" type="cond" truecount="0" falsecount="1"/>
        <line num="104" count="0" type="stmt"/>
        <line num="108" count="12" type="stmt"/>
        <line num="109" count="1" type="stmt"/>
        <line num="118" count="63" type="stmt"/>
        <line num="119" count="63" type="cond" truecount="0" falsecount="1"/>
        <line num="120" count="0" type="stmt"/>
        <line num="122" count="63" type="stmt"/>
        <line num="133" count="33" type="cond" truecount="2" falsecount="0"/>
        <line num="134" count="33" type="cond" truecount="0" falsecount="1"/>
        <line num="135" count="0" type="stmt"/>
        <line num="138" count="33" type="stmt"/>
        <line num="139" count="33" type="stmt"/>
        <line num="140" count="33" type="stmt"/>
        <line num="147" count="0" type="stmt"/>
        <line num="163" count="71" type="stmt"/>
        <line num="199" count="71" type="stmt"/>
        <line num="200" count="71" type="stmt"/>
        <line num="208" count="6" type="stmt"/>
        <line num="216" count="0" type="stmt"/>
        <line num="224" count="241" type="stmt"/>
        <line num="225" count="241" type="stmt"/>
        <line num="226" count="241" type="cond" truecount="3" falsecount="0"/>
        <line num="227" count="215" type="stmt"/>
        <line num="231" count="26" type="stmt"/>
        <line num="232" count="26" type="stmt"/>
        <line num="235" count="26" type="stmt"/>
        <line num="243" count="26" type="stmt"/>
        <line num="245" count="78" type="stmt"/>
        <line num="246" count="78" type="stmt"/>
        <line num="255" count="57" type="stmt"/>
        <line num="256" count="78" type="stmt"/>
        <line num="258" count="26" type="stmt"/>
        <line num="272" count="0" type="stmt"/>
      </file>
    </package>
    <package name="src.pages">
      <metrics statements="62" coveredstatements="0" conditionals="14" coveredconditionals="0" methods="17" coveredmethods="0"/>
      <file name="ComponentsPreview.tsx" path="C:\Users\nickg\OneDrive\Documents\GitHub\Project 3\src\pages\ComponentsPreview.tsx">
        <metrics statements="11" coveredstatements="0" conditionals="6" coveredconditionals="0" methods="3" coveredmethods="0"/>
        <line num="1" count="0" type="stmt"/>
        <line num="2" count="0" type="stmt"/>
        <line num="3" count="0" type="stmt"/>
        <line num="5" count="0" type="stmt"/>
        <line num="6" count="0" type="stmt"/>
        <line num="8" count="0" type="stmt"/>
        <line num="9" count="0" type="cond" truecount="0" falsecount="2"/>
        <line num="10" count="0" type="stmt"/>
        <line num="12" count="0" type="stmt"/>
        <line num="16" count="0" type="stmt"/>
        <line num="23" count="0" type="stmt"/>
      </file>
      <file name="HomePage.tsx" path="C:\Users\nickg\OneDrive\Documents\GitHub\Project 3\src\pages\HomePage.tsx">
        <metrics statements="16" coveredstatements="0" conditionals="1" coveredconditionals="0" methods="3" coveredmethods="0"/>
        <line num="1" count="0" type="stmt"/>
        <line num="2" count="0" type="stmt"/>
        <line num="3" count="0" type="stmt"/>
        <line num="4" count="0" type="stmt"/>
        <line num="5" count="0" type="stmt"/>
        <line num="12" count="0" type="stmt"/>
        <line num="13" count="0" type="stmt"/>
        <line num="15" count="0" type="cond" truecount="0" falsecount="1"/>
        <line num="17" count="0" type="stmt"/>
        <line num="19" count="0" type="stmt"/>
        <line num="22" count="0" type="stmt"/>
        <line num="25" count="0" type="stmt"/>
        <line num="26" count="0" type="stmt"/>
        <line num="27" count="0" type="stmt"/>
        <line num="30" count="0" type="stmt"/>
        <line num="32" count="0" type="stmt"/>
      </file>
      <file name="SettingsPage.tsx" path="C:\Users\nickg\OneDrive\Documents\GitHub\Project 3\src\pages\SettingsPage.tsx">
        <metrics statements="35" coveredstatements="0" conditionals="7" coveredconditionals="0" methods="11" coveredmethods="0"/>
        <line num="1" count="0" type="stmt"/>
        <line num="2" count="0" type="stmt"/>
        <line num="3" count="0" type="stmt"/>
        <line num="7" count="0" type="stmt"/>
        <line num="10" count="0" type="stmt"/>
        <line num="11" count="0" type="stmt"/>
        <line num="12" count="0" type="cond" truecount="0" falsecount="4"/>
        <line num="13" count="0" type="stmt"/>
        <line num="18" count="0" type="stmt"/>
        <line num="22" count="0" type="stmt"/>
        <line num="23" count="0" type="stmt"/>
        <line num="34" count="0" type="stmt"/>
        <line num="35" count="0" type="stmt"/>
        <line num="37" count="0" type="cond" truecount="0" falsecount="1"/>
        <line num="39" count="0" type="stmt"/>
        <line num="41" count="0" type="stmt"/>
        <line num="44" count="0" type="stmt"/>
        <line num="47" count="0" type="stmt"/>
        <line num="48" count="0" type="stmt"/>
        <line num="49" count="0" type="stmt"/>
        <line num="50" count="0" type="stmt"/>
        <line num="52" count="0" type="stmt"/>
        <line num="53" count="0" type="stmt"/>
        <line num="56" count="0" type="stmt"/>
        <line num="57" count="0" type="stmt"/>
        <line num="58" count="0" type="stmt"/>
        <line num="59" count="0" type="stmt"/>
        <line num="62" count="0" type="stmt"/>
        <line num="63" count="0" type="stmt"/>
        <line num="64" count="0" type="stmt"/>
        <line num="67" count="0" type="stmt"/>
        <line num="136" count="0" type="stmt"/>
        <line num="142" count="0" type="stmt"/>
        <line num="160" count="0" type="stmt"/>
        <line num="166" count="0" type="stmt"/>
      </file>
    </package>
    <package name="src.scripts">
      <metrics statements="41" coveredstatements="0" conditionals="13" coveredconditionals="0" methods="7" coveredmethods="0"/>
      <file name="auditDictionary.ts" path="C:\Users\nickg\OneDrive\Documents\GitHub\Project 3\src\scripts\auditDictionary.ts">
        <metrics statements="41" coveredstatements="0" conditionals="13" coveredconditionals="0" methods="7" coveredmethods="0"/>
        <line num="1" count="0" type="stmt"/>
        <line num="2" count="0" type="stmt"/>
        <line num="5" count="0" type="stmt"/>
        <line num="6" count="0" type="stmt"/>
        <line num="8" count="0" type="stmt"/>
        <line num="9" count="0" type="cond" truecount="0" falsecount="1"/>
        <line num="11" count="0" type="stmt"/>
        <line num="12" count="0" type="stmt"/>
        <line num="13" count="0" type="stmt"/>
        <line num="15" count="0" type="stmt"/>
        <line num="16" count="0" type="stmt"/>
        <line num="17" count="0" type="stmt"/>
        <line num="18" count="0" type="stmt"/>
        <line num="20" count="0" type="stmt"/>
        <line num="21" count="0" type="cond" truecount="0" falsecount="1"/>
        <line num="22" count="0" type="stmt"/>
        <line num="23" count="0" type="stmt"/>
        <line num="28" count="0" type="stmt"/>
        <line num="31" count="0" type="stmt"/>
        <line num="34" count="0" type="stmt"/>
        <line num="35" count="0" type="stmt"/>
        <line num="37" count="0" type="stmt"/>
        <line num="38" count="0" type="stmt"/>
        <line num="39" count="0" type="stmt"/>
        <line num="40" count="0" type="stmt"/>
        <line num="41" count="0" type="stmt"/>
        <line num="42" count="0" type="cond" truecount="0" falsecount="2"/>
        <line num="45" count="0" type="cond" truecount="0" falsecount="2"/>
        <line num="47" count="0" type="stmt"/>
        <line num="48" count="0" type="stmt"/>
        <line num="49" count="0" type="stmt"/>
        <line num="50" count="0" type="stmt"/>
        <line num="51" count="0" type="stmt"/>
        <line num="52" count="0" type="cond" truecount="0" falsecount="3"/>
        <line num="53" count="0" type="stmt"/>
        <line num="55" count="0" type="stmt"/>
        <line num="56" count="0" type="cond" truecount="0" falsecount="3"/>
        <line num="57" count="0" type="stmt"/>
        <line num="58" count="0" type="stmt"/>
        <line num="64" count="0" type="cond" truecount="0" falsecount="1"/>
        <line num="65" count="0" type="stmt"/>
      </file>
    </package>
  </project>
</coverage>
