{"C:\\Users\\nickg\\OneDrive\\Documents\\GitHub\\Project 3\\src\\App.tsx": {"path":"C:\\Users\\nickg\\OneDrive\\Documents\\GitHub\\Project 3\\src\\App.tsx","statementMap":{"0":{"start":{"line":1,"column":0},"end":{"line":1,"column":46}},"1":{"start":{"line":2,"column":0},"end":{"line":2,"column":74}},"2":{"start":{"line":3,"column":0},"end":{"line":3,"column":44}},"3":{"start":{"line":4,"column":0},"end":{"line":4,"column":52}},"4":{"start":{"line":5,"column":0},"end":{"line":5,"column":62}},"5":{"start":{"line":6,"column":0},"end":{"line":6,"column":71}},"6":{"start":{"line":9,"column":20},"end":{"line":9,"column":55}},"7":{"start":{"line":9,"column":30},"end":{"line":9,"column":54}},"8":{"start":{"line":10,"column":23},"end":{"line":10,"column":87}},"9":{"start":{"line":10,"column":33},"end":{"line":10,"column":86}},"10":{"start":{"line":11,"column":18},"end":{"line":11,"column":66}},"11":{"start":{"line":11,"column":28},"end":{"line":11,"column":65}},"12":{"start":{"line":14,"column":28},"end":{"line":14,"column":94}},"13":{"start":{"line":14,"column":38},"end":{"line":14,"column":93}},"14":{"start":{"line":15,"column":26},"end":{"line":15,"column":90}},"15":{"start":{"line":15,"column":36},"end":{"line":15,"column":89}},"16":{"start":{"line":16,"column":27},"end":{"line":16,"column":92}},"17":{"start":{"line":16,"column":37},"end":{"line":16,"column":91}},"18":{"start":{"line":18,"column":28},"end":{"line":24,"column":null}},"19":{"start":{"line":19,"column":2},"end":{"line":23,"column":null}},"20":{"start":{"line":27,"column":29},"end":{"line":88,"column":1}},"21":{"start":{"line":28,"column":2},"end":{"line":87,"column":4}},"22":{"start":{"line":27,"column":13},"end":{"line":27,"column":29}}},"fnMap":{"0":{"name":"(anonymous_6)","decl":{"start":{"line":9,"column":25},"end":{"line":9,"column":28}},"loc":{"start":{"line":9,"column":30},"end":{"line":9,"column":54}}},"1":{"name":"(anonymous_7)","decl":{"start":{"line":9,"column":30},"end":{"line":9,"column":38}},"loc":{"start":{"line":9,"column":30},"end":{"line":9,"column":54}}},"2":{"name":"(anonymous_8)","decl":{"start":{"line":10,"column":28},"end":{"line":10,"column":31}},"loc":{"start":{"line":10,"column":33},"end":{"line":10,"column":86}}},"3":{"name":"(anonymous_9)","decl":{"start":{"line":10,"column":33},"end":{"line":10,"column":41}},"loc":{"start":{"line":10,"column":33},"end":{"line":10,"column":86}}},"4":{"name":"(anonymous_10)","decl":{"start":{"line":11,"column":23},"end":{"line":11,"column":26}},"loc":{"start":{"line":11,"column":28},"end":{"line":11,"column":65}}},"5":{"name":"(anonymous_11)","decl":{"start":{"line":11,"column":28},"end":{"line":11,"column":36}},"loc":{"start":{"line":11,"column":28},"end":{"line":11,"column":65}}},"6":{"name":"(anonymous_12)","decl":{"start":{"line":14,"column":33},"end":{"line":14,"column":36}},"loc":{"start":{"line":14,"column":38},"end":{"line":14,"column":93}}},"7":{"name":"(anonymous_13)","decl":{"start":{"line":14,"column":38},"end":{"line":14,"column":46}},"loc":{"start":{"line":14,"column":38},"end":{"line":14,"column":93}}},"8":{"name":"(anonymous_14)","decl":{"start":{"line":15,"column":31},"end":{"line":15,"column":34}},"loc":{"start":{"line":15,"column":36},"end":{"line":15,"column":89}}},"9":{"name":"(anonymous_15)","decl":{"start":{"line":15,"column":36},"end":{"line":15,"column":44}},"loc":{"start":{"line":15,"column":36},"end":{"line":15,"column":89}}},"10":{"name":"(anonymous_16)","decl":{"start":{"line":16,"column":32},"end":{"line":16,"column":35}},"loc":{"start":{"line":16,"column":37},"end":{"line":16,"column":91}}},"11":{"name":"(anonymous_17)","decl":{"start":{"line":16,"column":37},"end":{"line":16,"column":45}},"loc":{"start":{"line":16,"column":37},"end":{"line":16,"column":91}}},"12":{"name":"(anonymous_18)","decl":{"start":{"line":18,"column":28},"end":{"line":18,"column":31}},"loc":{"start":{"line":19,"column":2},"end":{"line":23,"column":null}}},"13":{"name":"(anonymous_19)","decl":{"start":{"line":27,"column":29},"end":{"line":27,"column":32}},"loc":{"start":{"line":27,"column":34},"end":{"line":88,"column":1}}}},"branchMap":{},"s":{"0":0,"1":0,"2":0,"3":0,"4":0,"5":0,"6":0,"7":0,"8":0,"9":0,"10":0,"11":0,"12":0,"13":0,"14":0,"15":0,"16":0,"17":0,"18":0,"19":0,"20":0,"21":0,"22":0},"f":{"0":0,"1":0,"2":0,"3":0,"4":0,"5":0,"6":0,"7":0,"8":0,"9":0,"10":0,"11":0,"12":0,"13":0},"b":{}}
,"C:\\Users\\nickg\\OneDrive\\Documents\\GitHub\\Project 3\\src\\ClassicGame.tsx": {"path":"C:\\Users\\nickg\\OneDrive\\Documents\\GitHub\\Project 3\\src\\ClassicGame.tsx","statementMap":{"0":{"start":{"line":1,"column":0},"end":{"line":1,"column":59}},"1":{"start":{"line":2,"column":0},"end":{"line":2,"column":99}},"2":{"start":{"line":3,"column":0},"end":{"line":3,"column":43}},"3":{"start":{"line":4,"column":0},"end":{"line":4,"column":46}},"4":{"start":{"line":5,"column":0},"end":{"line":5,"column":55}},"5":{"start":{"line":6,"column":0},"end":{"line":6,"column":64}},"6":{"start":{"line":7,"column":0},"end":{"line":7,"column":72}},"7":{"start":{"line":8,"column":0},"end":{"line":8,"column":72}},"8":{"start":{"line":9,"column":0},"end":{"line":9,"column":74}},"9":{"start":{"line":10,"column":0},"end":{"line":10,"column":43}},"10":{"start":{"line":11,"column":0},"end":{"line":11,"column":71}},"11":{"start":{"line":12,"column":0},"end":{"line":12,"column":63}},"12":{"start":{"line":13,"column":0},"end":{"line":13,"column":54}},"13":{"start":{"line":15,"column":19},"end":{"line":17,"column":2}},"14":{"start":{"line":24,"column":22},"end":{"line":24,"column":42}},"15":{"start":{"line":25,"column":15},"end":{"line":25,"column":48}},"16":{"start":{"line":27,"column":2},"end":{"line":32,"column":null}},"17":{"start":{"line":29,"column":4},"end":{"line":30,"column":57}},"18":{"start":{"line":31,"column":4},"end":{"line":31,"column":46}},"19":{"start":{"line":34,"column":2},"end":{"line":34,"column":16}},"20":{"start":{"line":45,"column":37},"end":{"line":642,"column":1}},"21":{"start":{"line":46,"column":34},"end":{"line":46,"column":45}},"22":{"start":{"line":47,"column":30},"end":{"line":54,"column":4}},"23":{"start":{"line":47,"column":45},"end":{"line":54,"column":4}},"24":{"start":{"line":55,"column":50},"end":{"line":55,"column":80}},"25":{"start":{"line":56,"column":15},"end":{"line":56,"column":35}},"26":{"start":{"line":57,"column":46},"end":{"line":57,"column":57}},"27":{"start":{"line":58,"column":27},"end":{"line":58,"column":45}},"28":{"start":{"line":60,"column":2},"end":{"line":62,"column":9}},"29":{"start":{"line":61,"column":4},"end":{"line":61,"column":45}},"30":{"start":{"line":63,"column":38},"end":{"line":63,"column":53}},"31":{"start":{"line":64,"column":36},"end":{"line":64,"column":47}},"32":{"start":{"line":65,"column":46},"end":{"line":65,"column":61}},"33":{"start":{"line":66,"column":42},"end":{"line":66,"column":57}},"34":{"start":{"line":67,"column":44},"end":{"line":67,"column":91}},"35":{"start":{"line":69,"column":44},"end":{"line":72,"column":4}},"36":{"start":{"line":70,"column":18},"end":{"line":70,"column":60}},"37":{"start":{"line":71,"column":4},"end":{"line":71,"column":42}},"38":{"start":{"line":74,"column":34},"end":{"line":76,"column":4}},"39":{"start":{"line":75,"column":4},"end":{"line":75,"column":62}},"40":{"start":{"line":78,"column":18},"end":{"line":78,"column":30}},"41":{"start":{"line":79,"column":39},"end":{"line":79,"column":56}},"42":{"start":{"line":80,"column":23},"end":{"line":80,"column":36}},"43":{"start":{"line":81,"column":27},"end":{"line":81,"column":53}},"44":{"start":{"line":83,"column":40},"end":{"line":87,"column":17}},"45":{"start":{"line":89,"column":2},"end":{"line":91,"column":22}},"46":{"start":{"line":90,"column":4},"end":{"line":90,"column":78}},"47":{"start":{"line":93,"column":2},"end":{"line":100,"column":17}},"48":{"start":{"line":94,"column":4},"end":{"line":94,"column":62}},"49":{"start":{"line":95,"column":4},"end":{"line":99,"column":null}},"50":{"start":{"line":96,"column":6},"end":{"line":96,"column":53}},"51":{"start":{"line":98,"column":6},"end":{"line":98,"column":56}},"52":{"start":{"line":103,"column":2},"end":{"line":186,"column":113}},"53":{"start":{"line":104,"column":4},"end":{"line":185,"column":null}},"54":{"start":{"line":105,"column":18},"end":{"line":105,"column":29}},"55":{"start":{"line":107,"column":6},"end":{"line":149,"column":null}},"56":{"start":{"line":108,"column":27},"end":{"line":108,"column":81}},"57":{"start":{"line":109,"column":25},"end":{"line":109,"column":53}},"58":{"start":{"line":110,"column":27},"end":{"line":110,"column":30}},"59":{"start":{"line":111,"column":27},"end":{"line":111,"column":70}},"60":{"start":{"line":112,"column":31},"end":{"line":112,"column":44}},"61":{"start":{"line":113,"column":26},"end":{"line":113,"column":67}},"62":{"start":{"line":115,"column":8},"end":{"line":115,"column":54}},"63":{"start":{"line":118,"column":25},"end":{"line":118,"column":50}},"64":{"start":{"line":120,"column":8},"end":{"line":120,"column":77}},"65":{"start":{"line":122,"column":40},"end":{"line":128,"column":10}},"66":{"start":{"line":124,"column":50},"end":{"line":124,"column":60}},"67":{"start":{"line":129,"column":8},"end":{"line":129,"column":55}},"68":{"start":{"line":129,"column":33},"end":{"line":129,"column":53}},"69":{"start":{"line":131,"column":8},"end":{"line":131,"column":33}},"70":{"start":{"line":132,"column":8},"end":{"line":132,"column":25}},"71":{"start":{"line":134,"column":28},"end":{"line":134,"column":30}},"72":{"start":{"line":135,"column":8},"end":{"line":135,"column":48}},"73":{"start":{"line":135,"column":41},"end":{"line":135,"column":48}},"74":{"start":{"line":136,"column":8},"end":{"line":136,"column":67}},"75":{"start":{"line":138,"column":41},"end":{"line":144,"column":10}},"76":{"start":{"line":140,"column":50},"end":{"line":140,"column":60}},"77":{"start":{"line":145,"column":8},"end":{"line":145,"column":56}},"78":{"start":{"line":145,"column":33},"end":{"line":145,"column":54}},"79":{"start":{"line":147,"column":8},"end":{"line":147,"column":34}},"80":{"start":{"line":148,"column":8},"end":{"line":148,"column":25}},"81":{"start":{"line":152,"column":21},"end":{"line":152,"column":32}},"82":{"start":{"line":153,"column":27},"end":{"line":153,"column":64}},"83":{"start":{"line":154,"column":20},"end":{"line":154,"column":46}},"84":{"start":{"line":156,"column":6},"end":{"line":174,"column":9}},"85":{"start":{"line":165,"column":8},"end":{"line":170,"column":null}},"86":{"start":{"line":167,"column":10},"end":{"line":169,"column":13}},"87":{"start":{"line":168,"column":12},"end":{"line":168,"column":66}},"88":{"start":{"line":172,"column":8},"end":{"line":172,"column":82}},"89":{"start":{"line":176,"column":24},"end":{"line":176,"column":60}},"90":{"start":{"line":177,"column":6},"end":{"line":179,"column":null}},"91":{"start":{"line":178,"column":8},"end":{"line":178,"column":29}},"92":{"start":{"line":180,"column":6},"end":{"line":180,"column":26}},"93":{"start":{"line":181,"column":6},"end":{"line":181,"column":22}},"94":{"start":{"line":182,"column":6},"end":{"line":182,"column":36}},"95":{"start":{"line":182,"column":26},"end":{"line":182,"column":34}},"96":{"start":{"line":183,"column":6},"end":{"line":183,"column":42}},"97":{"start":{"line":183,"column":32},"end":{"line":183,"column":40}},"98":{"start":{"line":184,"column":6},"end":{"line":184,"column":41}},"99":{"start":{"line":189,"column":2},"end":{"line":210,"column":72}},"100":{"start":{"line":191,"column":4},"end":{"line":194,"column":null}},"101":{"start":{"line":192,"column":6},"end":{"line":192,"column":35}},"102":{"start":{"line":193,"column":6},"end":{"line":193,"column":13}},"103":{"start":{"line":197,"column":4},"end":{"line":197,"column":37}},"104":{"start":{"line":197,"column":30},"end":{"line":197,"column":37}},"105":{"start":{"line":200,"column":21},"end":{"line":200,"column":67}},"106":{"start":{"line":203,"column":19},"end":{"line":203,"column":78}},"107":{"start":{"line":205,"column":4},"end":{"line":207,"column":null}},"108":{"start":{"line":206,"column":6},"end":{"line":206,"column":41}},"109":{"start":{"line":209,"column":4},"end":{"line":209,"column":32}},"110":{"start":{"line":213,"column":2},"end":{"line":221,"column":18}},"111":{"start":{"line":214,"column":4},"end":{"line":214,"column":31}},"112":{"start":{"line":214,"column":24},"end":{"line":214,"column":31}},"113":{"start":{"line":216,"column":18},"end":{"line":218,"column":12}},"114":{"start":{"line":217,"column":6},"end":{"line":217,"column":34}},"115":{"start":{"line":220,"column":4},"end":{"line":220,"column":37}},"116":{"start":{"line":220,"column":17},"end":{"line":220,"column":36}},"117":{"start":{"line":224,"column":2},"end":{"line":228,"column":30}},"118":{"start":{"line":225,"column":4},"end":{"line":227,"column":null}},"119":{"start":{"line":226,"column":6},"end":{"line":226,"column":22}},"120":{"start":{"line":231,"column":2},"end":{"line":236,"column":37}},"121":{"start":{"line":232,"column":4},"end":{"line":235,"column":null}},"122":{"start":{"line":233,"column":6},"end":{"line":233,"column":27}},"123":{"start":{"line":234,"column":6},"end":{"line":234,"column":34}},"124":{"start":{"line":239,"column":24},"end":{"line":249,"column":3}},"125":{"start":{"line":240,"column":35},"end":{"line":240,"column":43}},"126":{"start":{"line":241,"column":22},"end":{"line":241,"column":70}},"127":{"start":{"line":242,"column":4},"end":{"line":242,"column":25}},"128":{"start":{"line":243,"column":4},"end":{"line":243,"column":36}},"129":{"start":{"line":244,"column":4},"end":{"line":244,"column":25}},"130":{"start":{"line":245,"column":4},"end":{"line":245,"column":21}},"131":{"start":{"line":246,"column":4},"end":{"line":246,"column":34}},"132":{"start":{"line":246,"column":24},"end":{"line":246,"column":32}},"133":{"start":{"line":247,"column":4},"end":{"line":247,"column":40}},"134":{"start":{"line":247,"column":30},"end":{"line":247,"column":38}},"135":{"start":{"line":248,"column":4},"end":{"line":248,"column":42}},"136":{"start":{"line":252,"column":23},"end":{"line":262,"column":3}},"137":{"start":{"line":253,"column":24},"end":{"line":253,"column":82}},"138":{"start":{"line":254,"column":4},"end":{"line":254,"column":48}},"139":{"start":{"line":254,"column":36},"end":{"line":254,"column":48}},"140":{"start":{"line":255,"column":17},"end":{"line":255,"column":54}},"141":{"start":{"line":256,"column":4},"end":{"line":256,"column":46}},"142":{"start":{"line":256,"column":34},"end":{"line":256,"column":46}},"143":{"start":{"line":257,"column":21},"end":{"line":257,"column":28}},"144":{"start":{"line":258,"column":4},"end":{"line":260,"column":null}},"145":{"start":{"line":258,"column":17},"end":{"line":258,"column":18}},"146":{"start":{"line":259,"column":6},"end":{"line":259,"column":51}},"147":{"start":{"line":259,"column":42},"end":{"line":259,"column":51}},"148":{"start":{"line":261,"column":4},"end":{"line":261,"column":16}},"149":{"start":{"line":264,"column":24},"end":{"line":282,"column":3}},"150":{"start":{"line":265,"column":22},"end":{"line":265,"column":46}},"151":{"start":{"line":266,"column":4},"end":{"line":266,"column":47}},"152":{"start":{"line":266,"column":40},"end":{"line":266,"column":47}},"153":{"start":{"line":268,"column":22},"end":{"line":268,"column":36}},"154":{"start":{"line":269,"column":4},"end":{"line":269,"column":35}},"155":{"start":{"line":269,"column":28},"end":{"line":269,"column":35}},"156":{"start":{"line":271,"column":4},"end":{"line":279,"column":null}},"157":{"start":{"line":273,"column":6},"end":{"line":273,"column":30}},"158":{"start":{"line":276,"column":6},"end":{"line":278,"column":null}},"159":{"start":{"line":277,"column":8},"end":{"line":277,"column":15}},"160":{"start":{"line":281,"column":4},"end":{"line":281,"column":30}},"161":{"start":{"line":284,"column":27},"end":{"line":303,"column":3}},"162":{"start":{"line":285,"column":24},"end":{"line":285,"column":60}},"163":{"start":{"line":286,"column":4},"end":{"line":286,"column":47}},"164":{"start":{"line":286,"column":40},"end":{"line":286,"column":47}},"165":{"start":{"line":287,"column":24},"end":{"line":287,"column":82}},"166":{"start":{"line":288,"column":4},"end":{"line":288,"column":43}},"167":{"start":{"line":288,"column":36},"end":{"line":288,"column":43}},"168":{"start":{"line":289,"column":17},"end":{"line":289,"column":54}},"169":{"start":{"line":290,"column":4},"end":{"line":290,"column":41}},"170":{"start":{"line":290,"column":34},"end":{"line":290,"column":41}},"171":{"start":{"line":292,"column":4},"end":{"line":300,"column":null}},"172":{"start":{"line":294,"column":6},"end":{"line":294,"column":42}},"173":{"start":{"line":297,"column":6},"end":{"line":299,"column":null}},"174":{"start":{"line":298,"column":8},"end":{"line":298,"column":15}},"175":{"start":{"line":302,"column":4},"end":{"line":302,"column":40}},"176":{"start":{"line":305,"column":27},"end":{"line":310,"column":3}},"177":{"start":{"line":306,"column":23},"end":{"line":306,"column":42}},"178":{"start":{"line":307,"column":4},"end":{"line":309,"column":null}},"179":{"start":{"line":308,"column":6},"end":{"line":308,"column":51}},"180":{"start":{"line":312,"column":25},"end":{"line":330,"column":3}},"181":{"start":{"line":313,"column":22},"end":{"line":313,"column":51}},"182":{"start":{"line":314,"column":4},"end":{"line":314,"column":47}},"183":{"start":{"line":314,"column":40},"end":{"line":314,"column":47}},"184":{"start":{"line":316,"column":26},"end":{"line":316,"column":51}},"185":{"start":{"line":317,"column":4},"end":{"line":317,"column":35}},"186":{"start":{"line":317,"column":28},"end":{"line":317,"column":35}},"187":{"start":{"line":319,"column":4},"end":{"line":327,"column":null}},"188":{"start":{"line":321,"column":6},"end":{"line":321,"column":35}},"189":{"start":{"line":324,"column":6},"end":{"line":326,"column":null}},"190":{"start":{"line":325,"column":8},"end":{"line":325,"column":15}},"191":{"start":{"line":329,"column":4},"end":{"line":329,"column":20}},"192":{"start":{"line":332,"column":2},"end":{"line":641,"column":4}},"193":{"start":{"line":348,"column":31},"end":{"line":348,"column":65}},"194":{"start":{"line":363,"column":14},"end":{"line":363,"column":null}},"195":{"start":{"line":380,"column":33},"end":{"line":380,"column":57}},"196":{"start":{"line":403,"column":22},"end":{"line":404,"column":null}},"197":{"start":{"line":408,"column":22},"end":{"line":408,"column":null}},"198":{"start":{"line":420,"column":18},"end":{"line":472,"column":null}},"199":{"start":{"line":456,"column":26},"end":{"line":457,"column":null}},"200":{"start":{"line":467,"column":26},"end":{"line":468,"column":null}},"201":{"start":{"line":493,"column":33},"end":{"line":493,"column":55}},"202":{"start":{"line":508,"column":35},"end":{"line":508,"column":61}},"203":{"start":{"line":508,"column":55},"end":{"line":508,"column":60}},"204":{"start":{"line":585,"column":18},"end":{"line":586,"column":null}},"205":{"start":{"line":598,"column":30},"end":{"line":598,"column":54}},"206":{"start":{"line":599,"column":31},"end":{"line":599,"column":83}},"207":{"start":{"line":600,"column":31},"end":{"line":600,"column":89}},"208":{"start":{"line":601,"column":32},"end":{"line":601,"column":68}},"209":{"start":{"line":602,"column":33},"end":{"line":602,"column":88}},"210":{"start":{"line":603,"column":33},"end":{"line":603,"column":92}},"211":{"start":{"line":605,"column":12},"end":{"line":612,"column":14}},"212":{"start":{"line":617,"column":30},"end":{"line":617,"column":59}},"213":{"start":{"line":618,"column":31},"end":{"line":618,"column":111}},"214":{"start":{"line":619,"column":31},"end":{"line":619,"column":117}},"215":{"start":{"line":621,"column":12},"end":{"line":635,"column":14}},"216":{"start":{"line":45,"column":13},"end":{"line":45,"column":37}},"217":{"start":{"line":644,"column":0},"end":{"line":644,"column":27}}},"fnMap":{"0":{"name":"getUserId","decl":{"start":{"line":23,"column":9},"end":{"line":23,"column":18}},"loc":{"start":{"line":23,"column":18},"end":{"line":35,"column":1}}},"1":{"name":"(anonymous_7)","decl":{"start":{"line":45,"column":37},"end":{"line":45,"column":40}},"loc":{"start":{"line":45,"column":42},"end":{"line":642,"column":1}}},"2":{"name":"(anonymous_8)","decl":{"start":{"line":47,"column":39},"end":{"line":47,"column":42}},"loc":{"start":{"line":47,"column":45},"end":{"line":54,"column":4}}},"3":{"name":"(anonymous_9)","decl":{"start":{"line":60,"column":12},"end":{"line":60,"column":15}},"loc":{"start":{"line":60,"column":17},"end":{"line":62,"column":3}}},"4":{"name":"(anonymous_10)","decl":{"start":{"line":69,"column":69},"end":{"line":69,"column":72}},"loc":{"start":{"line":69,"column":74},"end":{"line":72,"column":3}}},"5":{"name":"(anonymous_11)","decl":{"start":{"line":74,"column":52},"end":{"line":74,"column":55}},"loc":{"start":{"line":74,"column":57},"end":{"line":76,"column":3}}},"6":{"name":"(anonymous_12)","decl":{"start":{"line":89,"column":12},"end":{"line":89,"column":15}},"loc":{"start":{"line":89,"column":17},"end":{"line":91,"column":3}}},"7":{"name":"(anonymous_13)","decl":{"start":{"line":93,"column":12},"end":{"line":93,"column":15}},"loc":{"start":{"line":93,"column":17},"end":{"line":100,"column":3}}},"8":{"name":"(anonymous_14)","decl":{"start":{"line":103,"column":12},"end":{"line":103,"column":15}},"loc":{"start":{"line":103,"column":17},"end":{"line":186,"column":3}}},"9":{"name":"(anonymous_15)","decl":{"start":{"line":124,"column":45},"end":{"line":124,"column":46}},"loc":{"start":{"line":124,"column":50},"end":{"line":124,"column":60}}},"10":{"name":"(anonymous_16)","decl":{"start":{"line":129,"column":25},"end":{"line":129,"column":29}},"loc":{"start":{"line":129,"column":33},"end":{"line":129,"column":53}}},"11":{"name":"(anonymous_17)","decl":{"start":{"line":140,"column":45},"end":{"line":140,"column":46}},"loc":{"start":{"line":140,"column":50},"end":{"line":140,"column":60}}},"12":{"name":"(anonymous_18)","decl":{"start":{"line":145,"column":25},"end":{"line":145,"column":29}},"loc":{"start":{"line":145,"column":33},"end":{"line":145,"column":54}}},"13":{"name":"(anonymous_19)","decl":{"start":{"line":164,"column":13},"end":{"line":164,"column":14}},"loc":{"start":{"line":164,"column":37},"end":{"line":171,"column":7}}},"14":{"name":"(anonymous_20)","decl":{"start":{"line":167,"column":34},"end":{"line":167,"column":47}},"loc":{"start":{"line":167,"column":50},"end":{"line":169,"column":11}}},"15":{"name":"(anonymous_21)","decl":{"start":{"line":171,"column":15},"end":{"line":171,"column":18}},"loc":{"start":{"line":171,"column":21},"end":{"line":174,"column":7}}},"16":{"name":"(anonymous_22)","decl":{"start":{"line":182,"column":18},"end":{"line":182,"column":22}},"loc":{"start":{"line":182,"column":26},"end":{"line":182,"column":34}}},"17":{"name":"(anonymous_23)","decl":{"start":{"line":183,"column":24},"end":{"line":183,"column":28}},"loc":{"start":{"line":183,"column":32},"end":{"line":183,"column":40}}},"18":{"name":"(anonymous_24)","decl":{"start":{"line":189,"column":12},"end":{"line":189,"column":15}},"loc":{"start":{"line":189,"column":17},"end":{"line":210,"column":3}}},"19":{"name":"(anonymous_25)","decl":{"start":{"line":213,"column":12},"end":{"line":213,"column":15}},"loc":{"start":{"line":213,"column":17},"end":{"line":221,"column":3}}},"20":{"name":"(anonymous_26)","decl":{"start":{"line":216,"column":29},"end":{"line":216,"column":32}},"loc":{"start":{"line":216,"column":34},"end":{"line":218,"column":5}}},"21":{"name":"(anonymous_27)","decl":{"start":{"line":220,"column":11},"end":{"line":220,"column":14}},"loc":{"start":{"line":220,"column":17},"end":{"line":220,"column":36}}},"22":{"name":"(anonymous_28)","decl":{"start":{"line":224,"column":12},"end":{"line":224,"column":15}},"loc":{"start":{"line":224,"column":17},"end":{"line":228,"column":3}}},"23":{"name":"(anonymous_29)","decl":{"start":{"line":231,"column":12},"end":{"line":231,"column":15}},"loc":{"start":{"line":231,"column":17},"end":{"line":236,"column":3}}},"24":{"name":"(anonymous_30)","decl":{"start":{"line":239,"column":24},"end":{"line":239,"column":27}},"loc":{"start":{"line":239,"column":29},"end":{"line":249,"column":3}}},"25":{"name":"(anonymous_31)","decl":{"start":{"line":246,"column":16},"end":{"line":246,"column":20}},"loc":{"start":{"line":246,"column":24},"end":{"line":246,"column":32}}},"26":{"name":"(anonymous_32)","decl":{"start":{"line":247,"column":22},"end":{"line":247,"column":26}},"loc":{"start":{"line":247,"column":30},"end":{"line":247,"column":38}}},"27":{"name":"(anonymous_33)","decl":{"start":{"line":252,"column":23},"end":{"line":252,"column":41}},"loc":{"start":{"line":252,"column":43},"end":{"line":262,"column":3}}},"28":{"name":"(anonymous_34)","decl":{"start":{"line":264,"column":24},"end":{"line":264,"column":27}},"loc":{"start":{"line":264,"column":29},"end":{"line":282,"column":3}}},"29":{"name":"(anonymous_35)","decl":{"start":{"line":284,"column":27},"end":{"line":284,"column":30}},"loc":{"start":{"line":284,"column":32},"end":{"line":303,"column":3}}},"30":{"name":"(anonymous_36)","decl":{"start":{"line":305,"column":27},"end":{"line":305,"column":30}},"loc":{"start":{"line":305,"column":32},"end":{"line":310,"column":3}}},"31":{"name":"(anonymous_37)","decl":{"start":{"line":312,"column":25},"end":{"line":312,"column":28}},"loc":{"start":{"line":312,"column":30},"end":{"line":330,"column":3}}},"32":{"name":"(anonymous_38)","decl":{"start":{"line":348,"column":25},"end":{"line":348,"column":28}},"loc":{"start":{"line":348,"column":31},"end":{"line":348,"column":65}}},"33":{"name":"(anonymous_39)","decl":{"start":{"line":362,"column":27},"end":{"line":362,"column":28}},"loc":{"start":{"line":363,"column":14},"end":{"line":363,"column":null}}},"34":{"name":"(anonymous_40)","decl":{"start":{"line":380,"column":27},"end":{"line":380,"column":30}},"loc":{"start":{"line":380,"column":33},"end":{"line":380,"column":57}}},"35":{"name":"(anonymous_41)","decl":{"start":{"line":402,"column":44},"end":{"line":402,"column":45}},"loc":{"start":{"line":403,"column":22},"end":{"line":404,"column":null}}},"36":{"name":"(anonymous_42)","decl":{"start":{"line":407,"column":109},"end":{"line":407,"column":110}},"loc":{"start":{"line":408,"column":22},"end":{"line":408,"column":null}}},"37":{"name":"(anonymous_43)","decl":{"start":{"line":419,"column":50},"end":{"line":419,"column":51}},"loc":{"start":{"line":420,"column":18},"end":{"line":472,"column":null}}},"38":{"name":"(anonymous_44)","decl":{"start":{"line":455,"column":47},"end":{"line":455,"column":48}},"loc":{"start":{"line":456,"column":26},"end":{"line":457,"column":null}}},"39":{"name":"(anonymous_45)","decl":{"start":{"line":466,"column":49},"end":{"line":466,"column":50}},"loc":{"start":{"line":467,"column":26},"end":{"line":468,"column":null}}},"40":{"name":"(anonymous_46)","decl":{"start":{"line":493,"column":27},"end":{"line":493,"column":30}},"loc":{"start":{"line":493,"column":33},"end":{"line":493,"column":55}}},"41":{"name":"(anonymous_47)","decl":{"start":{"line":508,"column":29},"end":{"line":508,"column":32}},"loc":{"start":{"line":508,"column":35},"end":{"line":508,"column":61}}},"42":{"name":"(anonymous_48)","decl":{"start":{"line":508,"column":47},"end":{"line":508,"column":51}},"loc":{"start":{"line":508,"column":55},"end":{"line":508,"column":60}}},"43":{"name":"(anonymous_49)","decl":{"start":{"line":542,"column":22},"end":{"line":542,"column":25}},"loc":{"start":{"line":542,"column":27},"end":{"line":544,"column":13}}},"44":{"name":"(anonymous_50)","decl":{"start":{"line":584,"column":57},"end":{"line":584,"column":58}},"loc":{"start":{"line":585,"column":18},"end":{"line":586,"column":null}}},"45":{"name":"(anonymous_51)","decl":{"start":{"line":597,"column":12},"end":{"line":597,"column":15}},"loc":{"start":{"line":597,"column":17},"end":{"line":613,"column":11}}},"46":{"name":"(anonymous_52)","decl":{"start":{"line":616,"column":12},"end":{"line":616,"column":15}},"loc":{"start":{"line":616,"column":17},"end":{"line":636,"column":11}}}},"branchMap":{"0":{"loc":{"start":{"line":27,"column":2},"end":{"line":32,"column":null}},"type":"if","locations":[{"start":{"line":27,"column":2},"end":{"line":32,"column":null}}]},"1":{"loc":{"start":{"line":47,"column":45},"end":{"line":54,"column":4}},"type":"binary-expr","locations":[{"start":{"line":47,"column":45},"end":{"line":47,"column":81}},{"start":{"line":47,"column":85},"end":{"line":54,"column":4}}]},"2":{"loc":{"start":{"line":71,"column":11},"end":{"line":71,"column":41}},"type":"cond-expr","locations":[{"start":{"line":71,"column":19},"end":{"line":71,"column":36}},{"start":{"line":71,"column":39},"end":{"line":71,"column":41}}]},"3":{"loc":{"start":{"line":95,"column":4},"end":{"line":99,"column":null}},"type":"if","locations":[{"start":{"line":95,"column":4},"end":{"line":99,"column":null}},{"start":{"line":97,"column":11},"end":{"line":99,"column":null}}]},"4":{"loc":{"start":{"line":104,"column":4},"end":{"line":185,"column":null}},"type":"if","locations":[{"start":{"line":104,"column":4},"end":{"line":185,"column":null}}]},"5":{"loc":{"start":{"line":104,"column":8},"end":{"line":104,"column":98}},"type":"binary-expr","locations":[{"start":{"line":104,"column":9},"end":{"line":104,"column":35}},{"start":{"line":104,"column":39},"end":{"line":104,"column":66}},{"start":{"line":104,"column":71},"end":{"line":104,"column":98}}]},"6":{"loc":{"start":{"line":107,"column":6},"end":{"line":149,"column":null}},"type":"if","locations":[{"start":{"line":107,"column":6},"end":{"line":149,"column":null}},{"start":{"line":133,"column":13},"end":{"line":149,"column":null}}]},"7":{"loc":{"start":{"line":135,"column":8},"end":{"line":135,"column":48}},"type":"if","locations":[{"start":{"line":135,"column":8},"end":{"line":135,"column":48}}]},"8":{"loc":{"start":{"line":158,"column":8},"end":{"line":158,"column":51}},"type":"cond-expr","locations":[{"start":{"line":158,"column":17},"end":{"line":158,"column":46}},{"start":{"line":158,"column":50},"end":{"line":158,"column":51}}]},"9":{"loc":{"start":{"line":160,"column":8},"end":{"line":160,"column":41}},"type":"binary-expr","locations":[{"start":{"line":160,"column":8},"end":{"line":160,"column":36}},{"start":{"line":160,"column":40},"end":{"line":160,"column":41}}]},"10":{"loc":{"start":{"line":165,"column":8},"end":{"line":170,"column":null}},"type":"if","locations":[{"start":{"line":165,"column":8},"end":{"line":170,"column":null}}]},"11":{"loc":{"start":{"line":165,"column":12},"end":{"line":165,"column":57}},"type":"binary-expr","locations":[{"start":{"line":165,"column":12},"end":{"line":165,"column":27}},{"start":{"line":165,"column":31},"end":{"line":165,"column":57}}]},"12":{"loc":{"start":{"line":177,"column":6},"end":{"line":179,"column":null}},"type":"if","locations":[{"start":{"line":177,"column":6},"end":{"line":179,"column":null}}]},"13":{"loc":{"start":{"line":191,"column":4},"end":{"line":194,"column":null}},"type":"if","locations":[{"start":{"line":191,"column":4},"end":{"line":194,"column":null}}]},"14":{"loc":{"start":{"line":197,"column":4},"end":{"line":197,"column":37}},"type":"if","locations":[{"start":{"line":197,"column":4},"end":{"line":197,"column":37}}]},"15":{"loc":{"start":{"line":200,"column":21},"end":{"line":200,"column":67}},"type":"binary-expr","locations":[{"start":{"line":200,"column":21},"end":{"line":200,"column":61}},{"start":{"line":200,"column":65},"end":{"line":200,"column":67}}]},"16":{"loc":{"start":{"line":205,"column":4},"end":{"line":207,"column":null}},"type":"if","locations":[{"start":{"line":205,"column":4},"end":{"line":207,"column":null}}]},"17":{"loc":{"start":{"line":214,"column":4},"end":{"line":214,"column":31}},"type":"if","locations":[{"start":{"line":214,"column":4},"end":{"line":214,"column":31}}]},"18":{"loc":{"start":{"line":225,"column":4},"end":{"line":227,"column":null}},"type":"if","locations":[{"start":{"line":225,"column":4},"end":{"line":227,"column":null}}]},"19":{"loc":{"start":{"line":225,"column":8},"end":{"line":225,"column":37}},"type":"binary-expr","locations":[{"start":{"line":225,"column":8},"end":{"line":225,"column":18}},{"start":{"line":225,"column":22},"end":{"line":225,"column":37}}]},"20":{"loc":{"start":{"line":232,"column":4},"end":{"line":235,"column":null}},"type":"if","locations":[{"start":{"line":232,"column":4},"end":{"line":235,"column":null}}]},"21":{"loc":{"start":{"line":232,"column":8},"end":{"line":232,"column":52}},"type":"binary-expr","locations":[{"start":{"line":232,"column":8},"end":{"line":232,"column":18}},{"start":{"line":232,"column":22},"end":{"line":232,"column":52}}]},"22":{"loc":{"start":{"line":241,"column":22},"end":{"line":241,"column":70}},"type":"binary-expr","locations":[{"start":{"line":241,"column":22},"end":{"line":241,"column":60}},{"start":{"line":241,"column":64},"end":{"line":241,"column":70}}]},"23":{"loc":{"start":{"line":254,"column":4},"end":{"line":254,"column":48}},"type":"if","locations":[{"start":{"line":254,"column":4},"end":{"line":254,"column":48}}]},"24":{"loc":{"start":{"line":256,"column":4},"end":{"line":256,"column":46}},"type":"if","locations":[{"start":{"line":256,"column":4},"end":{"line":256,"column":46}}]},"25":{"loc":{"start":{"line":256,"column":8},"end":{"line":256,"column":32}},"type":"binary-expr","locations":[{"start":{"line":256,"column":8},"end":{"line":256,"column":13}},{"start":{"line":256,"column":17},"end":{"line":256,"column":32}}]},"26":{"loc":{"start":{"line":259,"column":6},"end":{"line":259,"column":51}},"type":"if","locations":[{"start":{"line":259,"column":6},"end":{"line":259,"column":51}}]},"27":{"loc":{"start":{"line":266,"column":4},"end":{"line":266,"column":47}},"type":"if","locations":[{"start":{"line":266,"column":4},"end":{"line":266,"column":47}}]},"28":{"loc":{"start":{"line":269,"column":4},"end":{"line":269,"column":35}},"type":"if","locations":[{"start":{"line":269,"column":4},"end":{"line":269,"column":35}}]},"29":{"loc":{"start":{"line":271,"column":4},"end":{"line":279,"column":null}},"type":"if","locations":[{"start":{"line":271,"column":4},"end":{"line":279,"column":null}},{"start":{"line":274,"column":11},"end":{"line":279,"column":null}}]},"30":{"loc":{"start":{"line":276,"column":6},"end":{"line":278,"column":null}},"type":"if","locations":[{"start":{"line":276,"column":6},"end":{"line":278,"column":null}}]},"31":{"loc":{"start":{"line":286,"column":4},"end":{"line":286,"column":47}},"type":"if","locations":[{"start":{"line":286,"column":4},"end":{"line":286,"column":47}}]},"32":{"loc":{"start":{"line":288,"column":4},"end":{"line":288,"column":43}},"type":"if","locations":[{"start":{"line":288,"column":4},"end":{"line":288,"column":43}}]},"33":{"loc":{"start":{"line":290,"column":4},"end":{"line":290,"column":41}},"type":"if","locations":[{"start":{"line":290,"column":4},"end":{"line":290,"column":41}}]},"34":{"loc":{"start":{"line":290,"column":8},"end":{"line":290,"column":32}},"type":"binary-expr","locations":[{"start":{"line":290,"column":8},"end":{"line":290,"column":13}},{"start":{"line":290,"column":17},"end":{"line":290,"column":32}}]},"35":{"loc":{"start":{"line":292,"column":4},"end":{"line":300,"column":null}},"type":"if","locations":[{"start":{"line":292,"column":4},"end":{"line":300,"column":null}},{"start":{"line":295,"column":11},"end":{"line":300,"column":null}}]},"36":{"loc":{"start":{"line":297,"column":6},"end":{"line":299,"column":null}},"type":"if","locations":[{"start":{"line":297,"column":6},"end":{"line":299,"column":null}}]},"37":{"loc":{"start":{"line":307,"column":4},"end":{"line":309,"column":null}},"type":"if","locations":[{"start":{"line":307,"column":4},"end":{"line":309,"column":null}}]},"38":{"loc":{"start":{"line":314,"column":4},"end":{"line":314,"column":47}},"type":"if","locations":[{"start":{"line":314,"column":4},"end":{"line":314,"column":47}}]},"39":{"loc":{"start":{"line":317,"column":4},"end":{"line":317,"column":35}},"type":"if","locations":[{"start":{"line":317,"column":4},"end":{"line":317,"column":35}}]},"40":{"loc":{"start":{"line":319,"column":4},"end":{"line":327,"column":null}},"type":"if","locations":[{"start":{"line":319,"column":4},"end":{"line":327,"column":null}},{"start":{"line":322,"column":11},"end":{"line":327,"column":null}}]},"41":{"loc":{"start":{"line":324,"column":6},"end":{"line":326,"column":null}},"type":"if","locations":[{"start":{"line":324,"column":6},"end":{"line":326,"column":null}}]},"42":{"loc":{"start":{"line":363,"column":39},"end":{"line":363,"column":110}},"type":"cond-expr","locations":[{"start":{"line":363,"column":62},"end":{"line":363,"column":84}},{"start":{"line":363,"column":87},"end":{"line":363,"column":110}}]},"43":{"loc":{"start":{"line":372,"column":9},"end":{"line":483,"column":null}},"type":"binary-expr","locations":[{"start":{"line":372,"column":9},"end":{"line":372,"column":23}},{"start":{"line":373,"column":10},"end":{"line":482,"column":null}}]},"44":{"loc":{"start":{"line":423,"column":22},"end":{"line":425,"column":null}},"type":"cond-expr","locations":[{"start":{"line":424,"column":26},"end":{"line":424,"column":97}},{"start":{"line":425,"column":26},"end":{"line":425,"column":null}}]},"45":{"loc":{"start":{"line":434,"column":26},"end":{"line":436,"column":null}},"type":"cond-expr","locations":[{"start":{"line":435,"column":30},"end":{"line":435,"column":97}},{"start":{"line":436,"column":30},"end":{"line":436,"column":null}}]},"46":{"loc":{"start":{"line":438,"column":27},"end":{"line":438,"column":67}},"type":"cond-expr","locations":[{"start":{"line":438,"column":53},"end":{"line":438,"column":58}},{"start":{"line":438,"column":61},"end":{"line":438,"column":67}}]},"47":{"loc":{"start":{"line":441,"column":60},"end":{"line":441,"column":156}},"type":"cond-expr","locations":[{"start":{"line":441,"column":85},"end":{"line":441,"column":121}},{"start":{"line":441,"column":124},"end":{"line":441,"column":156}}]},"48":{"loc":{"start":{"line":442,"column":25},"end":{"line":442,"column":58}},"type":"cond-expr","locations":[{"start":{"line":442,"column":50},"end":{"line":442,"column":53}},{"start":{"line":442,"column":56},"end":{"line":442,"column":58}}]},"49":{"loc":{"start":{"line":476,"column":17},"end":{"line":479,"column":null}},"type":"binary-expr","locations":[{"start":{"line":476,"column":17},"end":{"line":476,"column":43}},{"start":{"line":477,"column":18},"end":{"line":477,"column":null}}]},"50":{"loc":{"start":{"line":487,"column":9},"end":{"line":536,"column":null}},"type":"binary-expr","locations":[{"start":{"line":487,"column":9},"end":{"line":487,"column":21}},{"start":{"line":488,"column":10},"end":{"line":535,"column":null}}]},"51":{"loc":{"start":{"line":510,"column":22},"end":{"line":510,"column":null}},"type":"cond-expr","locations":[{"start":{"line":510,"column":33},"end":{"line":510,"column":58}},{"start":{"line":510,"column":61},"end":{"line":510,"column":null}}]},"52":{"loc":{"start":{"line":515,"column":23},"end":{"line":515,"column":45}},"type":"cond-expr","locations":[{"start":{"line":515,"column":34},"end":{"line":515,"column":38}},{"start":{"line":515,"column":41},"end":{"line":515,"column":45}}]},"53":{"loc":{"start":{"line":550,"column":9},"end":{"line":591,"column":null}},"type":"binary-expr","locations":[{"start":{"line":550,"column":9},"end":{"line":550,"column":19}},{"start":{"line":550,"column":23},"end":{"line":550,"column":36}},{"start":{"line":550,"column":40},"end":{"line":550,"column":51}},{"start":{"line":551,"column":10},"end":{"line":590,"column":null}}]},"54":{"loc":{"start":{"line":553,"column":14},"end":{"line":555,"column":null}},"type":"cond-expr","locations":[{"start":{"line":554,"column":18},"end":{"line":554,"column":88}},{"start":{"line":555,"column":18},"end":{"line":555,"column":null}}]},"55":{"loc":{"start":{"line":559,"column":15},"end":{"line":559,"column":75}},"type":"cond-expr","locations":[{"start":{"line":559,"column":44},"end":{"line":559,"column":57}},{"start":{"line":559,"column":60},"end":{"line":559,"column":75}}]},"56":{"loc":{"start":{"line":561,"column":54},"end":{"line":561,"column":117}},"type":"cond-expr","locations":[{"start":{"line":561,"column":84},"end":{"line":561,"column":100}},{"start":{"line":561,"column":103},"end":{"line":561,"column":117}}]},"57":{"loc":{"start":{"line":562,"column":15},"end":{"line":562,"column":53}},"type":"cond-expr","locations":[{"start":{"line":562,"column":45},"end":{"line":562,"column":48}},{"start":{"line":562,"column":51},"end":{"line":562,"column":53}}]},"58":{"loc":{"start":{"line":564,"column":13},"end":{"line":567,"column":null}},"type":"binary-expr","locations":[{"start":{"line":564,"column":13},"end":{"line":564,"column":39}},{"start":{"line":564,"column":43},"end":{"line":564,"column":71}},{"start":{"line":565,"column":14},"end":{"line":567,"column":null}}]},"59":{"loc":{"start":{"line":574,"column":16},"end":{"line":576,"column":null}},"type":"cond-expr","locations":[{"start":{"line":575,"column":20},"end":{"line":575,"column":95}},{"start":{"line":576,"column":20},"end":{"line":576,"column":null}}]},"60":{"loc":{"start":{"line":581,"column":13},"end":{"line":589,"column":null}},"type":"binary-expr","locations":[{"start":{"line":581,"column":13},"end":{"line":581,"column":36}},{"start":{"line":581,"column":40},"end":{"line":581,"column":74}},{"start":{"line":582,"column":14},"end":{"line":588,"column":null}}]},"61":{"loc":{"start":{"line":599,"column":31},"end":{"line":599,"column":83}},"type":"binary-expr","locations":[{"start":{"line":599,"column":31},"end":{"line":599,"column":44}},{"start":{"line":599,"column":48},"end":{"line":599,"column":83}}]},"62":{"loc":{"start":{"line":600,"column":31},"end":{"line":600,"column":89}},"type":"binary-expr","locations":[{"start":{"line":600,"column":31},"end":{"line":600,"column":50}},{"start":{"line":600,"column":54},"end":{"line":600,"column":89}}]},"63":{"loc":{"start":{"line":602,"column":33},"end":{"line":602,"column":88}},"type":"binary-expr","locations":[{"start":{"line":602,"column":33},"end":{"line":602,"column":48}},{"start":{"line":602,"column":52},"end":{"line":602,"column":88}}]},"64":{"loc":{"start":{"line":603,"column":33},"end":{"line":603,"column":92}},"type":"binary-expr","locations":[{"start":{"line":603,"column":33},"end":{"line":603,"column":52}},{"start":{"line":603,"column":56},"end":{"line":603,"column":92}}]},"65":{"loc":{"start":{"line":609,"column":29},"end":{"line":609,"column":55}},"type":"binary-expr","locations":[{"start":{"line":609,"column":29},"end":{"line":609,"column":40}},{"start":{"line":609,"column":44},"end":{"line":609,"column":55}}]},"66":{"loc":{"start":{"line":610,"column":31},"end":{"line":610,"column":61}},"type":"binary-expr","locations":[{"start":{"line":610,"column":31},"end":{"line":610,"column":44}},{"start":{"line":610,"column":48},"end":{"line":610,"column":61}}]},"67":{"loc":{"start":{"line":618,"column":31},"end":{"line":618,"column":111}},"type":"binary-expr","locations":[{"start":{"line":618,"column":31},"end":{"line":618,"column":44}},{"start":{"line":618,"column":48},"end":{"line":618,"column":77}},{"start":{"line":618,"column":81},"end":{"line":618,"column":111}}]},"68":{"loc":{"start":{"line":619,"column":31},"end":{"line":619,"column":117}},"type":"binary-expr","locations":[{"start":{"line":619,"column":31},"end":{"line":619,"column":50}},{"start":{"line":619,"column":54},"end":{"line":619,"column":83}},{"start":{"line":619,"column":87},"end":{"line":619,"column":117}}]},"69":{"loc":{"start":{"line":624,"column":26},"end":{"line":624,"column":52}},"type":"binary-expr","locations":[{"start":{"line":624,"column":26},"end":{"line":624,"column":37}},{"start":{"line":624,"column":41},"end":{"line":624,"column":52}}]},"70":{"loc":{"start":{"line":626,"column":18},"end":{"line":630,"column":null}},"type":"cond-expr","locations":[{"start":{"line":627,"column":22},"end":{"line":627,"column":104}},{"start":{"line":628,"column":22},"end":{"line":630,"column":null}}]},"71":{"loc":{"start":{"line":626,"column":18},"end":{"line":626,"column":44}},"type":"binary-expr","locations":[{"start":{"line":626,"column":18},"end":{"line":626,"column":29}},{"start":{"line":626,"column":33},"end":{"line":626,"column":44}}]},"72":{"loc":{"start":{"line":628,"column":22},"end":{"line":630,"column":null}},"type":"cond-expr","locations":[{"start":{"line":629,"column":24},"end":{"line":629,"column":130}},{"start":{"line":630,"column":24},"end":{"line":630,"column":null}}]},"73":{"loc":{"start":{"line":633,"column":22},"end":{"line":633,"column":64}},"type":"cond-expr","locations":[{"start":{"line":633,"column":38},"end":{"line":633,"column":54}},{"start":{"line":633,"column":57},"end":{"line":633,"column":64}}]}},"s":{"0":1,"1":1,"2":1,"3":1,"4":1,"5":1,"6":1,"7":1,"8":1,"9":1,"10":1,"11":1,"12":1,"13":1,"14":14,"15":14,"16":14,"17":1,"18":1,"19":14,"20":1,"21":15,"22":14,"23":14,"24":14,"25":14,"26":14,"27":14,"28":14,"29":0,"30":14,"31":14,"32":14,"33":14,"34":14,"35":14,"36":14,"37":14,"38":14,"39":14,"40":14,"41":14,"42":14,"43":14,"44":14,"45":14,"46":0,"47":14,"48":0,"49":0,"50":0,"51":0,"52":14,"53":0,"54":0,"55":0,"56":0,"57":0,"58":0,"59":0,"60":0,"61":0,"62":0,"63":0,"64":0,"65":0,"66":0,"67":0,"68":0,"69":0,"70":0,"71":0,"72":0,"73":0,"74":0,"75":0,"76":0,"77":0,"78":0,"79":0,"80":0,"81":0,"82":0,"83":0,"84":0,"85":0,"86":0,"87":0,"88":0,"89":0,"90":0,"91":0,"92":0,"93":0,"94":0,"95":0,"96":0,"97":0,"98":0,"99":14,"100":0,"101":0,"102":0,"103":0,"104":0,"105":0,"106":0,"107":0,"108":0,"109":0,"110":14,"111":0,"112":0,"113":0,"114":0,"115":0,"116":0,"117":14,"118":0,"119":0,"120":14,"121":0,"122":0,"123":0,"124":14,"125":0,"126":0,"127":0,"128":0,"129":0,"130":0,"131":0,"132":0,"133":0,"134":0,"135":0,"136":14,"137":0,"138":0,"139":0,"140":0,"141":0,"142":0,"143":0,"144":0,"145":0,"146":0,"147":0,"148":0,"149":14,"150":0,"151":0,"152":0,"153":0,"154":0,"155":0,"156":0,"157":0,"158":0,"159":0,"160":0,"161":14,"162":0,"163":0,"164":0,"165":0,"166":0,"167":0,"168":0,"169":0,"170":0,"171":0,"172":0,"173":0,"174":0,"175":0,"176":14,"177":0,"178":0,"179":0,"180":14,"181":0,"182":0,"183":0,"184":0,"185":0,"186":0,"187":0,"188":0,"189":0,"190":0,"191":0,"192":14,"193":0,"194":42,"195":0,"196":0,"197":0,"198":0,"199":0,"200":0,"201":0,"202":0,"203":0,"204":0,"205":14,"206":14,"207":14,"208":14,"209":14,"210":14,"211":14,"212":14,"213":14,"214":14,"215":14,"216":1,"217":1},"f":{"0":14,"1":15,"2":14,"3":0,"4":14,"5":14,"6":0,"7":0,"8":0,"9":0,"10":0,"11":0,"12":0,"13":0,"14":0,"15":0,"16":0,"17":0,"18":0,"19":0,"20":0,"21":0,"22":0,"23":0,"24":0,"25":0,"26":0,"27":0,"28":0,"29":0,"30":0,"31":0,"32":0,"33":42,"34":0,"35":0,"36":0,"37":0,"38":0,"39":0,"40":0,"41":0,"42":0,"43":0,"44":0,"45":14,"46":14},"b":{"0":[1],"1":[14,0],"2":[0,14],"3":[0,0],"4":[0],"5":[0,0,0],"6":[0,0],"7":[0],"8":[0,0],"9":[0,0],"10":[0],"11":[0,0],"12":[0],"13":[0],"14":[0],"15":[0,0],"16":[0],"17":[0],"18":[0],"19":[0,0],"20":[0],"21":[0,0],"22":[0,0],"23":[0],"24":[0],"25":[0,0],"26":[0],"27":[0],"28":[0],"29":[0,0],"30":[0],"31":[0],"32":[0],"33":[0],"34":[0,0],"35":[0,0],"36":[0],"37":[0],"38":[0],"39":[0],"40":[0,0],"41":[0],"42":[42,0],"43":[14,0],"44":[0,0],"45":[0,0],"46":[0,0],"47":[0,0],"48":[0,0],"49":[0,0],"50":[14,0],"51":[0,0],"52":[0,0],"53":[14,0,0,0],"54":[0,0],"55":[0,0],"56":[0,0],"57":[0,0],"58":[0,0,0],"59":[0,0],"60":[0,0,0],"61":[14,4],"62":[14,14],"63":[14,8],"64":[14,14],"65":[14,10],"66":[14,6],"67":[14,8,8],"68":[14,14,14],"69":[14,6],"70":[0,14],"71":[14,6],"72":[8,6],"73":[8,6]}}
,"C:\\Users\\nickg\\OneDrive\\Documents\\GitHub\\Project 3\\src\\GameKeyboard.tsx": {"path":"C:\\Users\\nickg\\OneDrive\\Documents\\GitHub\\Project 3\\src\\GameKeyboard.tsx","statementMap":{"0":{"start":{"line":1,"column":0},"end":{"line":1,"column":41}},"1":{"start":{"line":10,"column":13},"end":{"line":14,"column":2}},"2":{"start":{"line":21,"column":5},"end":{"line":61,"column":1}},"3":{"start":{"line":22,"column":22},"end":{"line":26,"column":4}},"4":{"start":{"line":28,"column":25},"end":{"line":44,"column":4}},"5":{"start":{"line":46,"column":2},"end":{"line":60,"column":4}},"6":{"start":{"line":50,"column":8},"end":{"line":50,"column":29}},"7":{"start":{"line":50,"column":22},"end":{"line":50,"column":29}},"8":{"start":{"line":51,"column":8},"end":{"line":51,"column":27}},"9":{"start":{"line":52,"column":8},"end":{"line":52,"column":18}},"10":{"start":{"line":63,"column":57},"end":{"line":155,"column":1}},"11":{"start":{"line":69,"column":2},"end":{"line":97,"column":62}},"12":{"start":{"line":70,"column":26},"end":{"line":93,"column":5}},"13":{"start":{"line":71,"column":6},"end":{"line":71,"column":27}},"14":{"start":{"line":71,"column":20},"end":{"line":71,"column":27}},"15":{"start":{"line":73,"column":18},"end":{"line":73,"column":37}},"16":{"start":{"line":75,"column":6},"end":{"line":79,"column":null}},"17":{"start":{"line":76,"column":8},"end":{"line":76,"column":27}},"18":{"start":{"line":77,"column":8},"end":{"line":77,"column":27}},"19":{"start":{"line":78,"column":8},"end":{"line":78,"column":15}},"20":{"start":{"line":81,"column":6},"end":{"line":92,"column":null}},"21":{"start":{"line":83,"column":10},"end":{"line":83,"column":29}},"22":{"start":{"line":84,"column":10},"end":{"line":84,"column":27}},"23":{"start":{"line":85,"column":10},"end":{"line":85,"column":16}},"24":{"start":{"line":87,"column":10},"end":{"line":87,"column":29}},"25":{"start":{"line":88,"column":10},"end":{"line":88,"column":25}},"26":{"start":{"line":89,"column":10},"end":{"line":89,"column":16}},"27":{"start":{"line":91,"column":10},"end":{"line":91,"column":16}},"28":{"start":{"line":95,"column":4},"end":{"line":95,"column":54}},"29":{"start":{"line":96,"column":4},"end":{"line":96,"column":70}},"30":{"start":{"line":96,"column":17},"end":{"line":96,"column":69}},"31":{"start":{"line":99,"column":2},"end":{"line":154,"column":4}},"32":{"start":{"line":104,"column":10},"end":{"line":109,"column":null}},"33":{"start":{"line":107,"column":27},"end":{"line":107,"column":48}},"34":{"start":{"line":118,"column":10},"end":{"line":123,"column":null}},"35":{"start":{"line":121,"column":27},"end":{"line":121,"column":48}},"36":{"start":{"line":138,"column":10},"end":{"line":143,"column":null}},"37":{"start":{"line":141,"column":27},"end":{"line":141,"column":48}},"38":{"start":{"line":63,"column":13},"end":{"line":63,"column":57}}},"fnMap":{"0":{"name":"(anonymous_6)","decl":{"start":{"line":21,"column":5},"end":{"line":21,"column":6}},"loc":{"start":{"line":21,"column":67},"end":{"line":61,"column":1}}},"1":{"name":"(anonymous_7)","decl":{"start":{"line":49,"column":21},"end":{"line":49,"column":22}},"loc":{"start":{"line":49,"column":27},"end":{"line":53,"column":7}}},"2":{"name":"(anonymous_8)","decl":{"start":{"line":63,"column":57},"end":{"line":63,"column":58}},"loc":{"start":{"line":68,"column":5},"end":{"line":155,"column":1}}},"3":{"name":"(anonymous_9)","decl":{"start":{"line":69,"column":12},"end":{"line":69,"column":15}},"loc":{"start":{"line":69,"column":17},"end":{"line":97,"column":3}}},"4":{"name":"(anonymous_10)","decl":{"start":{"line":70,"column":26},"end":{"line":70,"column":27}},"loc":{"start":{"line":70,"column":47},"end":{"line":93,"column":5}}},"5":{"name":"(anonymous_11)","decl":{"start":{"line":96,"column":11},"end":{"line":96,"column":14}},"loc":{"start":{"line":96,"column":17},"end":{"line":96,"column":69}}},"6":{"name":"(anonymous_12)","decl":{"start":{"line":103,"column":21},"end":{"line":103,"column":22}},"loc":{"start":{"line":104,"column":10},"end":{"line":109,"column":null}}},"7":{"name":"(anonymous_13)","decl":{"start":{"line":107,"column":21},"end":{"line":107,"column":24}},"loc":{"start":{"line":107,"column":27},"end":{"line":107,"column":48}}},"8":{"name":"(anonymous_14)","decl":{"start":{"line":117,"column":21},"end":{"line":117,"column":22}},"loc":{"start":{"line":118,"column":10},"end":{"line":123,"column":null}}},"9":{"name":"(anonymous_15)","decl":{"start":{"line":121,"column":21},"end":{"line":121,"column":24}},"loc":{"start":{"line":121,"column":27},"end":{"line":121,"column":48}}},"10":{"name":"(anonymous_16)","decl":{"start":{"line":137,"column":21},"end":{"line":137,"column":22}},"loc":{"start":{"line":138,"column":10},"end":{"line":143,"column":null}}},"11":{"name":"(anonymous_17)","decl":{"start":{"line":141,"column":21},"end":{"line":141,"column":24}},"loc":{"start":{"line":141,"column":27},"end":{"line":141,"column":48}}}},"branchMap":{"0":{"loc":{"start":{"line":21,"column":25},"end":{"line":21,"column":41}},"type":"default-arg","locations":[{"start":{"line":21,"column":36},"end":{"line":21,"column":41}}]},"1":{"loc":{"start":{"line":21,"column":43},"end":{"line":21,"column":61}},"type":"default-arg","locations":[{"start":{"line":21,"column":53},"end":{"line":21,"column":61}}]},"2":{"loc":{"start":{"line":50,"column":8},"end":{"line":50,"column":29}},"type":"if","locations":[{"start":{"line":50,"column":8},"end":{"line":50,"column":29}}]},"3":{"loc":{"start":{"line":55,"column":18},"end":{"line":55,"column":116}},"type":"cond-expr","locations":[{"start":{"line":55,"column":41},"end":{"line":55,"column":56}},{"start":{"line":55,"column":59},"end":{"line":55,"column":116}}]},"4":{"loc":{"start":{"line":55,"column":59},"end":{"line":55,"column":116}},"type":"cond-expr","locations":[{"start":{"line":55,"column":82},"end":{"line":55,"column":95}},{"start":{"line":55,"column":98},"end":{"line":55,"column":116}}]},"5":{"loc":{"start":{"line":67,"column":2},"end":{"line":67,"column":18}},"type":"default-arg","locations":[{"start":{"line":67,"column":13},"end":{"line":67,"column":18}}]},"6":{"loc":{"start":{"line":71,"column":6},"end":{"line":71,"column":27}},"type":"if","locations":[{"start":{"line":71,"column":6},"end":{"line":71,"column":27}}]},"7":{"loc":{"start":{"line":75,"column":6},"end":{"line":79,"column":null}},"type":"if","locations":[{"start":{"line":75,"column":6},"end":{"line":79,"column":null}}]},"8":{"loc":{"start":{"line":81,"column":6},"end":{"line":92,"column":null}},"type":"switch","locations":[{"start":{"line":82,"column":8},"end":{"line":85,"column":16}},{"start":{"line":86,"column":8},"end":{"line":89,"column":16}},{"start":{"line":90,"column":8},"end":{"line":91,"column":16}}]}},"s":{"0":2,"1":2,"2":2,"3":868,"4":868,"5":868,"6":7,"7":1,"8":6,"9":6,"10":2,"11":31,"12":31,"13":16,"14":1,"15":15,"16":15,"17":9,"18":9,"19":9,"20":6,"21":1,"22":1,"23":1,"24":2,"25":2,"26":2,"27":3,"28":31,"29":31,"30":31,"31":31,"32":310,"33":2,"34":279,"35":1,"36":217,"37":0,"38":2},"f":{"0":868,"1":7,"2":31,"3":31,"4":16,"5":31,"6":310,"7":2,"8":279,"9":1,"10":217,"11":0},"b":{"0":[0],"1":[0],"2":[1],"3":[31,837],"4":[31,806],"5":[26],"6":[1],"7":[9],"8":[1,2,3]}}
,"C:\\Users\\nickg\\OneDrive\\Documents\\GitHub\\Project 3\\src\\LetterTile.tsx": {"path":"C:\\Users\\nickg\\OneDrive\\Documents\\GitHub\\Project 3\\src\\LetterTile.tsx","statementMap":{"0":{"start":{"line":1,"column":0},"end":{"line":1,"column":26}},"1":{"start":{"line":10,"column":48},"end":{"line":18,"column":2}},"2":{"start":{"line":20,"column":53},"end":{"line":34,"column":1}},"3":{"start":{"line":21,"column":2},"end":{"line":33,"column":4}},"4":{"start":{"line":20,"column":13},"end":{"line":20,"column":53}}},"fnMap":{"0":{"name":"(anonymous_1)","decl":{"start":{"line":20,"column":53},"end":{"line":20,"column":54}},"loc":{"start":{"line":20,"column":75},"end":{"line":34,"column":1}}}},"branchMap":{},"s":{"0":3,"1":3,"2":3,"3":76,"4":3},"f":{"0":76},"b":{}}
,"C:\\Users\\nickg\\OneDrive\\Documents\\GitHub\\Project 3\\src\\Rung.tsx": {"path":"C:\\Users\\nickg\\OneDrive\\Documents\\GitHub\\Project 3\\src\\Rung.tsx","statementMap":{"0":{"start":{"line":1,"column":0},"end":{"line":1,"column":51}},"1":{"start":{"line":2,"column":0},"end":{"line":2,"column":53}},"2":{"start":{"line":12,"column":75},"end":{"line":33,"column":1}},"3":{"start":{"line":13,"column":2},"end":{"line":32,"column":null}},"4":{"start":{"line":15,"column":6},"end":{"line":21,"column":8}},"5":{"start":{"line":23,"column":6},"end":{"line":29,"column":8}},"6":{"start":{"line":31,"column":6},"end":{"line":31,"column":41}},"7":{"start":{"line":35,"column":41},"end":{"line":94,"column":1}},"8":{"start":{"line":42,"column":36},"end":{"line":42,"column":55}},"9":{"start":{"line":44,"column":2},"end":{"line":53,"column":35}},"10":{"start":{"line":45,"column":4},"end":{"line":52,"column":null}},"11":{"start":{"line":46,"column":6},"end":{"line":46,"column":25}},"12":{"start":{"line":47,"column":20},"end":{"line":50,"column":13}},"13":{"start":{"line":48,"column":8},"end":{"line":48,"column":28}},"14":{"start":{"line":49,"column":8},"end":{"line":49,"column":28}},"15":{"start":{"line":51,"column":6},"end":{"line":51,"column":39}},"16":{"start":{"line":51,"column":19},"end":{"line":51,"column":38}},"17":{"start":{"line":55,"column":2},"end":{"line":93,"column":4}},"18":{"start":{"line":80,"column":12},"end":{"line":83,"column":null}},"19":{"start":{"line":35,"column":13},"end":{"line":35,"column":41}}},"fnMap":{"0":{"name":"(anonymous_6)","decl":{"start":{"line":12,"column":75},"end":{"line":12,"column":76}},"loc":{"start":{"line":12,"column":90},"end":{"line":33,"column":1}}},"1":{"name":"(anonymous_7)","decl":{"start":{"line":35,"column":41},"end":{"line":35,"column":42}},"loc":{"start":{"line":41,"column":5},"end":{"line":94,"column":1}}},"2":{"name":"(anonymous_8)","decl":{"start":{"line":44,"column":12},"end":{"line":44,"column":15}},"loc":{"start":{"line":44,"column":17},"end":{"line":53,"column":3}}},"3":{"name":"(anonymous_9)","decl":{"start":{"line":47,"column":31},"end":{"line":47,"column":34}},"loc":{"start":{"line":47,"column":36},"end":{"line":50,"column":7}}},"4":{"name":"(anonymous_10)","decl":{"start":{"line":51,"column":13},"end":{"line":51,"column":16}},"loc":{"start":{"line":51,"column":19},"end":{"line":51,"column":38}}},"5":{"name":"(anonymous_11)","decl":{"start":{"line":79,"column":20},"end":{"line":79,"column":21}},"loc":{"start":{"line":80,"column":12},"end":{"line":83,"column":null}}}},"branchMap":{"0":{"loc":{"start":{"line":13,"column":2},"end":{"line":32,"column":null}},"type":"switch","locations":[{"start":{"line":14,"column":4},"end":{"line":21,"column":8}},{"start":{"line":22,"column":4},"end":{"line":29,"column":8}},{"start":{"line":30,"column":4},"end":{"line":31,"column":41}}]},"1":{"loc":{"start":{"line":38,"column":2},"end":{"line":38,"column":20}},"type":"default-arg","locations":[{"start":{"line":38,"column":11},"end":{"line":38,"column":20}}]},"2":{"loc":{"start":{"line":39,"column":2},"end":{"line":39,"column":19}},"type":"default-arg","locations":[{"start":{"line":39,"column":14},"end":{"line":39,"column":19}}]},"3":{"loc":{"start":{"line":45,"column":4},"end":{"line":52,"column":null}},"type":"if","locations":[{"start":{"line":45,"column":4},"end":{"line":52,"column":null}}]},"4":{"loc":{"start":{"line":74,"column":12},"end":{"line":74,"column":46}},"type":"cond-expr","locations":[{"start":{"line":74,"column":24},"end":{"line":74,"column":41}},{"start":{"line":74,"column":44},"end":{"line":74,"column":46}}]},"5":{"loc":{"start":{"line":75,"column":12},"end":{"line":75,"column":153}},"type":"cond-expr","locations":[{"start":{"line":75,"column":33},"end":{"line":75,"column":63}},{"start":{"line":75,"column":66},"end":{"line":75,"column":153}}]},"6":{"loc":{"start":{"line":75,"column":66},"end":{"line":75,"column":153}},"type":"cond-expr","locations":[{"start":{"line":75,"column":89},"end":{"line":75,"column":123}},{"start":{"line":75,"column":126},"end":{"line":75,"column":153}}]},"7":{"loc":{"start":{"line":83,"column":21},"end":{"line":83,"column":48}},"type":"binary-expr","locations":[{"start":{"line":83,"column":21},"end":{"line":83,"column":38}},{"start":{"line":83,"column":42},"end":{"line":83,"column":48}}]}},"s":{"0":2,"1":2,"2":2,"3":19,"4":3,"5":2,"6":14,"7":2,"8":19,"9":19,"10":19,"11":3,"12":3,"13":3,"14":3,"15":3,"16":3,"17":19,"18":60,"19":2},"f":{"0":19,"1":19,"2":19,"3":3,"4":3,"5":60},"b":{"0":[3,2,14],"1":[13],"2":[15],"3":[3],"4":[3,16],"5":[2,17],"6":[3,14],"7":[60,0]}}
,"C:\\Users\\nickg\\OneDrive\\Documents\\GitHub\\Project 3\\src\\generatePuzzle.ts": {"path":"C:\\Users\\nickg\\OneDrive\\Documents\\GitHub\\Project 3\\src\\generatePuzzle.ts","statementMap":{"0":{"start":{"line":1,"column":0},"end":{"line":1,"column":36}},"1":{"start":{"line":2,"column":0},"end":{"line":2,"column":65}},"2":{"start":{"line":3,"column":0},"end":{"line":3,"column":48}},"3":{"start":{"line":19,"column":28},"end":{"line":122,"column":2}},"4":{"start":{"line":127,"column":2},"end":{"line":134,"column":null}},"5":{"start":{"line":129,"column":6},"end":{"line":129,"column":15}},"6":{"start":{"line":131,"column":6},"end":{"line":131,"column":15}},"7":{"start":{"line":133,"column":6},"end":{"line":133,"column":15}},"8":{"start":{"line":143,"column":2},"end":{"line":156,"column":null}},"9":{"start":{"line":143,"column":21},"end":{"line":143,"column":22}},"10":{"start":{"line":144,"column":21},"end":{"line":144,"column":53}},"11":{"start":{"line":145,"column":19},"end":{"line":145,"column":51}},"12":{"start":{"line":147,"column":4},"end":{"line":147,"column":38}},"13":{"start":{"line":147,"column":29},"end":{"line":147,"column":38}},"14":{"start":{"line":149,"column":18},"end":{"line":149,"column":33}},"15":{"start":{"line":150,"column":16},"end":{"line":150,"column":29}},"16":{"start":{"line":152,"column":17},"end":{"line":152,"column":41}},"17":{"start":{"line":153,"column":4},"end":{"line":155,"column":null}},"18":{"start":{"line":154,"column":6},"end":{"line":154,"column":18}},"19":{"start":{"line":158,"column":2},"end":{"line":158,"column":14}},"20":{"start":{"line":162,"column":2},"end":{"line":162,"column":34}},"21":{"start":{"line":162,"column":24},"end":{"line":162,"column":34}},"22":{"start":{"line":164,"column":20},"end":{"line":164,"column":48}},"23":{"start":{"line":165,"column":20},"end":{"line":165,"column":55}},"24":{"start":{"line":167,"column":2},"end":{"line":167,"column":33}},"25":{"start":{"line":167,"column":23},"end":{"line":167,"column":33}},"26":{"start":{"line":170,"column":27},"end":{"line":170,"column":83}},"27":{"start":{"line":170,"column":77},"end":{"line":170,"column":82}},"28":{"start":{"line":171,"column":34},"end":{"line":171,"column":36}},"29":{"start":{"line":173,"column":2},"end":{"line":177,"column":null}},"30":{"start":{"line":173,"column":15},"end":{"line":173,"column":16}},"31":{"start":{"line":174,"column":20},"end":{"line":174,"column":63}},"32":{"start":{"line":175,"column":4},"end":{"line":175,"column":50}},"33":{"start":{"line":176,"column":4},"end":{"line":176,"column":40}},"34":{"start":{"line":179,"column":2},"end":{"line":179,"column":45}},"35":{"start":{"line":179,"column":38},"end":{"line":179,"column":43}},"36":{"start":{"line":187,"column":21},"end":{"line":187,"column":66}},"37":{"start":{"line":188,"column":14},"end":{"line":188,"column":36}},"38":{"start":{"line":190,"column":16},"end":{"line":190,"column":44}},"39":{"start":{"line":191,"column":23},"end":{"line":191,"column":54}},"40":{"start":{"line":193,"column":16},"end":{"line":193,"column":57}},"41":{"start":{"line":195,"column":2},"end":{"line":199,"column":null}},"42":{"start":{"line":196,"column":4},"end":{"line":198,"column":6}},"43":{"start":{"line":202,"column":21},"end":{"line":202,"column":68}},"44":{"start":{"line":203,"column":2},"end":{"line":207,"column":null}},"45":{"start":{"line":204,"column":4},"end":{"line":206,"column":6}},"46":{"start":{"line":210,"column":2},"end":{"line":212,"column":null}},"47":{"start":{"line":211,"column":4},"end":{"line":211,"column":81}},"48":{"start":{"line":214,"column":24},"end":{"line":214,"column":60}},"49":{"start":{"line":217,"column":27},"end":{"line":221,"column":54}},"50":{"start":{"line":221,"column":19},"end":{"line":221,"column":53}},"51":{"start":{"line":223,"column":2},"end":{"line":231,"column":4}},"52":{"start":{"line":182,"column":0},"end":{"line":182,"column":16}},"53":{"start":{"line":238,"column":2},"end":{"line":238,"column":75}},"54":{"start":{"line":234,"column":0},"end":{"line":234,"column":16}},"55":{"start":{"line":247,"column":19},"end":{"line":247,"column":59}},"56":{"start":{"line":249,"column":37},"end":{"line":249,"column":63}},"57":{"start":{"line":250,"column":23},"end":{"line":250,"column":55}},"58":{"start":{"line":253,"column":2},"end":{"line":260,"column":null}},"59":{"start":{"line":253,"column":21},"end":{"line":253,"column":22}},"60":{"start":{"line":254,"column":4},"end":{"line":259,"column":null}},"61":{"start":{"line":255,"column":26},"end":{"line":255,"column":57}},"62":{"start":{"line":256,"column":6},"end":{"line":256,"column":65}},"63":{"start":{"line":263,"column":2},"end":{"line":272,"column":null}},"64":{"start":{"line":263,"column":21},"end":{"line":263,"column":37}},"65":{"start":{"line":264,"column":4},"end":{"line":271,"column":null}},"66":{"start":{"line":264,"column":23},"end":{"line":264,"column":24}},"67":{"start":{"line":265,"column":6},"end":{"line":270,"column":null}},"68":{"start":{"line":266,"column":28},"end":{"line":266,"column":78}},"69":{"start":{"line":267,"column":8},"end":{"line":267,"column":78}},"70":{"start":{"line":275,"column":2},"end":{"line":287,"column":null}},"71":{"start":{"line":276,"column":27},"end":{"line":276,"column":41}},"72":{"start":{"line":277,"column":4},"end":{"line":286,"column":null}},"73":{"start":{"line":277,"column":23},"end":{"line":277,"column":35}},"74":{"start":{"line":278,"column":6},"end":{"line":285,"column":null}},"75":{"start":{"line":278,"column":25},"end":{"line":278,"column":26}},"76":{"start":{"line":279,"column":8},"end":{"line":284,"column":null}},"77":{"start":{"line":280,"column":30},"end":{"line":280,"column":85}},"78":{"start":{"line":281,"column":10},"end":{"line":281,"column":83}},"79":{"start":{"line":290,"column":2},"end":{"line":290,"column":14}},"80":{"start":{"line":241,"column":0},"end":{"line":241,"column":16}}},"fnMap":{"0":{"name":"getTargetPathLength","decl":{"start":{"line":126,"column":9},"end":{"line":126,"column":28}},"loc":{"start":{"line":126,"column":51},"end":{"line":135,"column":1}}},"1":{"name":"findPuzzleChain","decl":{"start":{"line":137,"column":9},"end":{"line":137,"column":24}},"loc":{"start":{"line":141,"column":29},"end":{"line":159,"column":1}}},"2":{"name":"pickLockedIndices","decl":{"start":{"line":161,"column":9},"end":{"line":161,"column":26}},"loc":{"start":{"line":161,"column":65},"end":{"line":180,"column":1}}},"3":{"name":"(anonymous_4)","decl":{"start":{"line":170,"column":67},"end":{"line":170,"column":68}},"loc":{"start":{"line":170,"column":77},"end":{"line":170,"column":82}}},"4":{"name":"(anonymous_5)","decl":{"start":{"line":179,"column":28},"end":{"line":179,"column":29}},"loc":{"start":{"line":179,"column":38},"end":{"line":179,"column":43}}},"5":{"name":"generatePuzzle","decl":{"start":{"line":182,"column":16},"end":{"line":182,"column":30}},"loc":{"start":{"line":185,"column":15},"end":{"line":232,"column":1}}},"6":{"name":"(anonymous_7)","decl":{"start":{"line":221,"column":11},"end":{"line":221,"column":15}},"loc":{"start":{"line":221,"column":19},"end":{"line":221,"column":53}}},"7":{"name":"getDailyPuzzle","decl":{"start":{"line":234,"column":16},"end":{"line":234,"column":30}},"loc":{"start":{"line":236,"column":24},"end":{"line":239,"column":1}}},"8":{"name":"generatePuzzleWithRetry","decl":{"start":{"line":241,"column":16},"end":{"line":241,"column":39}},"loc":{"start":{"line":245,"column":24},"end":{"line":291,"column":1}}}},"branchMap":{"0":{"loc":{"start":{"line":127,"column":2},"end":{"line":134,"column":null}},"type":"switch","locations":[{"start":{"line":128,"column":4},"end":{"line":129,"column":15}},{"start":{"line":130,"column":4},"end":{"line":131,"column":15}},{"start":{"line":132,"column":4},"end":{"line":133,"column":15}}]},"1":{"loc":{"start":{"line":141,"column":2},"end":{"line":141,"column":29}},"type":"default-arg","locations":[{"start":{"line":141,"column":24},"end":{"line":141,"column":29}}]},"2":{"loc":{"start":{"line":147,"column":4},"end":{"line":147,"column":38}},"type":"if","locations":[{"start":{"line":147,"column":4},"end":{"line":147,"column":38}}]},"3":{"loc":{"start":{"line":153,"column":4},"end":{"line":155,"column":null}},"type":"if","locations":[{"start":{"line":153,"column":4},"end":{"line":155,"column":null}}]},"4":{"loc":{"start":{"line":153,"column":8},"end":{"line":153,"column":44}},"type":"binary-expr","locations":[{"start":{"line":153,"column":8},"end":{"line":153,"column":12}},{"start":{"line":153,"column":16},"end":{"line":153,"column":44}}]},"5":{"loc":{"start":{"line":162,"column":2},"end":{"line":162,"column":34}},"type":"if","locations":[{"start":{"line":162,"column":2},"end":{"line":162,"column":34}}]},"6":{"loc":{"start":{"line":167,"column":2},"end":{"line":167,"column":33}},"type":"if","locations":[{"start":{"line":167,"column":2},"end":{"line":167,"column":33}}]},"7":{"loc":{"start":{"line":187,"column":21},"end":{"line":187,"column":66}},"type":"binary-expr","locations":[{"start":{"line":187,"column":21},"end":{"line":187,"column":25}},{"start":{"line":187,"column":29},"end":{"line":187,"column":66}}]},"8":{"loc":{"start":{"line":195,"column":2},"end":{"line":199,"column":null}},"type":"if","locations":[{"start":{"line":195,"column":2},"end":{"line":199,"column":null}}]},"9":{"loc":{"start":{"line":203,"column":2},"end":{"line":207,"column":null}},"type":"if","locations":[{"start":{"line":203,"column":2},"end":{"line":207,"column":null}}]},"10":{"loc":{"start":{"line":203,"column":6},"end":{"line":203,"column":55}},"type":"binary-expr","locations":[{"start":{"line":203,"column":6},"end":{"line":203,"column":17}},{"start":{"line":203,"column":21},"end":{"line":203,"column":55}}]},"11":{"loc":{"start":{"line":205,"column":97},"end":{"line":205,"column":125}},"type":"binary-expr","locations":[{"start":{"line":205,"column":97},"end":{"line":205,"column":115}},{"start":{"line":205,"column":119},"end":{"line":205,"column":125}}]},"12":{"loc":{"start":{"line":210,"column":2},"end":{"line":212,"column":null}},"type":"if","locations":[{"start":{"line":210,"column":2},"end":{"line":212,"column":null}}]},"13":{"loc":{"start":{"line":230,"column":22},"end":{"line":230,"column":80}},"type":"cond-expr","locations":[{"start":{"line":230,"column":52},"end":{"line":230,"column":68}},{"start":{"line":230,"column":71},"end":{"line":230,"column":80}}]},"14":{"loc":{"start":{"line":245,"column":2},"end":{"line":245,"column":24}},"type":"default-arg","locations":[{"start":{"line":245,"column":23},"end":{"line":245,"column":24}}]},"15":{"loc":{"start":{"line":247,"column":19},"end":{"line":247,"column":59}},"type":"binary-expr","locations":[{"start":{"line":247,"column":19},"end":{"line":247,"column":23}},{"start":{"line":247,"column":27},"end":{"line":247,"column":59}}]},"16":{"loc":{"start":{"line":275,"column":2},"end":{"line":287,"column":null}},"type":"if","locations":[{"start":{"line":275,"column":2},"end":{"line":287,"column":null}}]}},"s":{"0":6,"1":6,"2":6,"3":6,"4":323,"5":137,"6":92,"7":94,"8":323,"9":323,"10":811303,"11":811303,"12":811303,"13":3197,"14":808106,"15":808106,"16":808106,"17":808106,"18":307,"19":16,"20":307,"21":0,"22":307,"23":307,"24":307,"25":97,"26":210,"27":802,"28":210,"29":210,"30":210,"31":309,"32":309,"33":309,"34":210,"35":99,"36":323,"37":323,"38":323,"39":323,"40":323,"41":323,"42":16,"43":307,"44":307,"45":0,"46":307,"47":0,"48":307,"49":307,"50":638,"51":307,"52":6,"53":8,"54":6,"55":5,"56":5,"57":5,"58":5,"59":5,"60":11,"61":11,"62":11,"63":3,"64":3,"65":1,"66":1,"67":3,"68":3,"69":3,"70":3,"71":3,"72":3,"73":3,"74":3,"75":3,"76":5,"77":5,"78":5,"79":1,"80":6},"f":{"0":323,"1":323,"2":307,"3":802,"4":99,"5":323,"6":638,"7":8,"8":5},"b":{"0":[137,92,94],"1":[323],"2":[3197],"3":[307],"4":[808106,4885],"5":[0],"6":[97],"7":[323,69],"8":[16],"9":[0],"10":[307,307],"11":[0,0],"12":[0],"13":[146,161],"14":[5],"15":[5,0],"16":[3]}}
,"C:\\Users\\nickg\\OneDrive\\Documents\\GitHub\\Project 3\\src\\index.tsx": {"path":"C:\\Users\\nickg\\OneDrive\\Documents\\GitHub\\Project 3\\src\\index.tsx","statementMap":{"0":{"start":{"line":1,"column":0},"end":{"line":1,"column":26}},"1":{"start":{"line":2,"column":0},"end":{"line":2,"column":40}},"2":{"start":{"line":3,"column":0},"end":{"line":3,"column":21}},"3":{"start":{"line":4,"column":0},"end":{"line":4,"column":28}},"4":{"start":{"line":5,"column":0},"end":{"line":5,"column":52}},"5":{"start":{"line":8,"column":14},"end":{"line":8,"column":25}},"6":{"start":{"line":9,"column":0},"end":{"line":9,"column":18}},"7":{"start":{"line":12,"column":0},"end":{"line":19,"column":null}},"8":{"start":{"line":13,"column":2},"end":{"line":18,"column":5}},"9":{"start":{"line":14,"column":25},"end":{"line":14,"column":36}},"10":{"start":{"line":15,"column":4},"end":{"line":17,"column":null}},"11":{"start":{"line":16,"column":6},"end":{"line":16,"column":27}},"12":{"start":{"line":21,"column":13},"end":{"line":21,"column":66}},"13":{"start":{"line":22,"column":0},"end":{"line":22,"column":21}}},"fnMap":{"0":{"name":"(anonymous_1)","decl":{"start":{"line":13,"column":79},"end":{"line":13,"column":82}},"loc":{"start":{"line":13,"column":84},"end":{"line":18,"column":3}}}},"branchMap":{"0":{"loc":{"start":{"line":12,"column":0},"end":{"line":19,"column":null}},"type":"if","locations":[{"start":{"line":12,"column":0},"end":{"line":19,"column":null}}]},"1":{"loc":{"start":{"line":15,"column":4},"end":{"line":17,"column":null}},"type":"if","locations":[{"start":{"line":15,"column":4},"end":{"line":17,"column":null}}]}},"s":{"0":0,"1":0,"2":0,"3":0,"4":0,"5":0,"6":0,"7":0,"8":0,"9":0,"10":0,"11":0,"12":0,"13":0},"f":{"0":0},"b":{"0":[0],"1":[0]}}
,"C:\\Users\\nickg\\OneDrive\\Documents\\GitHub\\Project 3\\src\\useGameState.ts": {"path":"C:\\Users\\nickg\\OneDrive\\Documents\\GitHub\\Project 3\\src\\useGameState.ts","statementMap":{"0":{"start":{"line":1,"column":0},"end":{"line":1,"column":76}},"1":{"start":{"line":4,"column":0},"end":{"line":4,"column":40}},"2":{"start":{"line":33,"column":2},"end":{"line":33,"column":53}},"3":{"start":{"line":33,"column":37},"end":{"line":33,"column":53}},"4":{"start":{"line":34,"column":14},"end":{"line":34,"column":15}},"5":{"start":{"line":35,"column":2},"end":{"line":37,"column":null}},"6":{"start":{"line":35,"column":15},"end":{"line":35,"column":16}},"7":{"start":{"line":36,"column":4},"end":{"line":36,"column":39}},"8":{"start":{"line":36,"column":31},"end":{"line":36,"column":39}},"9":{"start":{"line":38,"column":2},"end":{"line":38,"column":15}},"10":{"start":{"line":42,"column":2},"end":{"line":156,"column":null}},"11":{"start":{"line":44,"column":6},"end":{"line":46,"column":null}},"12":{"start":{"line":45,"column":8},"end":{"line":45,"column":21}},"13":{"start":{"line":47,"column":6},"end":{"line":51,"column":8}},"14":{"start":{"line":55,"column":6},"end":{"line":55,"column":56}},"15":{"start":{"line":55,"column":43},"end":{"line":55,"column":56}},"16":{"start":{"line":56,"column":6},"end":{"line":60,"column":8}},"17":{"start":{"line":64,"column":6},"end":{"line":64,"column":50}},"18":{"start":{"line":64,"column":37},"end":{"line":64,"column":50}},"19":{"start":{"line":66,"column":6},"end":{"line":85,"column":null}},"20":{"start":{"line":67,"column":8},"end":{"line":74,"column":10}},"21":{"start":{"line":76,"column":25},"end":{"line":76,"column":40}},"22":{"start":{"line":77,"column":8},"end":{"line":84,"column":10}},"23":{"start":{"line":89,"column":6},"end":{"line":89,"column":50}},"24":{"start":{"line":89,"column":37},"end":{"line":89,"column":50}},"25":{"start":{"line":90,"column":6},"end":{"line":94,"column":8}},"26":{"start":{"line":98,"column":6},"end":{"line":98,"column":50}},"27":{"start":{"line":98,"column":37},"end":{"line":98,"column":50}},"28":{"start":{"line":99,"column":6},"end":{"line":103,"column":8}},"29":{"start":{"line":107,"column":6},"end":{"line":110,"column":8}},"30":{"start":{"line":114,"column":6},"end":{"line":114,"column":50}},"31":{"start":{"line":114,"column":37},"end":{"line":114,"column":50}},"32":{"start":{"line":115,"column":6},"end":{"line":123,"column":8}},"33":{"start":{"line":127,"column":6},"end":{"line":130,"column":8}},"34":{"start":{"line":134,"column":6},"end":{"line":137,"column":8}},"35":{"start":{"line":141,"column":6},"end":{"line":151,"column":8}},"36":{"start":{"line":155,"column":6},"end":{"line":155,"column":19}},"37":{"start":{"line":160,"column":34},"end":{"line":170,"column":4}},"38":{"start":{"line":172,"column":28},"end":{"line":172,"column":65}},"39":{"start":{"line":173,"column":24},"end":{"line":173,"column":52}},"40":{"start":{"line":175,"column":2},"end":{"line":180,"column":15}},"41":{"start":{"line":176,"column":4},"end":{"line":179,"column":null}},"42":{"start":{"line":177,"column":6},"end":{"line":177,"column":43}},"43":{"start":{"line":178,"column":6},"end":{"line":178,"column":47}},"44":{"start":{"line":182,"column":22},"end":{"line":184,"column":8}},"45":{"start":{"line":183,"column":4},"end":{"line":183,"column":47}},"46":{"start":{"line":186,"column":23},"end":{"line":188,"column":8}},"47":{"start":{"line":187,"column":4},"end":{"line":187,"column":40}},"48":{"start":{"line":190,"column":21},"end":{"line":220,"column":21}},"49":{"start":{"line":191,"column":17},"end":{"line":191,"column":44}},"50":{"start":{"line":193,"column":4},"end":{"line":196,"column":null}},"51":{"start":{"line":194,"column":6},"end":{"line":194,"column":56}},"52":{"start":{"line":195,"column":6},"end":{"line":195,"column":13}},"53":{"start":{"line":198,"column":4},"end":{"line":201,"column":null}},"54":{"start":{"line":199,"column":6},"end":{"line":199,"column":56}},"55":{"start":{"line":200,"column":6},"end":{"line":200,"column":13}},"56":{"start":{"line":203,"column":25},"end":{"line":203,"column":73}},"57":{"start":{"line":204,"column":4},"end":{"line":207,"column":null}},"58":{"start":{"line":205,"column":6},"end":{"line":205,"column":56}},"59":{"start":{"line":206,"column":6},"end":{"line":206,"column":13}},"60":{"start":{"line":209,"column":24},"end":{"line":209,"column":60}},"61":{"start":{"line":210,"column":4},"end":{"line":213,"column":null}},"62":{"start":{"line":211,"column":6},"end":{"line":211,"column":56}},"63":{"start":{"line":212,"column":6},"end":{"line":212,"column":13}},"64":{"start":{"line":215,"column":4},"end":{"line":215,"column":53}},"65":{"start":{"line":217,"column":4},"end":{"line":219,"column":null}},"66":{"start":{"line":218,"column":6},"end":{"line":218,"column":37}},"67":{"start":{"line":222,"column":20},"end":{"line":224,"column":8}},"68":{"start":{"line":223,"column":4},"end":{"line":223,"column":44}},"69":{"start":{"line":226,"column":22},"end":{"line":228,"column":8}},"70":{"start":{"line":227,"column":4},"end":{"line":227,"column":45}},"71":{"start":{"line":230,"column":20},"end":{"line":232,"column":8}},"72":{"start":{"line":231,"column":4},"end":{"line":231,"column":37}},"73":{"start":{"line":234,"column":19},"end":{"line":237,"column":28}},"74":{"start":{"line":235,"column":4},"end":{"line":235,"column":42}},"75":{"start":{"line":235,"column":35},"end":{"line":235,"column":42}},"76":{"start":{"line":236,"column":4},"end":{"line":236,"column":36}},"77":{"start":{"line":239,"column":2},"end":{"line":248,"column":4}},"78":{"start":{"line":159,"column":0},"end":{"line":159,"column":16}}},"fnMap":{"0":{"name":"countDifferences","decl":{"start":{"line":32,"column":9},"end":{"line":32,"column":25}},"loc":{"start":{"line":32,"column":54},"end":{"line":39,"column":1}}},"1":{
[...]
d":{"line":67,"column":74}}]},"8":{"loc":{"start":{"line":95,"column":4},"end":{"line":97,"column":null}},"type":"if","locations":[{"start":{"line":95,"column":4},"end":{"line":97,"column":null}}]},"9":{"loc":{"start":{"line":103,"column":4},"end":{"line":105,"column":null}},"type":"if","locations":[{"start":{"line":103,"column":4},"end":{"line":105,"column":null}}]},"10":{"loc":{"start":{"line":119,"column":4},"end":{"line":121,"column":null}},"type":"if","locations":[{"start":{"line":119,"column":4},"end":{"line":121,"column":null}}]},"11":{"loc":{"start":{"line":133,"column":20},"end":{"line":133,"column":64}},"type":"binary-expr","locations":[{"start":{"line":133,"column":20},"end":{"line":133,"column":35}},{"start":{"line":133,"column":39},"end":{"line":133,"column":64}}]},"12":{"loc":{"start":{"line":134,"column":4},"end":{"line":136,"column":null}},"type":"if","locations":[{"start":{"line":134,"column":4},"end":{"line":136,"column":null}}]},"13":{"loc":{"start":{"line":226,"column":4},"end":{"line":228,"column":null}},"type":"if","locations":[{"start":{"line":226,"column":4},"end":{"line":228,"column":null}}]},"14":{"loc":{"start":{"line":226,"column":8},"end":{"line":226,"column":42}},"type":"binary-expr","locations":[{"start":{"line":226,"column":8},"end":{"line":226,"column":18}},{"start":{"line":226,"column":22},"end":{"line":226,"column":42}}]},"15":{"loc":{"start":{"line":249,"column":17},"end":{"line":249,"column":43}},"type":"binary-expr","locations":[{"start":{"line":249,"column":17},"end":{"line":249,"column":38}},{"start":{"line":249,"column":42},"end":{"line":249,"column":43}}]},"16":{"loc":{"start":{"line":251,"column":23},"end":{"line":251,"column":50}},"type":"binary-expr","locations":[{"start":{"line":251,"column":23},"end":{"line":251,"column":45}},{"start":{"line":251,"column":49},"end":{"line":251,"column":50}}]}},"s":{"0":6,"1":6,"2":6,"3":6,"4":57,"5":57,"6":57,"7":57,"8":57,"9":57,"10":57,"11":241,"12":241,"13":0,"14":241,"15":241,"16":241,"17":241,"18":241,"19":241,"20":241,"21":100,"22":241,"23":100,"24":141,"25":10,"26":10,"27":9,"28":9,"29":9,"30":241,"31":241,"32":241,"33":241,"34":12,"35":12,"36":12,"37":12,"38":12,"39":12,"40":0,"41":12,"42":1,"43":63,"44":63,"45":0,"46":63,"47":33,"48":33,"49":0,"50":33,"51":33,"52":33,"53":0,"54":71,"55":71,"56":71,"57":6,"58":0,"59":241,"60":241,"61":241,"62":215,"63":26,"64":26,"65":26,"66":26,"67":26,"68":78,"69":78,"70":57,"71":78,"72":26,"73":0,"74":6},"f":{"0":57,"1":57,"2":241,"3":12,"4":1,"5":63,"6":33,"7":0,"8":0,"9":71,"10":6,"11":0,"12":241,"13":26,"14":26,"15":78,"16":57,"17":78,"18":0},"b":{"0":[0],"1":[241],"2":[100],"3":[100,141],"4":[10],"5":[9],"6":[9],"7":[9,7],"8":[12],"9":[0],"10":[0],"11":[33,1],"12":[0],"13":[215],"14":[241,26],"15":[78,27],"16":[78,27]}}
,"C:\\Users\\nickg\\OneDrive\\Documents\\GitHub\\Project 3\\src\\pages\\ComponentsPreview.tsx": {"path":"C:\\Users\\nickg\\OneDrive\\Documents\\GitHub\\Project 3\\src\\pages\\ComponentsPreview.tsx","statementMap":{"0":{"start":{"line":1,"column":0},"end":{"line":1,"column":40}},"1":{"start":{"line":2,"column":0},"end":{"line":2,"column":50}},"2":{"start":{"line":3,"column":0},"end":{"line":3,"column":54}},"3":{"start":{"line":5,"column":43},"end":{"line":75,"column":1}},"4":{"start":{"line":6,"column":34},"end":{"line":6,"column":49}},"5":{"start":{"line":8,"column":2},"end":{"line":14,"column":17}},"6":{"start":{"line":9,"column":4},"end":{"line":13,"column":null}},"7":{"start":{"line":10,"column":6},"end":{"line":10,"column":53}},"8":{"start":{"line":12,"column":6},"end":{"line":12,"column":56}},"9":{"start":{"line":16,"column":2},"end":{"line":74,"column":4}},"10":{"start":{"line":23,"column":29},"end":{"line":23,"column":51}},"11":{"start":{"line":5,"column":13},"end":{"line":5,"column":43}}},"fnMap":{"0":{"name":"(anonymous_6)","decl":{"start":{"line":5,"column":43},"end":{"line":5,"column":46}},"loc":{"start":{"line":5,"column":48},"end":{"line":75,"column":1}}},"1":{"name":"(anonymous_7)","decl":{"start":{"line":8,"column":18},"end":{"line":8,"column":21}},"loc":{"start":{"line":8,"column":23},"end":{"line":14,"column":3}}},"2":{"name":"(anonymous_8)","decl":{"start":{"line":23,"column":23},"end":{"line":23,"column":26}},"loc":{"start":{"line":23,"column":29},"end":{"line":23,"column":51}}}},"branchMap":{"0":{"loc":{"start":{"line":9,"column":4},"end":{"line":13,"column":null}},"type":"if","locations":[{"start":{"line":9,"column":4},"end":{"line":13,"column":null}},{"start":{"line":11,"column":11},"end":{"line":13,"column":null}}]},"1":{"loc":{"start":{"line":17,"column":36},"end":{"line":17,"column":58}},"type":"cond-expr","locations":[{"start":{"line":17,"column":47},"end":{"line":17,"column":53}},{"start":{"line":17,"column":56},"end":{"line":17,"column":58}}]},"2":{"loc":{"start":{"line":26,"column":15},"end":{"line":26,"column":48}},"type":"cond-expr","locations":[{"start":{"line":26,"column":26},"end":{"line":26,"column":36}},{"start":{"line":26,"column":39},"end":{"line":26,"column":48}}]}},"s":{"0":0,"1":0,"2":0,"3":0,"4":0,"5":0,"6":0,"7":0,"8":0,"9":0,"10":0,"11":0},"f":{"0":0,"1":0,"2":0},"b":{"0":[0,0],"1":[0,0],"2":[0,0]}}
,"C:\\Users\\nickg\\OneDrive\\Documents\\GitHub\\Project 3\\src\\pages\\HomePage.tsx": {"path":"C:\\Users\\nickg\\OneDrive\\Documents\\GitHub\\Project 3\\src\\pages\\HomePage.tsx","statementMap":{"0":{"start":{"line":1,"column":0},"end":{"line":1,"column":41}},"1":{"start":{"line":2,"column":0},"end":{"line":2,"column":40}},"2":{"start":{"line":3,"column":0},"end":{"line":3,"column":50}},"3":{"start":{"line":4,"column":0},"end":{"line":4,"column":64}},"4":{"start":{"line":5,"column":0},"end":{"line":5,"column":54}},"5":{"start":{"line":12,"column":22},"end":{"line":12,"column":42}},"6":{"start":{"line":13,"column":15},"end":{"line":13,"column":48}},"7":{"start":{"line":15,"column":2},"end":{"line":20,"column":null}},"8":{"start":{"line":17,"column":4},"end":{"line":18,"column":57}},"9":{"start":{"line":19,"column":4},"end":{"line":19,"column":46}},"10":{"start":{"line":22,"column":2},"end":{"line":22,"column":16}},"11":{"start":{"line":25,"column":34},"end":{"line":144,"column":1}},"12":{"start":{"line":26,"column":2},"end":{"line":28,"column":9}},"13":{"start":{"line":27,"column":4},"end":{"line":27,"column":35}},"14":{"start":{"line":30,"column":24},"end":{"line":30,"column":35}},"15":{"start":{"line":32,"column":2},"end":{"line":143,"column":4}},"16":{"start":{"line":25,"column":13},"end":{"line":25,"column":34}}},"fnMap":{"0":{"name":"getUserId","decl":{"start":{"line":11,"column":9},"end":{"line":11,"column":18}},"loc":{"start":{"line":11,"column":18},"end":{"line":23,"column":1}}},"1":{"name":"(anonymous_7)","decl":{"start":{"line":25,"column":34},"end":{"line":25,"column":37}},"loc":{"start":{"line":25,"column":39},"end":{"line":144,"column":1}}},"2":{"name":"(anonymous_8)","decl":{"start":{"line":26,"column":12},"end":{"line":26,"column":15}},"loc":{"start":{"line":26,"column":17},"end":{"line":28,"column":3}}}},"branchMap":{"0":{"loc":{"start":{"line":15,"column":2},"end":{"line":20,"column":null}},"type":"if","locations":[{"start":{"line":15,"column":2},"end":{"line":20,"column":null}}]}},"s":{"0":0,"1":0,"2":0,"3":0,"4":0,"5":0,"6":0,"7":0,"8":0,"9":0,"10":0,"11":0,"12":0,"13":0,"14":0,"15":0,"16":0},"f":{"0":0,"1":0,"2":0},"b":{"0":[0]}}
,"C:\\Users\\nickg\\OneDrive\\Documents\\GitHub\\Project 3\\src\\pages\\SettingsPage.tsx": {"path":"C:\\Users\\nickg\\OneDrive\\Documents\\GitHub\\Project 3\\src\\pages\\SettingsPage.tsx","statementMap":{"0":{"start":{"line":1,"column":0},"end":{"line":1,"column":64}},"1":{"start":{"line":2,"column":0},"end":{"line":2,"column":40}},"2":{"start":{"line":3,"column":0},"end":{"line":3,"column":71}},"3":{"start":{"line":7,"column":23},"end":{"line":7,"column":46}},"4":{"start":{"line":10,"column":2},"end":{"line":17,"column":null}},"5":{"start":{"line":11,"column":19},"end":{"line":11,"column":55}},"6":{"start":{"line":12,"column":4},"end":{"line":14,"column":null}},"7":{"start":{"line":13,"column":6},"end":{"line":13,"column":20}},"8":{"start":{"line":18,"column":2},"end":{"line":18,"column":18}},"9":{"start":{"line":22,"column":2},"end":{"line":26,"column":null}},"10":{"start":{"line":23,"column":4},"end":{"line":23,"column":53}},"11":{"start":{"line":34,"column":22},"end":{"line":34,"column":42}},"12":{"start":{"line":35,"column":15},"end":{"line":35,"column":48}},"13":{"start":{"line":37,"column":2},"end":{"line":42,"column":null}},"14":{"start":{"line":39,"column":4},"end":{"line":40,"column":57}},"15":{"start":{"line":41,"column":4},"end":{"line":41,"column":46}},"16":{"start":{"line":44,"column":2},"end":{"line":44,"column":16}},"17":{"start":{"line":47,"column":38},"end":{"line":179,"column":1}},"18":{"start":{"line":48,"column":28},"end":{"line":48,"column":56}},"19":{"start":{"line":49,"column":38},"end":{"line":49,"column":76}},"20":{"start":{"line":50,"column":24},"end":{"line":50,"column":35}},"21":{"start":{"line":52,"column":2},"end":{"line":54,"column":9}},"22":{"start":{"line":53,"column":4},"end":{"line":53,"column":46}},"23":{"start":{"line":56,"column":28},"end":{"line":60,"column":8}},"24":{"start":{"line":57,"column":4},"end":{"line":57,"column":23}},"25":{"start":{"line":58,"column":4},"end":{"line":58,"column":24}},"26":{"start":{"line":59,"column":4},"end":{"line":59,"column":25}},"27":{"start":{"line":62,"column":33},"end":{"line":65,"column":8}},"28":{"start":{"line":63,"column":4},"end":{"line":63,"column":33}},"29":{"start":{"line":64,"column":4},"end":{"line":64,"column":34}},"30":{"start":{"line":67,"column":2},"end":{"line":178,"column":4}},"31":{"start":{"line":136,"column":14},"end":{"line":147,"column":null}},"32":{"start":{"line":142,"column":35},"end":{"line":142,"column":77}},"33":{"start":{"line":160,"column":14},"end":{"line":171,"column":null}},"34":{"start":{"line":166,"column":35},"end":{"line":166,"column":87}},"35":{"start":{"line":47,"column":13},"end":{"line":47,"column":38}}},"fnMap":{"0":{"name":"loadDifficulty","decl":{"start":{"line":9,"column":9},"end":{"line":9,"column":23}},"loc":{"start":{"line":9,"column":23},"end":{"line":19,"column":1}}},"1":{"name":"saveDifficulty","decl":{"start":{"line":21,"column":9},"end":{"line":21,"column":23}},"loc":{"start":{"line":21,"column":46},"end":{"line":27,"column":1}}},"2":{"name":"getUserId","decl":{"start":{"line":33,"column":9},"end":{"line":33,"column":18}},"loc":{"start":{"line":33,"column":18},"end":{"line":45,"column":1}}},"3":{"name":"(anonymous_9)","decl":{"start":{"line":47,"column":38},"end":{"line":47,"column":41}},"loc":{"start":{"line":47,"column":43},"end":{"line":179,"column":1}}},"4":{"name":"(anonymous_10)","decl":{"start":{"line":52,"column":18},"end":{"line":52,"column":21}},"loc":{"start":{"line":52,"column":23},"end":{"line":54,"column":3}}},"5":{"name":"(anonymous_11)","decl":{"start":{"line":56,"column":40},"end":{"line":56,"column":41}},"loc":{"start":{"line":56,"column":60},"end":{"line":60,"column":3}}},"6":{"name":"(anonymous_12)","decl":{"start":{"line":62,"column":45},"end":{"line":62,"column":46}},"loc":{"start":{"line":62,"column":75},"end":{"line":65,"column":3}}},"7":{"name":"(anonymous_13)","decl":{"start":{"line":135,"column":56},"end":{"line":135,"column":57}},"loc":{"start":{"line":136,"column":14},"end":{"line":147,"column":null}}},"8":{"name":"(anonymous_14)","decl":{"start":{"line":142,"column":28},"end":{"line":142,"column":29}},"loc":{"start":{"line":142,"column":35},"end":{"line":142,"column":77}}},"9":{"name":"(anonymous_15)","decl":{"start":{"line":159,"column":55},"end":{"line":159,"column":56}},"loc":{"start":{"line":160,"column":14},"end":{"line":171,"column":null}}},"10":{"name":"(anonymous_16)","decl":{"start":{"line":166,"column":28},"end":{"line":166,"column":29}},"loc":{"start":{"line":166,"column":35},"end":{"line":166,"column":87}}}},"branchMap":{"0":{"loc":{"start":{"line":12,"column":4},"end":{"line":14,"column":null}},"type":"if","locations":[{"start":{"line":12,"column":4},"end":{"line":14,"column":null}}]},"1":{"loc":{"start":{"line":12,"column":8},"end":{"line":12,"column":69}},"type":"binary-expr","locations":[{"start":{"line":12,"column":8},"end":{"line":12,"column":25}},{"start":{"line":12,"column":29},"end":{"line":12,"column":48}},{"start":{"line":12,"column":52},"end":{"line":12,"column":69}}]},"2":{"loc":{"start":{"line":37,"column":2},"end":{"line":42,"column":null}},"type":"if","locations":[{"start":{"line":37,"column":2},"end":{"line":42,"column":null}}]},"3":{"loc":{"start":{"line":146,"column":19},"end":{"line":146,"column":115}},"type":"cond-expr","locations":[{"start":{"line":146,"column":46},"end":{"line":146,"column":54}},{"start":{"line":146,"column":57},"end":{"line":146,"column":115}}]}},"s":{"0":0,"1":0,"2":0,"3":0,"4":0,"5":0,"6":0,"7":0,"8":0,"9":0,"10":0,"11":0,"12":0,"13":0,"14":0,"15":0,"16":0,"17":0,"18":0,"19":0,"20":0,"21":0,"22":0,"23":0,"24":0,"25":0,"26":0,"27":0,"28":0,"29":0,"30":0,"31":0,"32":0,"33":0,"34":0,"35":0},"f":{"0":0,"1":0,"2":0,"3":0,"4":0,"5":0,"6":0,"7":0,"8":0,"9":0,"10":0},"b":{"0":[0],"1":[0,0,0],"2":[0],"3":[0,0]}}
,"C:\\Users\\nickg\\OneDrive\\Documents\\GitHub\\Project 3\\src\\scripts\\auditDictionary.ts": {"path":"C:\\Users\\nickg\\OneDrive\\Documents\\GitHub\\Project 3\\src\\scripts\\auditDictionary.ts","statementMap":{"0":{"start":{"line":1,"column":0},"end":{"line":1,"column":49}},"1":{"start":{"line":2,"column":0},"end":{"line":2,"column":44}},"2":{"start":{"line":5,"column":18},"end":{"line":5,"column":35}},"3":{"start":{"line":6,"column":33},"end":{"line":6,"column":35}},"4":{"start":{"line":8,"column":2},"end":{"line":29,"column":null}},"5":{"start":{"line":8,"column":15},"end":{"line":8,"column":16}},"6":{"start":{"line":9,"column":4},"end":{"line":9,"column":40}},"7":{"start":{"line":9,"column":31},"end":{"line":9,"column":40}},"8":{"start":{"line":11,"column":32},"end":{"line":11,"column":34}},"9":{"start":{"line":12,"column":18},"end":{"line":12,"column":28}},"10":{"start":{"line":13,"column":4},"end":{"line":13,"column":26}},"11":{"start":{"line":15,"column":4},"end":{"line":26,"column":null}},"12":{"start":{"line":16,"column":19},"end":{"line":16,"column":33}},"13":{"start":{"line":17,"column":18},"end":{"line":17,"column":37}},"14":{"start":{"line":18,"column":6},"end":{"line":18,"column":26}},"15":{"start":{"line":20,"column":6},"end":{"line":25,"column":null}},"16":{"start":{"line":21,"column":8},"end":{"line":24,"column":null}},"17":{"start":{"line":22,"column":10},"end":{"line":22,"column":32}},"18":{"start":{"line":23,"column":10},"end":{"line":23,"column":31}},"19":{"start":{"line":28,"column":4},"end":{"line":28,"column":31}},"20":{"start":{"line":31,"column":2},"end":{"line":31,"column":20}},"21":{"start":{"line":35,"column":2},"end":{"line":35,"column":59}},"22":{"start":{"line":37,"column":2},"end":{"line":61,"column":null}},"23":{"start":{"line":38,"column":18},"end":{"line":38,"column":42}},"24":{"start":{"line":39,"column":20},"end":{"line":39,"column":67}},"25":{"start":{"line":39,"column":38},"end":{"line":39,"column":66}},"26":{"start":{"line":40,"column":23},"end":{"line":40,"column":53}},"27":{"start":{"line":41,"column":29},"end":{"line":42,"column":null}},"28":{"start":{"line":42,"column":6},"end":{"line":42,"column":43}},"29":{"start":{"line":45,"column":25},"end":{"line":45,"column":77}},"30":{"start":{"line":45,"column":48},"end":{"line":45,"column":76}},"31":{"start":{"line":47,"column":4},"end":{"line":47,"column":45}},"32":{"start":{"line":48,"column":4},"end":{"line":48,"column":44}},"33":{"start":{"line":49,"column":4},"end":{"line":49,"column":64}},"34":{"start":{"line":50,"column":4},"end":{"line":50,"column":131}},"35":{"start":{"line":51,"column":4},"end":{"line":51,"column":62}},"36":{"start":{"line":52,"column":4},"end":{"line":54,"column":null}},"37":{"start":{"line":53,"column":6},"end":{"line":53,"column":47}},"38":{"start":{"line":55,"column":4},"end":{"line":55,"column":71}},"39":{"start":{"line":56,"column":4},"end":{"line":60,"column":null}},"40":{"start":{"line":57,"column":6},"end":{"line":59,"column":9}},"41":{"start":{"line":58,"column":8},"end":{"line":58,"column":73}},"42":{"start":{"line":58,"column":46},"end":{"line":58,"column":56}},"43":{"start":{"line":34,"column":0},"end":{"line":34,"column":16}},"44":{"start":{"line":64,"column":0},"end":{"line":66,"column":null}},"45":{"start":{"line":65,"column":2},"end":{"line":65,"column":20}}},"fnMap":{"0":{"name":"findConnectedComponents","decl":{"start":{"line":4,"column":9},"end":{"line":4,"column":32}},"loc":{"start":{"line":4,"column":48},"end":{"line":32,"column":1}}},"1":{"name":"auditDictionary","decl":{"start":{"line":34,"column":16},"end":{"line":34,"column":31}},"loc":{"start":{"line":34,"column":31},"end":{"line":62,"column":1}}},"2":{"name":"(anonymous_2)","decl":{"start":{"line":39,"column":33},"end":{"line":39,"column":34}},"loc":{"start":{"line":39,"column":38},"end":{"line":39,"column":66}}},"3":{"name":"(anonymous_3)","decl":{"start":{"line":41,"column":47},"end":{"line":41,"column":48}},"loc":{"start":{"line":42,"column":6},"end":{"line":42,"column":43}}},"4":{"name":"(anonymous_4)","decl":{"start":{"line":45,"column":43},"end":{"line":45,"column":44}},"loc":{"start":{"line":45,"column":48},"end":{"line":45,"column":76}}},"5":{"name":"(anonymous_5)","decl":{"start":{"line":57,"column":27},"end":{"line":57,"column":33}},"loc":{"start":{"line":57,"column":36},"end":{"line":59,"column":7}}},"6":{"name":"(anonymous_6)","decl":{"start":{"line":58,"column":39},"end":{"line":58,"column":42}},"loc":{"start":{"line":58,"column":46},"end":{"line":58,"column":56}}}},"branchMap":{"0":{"loc":{"start":{"line":9,"column":4},"end":{"line":9,"column":40}},"type":"if","locations":[{"start":{"line":9,"column":4},"end":{"line":9,"column":40}}]},"1":{"loc":{"start":{"line":21,"column":8},"end":{"line":24,"column":null}},"type":"if","locations":[{"start":{"line":21,"column":8},"end":{"line":24,"column":null}}]},"2":{"loc":{"start":{"line":42,"column":6},"end":{"line":42,"column":43}},"type":"cond-expr","locations":[{"start":{"line":42,"column":33},"end":{"line":42,"column":37}},{"start":{"line":42,"column":40},"end":{"line":42,"column":43}}]},"3":{"loc":{"start":{"line":45,"column":48},"end":{"line":45,"column":76}},"type":"binary-expr","locations":[{"start":{"line":45,"column":48},"end":{"line":45,"column":60}},{"start":{"line":45,"column":64},"end":{"line":45,"column":76}}]},"4":{"loc":{"start":{"line":52,"column":4},"end":{"line":54,"column":null}},"type":"if","locations":[{"start":{"line":52,"column":4},"end":{"line":54,"column":null}}]},"5":{"loc":{"start":{"line":52,"column":8},"end":{"line":52,"column":50}},"type":"binary-expr","locations":[{"start":{"line":52,"column":8},"end":{"line":52,"column":26}},{"start":{"line":52,"column":30},"end":{"line":52,"column":50}}]},"6":{"loc":{"start":{"line":56,"column":4},"end":{"line":60,"column":null}},"type":"if","locations":[{"start":{"line":56,"column":4},"end":{"line":60,"column":null}}]},"7":{"loc":{"start":{"line":56,"column":8},"end":{"line":56,"column":59}},"type":"binary-expr","locations":[{"start":{"line":56,"column":8},"end":{"line":56,"column":31}},{"start":{"line":56,"column":35},"end":{"line":56,"column":59}}]},"8":{"loc":{"start":{"line":64,"column":0},"end":{"line":66,"column":null}},"type":"if","locations":[{"start":{"line":64,"column":0},"end":{"line":66,"column":null}}]}},"s":{"0":0,"1":0,"2":0,"3":0,"4":0,"5":0,"6":0,"7":0,"8":0,"9":0,"10":0,"11":0,"12":0,"13":0,"14":0,"15":0,"16":0,"17":0,"18":0,"19":0,"20":0,"21":0,"22":0,"23":0,"24":0,"25":0,"26":0,"27":0,"28":0,"29":0,"30":0,"31":0,"32":0,"33":0,"34":0,"35":0,"36":0,"37":0,"38":0,"39":0,"40":0,"41":0,"42":0,"43":0,"44":0,"45":0},"f":{"0":0,"1":0,"2":0,"3":0,"4":0,"5":0,"6":0},"b":{"0":[0],"1":[0],"2":[0,0],"3":[0,0],"4":[0],"5":[0,0],"6":[0],"7":[0,0],"8":[0]}}
}
