{"C:\\Users\\nickg\\OneDrive\\Documents\\GitHub\\Project 3\\src\\App.tsx": {"path":"C:\\Users\\nickg\\OneDrive\\Documents\\GitHub\\Project 3\\src\\App.tsx","statementMap":{"0":{"start":{"line":1,"column":0},"end":{"line":1,"column":26}},"1":{"start":{"line":2,"column":0},"end":{"line":2,"column":74}},"2":{"start":{"line":3,"column":0},"end":{"line":3,"column":44}},"3":{"start":{"line":4,"column":0},"end":{"line":4,"column":52}},"4":{"start":{"line":5,"column":0},"end":{"line":5,"column":44}},"5":{"start":{"line":6,"column":0},"end":{"line":6,"column":62}},"6":{"start":{"line":7,"column":0},"end":{"line":7,"column":76}},"7":{"start":{"line":8,"column":0},"end":{"line":8,"column":55}},"8":{"start":{"line":9,"column":0},"end":{"line":9,"column":71}},"9":{"start":{"line":11,"column":29},"end":{"line":27,"column":1}},"10":{"start":{"line":12,"column":2},"end":{"line":26,"column":4}},"11":{"start":{"line":11,"column":13},"end":{"line":11,"column":29}}},"fnMap":{"0":{"name":"(anonymous_1)","decl":{"start":{"line":11,"column":29},"end":{"line":11,"column":32}},"loc":{"start":{"line":11,"column":34},"end":{"line":27,"column":1}}}},"branchMap":{},"s":{"0":0,"1":0,"2":0,"3":0,"4":0,"5":0,"6":0,"7":0,"8":0,"9":0,"10":0,"11":0},"f":{"0":0},"b":{}}
,"C:\\Users\\nickg\\OneDrive\\Documents\\GitHub\\Project 3\\src\\ClassicGame.tsx": {"path":"C:\\Users\\nickg\\OneDrive\\Documents\\GitHub\\Project 3\\src\\ClassicGame.tsx","statementMap":{"0":{"start":{"line":1,"column":0},"end":{"line":1,"column":59}},"1":{"start":{"line":2,"column":0},"end":{"line":2,"column":99}},"2":{"start":{"line":3,"column":0},"end":{"line":3,"column":43}},"3":{"start":{"line":4,"column":0},"end":{"line":4,"column":46}},"4":{"start":{"line":5,"column":0},"end":{"line":5,"column":55}},"5":{"start":{"line":6,"column":0},"end":{"line":6,"column":53}},"6":{"start":{"line":7,"column":0},"end":{"line":7,"column":74}},"7":{"start":{"line":8,"column":0},"end":{"line":8,"column":43}},"8":{"start":{"line":10,"column":19},"end":{"line":12,"column":2}},"9":{"start":{"line":22,"column":37},"end":{"line":591,"column":1}},"10":{"start":{"line":23,"column":34},"end":{"line":23,"column":45}},"11":{"start":{"line":24,"column":30},"end":{"line":31,"column":4}},"12":{"start":{"line":24,"column":45},"end":{"line":31,"column":4}},"13":{"start":{"line":32,"column":50},"end":{"line":32,"column":80}},"14":{"start":{"line":33,"column":15},"end":{"line":33,"column":35}},"15":{"start":{"line":34,"column":46},"end":{"line":34,"column":57}},"16":{"start":{"line":36,"column":2},"end":{"line":38,"column":9}},"17":{"start":{"line":37,"column":4},"end":{"line":37,"column":45}},"18":{"start":{"line":39,"column":38},"end":{"line":39,"column":53}},"19":{"start":{"line":40,"column":36},"end":{"line":40,"column":47}},"20":{"start":{"line":41,"column":46},"end":{"line":41,"column":61}},"21":{"start":{"line":42,"column":42},"end":{"line":42,"column":57}},"22":{"start":{"line":43,"column":44},"end":{"line":43,"column":91}},"23":{"start":{"line":45,"column":44},"end":{"line":48,"column":4}},"24":{"start":{"line":46,"column":18},"end":{"line":46,"column":60}},"25":{"start":{"line":47,"column":4},"end":{"line":47,"column":42}},"26":{"start":{"line":50,"column":34},"end":{"line":52,"column":4}},"27":{"start":{"line":51,"column":4},"end":{"line":51,"column":62}},"28":{"start":{"line":54,"column":18},"end":{"line":54,"column":30}},"29":{"start":{"line":55,"column":23},"end":{"line":55,"column":36}},"30":{"start":{"line":57,"column":40},"end":{"line":60,"column":17}},"31":{"start":{"line":62,"column":2},"end":{"line":64,"column":22}},"32":{"start":{"line":63,"column":4},"end":{"line":63,"column":78}},"33":{"start":{"line":66,"column":2},"end":{"line":73,"column":17}},"34":{"start":{"line":67,"column":4},"end":{"line":67,"column":62}},"35":{"start":{"line":68,"column":4},"end":{"line":72,"column":null}},"36":{"start":{"line":69,"column":6},"end":{"line":69,"column":53}},"37":{"start":{"line":71,"column":6},"end":{"line":71,"column":56}},"38":{"start":{"line":76,"column":2},"end":{"line":130,"column":113}},"39":{"start":{"line":77,"column":4},"end":{"line":129,"column":null}},"40":{"start":{"line":78,"column":18},"end":{"line":78,"column":29}},"41":{"start":{"line":80,"column":6},"end":{"line":118,"column":null}},"42":{"start":{"line":81,"column":27},"end":{"line":81,"column":81}},"43":{"start":{"line":82,"column":25},"end":{"line":82,"column":53}},"44":{"start":{"line":83,"column":27},"end":{"line":83,"column":30}},"45":{"start":{"line":84,"column":27},"end":{"line":84,"column":70}},"46":{"start":{"line":85,"column":31},"end":{"line":85,"column":44}},"47":{"start":{"line":86,"column":26},"end":{"line":86,"column":67}},"48":{"start":{"line":88,"column":8},"end":{"line":88,"column":54}},"49":{"start":{"line":89,"column":8},"end":{"line":89,"column":63}},"50":{"start":{"line":91,"column":40},"end":{"line":97,"column":10}},"51":{"start":{"line":93,"column":50},"end":{"line":93,"column":60}},"52":{"start":{"line":98,"column":8},"end":{"line":98,"column":55}},"53":{"start":{"line":98,"column":33},"end":{"line":98,"column":53}},"54":{"start":{"line":100,"column":8},"end":{"line":100,"column":33}},"55":{"start":{"line":101,"column":8},"end":{"line":101,"column":25}},"56":{"start":{"line":103,"column":28},"end":{"line":103,"column":30}},"57":{"start":{"line":104,"column":8},"end":{"line":104,"column":48}},"58":{"start":{"line":104,"column":41},"end":{"line":104,"column":48}},"59":{"start":{"line":105,"column":8},"end":{"line":105,"column":67}},"60":{"start":{"line":107,"column":41},"end":{"line":113,"column":10}},"61":{"start":{"line":109,"column":50},"end":{"line":109,"column":60}},"62":{"start":{"line":114,"column":8},"end":{"line":114,"column":56}},"63":{"start":{"line":114,"column":33},"end":{"line":114,"column":54}},"64":{"start":{"line":116,"column":8},"end":{"line":116,"column":34}},"65":{"start":{"line":117,"column":8},"end":{"line":117,"column":25}},"66":{"start":{"line":120,"column":24},"end":{"line":120,"column":60}},"67":{"start":{"line":121,"column":6},"end":{"line":123,"column":null}},"68":{"start":{"line":122,"column":8},"end":{"line":122,"column":29}},"69":{"start":{"line":124,"column":6},"end":{"line":124,"column":26}},"70":{"start":{"line":125,"column":6},"end":{"line":125,"column":22}},"71":{"start":{"line":126,"column":6},"end":{"line":126,"column":36}},"72":{"start":{"line":126,"column":26},"end":{"line":126,"column":34}},"73":{"start":{"line":127,"column":6},"end":{"line":127,"column":42}},"74":{"start":{"line":127,"column":32},"end":{"line":127,"column":40}},"75":{"start":{"line":128,"column":6},"end":{"line":128,"column":41}},"76":{"start":{"line":133,"column":2},"end":{"line":148,"column":52}},"77":{"start":{"line":135,"column":4},"end":{"line":138,"column":null}},"78":{"start":{"line":136,"column":6},"end":{"line":136,"column":35}},"79":{"start":{"line":137,"column":6},"end":{"line":137,"column":13}},"80":{"start":{"line":141,"column":4},"end":{"line":141,"column":37}},"81":{"start":{"line":141,"column":30},"end":{"line":141,"column":37}},"82":{"start":{"line":142,"column":4},"end":{"line":142,"column":32}},"83":{"start":{"line":146,"column":21},"end":{"line":146,"column":67}},"84":{"start":{"line":147,"column":4},"end":{"line":147,"column":64}},"85":{"start":{"line":151,"column":2},"end":{"line":159,"column":18}},"86":{"start":{"line":152,"column":4},"end":{"line":152,"column":31}},"87":{"start":{"line":152,"column":24},"end":{"line":152,"column":31}},"88":{"start":{"line":154,"column":18},"end":{"line":156,"column":12}},"89":{"start":{"line":155,"column":6},"end":{"line":155,"column":34}},"90":{"start":{"line":158,"column":4},"end":{"line":158,"column":37}},"91":{"start":{"line":158,"column":17},"end":{"line":158,"column":36}},"92":{"start":{"line":162,"column":2},"end":{"line":167,"column":37}},"93":{"start":{"line":163,"column":4},"end":{"line":166,"column":null}},"94":{"start":{"line":164,"column":6},"end":{"line":164,"column":27}},"95":{"start":{"line":165,"column":6},"end":{"line":165,"column":34}},"96":{"start":{"line":170,"column":24},"end":{"line":179,"column":3}},"97":{"start":{"line":171,"column":35},"end":{"line":171,"column":43}},"98":{"start":{"line":172,"column":22},"end":{"line":172,"column":70}},"99":{"start":{"line":173,"column":4},"end":{"line":173,"column":25}},"100":{"start":{"line":174,"column":4},"end":{"line":174,"column":36}},"101":{"start":{"line":175,"column":4},"end":{"line":175,"column":25}},"102":{"start":{"line":176,"column":4},"end":{"line":176,"column":21}},"103":{"start":{"line":177,"column":4},"end":{"line":177,"column":34}},"104":{"start":{"line":177,"column":24},"end":{"line":177,"column":32}},"105":{"start":{"line":178,"column":4},"end":{"line":178,"column":40}},"106":{"start":{"line":178,"column":30},"end":{"line":178,"column":38}},"107":{"start":{"line":182,"column":23},"end":{"line":192,"column":3}},"108":{"start":{"line":183,"column":24},"end":{"line":183,"column":82}},"109":{"start":{"line":184,"column":4},"end":{"line":184,"column":48}},"110":{"start":{"line":184,"column":36},"end":{"line":184,"column":48}},"111":{"start":{"line":185,"column":17},"end":{"line":185,"column":54}},"112":{"start":{"line":186,"column":4},"end":{"line":186,"column":46}},"113":{"start":{"line":186,"column":34},"end":{"line":186,"column":46}},"114":{"start":{"line":187,"column":21},"end":{"line":187,"column":28}},"115":{"start":{"line":188,"column":4},"end":{"line":190,"column":null}},"116":{"start":{"line":188,"column":17},"end":{"line":188,"column":18}},"117":{"start":{"line":189,"column":6},"end":{"line":189,"column":51}},"118":{"start":{"line":189,"column":42},"end":{"line":189,"column":51}},"119":{"start":{"line":191,"column":4},"end":{"line":191,"column":16}},"120":{"start":{"line":194,"column":24},"end":{"line":212,"column":3}},"121":{"start":{"line":195,"column":22},"end":{"line":195,"column":46}},"122":{"start":{"line":196,"column":4},"end":{"line":196,"column":47}},"123":{"start":{"line":196,"column":40},"end":{"line":196,"column":47}},"124":{"start":{"line":198,"column":22},"end":{"line":198,"column":36}},"125":{"start":{"line":199,"column":4},"end":{"line":199,"column":35}},"126":{"start":{"line":199,"column":28},"end":{"line":199,"column":35}},"127":{"start":{"line":201,"column":4},"end":{"line":209,"column":null}},"128":{"start":{"line":203,"column":6},"end":{"line":203,"column":30}},"129":{"start":{"line":206,"column":6},"end":{"line":208,"column":null}},"130":{"start":{"line":207,"column":8},"end":{"line":207,"column":15}},"131":{"start":{"line":211,"column":4},"end":{"line":211,"column":30}},"132":{"start":{"line":214,"column":27},"end":{"line":233,"column":3}},"133":{"start":{"line":215,"column":24},"end":{"line":215,"column":60}},"134":{"start":{"line":216,"column":4},"end":{"line":216,"column":47}},"135":{"start":{"line":216,"column":40},"end":{"line":216,"column":47}},"136":{"start":{"line":217,"column":24},"end":{"line":217,"column":82}},"137":{"start":{"line":218,"column":4},"end":{"line":218,"column":43}},"138":{"start":{"line":218,"column":36},"end":{"line":218,"column":43}},"139":{"start":{"line":219,"column":17},"end":{"line":219,"column":54}},"140":{"start":{"line":220,"column":4},"end":{"line":220,"column":41}},"141":{"start":{"line":220,"column":34},"end":{"line":220,"column":41}},"142":{"start":{"line":222,"column":4},"end":{"line":230,"column":null}},"143":{"start":{"line":224,"column":6},"end":{"line":224,"column":42}},"144":{"start":{"line":227,"column":6},"end":{"line":229,"column":null}},"145":{"start":{"line":228,"column":8},"end":{"line":228,"column":15}},"146":{"start":{"line":232,"column":4},"end":{"line":232,"column":40}},"147":{"start":{"line":235,"column":27},"end":{"line":240,"column":3}},"148":{"start":{"line":236,"column":23},"end":{"line":236,"column":42}},"149":{"start":{"line":237,"column":4},"end":{"line":239,"column":null}},"150":{"start":{"line":238,"column":6},"end":{"line":238,"column":51}},"151":{"start":{"line":242,"column":25},"end":{"line":260,"column":3}},"152":{"start":{"line":243,"column":22},"end":{"line":243,"column":51}},"153":{"start":{"line":244,"column":4},"end":{"line":244,"column":47}},"154":{"start":{"line":244,"column":40},"end":{"line":244,"column":47}},"155":{"start":{"line":246,"column":26},"end":{"line":246,"column":51}},"156":{"start":{"line":247,"column":4},"end":{"line":247,"column":35}},"157":{"start":{"line":247,"column":28},"end":{"line":247,"column":35}},"158":{"start":{"line":249,"column":4},"end":{"line":257,"column":null}},"159":{"start":{"line":251,"column":6},"end":{"line":251,"column":35}},"160":{"start":{"line":254,"column":6},"end":{"line":256,"column":null}},"161":{"start":{"line":255,"column":8},"end":{"line":255,"column":15}},"162":{"start":{"line":259,"column":4},"end":{"line":259,"column":20}},"163":{"start":{"line":262,"column":2},"end":{"line":590,"column":4}},"164":{"start":{"line":272,"column":29},"end":{"line":272,"column":63}},"165":{"start":{"line":278,"column":29},"end":{"line":278,"column":50}},"166":{"start":{"line":292,"column":14},"end":{"line":292,"column":null}},"167":{"start":{"line":309,"column":33},"end":{"line":309,"column":57}},"168":{"start":{"line":332,"column":22},"end":{"line":333,"column":null}},"169":{"start":{"line":337,"column":22},"end":{"line":337,"column":null}},"170":{"start":{"line":349,"column":18},"end":{"line":401,"column":null}},"171":{"start":{"line":385,"column":26},"end":{"line":386,"column":null}},"172":{"start":{"line":396,"column":26},"end":{"line":397,"column":null}},"173":{"start":{"line":422,"column":33},"end":{"line":422,"column":55}},"174":{"start":{"line":437,"column":35},"end":{"line":437,"column":61}},"175":{"start":{"line":437,"column":55},"end":{"line":437,"column":60}},"176":{"start":{"line":509,"column":18},"end":{"line":510,"column":null}},"177":{"start":{"line":522,"column":30},"end":{"line":522,"column":54}},"178":{"start":{"line":523,"column":31},"end":{"line":523,"column":117}},"179":{"start":{"line":524,"column":31},"end":{"line":524,"column":123}},"180":{"start":{"line":526,"column":12},"end":{"line":540,"column":14}},"181":{"start":{"line":545,"column":32},"end":{"line":545,"column":68}},"182":{"start":{"line":546,"column":33},"end":{"line":546,"column":122}},"183":{"start":{"line":547,"column":33},"end":{"line":547,"column":126}},"184":{"start":{"line":549,"column":12},"end":{"line":563,"column":14}},"185":{"start":{"line":567,"column":30},"end":{"line":567,"column":59}},"186":{"start":{"line":568,"column":31},"end":{"line":568,"column":111}},"187":{"start":{"line":569,"column":31},"end":{"line":569,"column":117}},"188":{"start":{"line":571,"column":12},"end":{"line":585,"column":14}},"189":{"start":{"line":22,"column":13},"end":{"line":22,"column":37}}},"fnMap":{"0":{"name":"(anonymous_6)","decl":{"start":{"line":22,"column":37},"end":{"line":22,"column":40}},"loc":{"start":{"line":22,"column":42},"end":{"line":591,"column":1}}},"1":{"name":"(anonymous_7)","decl":{"start":{"line":24,"column":39},"end":{"line":24,"column":42}},"loc":{"start":{"line":24,"column":45},"end":{"line":31,"column":4}}},"2":{"name":"(anonymous_8)","decl":{"start":{"line":36,"column":12},"end":{"line":36,"column":15}},"loc":{"start":{"line":36,"column":17},"end":{"line":38,"column":3}}},"3":{"name":"(anonymous_9)","decl":{"start":{"line":45,"column":69},"end":{"line":45,"column":72}},"loc":{"start":{"line":45,"column":74},"end":{"line":48,"column":3}}},"4":{"name":"(anonymous_10)","decl":{"start":{"line":50,"column":52},"end":{"line":50,"column":55}},"loc":{"start":{"line":50,"column":57},"end":{"line":52,"column":3}}},"5":{"name":"(anonymous_11)","decl":{"start":{"line":62,"column":12},"end":{"line":62,"column":15}},"loc":{"start":{"line":62,"column":17},"end":{"line":64,"column":3}}},"6":{"name":"(anonymous_12)","decl":{"start":{"line":66,"column":12},"end":{"line":66,"column":15}},"loc":{"start":{"line":66,"column":17},"end":{"line":73,"column":3}}},"7":{"name":"(anonymous_13)","decl":{"start":{"line":76,"column":12},"end":{"line":76,"column":15}},"loc":{"start":{"line":76,"column":17},"end":{"line":130,"column":3}}},"8":{"name":"(anonymous_14)","decl":{"start":{"line":93,"column":45},"end":{"line":93,"column":46}},"loc":{"start":{"line":93,"column":50},"end":{"line":93,"column":60}}},"9":{"name":"(anonymous_15)","decl":{"start":{"line":98,"column":25},"end":{"line":98,"column":29}},"loc":{"start":{"line":98,"column":33},"end":{"line":98,"column":53}}},"10":{"name":"(anonymous_16)","decl":{"start":{"line":109,"column":45},"end":{"line":109,"column":46}},"loc":{"start":{"line":109,"column":50},"end":{"line":109,"column":60}}},"11":{"name":"(anonymous_17)","decl":{"start":{"line":114,"column":25},"end":{"line":114,"column":29}},"loc":{"start":{"line":114,"column":33},"end":{"line":114,"column":54}}},"12":{"name":"(anonymous_18)","decl":{"start":{"line":126,"column":18},"end":{"line":126,"column":22}},"loc":{"start":{"line":126,"column":26},"end":{"line":126,"column":34}}},"13":{"name":"(anonymous_19)","decl":{"start":{"line":127,"column":24},"end":{"line":127,"column":28}},"loc":{"start":{"line":127,"column":32},"end":{"line":127,"column":40}}},"14":{"name":"(anonymous_20)","decl":{"start":{"line":133,"column":12},"end":{"line":133,"column":15}},"loc":{"start":{"line":133,"column":17},"end":{"line":148,"column":3}}},"15":{"name":"(anonymous_21)","decl":{"start":{"line":151,"column":12},"end":{"line":151,"column":15}},"loc":{"start":{"line":151,"column":17},"end":{"line":159,"column":3}}},"16":{"name":"(anonymous_22)","decl":{"start":{"line":154,"column":29},"end":{"line":154,"column":32}},"loc":{"start":{"line":154,"column":34},"end":{"line":156,"column":5}}},"17":{"name":"(anonymous_23)","decl":{"start":{"line":158,"column":11},"end":{"line":158,"column":14}},"loc":{"start":{"line":158,"column":17},"end":{"line":158,"column":36}}},"18":{"name":"(anonymous_24)","decl":{"start":{"line":162,"column":12},"end":{"line":162,"column":15}},"loc":{"start":{"line":162,"column":17},"end":{"line":167,"column":3}}},"19":{"name":"(anonymous_25)","decl":{"start":{"line":170,"column":24},"end":{"line":170,"column":27}},"loc":{"start":{"line":170,"column":29},"end":{"line":179,"column":3}}},"20":{"name":"(anonymous_26)","decl":{"start":{"line":177,"column":16},"end":{"line":177,"column":20}},"loc":{"start":{"line":177,"column":24},"end":{"line":177,"column":32}}},"21":{"name":"(anonymous_27)","decl":{"start":{"line":178,"column":22},"end":{"line":178,"column":26}},"loc":{"start":{"line":178,"column":30},"end":{"line":178,"column":38}}},"22":{"name":"(anonymous_28)","decl":{"start":{"line":182,"column":23},"end":{"line":182,"column":41}},"loc":{"start":{"line":182,"column":43},"end":{"line":192,"column":3}}},"23":{"name":"(anonymous_29)","decl":{"start":{"line":194,"column":24},"end":{"line":194,"column":27}},"loc":{"start":{"line":194,"column":29},"end":{"line":212,"column":3}}},"24":{"name":"(anonymous_30)","decl":{"start":{"line":214,"column":27},"end":{"line":214,"column":30}},"loc":{"start":{"line":214,"column":32},"end":{"line":233,"column":3}}},"25":{"name":"(anonymous_31)","decl":{"start":{"line":235,"column":27},"end":{"line":235,"column":30}},"loc":{"start":{"line":235,"column":32},"end":{"line":240,"column":3}}},"26":{"name":"(anonymous_32)","decl":{"start":{"line":242,"column":25},"end":{"line":242,"column":28}},"loc":{"start":{"line":242,"column":30},"end":{"line":260,"column":3}}},"27":{"name":"(anonymous_33)","decl":{"start":{"line":272,"column":23},"end":{"line":272,"column":26}},"loc":{"start":{"line":272,"column":29},"end":{"line":272,"column":63}}},"28":{"name":"(anonymous_34)","decl":{"start":{"line":278,"column":23},"end":{"line":278,"column":26}},"loc":{"start":{"line":278,"column":29},"end":{"line":278,"column":50}}},"29":{"name":"(anonymous_35)","decl":{"start":{"line":291,"column":27},"end":{"line":291,"column":28}},"loc":{"start":{"line":292,"column":14},"end":{"line":292,"column":null}}},"30":{"name":"(anonymous_36)","decl":{"start":{"line":309,"column":27},"end":{"line":309,"column":30}},"loc":{"start":{"line":309,"column":33},"end":{"line":309,"column":57}}},"31":{"name":"(anonymous_37)","decl":{"start":{"line":331,"column":44},"end":{"line":331,"column":45}},"loc":{"start":{"line":332,"column":22},"end":{"line":333,"column":null}}},"32":{"name":"(anonymous_38)","decl":{"start":{"line":336,"column":109},"end":{"line":336,"column":110}},"loc":{"start":{"line":337,"column":22},"end":{"line":337,"column":null}}},"33":{"name":"(anonymous_39)","decl":{"start":{"line":348,"column":50},"end":{"line":348,"column":51}},"loc":{"start":{"line":349,"column":18},"end":{"line":401,"column":null}}},"34":{"name":"(anonymous_40)","decl":{"start":{"line":384,"column":47},"end":{"line":384,"column":48}},"loc":{"start":{"line":385,"column":26},"end":{"line":386,"column":null}}},"35":{"name":"(anonymous_41)","decl":{"start":{"line":395,"column":49},"end":{"line":395,"column":50}},"loc":{"start":{"line":396,"column":26},"end":{"line":397,"column":null}}},"36":{"name":"(anonymous_42)","decl":{"start":{"line":422,"column":27},"end":{"line":422,"column":30}},"loc":{"start":{"line":422,"column":33},"end":{"line":422,"column":55}}},"37":{"name":"(anonymous_43)","decl":{"start":{"line":437,"column":29},"end":{"line":437,"column":32}},"loc":{"start":{"line":437,"column":35},"end":{"line":437,"column":61}}},"38":{"name":"(anonymous_44)","decl":{"start":{"line":437,"column":47},"end":{"line":437,"column":51}},"loc":{"start":{"line":437,"column":55},"end":{"line":437,"column":60}}},"39":{"name":"(anonymous_45)","decl":{"start":{"line":471,"column":22},"end":{"line":471,"column":25}},"loc":{"start":{"line":471,"column":27},"end":{"line":473,"column":13}}},"40":{"name":"(anonymous_46)","decl":{"start":{"line":508,"column":57},"end":{"line":508,"column":58}},"loc":{"start":{"line":509,"column":18},"end":{"line":510,"column":null}}},"41":{"name":"(anonymous_47)","decl":{"start":{"line":521,"column":12},"end":{"line":521,"column":15}},"loc":{"start":{"line":521,"column":17},"end":{"line":541,"column":11}}},"42":{"name":"(anonymous_48)","decl":{"start":{"line":544,"column":12},"end":{"line":544,"column":15}},"loc":{"start":{"line":544,"column":17},"end":{"line":564,"column":11}}},"43":{"name":"(anonymous_49)","decl":{"start":{"line":566,"column":12},"end":{"line":566,"column":15}},"loc":{"start":{"line":566,"column":17},"end":{"line":586,"column":11}}}},"branchMap":{"0":{"loc":{"start":{"line":24,"column":45},"end":{"line":31,"column":4}},"type":"binary-expr","locations":[{"start":{"line":24,"column":45},"end":{"line":24,"column":81}},{"start":{"line":24,"column":85},"end":{"line":31,"column":4}}]},"1":{"loc":{"start":{"line":47,"column":11},"end":{"line":47,"column":41}},"type":"cond-expr","locations":[{"start":{"line":47,"column":19},"end":{"line":47,"column":36}},{"start":{"line":47,"column":39},"end":{"line":47,"column":41}}]},"2":{"loc":{"start":{"line":68,"column":4},"end":{"line":72,"column":null}},"type":"if","locations":[{"start":{"line":68,"column":4},"end":{"line":72,"column":null}},{"start":{"line":70,"column":11},"end":{"line":72,"column":null}}]},"3":{"loc":{"start":{"line":77,"column":4},"end":{"line":129,"column":null}},"type":"if","locations":[{"start":{"line":77,"column":4},"end":{"line":129,"column":null}}]},"4":{"loc":{"start":{"line":77,"column":8},"end":{"line":77,"column":98}},"type":"binary-expr","locations":[{"start":{"line":77,"column":9},"end":{"line":77,"column":35}},{"start":{"line":77,"column":39},"end":{"line":77,"column":66}},{"start":{"line":77,"column":71},"end":{"line":77,"column":98}}]},"5":{"loc":{"start":{"line":80,"column":6},"end":{"line":118,"column":null}},"type":"if","locations":[{"start":{"line":80,"column":6},"end":{"line":118,"column":null}},{"start":{"line":102,"column":13},"end":{"line":118,"column":null}}]},"6":{"loc":{"start":{"line":104,"column":8},"end":{"line":104,"column":48}},"type":"if","locations":[{"start":{"line":104,"column":8},"end":{"line":104,"column":48}}]},"7":{"loc":{"start":{"line":121,"column":6},"end":{"line":123,"column":null}},"type":"if","locations":[{"start":{"line":121,"column":6},"end":{"line":123,"column":null}}]},"8":{"loc":{"start":{"line":135,"column":4},"end":{"line":138,"column":null}},"type":"if","locations":[{"start":{"line":135,"column":4},"end":{"line":138,"column":null}}]},"9":{"loc":{"start":{"line":141,"column":4},"end":{"line":141,"column":37}},"type":"if","locations":[{"start":{"line":141,"column":4},"end":{"line":141,"column":37}}]},"10":{"loc":{"start":{"line":146,"column":21},"end":{"line":146,"column":67}},"type":"binary-expr","locations":[{"start":{"line":146,"column":21},"end":{"line":146,"column":61}},{"start":{"line":146,"column":65},"end":{"line":146,"column":67}}]},"11":{"loc":{"start":{"line":152,"column":4},"end":{"line":152,"column":31}},"type":"if","locations":[{"start":{"line":152,"column":4},"end":{"line":152,"column":31}}]},"12":{"loc":{"start":{"line":163,"column":4},"end":{"line":166,"column":null}},"type":"if","locations":[{"start":{"line":163,"column":4},"end":{"line":166,"column":null}}]},"13":{"loc":{"start":{"line":163,"column":8},"end":{"line":163,"column":52}},"type":"binary-expr","locations":[{"start":{"line":163,"column":8},"end":{"line":163,"column":18}},{"start":{"line":163,"column":22},"end":{"line":163,"column":52}}]},"14":{"loc":{"start":{"line":172,"column":22},"end":{"line":172,"column":70}},"type":"binary-expr","locations":[{"start":{"line":172,"column":22},"end":{"line":172,"column":60}},{"start":{"line":172,"column":64},"end":{"line":172,"column":70}}]},"15":{"loc":{"start":{"line":184,"column":4},"end":{"line":184,"column":48}},"type":"if","locations":[{"start":{"line":184,"column":4},"end":{"line":184,"column":48}}]},"16":{"loc":{"start":{"line":186,"column":4},"end":{"line":186,"column":46}},"type":"if","locations":[{"start":{"line":186,"column":4},"end":{"line":186,"column":46}}]},"17":{"loc":{"start":{"line":186,"column":8},"end":{"line":186,"column":32}},"type":"binary-expr","locations":[{"start":{"line":186,"column":8},"end":{"line":186,"column":13}},{"start":{"line":186,"column":17},"end":{"line":186,"column":32}}]},"18":{"loc":{"start":{"line":189,"column":6},"end":{"line":189,"column":51}},"type":"if","locations":[{"start":{"line":189,"column":6},"end":{"line":189,"column":51}}]},"19":{"loc":{"start":{"line":196,"column":4},"end":{"line":196,"column":47}},"type":"if","locations":[{"start":{"line":196,"column":4},"end":{"line":196,"column":47}}]},"20":{"loc":{"start":{"line":199,"column":4},"end":{"line":199,"column":35}},"type":"if","locations":[{"start":{"line":199,"column":4},"end":{"line":199,"column":35}}]},"21":{"loc":{"start":{"line":201,"column":4},"end":{"line":209,"column":null}},"type":"if","locations":[{"start":{"line":201,"column":4},"end":{"line":209,"column":null}},{"start":{"line":204,"column":11},"end":{"line":209,"column":null}}]},"22":{"loc":{"start":{"line":206,"column":6},"end":{"line":208,"column":null}},"type":"if","locations":[{"start":{"line":206,"column":6},"end":{"line":208,"column":null}}]},"23":{"loc":{"start":{"line":216,"column":4},"end":{"line":216,"column":47}},"type":"if","locations":[{"start":{"line":216,"column":4},"end":{"line":216,"column":47}}]},"24":{"loc":{"start":{"line":218,"column":4},"end":{"line":218,"column":43}},"type":"if","locations":[{"start":{"line":218,"column":4},"end":{"line":218,"column":43}}]},"25":{"loc":{"start":{"line":220,"column":4},"end":{"line":220,"column":41}},"type":"if","locations":[{"start":{"line":220,"column":4},"end":{"line":220,"column":41}}]},"26":{"loc":{"start":{"line":220,"column":8},"end":{"line":220,"column":32}},"type":"binary-expr","locations":[{"start":{"line":220,"column":8},"end":{"line":220,"column":13}},{"start":{"line":220,"column":17},"end":{"line":220,"column":32}}]},"27":{"loc":{"start":{"line":222,"column":4},"end":{"line":230,"column":null}},"type":"if","locations":[{"start":{"line":222,"column":4},"end":{"line":230,"column":null}},{"start":{"line":225,"column":11},"end":{"line":230,"column":null}}]},"28":{"loc":{"start":{"line":227,"column":6},"end":{"line":229,"column":null}},"type":"if","locations":[{"start":{"line":227,"column":6},"end":{"line":229,"column":null}}]},"29":{"loc":{"start":{"line":237,"column":4},"end":{"line":239,"column":null}},"type":"if","locations":[{"start":{"line":237,"column":4},"end":{"line":239,"column":null}}]},"30":{"loc":{"start":{"line":244,"column":4},"end":{"line":244,"column":47}},"type":"if","locations":[{"start":{"line":244,"column":4},"end":{"line":244,"column":47}}]},"31":{"loc":{"start":{"line":247,"column":4},"end":{"line":247,"column":35}},"type":"if","locations":[{"start":{"line":247,"column":4},"end":{"line":247,"column":35}}]},"32":{"loc":{"start":{"line":249,"column":4},"end":{"line":257,"column":null}},"type":"if","locations":[{"start":{"line":249,"column":4},"end":{"line":257,"column":null}},{"start":{"line":252,"column":11},"end":{"line":257,"column":null}}]},"33":{"loc":{"start":{"line":254,"column":6},"end":{"line":256,"column":null}},"type":"if","locations":[{"start":{"line":254,"column":6},"end":{"line":256,"column":null}}]},"34":{"loc":{"start":{"line":292,"column":39},"end":{"line":292,"column":110}},"type":"cond-expr","locations":[{"start":{"line":292,"column":62},"end":{"line":292,"column":84}},{"start":{"line":292,"column":87},"end":{"line":292,"column":110}}]},"35":{"loc":{"start":{"line":301,"column":9},"end":{"line":412,"column":null}},"type":"binary-expr","locations":[{"start":{"line":301,"column":9},"end":{"line":301,"column":23}},{"start":{"line":302,"column":10},"end":{"line":411,"column":null}}]},"36":{"loc":{"start":{"line":352,"column":22},"end":{"line":354,"column":null}},"type":"cond-expr","locations":[{"start":{"line":353,"column":26},"end":{"line":353,"column":99}},{"start":{"line":354,"column":26},"end":{"line":354,"column":null}}]},"37":{"loc":{"start":{"line":363,"column":26},"end":{"line":365,"column":null}},"type":"cond-expr","locations":[{"start":{"line":364,"column":30},"end":{"line":364,"column":97}},{"start":{"line":365,"column":30},"end":{"line":365,"column":null}}]},"38":{"loc":{"start":{"line":367,"column":27},"end":{"line":367,"column":67}},"type":"cond-expr","locations":[{"start":{"line":367,"column":53},"end":{"line":367,"column":58}},{"start":{"line":367,"column":61},"end":{"line":367,"column":67}}]},"39":{"loc":{"start":{"line":370,"column":60},"end":{"line":370,"column":156}},"type":"cond-expr","locations":[{"start":{"line":370,"column":85},"end":{"line":370,"column":121}},{"start":{"line":370,"column":124},"end":{"line":370,"column":156}}]},"40":{"loc":{"start":{"line":371,"column":25},"end":{"line":371,"column":58}},"type":"cond-expr","locations":[{"start":{"line":371,"column":50},"end":{"line":371,"column":53}},{"start":{"line":371,"column":56},"end":{"line":371,"column":58}}]},"41":{"loc":{"start":{"line":405,"column":17},"end":{"line":408,"column":null}},"type":"binary-expr","locations":[{"start":{"line":405,"column":17},"end":{"line":405,"column":43}},{"start":{"line":406,"column":18},"end":{"line":406,"column":null}}]},"42":{"loc":{"start":{"line":416,"column":9},"end":{"line":465,"column":null}},"type":"binary-expr","locations":[{"start":{"line":416,"column":9},"end":{"line":416,"column":21}},{"start":{"line":417,"column":10},"end":{"line":464,"column":null}}]},"43":{"loc":{"start":{"line":439,"column":22},"end":{"line":439,"column":null}},"type":"cond-expr","locations":[{"start":{"line":439,"column":33},"end":{"line":439,"column":58}},{"start":{"line":439,"column":61},"end":{"line":439,"column":null}}]},"44":{"loc":{"start":{"line":444,"column":23},"end":{"line":444,"column":45}},"type":"cond-expr","locations":[{"start":{"line":444,"column":34},"end":{"line":444,"column":38}},{"start":{"line":444,"column":41},"end":{"line":444,"column":45}}]},"45":{"loc":{"start":{"line":479,"column":9},"end":{"line":515,"column":null}},"type":"binary-expr","locations":[{"start":{"line":479,"column":9},"end":{"line":479,"column":19}},{"start":{"line":479,"column":23},"end":{"line":479,"column":36}},{"start":{"line":479,"column":40},"end":{"line":479,"column":51}},{"start":{"line":480,"column":10},"end":{"line":514,"column":null}}]},"46":{"loc":{"start":{"line":482,"column":14},"end":{"line":484,"column":null}},"type":"cond-expr","locations":[{"start":{"line":483,"column":18},"end":{"line":483,"column":88}},{"start":{"line":484,"column":18},"end":{"line":484,"column":null}}]},"47":{"loc":{"start":{"line":488,"column":15},"end":{"line":488,"column":75}},"type":"cond-expr","locations":[{"start":{"line":488,"column":44},"end":{"line":488,"column":57}},{"start":{"line":488,"column":60},"end":{"line":488,"column":75}}]},"48":{"loc":{"start":{"line":490,"column":54},"end":{"line":490,"column":117}},"type":"cond-expr","locations":[{"start":{"line":490,"column":84},"end":{"line":490,"column":100}},{"start":{"line":490,"column":103},"end":{"line":490,"column":117}}]},"49":{"loc":{"start":{"line":491,"column":15},"end":{"line":491,"column":53}},"type":"cond-expr","locations":[{"start":{"line":491,"column":45},"end":{"line":491,"column":48}},{"start":{"line":491,"column":51},"end":{"line":491,"column":53}}]},"50":{"loc":{"start":{"line":498,"column":16},"end":{"line":500,"column":null}},"type":"cond-expr","locations":[{"start":{"line":499,"column":20},"end":{"line":499,"column":53}},{"start":{"line":500,"column":20},"end":{"line":500,"column":null}}]},"51":{"loc":{"start":{"line":505,"column":13},"end":{"line":513,"column":null}},"type":"binary-expr","locations":[{"start":{"line":505,"column":13},"end":{"line":505,"column":36}},{"start":{"line":505,"column":40},"end":{"line":505,"column":74}},{"start":{"line":506,"column":14},"end":{"line":512,"column":null}}]},"52":{"loc":{"start":{"line":523,"column":31},"end":{"line":523,"column":117}},"type":"binary-expr","locations":[{"start":{"line":523,"column":31},"end":{"line":523,"column":44}},{"start":{"line":523,"column":48},"end":{"line":523,"column":78}},{"start":{"line":523,"column":82},"end":{"line":523,"column":117}}]},"53":{"loc":{"start":{"line":524,"column":31},"end":{"line":524,"column":123}},"type":"binary-expr","locations":[{"start":{"line":524,"column":31},"end":{"line":524,"column":50}},{"start":{"line":524,"column":54},"end":{"line":524,"column":84}},{"start":{"line":524,"column":88},"end":{"line":524,"column":123}}]},"54":{"loc":{"start":{"line":529,"column":26},"end":{"line":529,"column":52}},"type":"binary-expr","locations":[{"start":{"line":529,"column":26},"end":{"line":529,"column":37}},{"start":{"line":529,"column":41},"end":{"line":529,"column":52}}]},"55":{"loc":{"start":{"line":531,"column":18},"end":{"line":535,"column":null}},"type":"cond-expr","locations":[{"start":{"line":532,"column":22},"end":{"line":532,"column":104}},{"start":{"line":533,"column":22},"end":{"line":535,"column":null}}]},"56":{"loc":{"start":{"line":531,"column":18},"end":{"line":531,"column":44}},"type":"binary-expr","locations":[{"start":{"line":531,"column":18},"end":{"line":531,"column":29}},{"start":{"line":531,"column":33},"end":{"line":531,"column":44}}]},"57":{"loc":{"start":{"line":533,"column":22},"end":{"line":535,"column":null}},"type":"cond-expr","locations":[{"start":{"line":534,"column":24},"end":{"line":534,"column":72}},{"start":{"line":535,"column":24},"end":{"line":535,"column":null}}]},"58":{"loc":{"start":{"line":538,"column":22},"end":{"line":538,"column":64}},"type":"cond-expr","locations":[{"start":{"line":538,"column":38},"end":{"line":538,"column":54}},{"start":{"line":538,"column":57},"end":{"line":538,"column":64}}]},"59":{"loc":{"start":{"line":546,"column":33},"end":{"line":546,"column":122}},"type":"binary-expr","locations":[{"start":{"line":546,"column":33},"end":{"line":546,"column":48}},{"start":{"line":546,"column":52},"end":{"line":546,"column":82}},{"start":{"line":546,"column":86},"end":{"line":546,"column":122}}]},"60":{"loc":{"start":{"line":547,"column":33},"end":{"line":547,"column":126}},"type":"binary-expr","locations":[{"start":{"line":547,"column":33},"end":{"line":547,"column":52}},{"start":{"line":547,"column":56},"end":{"line":547,"column":86}},{"start":{"line":547,"column":90},"end":{"line":547,"column":126}}]},"61":{"loc":{"start":{"line":552,"column":26},"end":{"line":552,"column":56}},"type":"binary-expr","locations":[{"start":{"line":552,"column":26},"end":{"line":552,"column":39}},{"start":{"line":552,"column":43},"end":{"line":552,"column":56}}]},"62":{"loc":{"start":{"line":554,"column":18},"end":{"line":558,"column":null}},"type":"cond-expr","locations":[{"start":{"line":555,"column":22},"end":{"line":555,"column":104}},{"start":{"line":556,"column":22},"end":{"line":558,"column":null}}]},"63":{"loc":{"start":{"line":554,"column":18},"end":{"line":554,"column":48}},"type":"binary-expr","locations":[{"start":{"line":554,"column":18},"end":{"line":554,"column":31}},{"start":{"line":554,"column":35},"end":{"line":554,"column":48}}]},"64":{"loc":{"start":{"line":556,"column":22},"end":{"line":558,"column":null}},"type":"cond-expr","locations":[{"start":{"line":557,"column":24},"end":{"line":557,"column":69}},{"start":{"line":558,"column":24},"end":{"line":558,"column":null}}]},"65":{"loc":{"start":{"line":561,"column":24},"end":{"line":561,"column":70}},"type":"cond-expr","locations":[{"start":{"line":561,"column":42},"end":{"line":561,"column":60}},{"start":{"line":561,"column":63},"end":{"line":561,"column":70}}]},"66":{"loc":{"start":{"line":568,"column":31},"end":{"line":568,"column":111}},"type":"binary-expr","locations":[{"start":{"line":568,"column":31},"end":{"line":568,"column":44}},{"start":{"line":568,"column":48},"end":{"line":568,"column":77}},{"start":{"line":568,"column":81},"end":{"line":568,"column":111}}]},"67":{"loc":{"start":{"line":569,"column":31},"end":{"line":569,"column":117}},"type":"binary-expr","locations":[{"start":{"line":569,"column":31},"end":{"line":569,"column":50}},{"start":{"line":569,"column":54},"end":{"line":569,"column":83}},{"start":{"line":569,"column":87},"end":{"line":569,"column":117}}]},"68":{"loc":{"start":{"line":574,"column":26},"end":{"line":574,"column":52}},"type":"binary-expr","locations":[{"start":{"line":574,"column":26},"end":{"line":574,"column":37}},{"start":{"line":574,"column":41},"end":{"line":574,"column":52}}]},"69":{"loc":{"start":{"line":576,"column":18},"end":{"line":580,"column":null}},"type":"cond-expr","locations":[{"start":{"line":577,"column":22},"end":{"line":577,"column":104}},{"start":{"line":578,"column":22},"end":{"line":580,"column":null}}]},"70":{"loc":{"start":{"line":576,"column":18},"end":{"line":576,"column":44}},"type":"binary-expr","locations":[{"start":{"line":576,"column":18},"end":{"line":576,"column":29}},{"start":{"line":576,"column":33},"end":{"line":576,"column":44}}]},"71":{"loc":{"start":{"line":578,"column":22},"end":{"line":580,"column":null}},"type":"cond-expr","locations":[{"start":{"line":579,"column":24},"end":{"line":579,"column":75}},{"start":{"line":580,"column":24},"end":{"line":580,"column":null}}]},"72":{"loc":{"start":{"line":583,"column":22},"end":{"line":583,"column":64}},"type":"cond-expr","locations":[{"start":{"line":583,"column":38},"end":{"line":583,"column":54}},{"start":{"line":583,"column":57},"end":{"line":583,"column":64}}]}},"s":{"0":0,"1":0,"2":0,"3":0,"4":0,"5":0,"6":0,"7":0,"8":0,"9":0,"10":0,"11":0,"12":0,"13":0,"14":0,"15":0,"16":0,"17":0,"18":0,"19":0,"20":0,"21":0,"22":0,"23":0,"24":0,"25":0,"26":0,"27":0,"28":0,"29":0,"30":0,"31":0,"32":0,"33":0,"34":0,"35":0,"36":0,"37":0,"38":0,"39":0,"40":0,"41":0,"42":0,"43":0,"44":0,"45":0,"46":0,"47":0,"48":0,"49":0,"50":0,"51":0,"52":0,"53":0,"54":0,"55":0,"56":0,"57":0,"58":0,"59":0,"60":0,"61":0,"62":0,"63":0,"64":0,"65":0,"66":0,"67":0,"68":0,"69":0,"70":0,"71":0,"72":0,"73":0,"74":0,"75":0,"76":0,"77":0,"78":0,"79":0,"80":0,"81":0,"82":0,"83":0,"84":0,"85":0,"86":0,"87":0,"88":0,"89":0,"90":0,"91":0,"92":0,"93":0,"94":0,"95":0,"96":0,"97":0,"98":0,"99":0,"100":0,"101":0,"102":0,"103":0,"104":0,"105":0,"106":0,"107":0,"108":0,"109":0,"110":0,"111":0,"112":0,"113":0,"114":0,"115":0,"116":0,"117":0,"118":0,"119":0,"120":0,"121":0,"122":0,"123":0,"124":0,"125":0,"126":0,"127":0,"128":0,"129":0,"130":0,"131":0,"132":0,"133":0,"134":0,"135":0,"136":0,"137":0,"138":0,"139":0,"140":0,"141":0,"142":0,"143":0,"144":0,"145":0,"146":0,"147":0,"148":0,"149":0,"150":0,"151":0,"152":0,"153":0,"154":0,"155":0,"156":0,"157":0,"158":0,"159":0,"160":0,"161":0,"162":0,"163":0,"164":0,"165":0,"166":0,"167":0,"168":0,"169":0,"170":0,"171":0,"172":0,"173":0,"174":0,"175":0,"176":0,"177":0,"178":0,"179":0,"180":0,"181":0,"182":0,"183":0,"184":0,"185":0,"186":0,"187":0,"188":0,"189":0},"f":{"0":0,"1":0,"2":0,"3":0,"4":0,"5":0,"6":0,"7":0,"8":0,"9":0,"10":0,"11":0,"12":0,"13":0,"14":0,"15":0,"16":0,"17":0,"18":0,"19":0,"20":0,"21":0,"22":0,"23":0,"24":0,"25":0,"26":0,"27":0,"28":0,"29":0,"30":0,"31":0,"32":0,"33":0,"34":0,"35":0,"36":0,"37":0,"38":0,"39":0,"40":0,"41":0,"42":0,"43":0},"b":{"0":[0,0],"1":[0,0],"2":[0,0],"3":[0],"4":[0,0,0],"5":[0,0],"6":[0],"7":[0],"8":[0],"9":[0],"10":[0,0],"11":[0],"12":[0],"13":[0,0],"14":[0,0],"15":[0],"16":[0],"17":[0,0],"18":[0],"19":[0],"20":[0],"21":[0,0],"22":[0],"23":[0],"24":[0],"25":[0],"26":[0,0],"27":[0,0],"28":[0],"29":[0],"30":[0],"31":[0],"32":[0,0],"33":[0],"34":[0,0],"35":[0,0],"36":[0,0],"37":[0,0],"38":[0,0],"39":[0,0],"40":[0,0],"41":[0,0],"42":[0,0],"43":[0,0],"44":[0,0],"45":[0,0,0,0],"46":[0,0],"47":[0,0],"48":[0,0],"49":[0,0],"50":[0,0],"51":[0,0,0],"52":[0,0,0],"53":[0,0,0],"54":[0,0],"55":[0,0],"56":[0,0],"57":[0,0],"58":[0,0],"59":[0,0,0],"60":[0,0,0],"61":[0,0],"62":[0,0],"63":[0,0],"64":[0,0],"65":[0,0],"66":[0,0,0],"67":[0,0,0],"68":[0,0],"69":[0,0],"70":[0,0],"71":[0,0],"72":[0,0]}}
,"C:\\Users\\nickg\\OneDrive\\Documents\\GitHub\\Project 3\\src\\GameKeyboard.tsx": {"path":"C:\\Users\\nickg\\OneDrive\\Documents\\GitHub\\Project 3\\src\\GameKeyboard.tsx","statementMap":{"0":{"start":{"line":1,"column":0},"end":{"line":1,"column":41}},"1":{"start":{"line":10,"column":13},"end":{"line":14,"column":2}},"2":{"start":{"line":21,"column":5},"end":{"line":61,"column":1}},"3":{"start":{"line":22,"column":22},"end":{"line":26,"column":4}},"4":{"start":{"line":28,"column":25},"end":{"line":44,"column":4}},"5":{"start":{"line":46,"column":2},"end":{"line":60,"column":4}},"6":{"start":{"line":50,"column":8},"end":{"line":50,"column":29}},"7":{"start":{"line":50,"column":22},"end":{"line":50,"column":29}},"8":{"start":{"line":51,"column":8},"end":{"line":51,"column":27}},"9":{"start":{"line":52,"column":8},"end":{"line":52,"column":18}},"10":{"start":{"line":63,"column":57},"end":{"line":155,"column":1}},"11":{"start":{"line":69,"column":2},"end":{"line":97,"column":62}},"12":{"start":{"line":70,"column":26},"end":{"line":93,"column":5}},"13":{"start":{"line":71,"column":6},"end":{"line":71,"column":27}},"14":{"start":{"line":71,"column":20},"end":{"line":71,"column":27}},"15":{"start":{"line":73,"column":18},"end":{"line":73,"column":37}},"16":{"start":{"line":75,"column":6},"end":{"line":79,"column":null}},"17":{"start":{"line":76,"column":8},"end":{"line":76,"column":27}},"18":{"start":{"line":77,"column":8},"end":{"line":77,"column":27}},"19":{"start":{"line":78,"column":8},"end":{"line":78,"column":15}},"20":{"start":{"line":81,"column":6},"end":{"line":92,"column":null}},"21":{"start":{"line":83,"column":10},"end":{"line":83,"column":29}},"22":{"start":{"line":84,"column":10},"end":{"line":84,"column":27}},"23":{"start":{"line":85,"column":10},"end":{"line":85,"column":16}},"24":{"start":{"line":87,"column":10},"end":{"line":87,"column":29}},"25":{"start":{"line":88,"column":10},"end":{"line":88,"column":25}},"26":{"start":{"line":89,"column":10},"end":{"line":89,"column":16}},"27":{"start":{"line":91,"column":10},"end":{"line":91,"column":16}},"28":{"start":{"line":95,"column":4},"end":{"line":95,"column":54}},"29":{"start":{"line":96,"column":4},"end":{"line":96,"column":70}},"30":{"start":{"line":96,"column":17},"end":{"line":96,"column":69}},"31":{"start":{"line":99,"column":2},"end":{"line":154,"column":4}},"32":{"start":{"line":104,"column":10},"end":{"line":109,"column":null}},"33":{"start":{"line":107,"column":27},"end":{"line":107,"column":48}},"34":{"start":{"line":118,"column":10},"end":{"line":123,"column":null}},"35":{"start":{"line":121,"column":27},"end":{"line":121,"column":48}},"36":{"start":{"line":138,"column":10},"end":{"line":143,"column":null}},"37":{"start":{"line":141,"column":27},"end":{"line":141,"column":48}},"38":{"start":{"line":63,"column":13},"end":{"line":63,"column":57}}},"fnMap":{"0":{"name":"(anonymous_6)","decl":{"start":{"line":21,"column":5},"end":{"line":21,"column":6}},"loc":{"start":{"line":21,"column":67},"end":{"line":61,"column":1}}},"1":{"name":"(anonymous_7)","decl":{"start":{"line":49,"column":21},"end":{"line":49,"column":22}},"loc":{"start":{"line":49,"column":27},"end":{"line":53,"column":7}}},"2":{"name":"(anonymous_8)","decl":{"start":{"line":63,"column":57},"end":{"line":63,"column":58}},"loc":{"start":{"line":68,"column":5},"end":{"line":155,"column":1}}},"3":{"name":"(anonymous_9)","decl":{"start":{"line":69,"column":12},"end":{"line":69,"column":15}},"loc":{"start":{"line":69,"column":17},"end":{"line":97,"column":3}}},"4":{"name":"(anonymous_10)","decl":{"start":{"line":70,"column":26},"end":{"line":70,"column":27}},"loc":{"start":{"line":70,"column":47},"end":{"line":93,"column":5}}},"5":{"name":"(anonymous_11)","decl":{"start":{"line":96,"column":11},"end":{"line":96,"column":14}},"loc":{"start":{"line":96,"column":17},"end":{"line":96,"column":69}}},"6":{"name":"(anonymous_12)","decl":{"start":{"line":103,"column":21},"end":{"line":103,"column":22}},"loc":{"start":{"line":104,"column":10},"end":{"line":109,"column":null}}},"7":{"name":"(anonymous_13)","decl":{"start":{"line":107,"column":21},"end":{"line":107,"column":24}},"loc":{"start":{"line":107,"column":27},"end":{"line":107,"column":48}}},"8":{"name":"(anonymous_14)","decl":{"start":{"line":117,"column":21},"end":{"line":117,"column":22}},"loc":{"start":{"line":118,"column":10},"end":{"line":123,"column":null}}},"9":{"name":"(anonymous_15)","decl":{"start":{"line":121,"column":21},"end":{"line":121,"column":24}},"loc":{"start":{"line":121,"column":27},"end":{"line":121,"column":48}}},"10":{"name":"(anonymous_16)","decl":{"start":{"line":137,"column":21},"end":{"line":137,"column":22}},"loc":{"start":{"line":138,"column":10},"end":{"line":143,"column":null}}},"11":{"name":"(anonymous_17)","decl":{"start":{"line":141,"column":21},"end":{"line":141,"column":24}},"loc":{"start":{"line":141,"column":27},"end":{"line":141,"column":48}}}},"branchMap":{"0":{"loc":{"start":{"line":21,"column":25},"end":{"line":21,"column":41}},"type":"default-arg","locations":[{"start":{"line":21,"column":36},"end":{"line":21,"column":41}}]},"1":{"loc":{"start":{"line":21,"column":43},"end":{"line":21,"column":61}},"type":"default-arg","locations":[{"start":{"line":21,"column":53},"end":{"line":21,"column":61}}]},"2":{"loc":{"start":{"line":50,"column":8},"end":{"line":50,"column":29}},"type":"if","locations":[{"start":{"line":50,"column":8},"end":{"line":50,"column":29}}]},"3":{"loc":{"start":{"line":55,"column":18},"end":{"line":55,"column":116}},"type":"cond-expr","locations":[{"start":{"line":55,"column":41},"end":{"line":55,"column":56}},{"start":{"line":55,"column":59},"end":{"line":55,"column":116}}]},"4":{"loc":{"start":{"line":55,"column":59},"end":{"line":55,"column":116}},"type":"cond-expr","locations":[{"start":{"line":55,"column":82},"end":{"line":55,"column":95}},{"start":{"line":55,"column":98},"end":{"line":55,"column":116}}]},"5":{"loc":{"start":{"line":67,"column":2},"end":{"line":67,"column":18}},"type":"default-arg","locations":[{"start":{"line":67,"column":13},"end":{"line":67,"column":18}}]},"6":{"loc":{"start":{"line":71,"column":6},"end":{"line":71,"column":27}},"type":"if","locations":[{"start":{"line":71,"column":6},"end":{"line":71,"column":27}}]},"7":{"loc":{"start":{"line":75,"column":6},"end":{"line":79,"column":null}},"type":"if","locations":[{"start":{"line":75,"column":6},"end":{"line":79,"column":null}}]},"8":{"loc":{"start":{"line":81,"column":6},"end":{"line":92,"column":null}},"type":"switch","locations":[{"start":{"line":82,"column":8},"end":{"line":85,"column":16}},{"start":{"line":86,"column":8},"end":{"line":89,"column":16}},{"start":{"line":90,"column":8},"end":{"line":91,"column":16}}]}},"s":{"0":0,"1":0,"2":0,"3":0,"4":0,"5":0,"6":0,"7":0,"8":0,"9":0,"10":0,"11":0,"12":0,"13":0,"14":0,"15":0,"16":0,"17":0,"18":0,"19":0,"20":0,"21":0,"22":0,"23":0,"24":0,"25":0,"26":0,"27":0,"28":0,"29":0,"30":0,"31":0,"32":0,"33":0,"34":0,"35":0,"36":0,"37":0,"38":0},"f":{"0":0,"1":0,"2":0,"3":0,"4":0,"5":0,"6":0,"7":0,"8":0,"9":0,"10":0,"11":0},"b":{"0":[0],"1":[0],"2":[0],"3":[0,0],"4":[0,0],"5":[0],"6":[0],"7":[0],"8":[0,0,0]}}
,"C:\\Users\\nickg\\OneDrive\\Documents\\GitHub\\Project 3\\src\\LetterTile.tsx": {"path":"C:\\Users\\nickg\\OneDrive\\Documents\\GitHub\\Project 3\\src\\LetterTile.tsx","statementMap":{"0":{"start":{"line":1,"column":0},"end":{"line":1,"column":26}},"1":{"start":{"line":10,"column":48},"end":{"line":18,"column":2}},"2":{"start":{"line":20,"column":53},"end":{"line":34,"column":1}},"3":{"start":{"line":21,"column":2},"end":{"line":33,"column":4}},"4":{"start":{"line":20,"column":13},"end":{"line":20,"column":53}}},"fnMap":{"0":{"name":"(anonymous_1)","decl":{"start":{"line":20,"column":53},"end":{"line":20,"column":54}},"loc":{"start":{"line":20,"column":75},"end":{"line":34,"column":1}}}},"branchMap":{},"s":{"0":0,"1":0,"2":0,"3":0,"4":0},"f":{"0":0},"b":{}}
,"C:\\Users\\nickg\\OneDrive\\Documents\\GitHub\\Project 3\\src\\Rung.tsx": {"path":"C:\\Users\\nickg\\OneDrive\\Documents\\GitHub\\Project 3\\src\\Rung.tsx","statementMap":{"0":{"start":{"line":1,"column":0},"end":{"line":1,"column":51}},"1":{"start":{"line":2,"column":0},"end":{"line":2,"column":53}},"2":{"start":{"line":12,"column":75},"end":{"line":33,"column":1}},"3":{"start":{"line":13,"column":2},"end":{"line":32,"column":null}},"4":{"start":{"line":15,"column":6},"end":{"line":21,"column":8}},"5":{"start":{"line":23,"column":6},"end":{"line":29,"column":8}},"6":{"start":{"line":31,"column":6},"end":{"line":31,"column":41}},"7":{"start":{"line":35,"column":41},"end":{"line":94,"column":1}},"8":{"start":{"line":42,"column":36},"end":{"line":42,"column":55}},"9":{"start":{"line":44,"column":2},"end":{"line":53,"column":35}},"10":{"start":{"line":45,"column":4},"end":{"line":52,"column":null}},"11":{"start":{"line":46,"column":6},"end":{"line":46,"column":25}},"12":{"start":{"line":47,"column":20},"end":{"line":50,"column":13}},"13":{"start":{"line":48,"column":8},"end":{"line":48,"column":28}},"14":{"start":{"line":49,"column":8},"end":{"line":49,"column":28}},"15":{"start":{"line":51,"column":6},"end":{"line":51,"column":39}},"16":{"start":{"line":51,"column":19},"end":{"line":51,"column":38}},"17":{"start":{"line":55,"column":2},"end":{"line":93,"column":4}},"18":{"start":{"line":80,"column":12},"end":{"line":83,"column":null}},"19":{"start":{"line":35,"column":13},"end":{"line":35,"column":41}}},"fnMap":{"0":{"name":"(anonymous_6)","decl":{"start":{"line":12,"column":75},"end":{"line":12,"column":76}},"loc":{"start":{"line":12,"column":90},"end":{"line":33,"column":1}}},"1":{"name":"(anonymous_7)","decl":{"start":{"line":35,"column":41},"end":{"line":35,"column":42}},"loc":{"start":{"line":41,"column":5},"end":{"line":94,"column":1}}},"2":{"name":"(anonymous_8)","decl":{"start":{"line":44,"column":12},"end":{"line":44,"column":15}},"loc":{"start":{"line":44,"column":17},"end":{"line":53,"column":3}}},"3":{"name":"(anonymous_9)","decl":{"start":{"line":47,"column":31},"end":{"line":47,"column":34}},"loc":{"start":{"line":47,"column":36},"end":{"line":50,"column":7}}},"4":{"name":"(anonymous_10)","decl":{"start":{"line":51,"column":13},"end":{"line":51,"column":16}},"loc":{"start":{"line":51,"column":19},"end":{"line":51,"column":38}}},"5":{"name":"(anonymous_11)","decl":{"start":{"line":79,"column":20},"end":{"line":79,"column":21}},"loc":{"start":{"line":80,"column":12},"end":{"line":83,"column":null}}}},"branchMap":{"0":{"loc":{"start":{"line":13,"column":2},"end":{"line":32,"column":null}},"type":"switch","locations":[{"start":{"line":14,"column":4},"end":{"line":21,"column":8}},{"start":{"line":22,"column":4},"end":{"line":29,"column":8}},{"start":{"line":30,"column":4},"end":{"line":31,"column":41}}]},"1":{"loc":{"start":{"line":38,"column":2},"end":{"line":38,"column":20}},"type":"default-arg","locations":[{"start":{"line":38,"column":11},"end":{"line":38,"column":20}}]},"2":{"loc":{"start":{"line":39,"column":2},"end":{"line":39,"column":19}},"type":"default-arg","locations":[{"start":{"line":39,"column":14},"end":{"line":39,"column":19}}]},"3":{"loc":{"start":{"line":45,"column":4},"end":{"line":52,"column":null}},"type":"if","locations":[{"start":{"line":45,"column":4},"end":{"line":52,"column":null}}]},"4":{"loc":{"start":{"line":74,"column":12},"end":{"line":74,"column":46}},"type":"cond-expr","locations":[{"start":{"line":74,"column":24},"end":{"line":74,"column":41}},{"start":{"line":74,"column":44},"end":{"line":74,"column":46}}]},"5":{"loc":{"start":{"line":75,"column":12},"end":{"line":75,"column":153}},"type":"cond-expr","locations":[{"start":{"line":75,"column":33},"end":{"line":75,"column":63}},{"start":{"line":75,"column":66},"end":{"line":75,"column":153}}]},"6":{"loc":{"start":{"line":75,"column":66},"end":{"line":75,"column":153}},"type":"cond-expr","locations":[{"start":{"line":75,"column":89},"end":{"line":75,"column":123}},{"start":{"line":75,"column":126},"end":{"line":75,"column":153}}]},"7":{"loc":{"start":{"line":83,"column":21},"end":{"line":83,"column":48}},"type":"binary-expr","locations":[{"start":{"line":83,"column":21},"end":{"line":83,"column":38}},{"start":{"line":83,"column":42},"end":{"line":83,"column":48}}]}},"s":{"0":0,"1":0,"2":0,"3":0,"4":0,"5":0,"6":0,"7":0,"8":0,"9":0,"10":0,"11":0,"12":0,"13":0,"14":0,"15":0,"16":0,"17":0,"18":0,"19":0},"f":{"0":0,"1":0,"2":0,"3":0,"4":0,"5":0},"b":{"0":[0,0,0],"1":[0],"2":[0],"3":[0],"4":[0,0],"5":[0,0],"6":[0,0],"7":[0,0]}}
,"C:\\Users\\nickg\\OneDrive\\Documents\\GitHub\\Project 3\\src\\generatePuzzle.ts": {"path":"C:\\Users\\nickg\\OneDrive\\Documents\\GitHub\\Project 3\\src\\generatePuzzle.ts","statementMap":{"0":{"start":{"line":1,"column":0},"end":{"line":1,"column":36}},"1":{"start":{"line":2,"column":0},"end":{"line":2,"column":65}},"2":{"start":{"line":3,"column":0},"end":{"line":3,"column":48}},"3":{"start":{"line":19,"column":28},"end":{"line":122,"column":2}},"4":{"start":{"line":127,"column":2},"end":{"line":134,"column":null}},"5":{"start":{"line":129,"column":6},"end":{"line":129,"column":15}},"6":{"start":{"line":131,"column":6},"end":{"line":131,"column":15}},"7":{"start":{"line":133,"column":6},"end":{"line":133,"column":15}},"8":{"start":{"line":143,"column":2},"end":{"line":156,"column":null}},"9":{"start":{"line":143,"column":21},"end":{"line":143,"column":22}},"10":{"start":{"line":144,"column":21},"end":{"line":144,"column":53}},"11":{"start":{"line":145,"column":19},"end":{"line":145,"column":51}},"12":{"start":{"line":147,"column":4},"end":{"line":147,"column":38}},"13":{"start":{"line":147,"column":29},"end":{"line":147,"column":38}},"14":{"start":{"line":149,"column":18},"end":{"line":149,"column":33}},"15":{"start":{"line":150,"column":16},"end":{"line":150,"column":29}},"16":{"start":{"line":152,"column":17},"end":{"line":152,"column":41}},"17":{"start":{"line":153,"column":4},"end":{"line":155,"column":null}},"18":{"start":{"line":154,"column":6},"end":{"line":154,"column":18}},"19":{"start":{"line":158,"column":2},"end":{"line":158,"column":14}},"20":{"start":{"line":162,"column":2},"end":{"line":162,"column":34}},"21":{"start":{"line":162,"column":24},"end":{"line":162,"column":34}},"22":{"start":{"line":164,"column":20},"end":{"line":164,"column":48}},"23":{"start":{"line":165,"column":20},"end":{"line":165,"column":55}},"24":{"start":{"line":167,"column":2},"end":{"line":167,"column":33}},"25":{"start":{"line":167,"column":23},"end":{"line":167,"column":33}},"26":{"start":{"line":170,"column":27},"end":{"line":170,"column":83}},"27":{"start":{"line":170,"column":77},"end":{"line":170,"column":82}},"28":{"start":{"line":171,"column":34},"end":{"line":171,"column":36}},"29":{"start":{"line":173,"column":2},"end":{"line":177,"column":null}},"30":{"start":{"line":173,"column":15},"end":{"line":173,"column":16}},"31":{"start":{"line":174,"column":20},"end":{"line":174,"column":63}},"32":{"start":{"line":175,"column":4},"end":{"line":175,"column":50}},"33":{"start":{"line":176,"column":4},"end":{"line":176,"column":40}},"34":{"start":{"line":179,"column":2},"end":{"line":179,"column":45}},"35":{"start":{"line":179,"column":38},"end":{"line":179,"column":43}},"36":{"start":{"line":187,"column":21},"end":{"line":187,"column":66}},"37":{"start":{"line":188,"column":14},"end":{"line":188,"column":36}},"38":{"start":{"line":190,"column":16},"end":{"line":190,"column":44}},"39":{"start":{"line":191,"column":23},"end":{"line":191,"column":54}},"40":{"start":{"line":193,"column":16},"end":{"line":193,"column":57}},"41":{"start":{"line":195,"column":2},"end":{"line":199,"column":null}},"42":{"start":{"line":196,"column":4},"end":{"line":198,"column":6}},"43":{"start":{"line":202,"column":21},"end":{"line":202,"column":68}},"44":{"start":{"line":203,"column":2},"end":{"line":207,"column":null}},"45":{"start":{"line":204,"column":4},"end":{"line":206,"column":6}},"46":{"start":{"line":210,"column":2},"end":{"line":212,"column":null}},"47":{"start":{"line":211,"column":4},"end":{"line":211,"column":81}},"48":{"start":{"line":214,"column":24},"end":{"line":214,"column":60}},"49":{"start":{"line":217,"column":27},"end":{"line":221,"column":54}},"50":{"start":{"line":221,"column":19},"end":{"line":221,"column":53}},"51":{"start":{"line":223,"column":2},"end":{"line":231,"column":4}},"52":{"start":{"line":182,"column":0},"end":{"line":182,"column":16}},"53":{"start":{"line":238,"column":2},"end":{"line":238,"column":75}},"54":{"start":{"line":234,"column":0},"end":{"line":234,"column":16}},"55":{"start":{"line":247,"column":19},"end":{"line":247,"column":59}},"56":{"start":{"line":249,"column":37},"end":{"line":249,"column":63}},"57":{"start":{"line":250,"column":23},"end":{"line":250,"column":55}},"58":{"start":{"line":253,"column":2},"end":{"line":260,"column":null}},"59":{"start":{"line":253,"column":21},"end":{"line":253,"column":22}},"60":{"start":{"line":254,"column":4},"end":{"line":259,"column":null}},"61":{"start":{"line":255,"column":26},"end":{"line":255,"column":57}},"62":{"start":{"line":256,"column":6},"end":{"line":256,"column":65}},"63":{"start":{"line":263,"column":2},"end":{"line":272,"column":null}},"64":{"start":{"line":263,"column":21},"end":{"line":263,"column":37}},"65":{"start":{"line":264,"column":4},"end":{"line":271,"column":null}},"66":{"start":{"line":264,"column":23},"end":{"line":264,"column":24}},"67":{"start":{"line":265,"column":6},"end":{"line":270,"column":null}},"68":{"start":{"line":266,"column":28},"end":{"line":266,"column":78}},"69":{"start":{"line":267,"column":8},"end":{"line":267,"column":78}},"70":{"start":{"line":275,"column":2},"end":{"line":287,"column":null}},"71":{"start":{"line":276,"column":27},"end":{"line":276,"column":41}},"72":{"start":{"line":277,"column":4},"end":{"line":286,"column":null}},"73":{"start":{"line":277,"column":23},"end":{"line":277,"column":35}},"74":{"start":{"line":278,"column":6},"end":{"line":285,"column":null}},"75":{"start":{"line":278,"column":25},"end":{"line":278,"column":26}},"76":{"start":{"line":279,"column":8},"end":{"line":284,"column":null}},"77":{"start":{"line":280,"column":30},"end":{"line":280,"column":85}},"78":{"start":{"line":281,"column":10},"end":{"line":281,"column":83}},"79":{"start":{"line":290,"column":2},"end":{"line":290,"column":14}},"80":{"start":{"line":241,"column":0},"end":{"line":241,"column":16}}},"fnMap":{"0":{"name":"getTargetPathLength","decl":{"start":{"line":126,"column":9},"end":{"line":126,"column":28}},"loc":{"start":{"line":126,"column":51},"end":{"line":135,"column":1}}},"1":{"name":"findPuzzleChain","decl":{"start":{"line":137,"column":9},"end":{"line":137,"column":24}},"loc":{"start":{"line":141,"column":29},"end":{"line":159,"column":1}}},"2":{"name":"pickLockedIndices","decl":{"start":{"line":161,"column":9},"end":{"line":161,"column":26}},"loc":{"start":{"line":161,"column":65},"end":{"line":180,"column":1}}},"3":{"name":"(anonymous_4)","decl":{"start":{"line":170,"column":67},"end":{"line":170,"column":68}},"loc":{"start":{"line":170,"column":77},"end":{"line":170,"column":82}}},"4":{"name":"(anonymous_5)","decl":{"start":{"line":179,"column":28},"end":{"line":179,"column":29}},"loc":{"start":{"line":179,"column":38},"end":{"line":179,"column":43}}},"5":{"name":"generatePuzzle","decl":{"start":{"line":182,"column":16},"end":{"line":182,"column":30}},"loc":{"start":{"line":185,"column":15},"end":{"line":232,"column":1}}},"6":{"name":"(anonymous_7)","decl":{"start":{"line":221,"column":11},"end":{"line":221,"column":15}},"loc":{"start":{"line":221,"column":19},"end":{"line":221,"column":53}}},"7":{"name":"getDailyPuzzle","decl":{"start":{"line":234,"column":16},"end":{"line":234,"column":30}},"loc":{"start":{"line":236,"column":24},"end":{"line":239,"column":1}}},"8":{"name":"generatePuzzleWithRetry","decl":{"start":{"line":241,"column":16},"end":{"line":241,"column":39}},"loc":{"start":{"line":245,"column":24},"end":{"line":291,"column":1}}}},"branchMap":{"0":{"loc":{"start":{"line":127,"column":2},"end":{"line":134,"column":null}},"type":"switch","locations":[{"start":{"line":128,"column":4},"end":{"line":129,"column":15}},{"start":{"line":130,"column":4},"end":{"line":131,"column":15}},{"start":{"line":132,"column":4},"end":{"line":133,"column":15}}]},"1":{"loc":{"start":{"line":141,"column":2},"end":{"line":141,"column":29}},"type":"default-arg","locations":[{"start":{"line":141,"column":24},"end":{"line":141,"column":29}}]},"2":{"loc":{"start":{"line":147,"column":4},"end":{"line":147,"column":38}},"type":"if","locations":[{"start":{"line":147,"column":4},"end":{"line":147,"column":38}}]},"3":{"loc":{"start":{"line":153,"column":4},"end":{"line":155,"column":null}},"type":"if","locations":[{"start":{"line":153,"column":4},"end":{"line":155,"column":null}}]},"4":{"loc":{"start":{"line":153,"column":8},"end":{"line":153,"column":44}},"type":"binary-expr","locations":[{"start":{"line":153,"column":8},"end":{"line":153,"column":12}},{"start":{"line":153,"column":16},"end":{"line":153,"column":44}}]},"5":{"loc":{"start":{"line":162,"column":2},"end":{"line":162,"column":34}},"type":"if","locations":[{"start":{"line":162,"column":2},"end":{"line":162,"column":34}}]},"6":{"loc":{"start":{"line":167,"column":2},"end":{"line":167,"column":33}},"type":"if","locations":[{"start":{"line":167,"column":2},"end":{"line":167,"column":33}}]},"7":{"loc":{"start":{"line":187,"column":21},"end":{"line":187,"column":66}},"type":"binary-expr","locations":[{"start":{"line":187,"column":21},"end":{"line":187,"column":25}},{"start":{"line":187,"column":29},"end":{"line":187,"column":66}}]},"8":{"loc":{"start":{"line":195,"column":2},"end":{"line":199,"column":null}},"type":"if","locations":[{"start":{"line":195,"column":2},"end":{"line":199,"column":null}}]},"9":{"loc":{"start":{"line":203,"column":2},"end":{"line":207,"column":null}},"type":"if","locations":[{"start":{"line":203,"column":2},"end":{"line":207,"column":null}}]},"10":{"loc":{"start":{"line":203,"column":6},"end":{"line":203,"column":55}},"type":"binary-expr","locations":[{"start":{"line":203,"column":6},"end":{"line":203,"column":17}},{"start":{"line":203,"column":21},"end":{"line":203,"column":55}}]},"11":{"loc":{"start":{"line":205,"column":97},"end":{"line":205,"column":125}},"type":"binary-expr","locations":[{"start":{"line":205,"column":97},"end":{"line":205,"column":115}},{"start":{"line":205,"column":119},"end":{"line":205,"column":125}}]},"12":{"loc":{"start":{"line":210,"column":2},"end":{"line":212,"column":null}},"type":"if","locations":[{"start":{"line":210,"column":2},"end":{"line":212,"column":null}}]},"13":{"loc":{"start":{"line":230,"column":22},"end":{"line":230,"column":80}},"type":"cond-expr","locations":[{"start":{"line":230,"column":52},"end":{"line":230,"column":68}},{"start":{"line":230,"column":71},"end":{"line":230,"column":80}}]},"14":{"loc":{"start":{"line":245,"column":2},"end":{"line":245,"column":24}},"type":"default-arg","locations":[{"start":{"line":245,"column":23},"end":{"line":245,"column":24}}]},"15":{"loc":{"start":{"line":247,"column":19},"end":{"line":247,"column":59}},"type":"binary-expr","locations":[{"start":{"line":247,"column":19},"end":{"line":247,"column":23}},{"start":{"line":247,"column":27},"end":{"line":247,"column":59}}]},"16":{"loc":{"start":{"line":275,"column":2},"end":{"line":287,"column":null}},"type":"if","locations":[{"start":{"line":275,"column":2},"end":{"line":287,"column":null}}]}},"s":{"0":0,"1":0,"2":0,"3":0,"4":0,"5":0,"6":0,"7":0,"8":0,"9":0,"10":0,"11":0,"12":0,"13":0,"14":0,"15":0,"16":0,"17":0,"18":0,"19":0,"20":0,"21":0,"22":0,"23":0,"24":0,"25":0,"26":0,"27":0,"28":0,"29":0,"30":0,"31":0,"32":0,"33":0,"34":0,"35":0,"36":0,"37":0,"38":0,"39":0,"40":0,"41":0,"42":0,"43":0,"44":0,"45":0,"46":0,"47":0,"48":0,"49":0,"50":0,"51":0,"52":0,"53":0,"54":0,"55":0,"56":0,"57":0,"58":0,"59":0,"60":0,"61":0,"62":0,"63":0,"64":0,"65":0,"66":0,"67":0,"68":0,"69":0,"70":0,"71":0,"72":0,"73":0,"74":0,"75":0,"76":0,"77":0,"78":0,"79":0,"80":0},"f":{"0":0,"1":0,"2":0,"3":0,"4":0,"5":0,"6":0,"7":0,"8":0},"b":{"0":[0,0,0],"1":[0],"2":[0],"3":[0],"4":[0,0],"5":[0],"6":[0],"7":[0,0],"8":[0],"9":[0],"10":[0,0],"11":[0,0],"12":[0],"13":[0,0],"14":[0],"15":[0,0],"16":[0]}}
,"C:\\Users\\nickg\\OneDrive\\Documents\\GitHub\\Project 3\\src\\index.tsx": {"path":"C:\\Users\\nickg\\OneDrive\\Documents\\GitHub\\Project 3\\src\\index.tsx","statementMap":{"0":{"start":{"line":1,"column":0},"end":{"line":1,"column":26}},"1":{"start":{"line":2,"column":0},"end":{"line":2,"column":40}},"2":{"start":{"line":3,"column":0},"end":{"line":3,"column":21}},"3":{"start":{"line":4,"column":0},"end":{"line":4,"column":28}},"4":{"start":{"line":5,"column":0},"end":{"line":5,"column":52}},"5":{"start":{"line":8,"column":14},"end":{"line":8,"column":25}},"6":{"start":{"line":9,"column":0},"end":{"line":9,"column":18}},"7":{"start":{"line":12,"column":0},"end":{"line":19,"column":null}},"8":{"start":{"line":13,"column":2},"end":{"line":18,"column":5}},"9":{"start":{"line":14,"column":25},"end":{"line":14,"column":36}},"10":{"start":{"line":15,"column":4},"end":{"line":17,"column":null}},"11":{"start":{"line":16,"column":6},"end":{"line":16,"column":27}},"12":{"start":{"line":21,"column":13},"end":{"line":21,"column":66}},"13":{"start":{"line":22,"column":0},"end":{"line":22,"column":21}}},"fnMap":{"0":{"name":"(anonymous_1)","decl":{"start":{"line":13,"column":79},"end":{"line":13,"column":82}},"loc":{"start":{"line":13,"column":84},"end":{"line":18,"column":3}}}},"branchMap":{"0":{"loc":{"start":{"line":12,"column":0},"end":{"line":19,"column":null}},"type":"if","locations":[{"start":{"line":12,"column":0},"end":{"line":19,"column":null}}]},"1":{"loc":{"start":{"line":15,"column":4},"end":{"line":17,"column":null}},"type":"if","locations":[{"start":{"line":15,"column":4},"end":{"line":17,"column":null}}]}},"s":{"0":0,"1":0,"2":0,"3":0,"4":0,"5":0,"6":0,"7":0,"8":0,"9":0,"10":0,"11":0,"12":0,"13":0},"f":{"0":0},"b":{"0":[0],"1":[0]}}
,"C:\\Users\\nickg\\OneDrive\\Documents\\GitHub\\Project 3\\src\\useGameState.ts": {"path":"C:\\Users\\nickg\\OneDrive\\Documents\\GitHub\\Project 3\\src\\useGameState.ts","statementMap":{"0":{"start":{"line":1,"column":0},"end":{"line":1,"column":76}},"1":{"start":{"line":4,"column":0},"end":{"line":4,"column":40}},"2":{"start":{"line":33,"column":2},"end":{"line":33,"column":53}},"3":{"start":{"line":33,"column":37},"end":{"line":33,"column":53}},"4":{"start":{"line":34,"column":14},"end":{"line":34,"column":15}},"5":{"start":{"line":35,"column":2},"end":{"line":37,"column":null}},"6":{"start":{"line":35,"column":15},"end":{"line":35,"column":16}},"7":{"start":{"line":36,"column":4},"end":{"line":36,"column":39}},"8":{"start":{"line":36,"column":31},"end":{"line":36,"column":39}},"9":{"start":{"line":38,"column":2},"end":{"line":38,"column":15}},"10":{"start":{"line":42,"column":2},"end":{"line":156,"column":null}},"11":{"start":{"line":44,"column":6},"end":{"line":46,"column":null}},"12":{"start":{"line":45,"column":8},"end":{"line":45,"column":21}},"13":{"start":{"line":47,"column":6},"end":{"line":51,"column":8}},"14":{"start":{"line":55,"column":6},"end":{"line":55,"column":56}},"15":{"start":{"line":55,"column":43},"end":{"line":55,"column":56}},"16":{"start":{"line":56,"column":6},"end":{"line":60,"column":8}},"17":{"start":{"line":64,"column":6},"end":{"line":64,"column":50}},"18":{"start":{"line":64,"column":37},"end":{"line":64,"column":50}},"19":{"start":{"line":66,"column":6},"end":{"line":85,"column":null}},"20":{"start":{"line":67,"column":8},"end":{"line":74,"column":10}},"21":{"start":{"line":76,"column":25},"end":{"line":76,"column":40}},"22":{"start":{"line":77,"column":8},"end":{"line":84,"column":10}},"23":{"start":{"line":89,"column":6},"end":{"line":89,"column":50}},"24":{"start":{"line":89,"column":37},"end":{"line":89,"column":50}},"25":{"start":{"line":90,"column":6},"end":{"line":94,"column":8}},"26":{"start":{"line":98,"column":6},"end":{"line":98,"column":50}},"27":{"start":{"line":98,"column":37},"end":{"line":98,"column":50}},"28":{"start":{"line":99,"column":6},"end":{"line":103,"column":8}},"29":{"start":{"line":107,"column":6},"end":{"line":110,"column":8}},"30":{"start":{"line":114,"column":6},"end":{"line":114,"column":50}},"31":{"start":{"line":114,"column":37},"end":{"line":114,"column":50}},"32":{"start":{"line":115,"column":6},"end":{"line":123,"column":8}},"33":{"start":{"line":127,"column":6},"end":{"line":130,"column":8}},"34":{"start":{"line":134,"column":6},"end":{"line":137,"column":8}},"35":{"start":{"line":141,"column":6},"end":{"line":151,"column":8}},"36":{"start":{"line":155,"column":6},"end":{"line":155,"column":19}},"37":{"start":{"line":160,"column":34},"end":{"line":170,"column":4}},"38":{"start":{"line":172,"column":28},"end":{"line":172,"column":65}},"39":{"start":{"line":173,"column":24},"end":{"line":173,"column":52}},"40":{"start":{"line":175,"column":2},"end":{"line":180,"column":15}},"41":{"start":{"line":176,"column":4},"end":{"line":179,"column":null}},"42":{"start":{"line":177,"column":6},"end":{"line":177,"column":43}},"43":{"start":{"line":178,"column":6},"end":{"line":178,"column":47}},"44":{"start":{"line":182,"column":22},"end":{"line":184,"column":8}},"45":{"start":{"line":183,"column":4},"end":{"line":183,"column":47}},"46":{"start":{"line":186,"column":23},"end":{"line":188,"column":8}},"47":{"start":{"line":187,"column":4},"end":{"line":187,"column":40}},"48":{"start":{"line":190,"column":21},"end":{"line":220,"column":21}},"49":{"start":{"line":191,"column":17},"end":{"line":191,"column":44}},"50":{"start":{"line":193,"column":4},"end":{"line":196,"column":null}},"51":{"start":{"line":194,"column":6},"end":{"line":194,"column":56}},"52":{"start":{"line":195,"column":6},"end":{"line":195,"column":13}},"53":{"start":{"line":198,"column":4},"end":{"line":201,"column":null}},"54":{"start":{"line":199,"column":6},"end":{"line":199,"column":56}},"55":{"start":{"line":200,"column":6},"end":{"line":200,"column":13}},"56":{"start":{"line":203,"column":25},"end":{"line":203,"column":73}},"57":{"start":{"line":204,"column":4},"end":{"line":207,"column":null}},"58":{"start":{"line":205,"column":6},"end":{"line":205,"column":56}},"59":{"start":{"line":206,"column":6},"end":{"line":206,"column":13}},"60":{"start":{"line":209,"column":24},"end":{"line":209,"column":60}},"61":{"start":{"line":210,"column":4},"end":{"line":213,"column":null}},"62":{"start":{"line":211,"column":6},"end":{"line":211,"column":56}},"63":{"start":{"line":212,"column":6},"end":{"line":212,"column":13}},"64":{"start":{"line":215,"column":4},"end":{"line":215,"column":53}},"65":{"start":{"line":217,"column":4},"end":{"line":219,"column":null}},"66":{"start":{"line":218,"column":6},"end":{"line":218,"column":37}},"67":{"start":{"line":222,"column":20},"end":{"line":224,"column":8}},"68":{"start":{"line":223,"column":4},"end":{"line":223,"column":44}},"69":{"start":{"line":226,"column":22},"end":{"line":228,"column":8}},"70":{"start":{"line":227,"column":4},"end":{"line":227,"column":45}},"71":{"start":{"line":230,"column":20},"end":{"line":232,"column":8}},"72":{"start":{"line":231,"column":4},"end":{"line":231,"column":37}},"73":{"start":{"line":234,"column":19},"end":{"line":237,"column":28}},"74":{"start":{"line":235,"column":4},"end":{"line":235,"column":42}},"75":{"start":{"line":235,"column":35},"end":{"line":235,"column":42}},"76":{"start":{"line":236,"column":4},"end":{"line":236,"column":36}},"77":{"start":{"line":239,"column":2},"end":{"line":248,"column":4}},"78":{"start":{"line":159,"column":0},"end":{"line":159,"column":16}}},"fnMap":{"0":{"name":"countDifferences","decl":{"start":{"line":32,"column":9},"end":{"line":32,"column":25}},"loc":{"start":{"line":32,"column":54},"end":{"line":39,"column":1}}},"1":{"name":"gameReducer","decl":{"start":{"line":41,"column":9},"end":{"line":41,"column":20}},"loc":{"start":{"line":41,"column":57},"end":{"line":157,"column":1}}},"2":{"name":"useGameState","decl":{"start":{"line":159,"column":16},"end":{"line":159,"column":28}},"loc":{"start":{"line":159,"column":47},"end":{"line":249,"column":1}}},"3":{"name":"(anonymous_3)","decl":{"start":{"line":175,"column":12},"end":{"line":175,"column":15}},"loc":{"start":{"line":175,"column":17},"end":{"line":180,"column":3}}},"4":{"name":"(anonymous_4)","decl":{"start":{"line":182,"column":34},"end":{"line":182,"column":35}},"loc":{"start":{"line":182,"column":53},"end":{"line":184,"column":3}}},"5":{"name":"(anonymous_5)","decl":{"start":{"line":186,"column":35},"end":{"line":186,"column":38}},"loc":{"start":{"line":186,"column":40},"end":{"line":188,"column":3}}},"6":{"name":"(anonymous_6)","decl":{"start":{"line":190,"column":33},"end":{"line":190,"column":36}},"loc":{"start":{"line":190,"column":38},"end":{"line":220,"column":3}}},"7":{"name":"(anonymous_7)","decl":{"start":{"line":222,"column":32},"end":{"line":222,"column":33}},"loc":{"start":{"line":222,"column":50},"end":{"line":224,"column":3}}},"8":{"name":"(anonymous_8)","decl":{"start":{"line":226,"column":34},"end":{"line":226,"column":35}},"loc":{"start":{"line":226,"column":53},"end":{"line":228,"column":3}}},"9":{"name":"(anonymous_9)","decl":{"start":{"line":230,"column":32},"end":{"line":230,"column":35}},"loc":{"start":{"line":230,"column":37},"end":{"line":232,"column":3}}},"10":{"name":"(anonymous_10)","decl":{"start":{"line":234,"column":31},"end":{"line":234,"column":34}},"loc":{"start":{"line":234,"column":36},"end":{"line":237,"column":3}}}},"branchMap":{"0":{"loc":{"start":{"line":33,"column":2},"end":{"line":33,"column":53}},"type":"if","locations":[{"start":{"line":33,"column":2},"end":{"line":33,"column":53}}]},"1":{"loc":{"start":{"line":36,"column":4},"end":{"line":36,"column":39}},"type":"if","locations":[{"start":{"line":36,"column":4},"end":{"line":36,"column":39}}]},"2":{"loc":{"start":{"line":42,"column":2},"end":{"line":156,"column":null}},"type":"switch","locations":[{"start":{"line":43,"column":4},"end":{"line":52,"column":null}},{"start":{"line":54,"column":4},"end":{"line":61,"column":null}},{"start":{"line":63,"column":4},"end":{"line":86,"column":null}},{"start":{"line":88,"column":4},"end":{"line":95,"column":null}},{"start":{"line":97,"column":4},"end":{"line":104,"column":null}},{"start":{"line":106,"column":4},"end":{"line":111,"column":null}},{"start":{"line":113,"column":4},"end":{"line":124,"column":null}},{"start":{"line":126,"column":4},"end":{"line":131,"column":null}},{"start":{"line":133,"column":4},"end":{"line":138,"column":null}},{"start":{"line":140,"column":4},"end":{"line":152,"column":null}},{"start":{"line":154,"column":4},"end":{"line":155,"column":19}}]},"3":{"loc":{"start":{"line":44,"column":6},"end":{"line":46,"column":null}},"type":"if","locations":[{"start":{"line":44,"column":6},"end":{"line":46,"column":null}}]},"4":{"loc":{"start":{"line":44,"column":10},"end":{"line":44,"column":70}},"type":"binary-expr","locations":[{"start":{"line":44,"column":10},"end":{"line":44,"column":35}},{"start":{"line":44,"column":39},"end":{"line":44,"column":70}}]},"5":{"loc":{"start":{"line":55,"column":6},"end":{"line":55,"column":56}},"type":"if","locations":[{"start":{"line":55,"column":6},"end":{"line":55,"column":56}}]},"6":{"loc":{"start":{"line":64,"column":6},"end":{"line":64,"column":50}},"type":"if","locations":[{"start":{"line":64,"column":6},"end":{"line":64,"column":50}}]},"7":{"loc":{"start":{"line":66,"column":6},"end":{"line":85,"column":null}},"type":"if","locations":[{"start":{"line":66,"column":6},"end":{"line":85,"column":null}},{"start":{"line":75,"column":13},"end":{"line":85,"column":null}}]},"8":{"loc":{"start":{"line":83,"column":17},"end":{"line":83,"column":51}},"type":"cond-expr","locations":[{"start":{"line":83,"column":33},"end":{"line":83,"column":39}},{"start":{"line":83,"column":42},"end":{"line":83,"column":51}}]},"9":{"loc":{"start":{"line":89,"column":6},"end":{"line":89,"column":50}},"type":"if","locations":[{"start":{"line":89,"column":6},"end":{"line":89,"column":50}}]},"10":{"loc":{"start":{"line":98,"column":6},"end":{"line":98,"column":50}},"type":"if","locations":[{"start":{"line":98,"column":6},"end":{"line":98,"column":50}}]},"11":{"loc":{"start":{"line":114,"column":6},"end":{"line":114,"column":50}},"type":"if","locations":[{"start":{"line":114,"column":6},"end":{"line":114,"column":50}}]},"12":{"loc":{"start":{"line":176,"column":4},"end":{"line":179,"column":null}},"type":"if","locations":[{"start":{"line":176,"column":4},"end":{"line":179,"column":null}}]},"13":{"loc":{"start":{"line":193,"column":4},"end":{"line":196,"column":null}},"type":"if","locations":[{"start":{"line":193,"column":4},"end":{"line":196,"column":null}}]},"14":{"loc":{"start":{"line":198,"column":4},"end":{"line":201,"column":null}},"type":"if","locations":[{"start":{"line":198,"column":4},"end":{"line":201,"column":null}}]},"15":{"loc":{"start":{"line":204,"column":4},"end":{"line":207,"column":null}},"type":"if","locations":[{"start":{"line":204,"column":4},"end":{"line":207,"column":null}}]},"16":{"loc":{"start":{"line":210,"column":4},"end":{"line":213,"column":null}},"type":"if","locations":[{"start":{"line":210,"column":4},"end":{"line":213,"column":null}}]},"17":{"loc":{"start":{"line":217,"column":4},"end":{"line":219,"column":null}},"type":"if","locations":[{"start":{"line":217,"column":4},"end":{"line":219,"column":null}}]},"18":{"loc":{"start":{"line":235,"column":4},"end":{"line":235,"column":42}},"type":"if","locations":[{"start":{"line":235,"column":4},"end":{"line":235,"column":42}}]}},"s":{"0":0,"1":0,"2":0,"3":0,"4":0,"5":0,"6":0,"7":0,"8":0,"9":0,"10":0,"11":0,"12":0,"13":0,"14":0,"15":0,"16":0,"17":0,"18":0,"19":0,"20":0,"21":0,"
[...]
,"C:\\Users\\nickg\\OneDrive\\Documents\\GitHub\\Project 3\\src\\lib\\economy\\wallet.ts": {"path":"C:\\Users\\nickg\\OneDrive\\Documents\\GitHub\\Project 3\\src\\lib\\economy\\wallet.ts","statementMap":{"0":{"start":{"line":2,"column":0},"end":{"line":2,"column":40}},"1":{"start":{"line":3,"column":0},"end":{"line":3,"column":51}},"2":{"start":{"line":23,"column":19},"end":{"line":23,"column":38}},"3":{"start":{"line":26,"column":2},"end":{"line":34,"column":4}},"4":{"start":{"line":25,"column":0},"end":{"line":25,"column":16}},"5":{"start":{"line":38,"column":16},"end":{"line":38,"column":48}},"6":{"start":{"line":39,"column":2},"end":{"line":41,"column":null}},"7":{"start":{"line":40,"column":4},"end":{"line":40,"column":30}},"8":{"start":{"line":42,"column":2},"end":{"line":51,"column":null}},"9":{"start":{"line":43,"column":17},"end":{"line":43,"column":34}},"10":{"start":{"line":45,"column":4},"end":{"line":48,"column":6}},"11":{"start":{"line":50,"column":4},"end":{"line":50,"column":30}},"12":{"start":{"line":37,"column":0},"end":{"line":37,"column":16}},"13":{"start":{"line":55,"column":2},"end":{"line":55,"column":59}},"14":{"start":{"line":54,"column":0},"end":{"line":54,"column":16}},"15":{"start":{"line":59,"column":26},"end":{"line":64,"column":4}},"16":{"start":{"line":65,"column":2},"end":{"line":65,"column":17}},"17":{"start":{"line":58,"column":0},"end":{"line":58,"column":16}},"18":{"start":{"line":69,"column":16},"end":{"line":69,"column":46}},"19":{"start":{"line":70,"column":2},"end":{"line":75,"column":4}},"20":{"start":{"line":68,"column":0},"end":{"line":68,"column":16}},"21":{"start":{"line":79,"column":19},"end":{"line":79,"column":31}},"22":{"start":{"line":80,"column":16},"end":{"line":80,"column":34}},"23":{"start":{"line":81,"column":19},"end":{"line":81,"column":38}},"24":{"start":{"line":82,"column":18},"end":{"line":82,"column":55}},"25":{"start":{"line":84,"column":27},"end":{"line":90,"column":4}},"26":{"start":{"line":92,"column":2},"end":{"line":98,"column":4}},"27":{"start":{"line":78,"column":0},"end":{"line":78,"column":16}}},"fnMap":{"0":{"name":"getDefaultWallet","decl":{"start":{"line":25,"column":16},"end":{"line":25,"column":32}},"loc":{"start":{"line":25,"column":32},"end":{"line":35,"column":1}}},"1":{"name":"loadWallet","decl":{"start":{"line":37,"column":16},"end":{"line":37,"column":26}},"loc":{"start":{"line":37,"column":26},"end":{"line":52,"column":1}}},"2":{"name":"saveWallet","decl":{"start":{"line":54,"column":16},"end":{"line":54,"column":26}},"loc":{"start":{"line":54,"column":41},"end":{"line":56,"column":1}}},"3":{"name":"earnCoins","decl":{"start":{"line":58,"column":16},"end":{"line":58,"column":25}},"loc":{"start":{"line":58,"column":76},"end":{"line":66,"column":1}}},"4":{"name":"spendCoins","decl":{"start":{"line":68,"column":16},"end":{"line":68,"column":26}},"loc":{"start":{"line":68,"column":77},"end":{"line":76,"column":1}}},"5":{"name":"addXp","decl":{"start":{"line":78,"column":16},"end":{"line":78,"column":21}},"loc":{"start":{"line":78,"column":70},"end":{"line":99,"column":1}}}},"branchMap":{"0":{"loc":{"start":{"line":39,"column":2},"end":{"line":41,"column":null}},"type":"if","locations":[{"start":{"line":39,"column":2},"end":{"line":41,"column":null}}]}},"s":{"0":1,"1":1,"2":1,"3":30,"4":1,"5":68,"6":68,"7":0,"8":68,"9":68,"10":68,"11":0,"12":1,"13":67,"14":1,"15":35,"16":35,"17":1,"18":11,"19":11,"20":1,"21":15,"22":15,"23":15,"24":15,"25":15,"26":15,"27":1},"f":{"0":30,"1":68,"2":67,"3":35,"4":11,"5":15},"b":{"0":[0]}}
,"C:\\Users\\nickg\\OneDrive\\Documents\\GitHub\\Project 3\\src\\pages\\ComponentsPreview.tsx": {"path":"C:\\Users\\nickg\\OneDrive\\Documents\\GitHub\\Project 3\\src\\pages\\ComponentsPreview.tsx","statementMap":{"0":{"start":{"line":1,"column":0},"end":{"line":1,"column":40}},"1":{"start":{"line":2,"column":0},"end":{"line":2,"column":50}},"2":{"start":{"line":3,"column":0},"end":{"line":3,"column":54}},"3":{"start":{"line":5,"column":43},"end":{"line":75,"column":1}},"4":{"start":{"line":6,"column":34},"end":{"line":6,"column":49}},"5":{"start":{"line":8,"column":2},"end":{"line":14,"column":17}},"6":{"start":{"line":9,"column":4},"end":{"line":13,"column":null}},"7":{"start":{"line":10,"column":6},"end":{"line":10,"column":53}},"8":{"start":{"line":12,"column":6},"end":{"line":12,"column":56}},"9":{"start":{"line":16,"column":2},"end":{"line":74,"column":4}},"10":{"start":{"line":23,"column":29},"end":{"line":23,"column":51}},"11":{"start":{"line":5,"column":13},"end":{"line":5,"column":43}}},"fnMap":{"0":{"name":"(anonymous_6)","decl":{"start":{"line":5,"column":43},"end":{"line":5,"column":46}},"loc":{"start":{"line":5,"column":48},"end":{"line":75,"column":1}}},"1":{"name":"(anonymous_7)","decl":{"start":{"line":8,"column":18},"end":{"line":8,"column":21}},"loc":{"start":{"line":8,"column":23},"end":{"line":14,"column":3}}},"2":{"name":"(anonymous_8)","decl":{"start":{"line":23,"column":23},"end":{"line":23,"column":26}},"loc":{"start":{"line":23,"column":29},"end":{"line":23,"column":51}}}},"branchMap":{"0":{"loc":{"start":{"line":9,"column":4},"end":{"line":13,"column":null}},"type":"if","locations":[{"start":{"line":9,"column":4},"end":{"line":13,"column":null}},{"start":{"line":11,"column":11},"end":{"line":13,"column":null}}]},"1":{"loc":{"start":{"line":17,"column":36},"end":{"line":17,"column":58}},"type":"cond-expr","locations":[{"start":{"line":17,"column":47},"end":{"line":17,"column":53}},{"start":{"line":17,"column":56},"end":{"line":17,"column":58}}]},"2":{"loc":{"start":{"line":26,"column":15},"end":{"line":26,"column":48}},"type":"cond-expr","locations":[{"start":{"line":26,"column":26},"end":{"line":26,"column":36}},{"start":{"line":26,"column":39},"end":{"line":26,"column":48}}]}},"s":{"0":0,"1":0,"2":0,"3":0,"4":0,"5":0,"6":0,"7":0,"8":0,"9":0,"10":0,"11":0},"f":{"0":0,"1":0,"2":0},"b":{"0":[0,0],"1":[0,0],"2":[0,0]}}
,"C:\\Users\\nickg\\OneDrive\\Documents\\GitHub\\Project 3\\src\\pages\\HomePage.tsx": {"path":"C:\\Users\\nickg\\OneDrive\\Documents\\GitHub\\Project 3\\src\\pages\\HomePage.tsx","statementMap":{"0":{"start":{"line":1,"column":0},"end":{"line":1,"column":41}},"1":{"start":{"line":2,"column":0},"end":{"line":2,"column":40}},"2":{"start":{"line":3,"column":0},"end":{"line":3,"column":50}},"3":{"start":{"line":4,"column":0},"end":{"line":4,"column":64}},"4":{"start":{"line":5,"column":0},"end":{"line":5,"column":54}},"5":{"start":{"line":7,"column":34},"end":{"line":94,"column":1}},"6":{"start":{"line":8,"column":2},"end":{"line":10,"column":9}},"7":{"start":{"line":9,"column":4},"end":{"line":9,"column":35}},"8":{"start":{"line":11,"column":2},"end":{"line":93,"column":4}},"9":{"start":{"line":7,"column":13},"end":{"line":7,"column":34}}},"fnMap":{"0":{"name":"(anonymous_6)","decl":{"start":{"line":7,"column":34},"end":{"line":7,"column":37}},"loc":{"start":{"line":7,"column":39},"end":{"line":94,"column":1}}},"1":{"name":"(anonymous_7)","decl":{"start":{"line":8,"column":12},"end":{"line":8,"column":15}},"loc":{"start":{"line":8,"column":17},"end":{"line":10,"column":3}}}},"branchMap":{},"s":{"0":0,"1":0,"2":0,"3":0,"4":0,"5":0,"6":0,"7":0,"8":0,"9":0},"f":{"0":0,"1":0},"b":{}}
,"C:\\Users\\nickg\\OneDrive\\Documents\\GitHub\\Project 3\\src\\pages\\SettingsPage.tsx": {"path":"C:\\Users\\nickg\\OneDrive\\Documents\\GitHub\\Project 3\\src\\pages\\SettingsPage.tsx","statementMap":{"0":{"start":{"line":1,"column":0},"end":{"line":1,"column":51}},"1":{"start":{"line":2,"column":0},"end":{"line":2,"column":40}},"2":{"start":{"line":3,"column":0},"end":{"line":3,"column":71}},"3":{"start":{"line":7,"column":23},"end":{"line":7,"column":46}},"4":{"start":{"line":10,"column":2},"end":{"line":17,"column":null}},"5":{"start":{"line":11,"column":19},"end":{"line":11,"column":55}},"6":{"start":{"line":12,"column":4},"end":{"line":14,"column":null}},"7":{"start":{"line":13,"column":6},"end":{"line":13,"column":20}},"8":{"start":{"line":18,"column":2},"end":{"line":18,"column":18}},"9":{"start":{"line":22,"column":2},"end":{"line":26,"column":null}},"10":{"start":{"line":23,"column":4},"end":{"line":23,"column":53}},"11":{"start":{"line":29,"column":38},"end":{"line":127,"column":1}},"12":{"start":{"line":30,"column":28},"end":{"line":30,"column":56}},"13":{"start":{"line":31,"column":38},"end":{"line":31,"column":76}},"14":{"start":{"line":33,"column":2},"end":{"line":35,"column":9}},"15":{"start":{"line":34,"column":4},"end":{"line":34,"column":46}},"16":{"start":{"line":37,"column":28},"end":{"line":41,"column":3}},"17":{"start":{"line":38,"column":4},"end":{"line":38,"column":23}},"18":{"start":{"line":39,"column":4},"end":{"line":39,"column":24}},"19":{"start":{"line":40,"column":4},"end":{"line":40,"column":25}},"20":{"start":{"line":43,"column":33},"end":{"line":46,"column":3}},"21":{"start":{"line":44,"column":4},"end":{"line":44,"column":33}},"22":{"start":{"line":45,"column":4},"end":{"line":45,"column":34}},"23":{"start":{"line":48,"column":2},"end":{"line":126,"column":4}},"24":{"start":{"line":84,"column":14},"end":{"line":95,"column":null}},"25":{"start":{"line":90,"column":35},"end":{"line":90,"column":77}},"26":{"start":{"line":108,"column":14},"end":{"line":119,"column":null}},"27":{"start":{"line":114,"column":35},"end":{"line":114,"column":87}},"28":{"start":{"line":29,"column":13},"end":{"line":29,"column":38}}},"fnMap":{"0":{"name":"loadDifficulty","decl":{"start":{"line":9,"column":9},"end":{"line":9,"column":23}},"loc":{"start":{"line":9,"column":23},"end":{"line":19,"column":1}}},"1":{"name":"saveDifficulty","decl":{"start":{"line":21,"column":9},"end":{"line":21,"column":23}},"loc":{"start":{"line":21,"column":46},"end":{"line":27,"column":1}}},"2":{"name":"(anonymous_8)","decl":{"start":{"line":29,"column":38},"end":{"line":29,"column":41}},"loc":{"start":{"line":29,"column":43},"end":{"line":127,"column":1}}},"3":{"name":"(anonymous_9)","decl":{"start":{"line":33,"column":18},"end":{"line":33,"column":21}},"loc":{"start":{"line":33,"column":23},"end":{"line":35,"column":3}}},"4":{"name":"(anonymous_10)","decl":{"start":{"line":37,"column":28},"end":{"line":37,"column":29}},"loc":{"start":{"line":37,"column":48},"end":{"line":41,"column":3}}},"5":{"name":"(anonymous_11)","decl":{"start":{"line":43,"column":33},"end":{"line":43,"column":34}},"loc":{"start":{"line":43,"column":63},"end":{"line":46,"column":3}}},"6":{"name":"(anonymous_12)","decl":{"start":{"line":83,"column":56},"end":{"line":83,"column":57}},"loc":{"start":{"line":84,"column":14},"end":{"line":95,"column":null}}},"7":{"name":"(anonymous_13)","decl":{"start":{"line":90,"column":28},"end":{"line":90,"column":29}},"loc":{"start":{"line":90,"column":35},"end":{"line":90,"column":77}}},"8":{"name":"(anonymous_14)","decl":{"start":{"line":107,"column":55},"end":{"line":107,"column":56}},"loc":{"start":{"line":108,"column":14},"end":{"line":119,"column":null}}},"9":{"name":"(anonymous_15)","decl":{"start":{"line":114,"column":28},"end":{"line":114,"column":29}},"loc":{"start":{"line":114,"column":35},"end":{"line":114,"column":87}}}},"branchMap":{"0":{"loc":{"start":{"line":12,"column":4},"end":{"line":14,"column":null}},"type":"if","locations":[{"start":{"line":12,"column":4},"end":{"line":14,"column":null}}]},"1":{"loc":{"start":{"line":12,"column":8},"end":{"line":12,"column":69}},"type":"binary-expr","locations":[{"start":{"line":12,"column":8},"end":{"line":12,"column":25}},{"start":{"line":12,"column":29},"end":{"line":12,"column":48}},{"start":{"line":12,"column":52},"end":{"line":12,"column":69}}]},"2":{"loc":{"start":{"line":94,"column":19},"end":{"line":94,"column":115}},"type":"cond-expr","locations":[{"start":{"line":94,"column":46},"end":{"line":94,"column":54}},{"start":{"line":94,"column":57},"end":{"line":94,"column":115}}]}},"s":{"0":0,"1":0,"2":0,"3":0,"4":0,"5":0,"6":0,"7":0,"8":0,"9":0,"10":0,"11":0,"12":0,"13":0,"14":0,"15":0,"16":0,"17":0,"18":0,"19":0,"20":0,"21":0,"22":0,"23":0,"24":0,"25":0,"26":0,"27":0,"28":0},"f":{"0":0,"1":0,"2":0,"3":0,"4":0,"5":0,"6":0,"7":0,"8":0,"9":0},"b":{"0":[0],"1":[0,0,0],"2":[0,0]}}
,"C:\\Users\\nickg\\OneDrive\\Documents\\GitHub\\Project 3\\src\\scripts\\auditDictionary.ts": {"path":"C:\\Users\\nickg\\OneDrive\\Documents\\GitHub\\Project 3\\src\\scripts\\auditDictionary.ts","statementMap":{"0":{"start":{"line":1,"column":0},"end":{"line":1,"column":49}},"1":{"start":{"line":2,"column":0},"end":{"line":2,"column":44}},"2":{"start":{"line":5,"column":18},"end":{"line":5,"column":35}},"3":{"start":{"line":6,"column":33},"end":{"line":6,"column":35}},"4":{"start":{"line":8,"column":2},"end":{"line":29,"column":null}},"5":{"start":{"line":8,"column":15},"end":{"line":8,"column":16}},"6":{"start":{"line":9,"column":4},"end":{"line":9,"column":40}},"7":{"start":{"line":9,"column":31},"end":{"line":9,"column":40}},"8":{"start":{"line":11,"column":32},"end":{"line":11,"column":34}},"9":{"start":{"line":12,"column":18},"end":{"line":12,"column":28}},"10":{"start":{"line":13,"column":4},"end":{"line":13,"column":26}},"11":{"start":{"line":15,"column":4},"end":{"line":26,"column":null}},"12":{"start":{"line":16,"column":19},"end":{"line":16,"column":33}},"13":{"start":{"line":17,"column":18},"end":{"line":17,"column":37}},"14":{"start":{"line":18,"column":6},"end":{"line":18,"column":26}},"15":{"start":{"line":20,"column":6},"end":{"line":25,"column":null}},"16":{"start":{"line":21,"column":8},"end":{"line":24,"column":null}},"17":{"start":{"line":22,"column":10},"end":{"line":22,"column":32}},"18":{"start":{"line":23,"column":10},"end":{"line":23,"column":31}},"19":{"start":{"line":28,"column":4},"end":{"line":28,"column":31}},"20":{"start":{"line":31,"column":2},"end":{"line":31,"column":20}},"21":{"start":{"line":35,"column":2},"end":{"line":35,"column":59}},"22":{"start":{"line":37,"column":2},"end":{"line":61,"column":null}},"23":{"start":{"line":38,"column":18},"end":{"line":38,"column":42}},"24":{"start":{"line":39,"column":20},"end":{"line":39,"column":67}},"25":{"start":{"line":39,"column":38},"end":{"line":39,"column":66}},"26":{"start":{"line":40,"column":23},"end":{"line":40,"column":53}},"27":{"start":{"line":41,"column":29},"end":{"line":42,"column":null}},"28":{"start":{"line":42,"column":6},"end":{"line":42,"column":43}},"29":{"start":{"line":45,"column":25},"end":{"line":45,"column":77}},"30":{"start":{"line":45,"column":48},"end":{"line":45,"column":76}},"31":{"start":{"line":47,"column":4},"end":{"line":47,"column":45}},"32":{"start":{"line":48,"column":4},"end":{"line":48,"column":44}},"33":{"start":{"line":49,"column":4},"end":{"line":49,"column":64}},"34":{"start":{"line":50,"column":4},"end":{"line":50,"column":131}},"35":{"start":{"line":51,"column":4},"end":{"line":51,"column":62}},"36":{"start":{"line":52,"column":4},"end":{"line":54,"column":null}},"37":{"start":{"line":53,"column":6},"end":{"line":53,"column":47}},"38":{"start":{"line":55,"column":4},"end":{"line":55,"column":71}},"39":{"start":{"line":56,"column":4},"end":{"line":60,"column":null}},"40":{"start":{"line":57,"column":6},"end":{"line":59,"column":9}},"41":{"start":{"line":58,"column":8},"end":{"line":58,"column":73}},"42":{"start":{"line":58,"column":46},"end":{"line":58,"column":56}},"43":{"start":{"line":34,"column":0},"end":{"line":34,"column":16}},"44":{"start":{"line":64,"column":0},"end":{"line":66,"column":null}},"45":{"start":{"line":65,"column":2},"end":{"line":65,"column":20}}},"fnMap":{"0":{"name":"findConnectedComponents","decl":{"start":{"line":4,"column":9},"end":{"line":4,"column":32}},"loc":{"start":{"line":4,"column":48},"end":{"line":32,"column":1}}},"1":{"name":"auditDictionary","decl":{"start":{"line":34,"column":16},"end":{"line":34,"column":31}},"loc":{"start":{"line":34,"column":31},"end":{"line":62,"column":1}}},"2":{"name":"(anonymous_2)","decl":{"start":{"line":39,"column":33},"end":{"line":39,"column":34}},"loc":{"start":{"line":39,"column":38},"end":{"line":39,"column":66}}},"3":{"name":"(anonymous_3)","decl":{"start":{"line":41,"column":47},"end":{"line":41,"column":48}},"loc":{"start":{"line":42,"column":6},"end":{"line":42,"column":43}}},"4":{"name":"(anonymous_4)","decl":{"start":{"line":45,"column":43},"end":{"line":45,"column":44}},"loc":{"start":{"line":45,"column":48},"end":{"line":45,"column":76}}},"5":{"name":"(anonymous_5)","decl":{"start":{"line":57,"column":27},"end":{"line":57,"column":33}},"loc":{"start":{"line":57,"column":36},"end":{"line":59,"column":7}}},"6":{"name":"(anonymous_6)","decl":{"start":{"line":58,"column":39},"end":{"line":58,"column":42}},"loc":{"start":{"line":58,"column":46},"end":{"line":58,"column":56}}}},"branchMap":{"0":{"loc":{"start":{"line":9,"column":4},"end":{"line":9,"column":40}},"type":"if","locations":[{"start":{"line":9,"column":4},"end":{"line":9,"column":40}}]},"1":{"loc":{"start":{"line":21,"column":8},"end":{"line":24,"column":null}},"type":"if","locations":[{"start":{"line":21,"column":8},"end":{"line":24,"column":null}}]},"2":{"loc":{"start":{"line":42,"column":6},"end":{"line":42,"column":43}},"type":"cond-expr","locations":[{"start":{"line":42,"column":33},"end":{"line":42,"column":37}},{"start":{"line":42,"column":40},"end":{"line":42,"column":43}}]},"3":{"loc":{"start":{"line":45,"column":48},"end":{"line":45,"column":76}},"type":"binary-expr","locations":[{"start":{"line":45,"column":48},"end":{"line":45,"column":60}},{"start":{"line":45,"column":64},"end":{"line":45,"column":76}}]},"4":{"loc":{"start":{"line":52,"column":4},"end":{"line":54,"column":null}},"type":"if","locations":[{"start":{"line":52,"column":4},"end":{"line":54,"column":null}}]},"5":{"loc":{"start":{"line":52,"column":8},"end":{"line":52,"column":50}},"type":"binary-expr","locations":[{"start":{"line":52,"column":8},"end":{"line":52,"column":26}},{"start":{"line":52,"column":30},"end":{"line":52,"column":50}}]},"6":{"loc":{"start":{"line":56,"column":4},"end":{"line":60,"column":null}},"type":"if","locations":[{"start":{"line":56,"column":4},"end":{"line":60,"column":null}}]},"7":{"loc":{"start":{"line":56,"column":8},"end":{"line":56,"column":59}},"type":"binary-expr","locations":[{"start":{"line":56,"column":8},"end":{"line":56,"column":31}},{"start":{"line":56,"column":35},"end":{"line":56,"column":59}}]},"8":{"loc":{"start":{"line":64,"column":0},"end":{"line":66,"column":null}},"type":"if","locations":[{"start":{"line":64,"column":0},"end":{"line":66,"column":null}}]}},"s":{"0":0,"1":0,"2":0,"3":0,"4":0,"5":0,"6":0,"7":0,"8":0,"9":0,"10":0,"11":0,"12":0,"13":0,"14":0,"15":0,"16":0,"17":0,"18":0,"19":0,"20":0,"21":0,"22":0,"23":0,"24":0,"25":0,"26":0,"27":0,"28":0,"29":0,"30":0,"31":0,"32":0,"33":0,"34":0,"35":0,"36":0,"37":0,"38":0,"39":0,"40":0,"41":0,"42":0,"43":0,"44":0,"45":0},"f":{"0":0,"1":0,"2":0,"3":0,"4":0,"5":0,"6":0},"b":{"0":[0],"1":[0],"2":[0,0],"3":[0,0],"4":[0],"5":[0,0],"6":[0],"7":[0,0],"8":[0]}}
}
