TN:
SF:src\App.tsx
FN:14,(anonymous_1)
FNF:1
FNH:0
FNDA:0,(anonymous_1)
DA:1,0
DA:2,0
DA:3,0
DA:4,0
DA:5,0
DA:6,0
DA:7,0
DA:8,0
DA:9,0
DA:10,0
DA:11,0
DA:12,0
DA:14,0
DA:15,0
LF:14
LH:0
BRF:0
BRH:0
end_of_record
TN:
SF:src\ClassicGame.tsx
FN:23,getUserId
FN:45,(anonymous_7)
FN:47,(anonymous_8)
FN:60,(anonymous_9)
FN:69,(anonymous_10)
FN:74,(anonymous_11)
FN:89,(anonymous_12)
FN:93,(anonymous_13)
FN:103,(anonymous_14)
FN:124,(anonymous_15)
FN:129,(anonymous_16)
FN:140,(anonymous_17)
FN:145,(anonymous_18)
FN:164,(anonymous_19)
FN:167,(anonymous_20)
FN:171,(anonymous_21)
FN:182,(anonymous_22)
FN:183,(anonymous_23)
FN:189,(anonymous_24)
FN:213,(anonymous_25)
FN:216,(anonymous_26)
FN:220,(anonymous_27)
FN:224,(anonymous_28)
FN:231,(anonymous_29)
FN:239,(anonymous_30)
FN:246,(anonymous_31)
FN:247,(anonymous_32)
FN:252,(anonymous_33)
FN:264,(anonymous_34)
FN:284,(anonymous_35)
FN:305,(anonymous_36)
FN:312,(anonymous_37)
FN:348,(anonymous_38)
FN:362,(anonymous_39)
FN:380,(anonymous_40)
FN:402,(anonymous_41)
FN:407,(anonymous_42)
FN:419,(anonymous_43)
FN:455,(anonymous_44)
FN:466,(anonymous_45)
FN:493,(anonymous_46)
FN:508,(anonymous_47)
FN:508,(anonymous_48)
FN:542,(anonymous_49)
FN:584,(anonymous_50)
FN:597,(anonymous_51)
FN:616,(anonymous_52)
FNF:47
FNH:0
FNDA:0,getUserId
FNDA:0,(anonymous_7)
FNDA:0,(anonymous_8)
FNDA:0,(anonymous_9)
FNDA:0,(anonymous_10)
FNDA:0,(anonymous_11)
FNDA:0,(anonymous_12)
FNDA:0,(anonymous_13)
FNDA:0,(anonymous_14)
FNDA:0,(anonymous_15)
FNDA:0,(anonymous_16)
FNDA:0,(anonymous_17)
FNDA:0,(anonymous_18)
FNDA:0,(anonymous_19)
FNDA:0,(anonymous_20)
FNDA:0,(anonymous_21)
FNDA:0,(anonymous_22)
FNDA:0,(anonymous_23)
FNDA:0,(anonymous_24)
FNDA:0,(anonymous_25)
FNDA:0,(anonymous_26)
FNDA:0,(anonymous_27)
FNDA:0,(anonymous_28)
FNDA:0,(anonymous_29)
FNDA:0,(anonymous_30)
FNDA:0,(anonymous_31)
FNDA:0,(anonymous_32)
FNDA:0,(anonymous_33)
FNDA:0,(anonymous_34)
FNDA:0,(anonymous_35)
FNDA:0,(anonymous_36)
FNDA:0,(anonymous_37)
FNDA:0,(anonymous_38)
FNDA:0,(anonymous_39)
FNDA:0,(anonymous_40)
FNDA:0,(anonymous_41)
FNDA:0,(anonymous_42)
FNDA:0,(anonymous_43)
FNDA:0,(anonymous_44)
FNDA:0,(anonymous_45)
FNDA:0,(anonymous_46)
FNDA:0,(anonymous_47)
FNDA:0,(anonymous_48)
FNDA:0,(anonymous_49)
FNDA:0,(anonymous_50)
FNDA:0,(anonymous_51)
FNDA:0,(anonymous_52)
DA:1,0
DA:2,0
DA:3,0
DA:4,0
DA:5,0
DA:6,0
DA:7,0
DA:8,0
DA:9,0
DA:10,0
DA:11,0
DA:12,0
DA:13,0
DA:15,0
DA:24,0
DA:25,0
DA:27,0
DA:29,0
DA:31,0
DA:34,0
DA:45,0
DA:46,0
DA:47,0
DA:55,0
DA:56,0
DA:57,0
DA:58,0
DA:60,0
DA:61,0
DA:63,0
DA:64,0
DA:65,0
DA:66,0
DA:67,0
DA:69,0
DA:70,0
DA:71,0
DA:74,0
DA:75,0
DA:78,0
DA:79,0
DA:80,0
DA:81,0
DA:83,0
DA:89,0
DA:90,0
DA:93,0
DA:94,0
DA:95,0
DA:96,0
DA:98,0
DA:103,0
DA:104,0
DA:105,0
DA:107,0
DA:108,0
DA:109,0
DA:110,0
DA:111,0
DA:112,0
DA:113,0
DA:115,0
DA:118,0
DA:120,0
DA:122,0
DA:124,0
DA:129,0
DA:131,0
DA:132,0
DA:134,0
DA:135,0
DA:136,0
DA:138,0
DA:140,0
DA:145,0
DA:147,0
DA:148,0
DA:152,0
DA:153,0
DA:154,0
DA:156,0
DA:165,0
DA:167,0
DA:168,0
DA:172,0
DA:176,0
DA:177,0
DA:178,0
DA:180,0
DA:181,0
DA:182,0
DA:183,0
DA:184,0
DA:189,0
DA:191,0
DA:192,0
DA:193,0
DA:197,0
DA:200,0
DA:203,0
DA:205,0
DA:206,0
DA:209,0
DA:213,0
DA:214,0
DA:216,0
DA:217,0
DA:220,0
DA:224,0
DA:225,0
DA:226,0
DA:231,0
DA:232,0
DA:233,0
DA:234,0
DA:239,0
DA:240,0
DA:241,0
DA:242,0
DA:243,0
DA:244,0
DA:245,0
DA:246,0
DA:247,0
DA:248,0
DA:252,0
DA:253,0
DA:254,0
DA:255,0
DA:256,0
DA:257,0
DA:258,0
DA:259,0
DA:261,0
DA:264,0
DA:265,0
DA:266,0
DA:268,0
DA:269,0
DA:271,0
DA:273,0
DA:276,0
DA:277,0
DA:281,0
DA:284,0
DA:285,0
DA:286,0
DA:287,0
DA:288,0
DA:289,0
DA:290,0
DA:292,0
DA:294,0
DA:297,0
DA:298,0
DA:302,0
DA:305,0
DA:306,0
DA:307,0
DA:308,0
DA:312,0
DA:313,0
DA:314,0
DA:316,0
DA:317,0
DA:319,0
DA:321,0
DA:324,0
DA:325,0
DA:329,0
DA:332,0
DA:348,0
DA:363,0
DA:380,0
DA:403,0
DA:408,0
DA:420,0
DA:456,0
DA:467,0
DA:493,0
DA:508,0
DA:585,0
DA:598,0
DA:599,0
DA:600,0
DA:601,0
DA:602,0
DA:603,0
DA:605,0
DA:617,0
DA:618,0
DA:619,0
DA:621,0
LF:193
LH:0
BRDA:27,0,0,0
BRDA:47,1,0,0
BRDA:47,1,1,0
BRDA:71,2,0,0
BRDA:71,2,1,0
BRDA:95,3,0,0
BRDA:95,3,1,0
BRDA:104,4,0,0
BRDA:104,5,0,0
BRDA:104,5,1,0
BRDA:104,5,2,0
BRDA:107,6,0,0
BRDA:107,6,1,0
BRDA:135,7,0,0
BRDA:158,8,0,0
BRDA:158,8,1,0
BRDA:160,9,0,0
BRDA:160,9,1,0
BRDA:165,10,0,0
BRDA:165,11,0,0
BRDA:165,11,1,0
BRDA:177,12,0,0
BRDA:191,13,0,0
BRDA:197,14,0,0
BRDA:200,15,0,0
BRDA:200,15,1,0
BRDA:205,16,0,0
BRDA:214,17,0,0
BRDA:225,18,0,0
BRDA:225,19,0,0
BRDA:225,19,1,0
BRDA:232,20,0,0
BRDA:232,21,0,0
BRDA:232,21,1,0
BRDA:241,22,0,0
BRDA:241,22,1,0
BRDA:254,23,0,0
BRDA:256,24,0,0
BRDA:256,25,0,0
BRDA:256,25,1,0
BRDA:259,26,0,0
BRDA:266,27,0,0
BRDA:269,28,0,0
BRDA:271,29,0,0
BRDA:271,29,1,0
BRDA:276,30,0,0
BRDA:286,31,0,0
BRDA:288,32,0,0
BRDA:290,33,0,0
BRDA:290,34,0,0
BRDA:290,34,1,0
BRDA:292,35,0,0
BRDA:292,35,1,0
BRDA:297,36,0,0
BRDA:307,37,0,0
BRDA:314,38,0,0
BRDA:317,39,0,0
BRDA:319,40,0,0
BRDA:319,40,1,0
BRDA:324,41,0,0
BRDA:363,42,0,0
BRDA:363,42,1,0
BRDA:372,43,0,0
BRDA:372,43,1,0
BRDA:423,44,0,0
BRDA:423,44,1,0
BRDA:434,45,0,0
BRDA:434,45,1,0
BRDA:438,46,0,0
BRDA:438,46,1,0
BRDA:441,47,0,0
BRDA:441,47,1,0
BRDA:442,48,0,0
BRDA:442,48,1,0
BRDA:476,49,0,0
BRDA:476,49,1,0
BRDA:487,50,0,0
BRDA:487,50,1,0
BRDA:510,51,0,0
BRDA:510,51,1,0
BRDA:515,52,0,0
BRDA:515,52,1,0
BRDA:550,53,0,0
BRDA:550,53,1,0
BRDA:550,53,2,0
BRDA:550,53,3,0
BRDA:553,54,0,0
BRDA:553,54,1,0
BRDA:559,55,0,0
BRDA:559,55,1,0
BRDA:561,56,0,0
BRDA:561,56,1,0
BRDA:562,57,0,0
BRDA:562,57,1,0
BRDA:564,58,0,0
BRDA:564,58,1,0
BRDA:564,58,2,0
BRDA:574,59,0,0
BRDA:574,59,1,0
BRDA:581,60,0,0
BRDA:581,60,1,0
BRDA:581,60,2,0
BRDA:599,61,0,0
BRDA:599,61,1,0
BRDA:600,62,0,0
BRDA:600,62,1,0
BRDA:602,63,0,0
BRDA:602,63,1,0
BRDA:603,64,0,0
BRDA:603,64,1,0
BRDA:609,65,0,0
BRDA:609,65,1,0
BRDA:610,66,0,0
BRDA:610,66,1,0
BRDA:618,67,0,0
BRDA:618,67,1,0
BRDA:618,67,2,0
BRDA:619,68,0,0
BRDA:619,68,1,0
BRDA:619,68,2,0
BRDA:624,69,0,0
BRDA:624,69,1,0
BRDA:626,70,0,0
BRDA:626,70,1,0
BRDA:626,71,0,0
BRDA:626,71,1,0
BRDA:628,72,0,0
BRDA:628,72,1,0
BRDA:633,73,0,0
BRDA:633,73,1,0
BRF:130
BRH:0
end_of_record
TN:
SF:src\GameKeyboard.tsx
FN:21,(anonymous_6)
FN:49,(anonymous_7)
FN:63,(anonymous_8)
FN:69,(anonymous_9)
FN:70,(anonymous_10)
FN:96,(anonymous_11)
FN:103,(anonymous_12)
FN:107,(anonymous_13)
FN:117,(anonymous_14)
FN:121,(anonymous_15)
FN:137,(anonymous_16)
FN:141,(anonymous_17)
FNF:12
FNH:0
FNDA:0,(anonymous_6)
FNDA:0,(anonymous_7)
FNDA:0,(anonymous_8)
FNDA:0,(anonymous_9)
FNDA:0,(anonymous_10)
FNDA:0,(anonymous_11)
FNDA:0,(anonymous_12)
FNDA:0,(anonymous_13)
FNDA:0,(anonymous_14)
FNDA:0,(anonymous_15)
FNDA:0,(anonymous_16)
FNDA:0,(anonymous_17)
DA:1,0
DA:10,0
DA:21,0
DA:22,0
DA:28,0
DA:46,0
DA:50,0
DA:51,0
DA:52,0
DA:63,0
DA:69,0
DA:70,0
DA:71,0
DA:73,0
DA:75,0
DA:76,0
DA:77,0
DA:78,0
DA:81,0
DA:83,0
DA:84,0
DA:85,0
DA:87,0
DA:88,0
DA:89,0
DA:91,0
DA:95,0
DA:96,0
DA:99,0
DA:104,0
DA:107,0
DA:118,0
DA:121,0
DA:138,0
DA:141,0
LF:35
LH:0
BRDA:21,0,0,0
BRDA:21,1,0,0
BRDA:50,2,0,0
BRDA:55,3,0,0
BRDA:55,3,1,0
BRDA:55,4,0,0
BRDA:55,4,1,0
BRDA:67,5,0,0
BRDA:71,6,0,0
BRDA:75,7,0,0
BRDA:81,8,0,0
BRDA:81,8,1,0
BRDA:81,8,2,0
BRF:13
BRH:0
end_of_record
TN:
SF:src\LetterTile.tsx
FN:20,(anonymous_1)
FNF:1
FNH:0
FNDA:0,(anonymous_1)
DA:1,0
DA:10,0
DA:20,0
DA:21,0
LF:4
LH:0
BRF:0
BRH:0
end_of_record
TN:
SF:src\Rung.tsx
FN:12,(anonymous_6)
FN:35,(anonymous_7)
FN:44,(anonymous_8)
FN:47,(anonymous_9)
FN:51,(anonymous_10)
FN:79,(anonymous_11)
FNF:6
FNH:0
FNDA:0,(anonymous_6)
FNDA:0,(anonymous_7)
FNDA:0,(anonymous_8)
FNDA:0,(anonymous_9)
FNDA:0,(anonymous_10)
FNDA:0,(anonymous_11)
DA:1,0
DA:2,0
DA:12,0
DA:13,0
DA:15,0
DA:23,0
DA:31,0
DA:35,0
DA:42,0
DA:44,0
DA:45,0
DA:46,0
DA:47,0
DA:48,0
DA:49,0
DA:51,0
DA:55,0
DA:80,0
LF:18
LH:0
BRDA:13,0,0,0
BRDA:13,0,1,0
BRDA:13,0,2,0
BRDA:38,1,0,0
BRDA:39,2,0,0
BRDA:45,3,0,0
BRDA:74,4,0,0
BRDA:74,4,1,0
BRDA:75,5,0,0
BRDA:75,5,1,0
BRDA:75,6,0,0
BRDA:75,6,1,0
BRDA:83,7,0,0
BRDA:83,7,1,0
BRF:14
BRH:0
end_of_record
TN:
SF:src\generatePuzzle.ts
FN:126,getTargetPathLength
FN:137,findPuzzleChain
FN:161,pickLockedIndices
FN:170,(anonymous_4)
FN:179,(anonymous_5)
FN:182,generatePuzzle
FN:221,(anonymous_7)
FN:234,getDailyPuzzle
FN:241,generatePuzzleWithRetry
FNF:9
FNH:8
FNDA:240,getTargetPathLength
FNDA:240,findPuzzleChain
FNDA:224,pickLockedIndices
FNDA:591,(anonymous_4)
FNDA:74,(anonymous_5)
FNDA:240,generatePuzzle
FNDA:432,(anonymous_7)
FNDA:0,getDailyPuzzle
FNDA:5,generatePuzzleWithRetry
DA:1,4
DA:2,4
DA:3,4
DA:19,4
DA:127,240
DA:129,86
DA:131,75
DA:133,79
DA:143,240
DA:144,810935
DA:145,810935
DA:147,810935
DA:149,807738
DA:150,807738
DA:152,807738
DA:153,807738
DA:154,224
DA:158,16
DA:162,224
DA:164,224
DA:165,224
DA:167,224
DA:170,591
DA:171,151
DA:173,151
DA:174,225
DA:175,225
DA:176,225
DA:179,151
DA:182,4
DA:187,240
DA:188,240
DA:190,240
DA:191,240
DA:193,240
DA:195,240
DA:196,16
DA:202,224
DA:203,224
DA:204,0
DA:210,224
DA:211,0
DA:214,224
DA:217,224
DA:221,432
DA:223,224
DA:234,4
DA:238,0
DA:241,4
DA:247,5
DA:249,5
DA:250,5
DA:253,5
DA:254,11
DA:255,11
DA:256,11
DA:263,3
DA:264,1
DA:265,3
DA:266,3
DA:267,3
DA:275,3
DA:276,3
DA:277,3
DA:278,3
DA:279,5
DA:280,5
DA:281,5
DA:290,1
LF:69
LH:66
BRDA:127,0,0,86
BRDA:127,0,1,75
BRDA:127,0,2,79
BRDA:141,1,0,240
BRDA:147,2,0,3197
BRDA:153,3,0,224
BRDA:153,4,0,807738
BRDA:153,4,1,4550
BRDA:162,5,0,0
BRDA:167,6,0,73
BRDA:187,7,0,240
BRDA:187,7,1,0
BRDA:195,8,0,16
BRDA:203,9,0,0
BRDA:203,10,0,224
BRDA:203,10,1,224
BRDA:205,11,0,0
BRDA:205,11,1,0
BRDA:210,12,0,0
BRDA:230,13,0,100
BRDA:230,13,1,124
BRDA:245,14,0,5
BRDA:247,15,0,5
BRDA:247,15,1,0
BRDA:275,16,0,3
BRF:25
BRH:18
end_of_record
TN:
SF:src\index.tsx
FN:13,(anonymous_1)
FNF:1
FNH:0
FNDA:0,(anonymous_1)
DA:1,0
DA:2,0
DA:3,0
DA:4,0
DA:5,0
DA:8,0
DA:9,0
DA:12,0
DA:13,0
DA:14,0
DA:15,0
DA:16,0
DA:21,0
DA:22,0
LF:14
LH:0
BRDA:12,0,0,0
BRDA:15,1,0,0
BRF:2
BRH:0
end_of_record
TN:
SF:src\useGameState.ts
FN:32,countDifferences
FN:41,gameReducer
FN:159,useGameState
FN:175,(anonymous_3)
FN:182,(anonymous_4)
FN:186,(anonymous_5)
FN:190,(anonymous_6)
FN:222,(anonymous_7)
FN:226,(anonymous_8)
FN:230,(anonymous_9)
FN:234,(anonymous_10)
FNF:11
FNH:0
FNDA:0,countDifferences
FNDA:0,gameReducer
FNDA:0,useGameState
FNDA:0,(anonymous_3)
FNDA:0,(anonymous_4)
FNDA:0,(anonymous_5)
FNDA:0,(anonymous_6)
FNDA:0,(anonymous_7)
FNDA:0,(anonymous_8)
FNDA:0,(anonymous_9)
FNDA:0,(anonymous_10)
DA:1,0
DA:4,0
DA:33,0
DA:34,0
DA:35,0
DA:36,0
DA:38,0
DA:42,0
DA:44,0
DA:45,0
DA:47,0
DA:55,0
DA:56,0
DA:64,0
DA:66,0
DA:67,0
DA:76,0
DA:77,0
DA:89,0
DA:90,0
DA:98,0
DA:99,0
DA:107,0
DA:114,0
DA:115,0
DA:127,0
DA:134,0
DA:141,0
DA:155,0
DA:159,0
DA:160,0
DA:172,0
DA:173,0
DA:175,0
DA:176,0
DA:177,0
DA:178,0
DA:182,0
DA:183,0
DA:186,0
DA:187,0
DA:190,0
DA:191,0
DA:193,0
DA:194,0
DA:195,0
DA:198,0
DA:199,0
DA:200,0
DA:203,0
DA:204,0
DA:205,0
DA:206,0
DA:209,0
DA:210,0
DA:211,0
DA:212,0
DA:215,0
DA:217,0
DA:218,0
DA:222,0
DA:223,0
DA:226,0
DA:227,0
DA:230,0
DA:231,0
DA:234,0
DA:235,0
DA:236,0
DA:239,0
LF:70
LH:0
BRDA:33,0,0,0
BRDA:36,1,0,0
BRDA:42,2,0,0
BRDA:42,2,1,0
BRDA:42,2,2,0
BRDA:42,2,3,0
BRDA:42,2,4,0
BRDA:42,2,5,0
BRDA:42,2,6,0
BRDA:42,2,7,0
BRDA:42,2,8,0
BRDA:42,2,9,0
BRDA:42,2,10,0
BRDA:44,3,0,0
BRDA:44,4,0,0
BRDA:44,4,1,0
BRDA:55,5,0,0
BRDA:64,6,0,0
BRDA:66,7,0,0
BRDA:66,7,1,0
BRDA:83,8,0,0
BRDA:83,8,1,0
BRDA:89,9,0,0
BRDA:98,10,0,0
BRDA:114,11,0,0
BRDA:176,12,0,0
BRDA:193,13,0,0
BRDA:198,14,0,0
BRDA:204,15,0,0
BRDA:210,16,0,0
BRDA:217,17,0,0
BRDA:235,18,0,0
BRF:32
BRH:0
end_of_record
TN:
SF:src\wordGraph.ts
FN:6,buildCache
FN:37,(anonymous_1)
FN:46,getNeighbors
FN:52,shortestPath
FN:82,findAllShortestPaths
FN:112,dfs
FN:134,findPathsUpToLength
FN:144,dfs
FN:174,isValidLadder
FN:179,(anonymous_9)
FN:227,comparePathToOptimal
FNF:11
FNH:7
FNDA:5,buildCache
FNDA:0,(anonymous_1)
FNDA:5,getNeighbors
FNDA:808152,shortestPath
FNDA:224,findAllShortestPaths
FNDA:567697,dfs
FNDA:0,findPathsUpToLength
FNDA:0,dfs
FNDA:5,isValidLadder
FNDA:12,(anonymous_9)
FNDA:0,comparePathToOptimal
DA:1,5
DA:4,5
DA:7,5
DA:10,5
DA:11,5
DA:12,16870
DA:13,78610
DA:14,78610
DA:15,61175
DA:17,78610
DA:22,5
DA:23,16870
DA:24,16870
DA:25,78610
DA:26,78610
DA:27,143220
DA:28,64610
DA:32,16870
DA:36,5
DA:37,0
DA:38,0
DA:39,0
DA:44,5
DA:46,5
DA:47,5
DA:48,5
DA:49,4
DA:52,5
DA:53,808152
DA:54,808152
DA:57,808152
DA:58,808150
DA:61,808149
DA:62,808149
DA:64,808149
DA:65,4080934
DA:67,4080934
DA:68,13646367
DA:69,4961
DA:72,13641406
DA:73,3656314
DA:74,3656314
DA:79,803188
DA:82,5
DA:83,224
DA:84,224
DA:86,224
DA:87,224
DA:90,224
DA:91,224
DA:92,224
DA:94,224
DA:95,164097
DA:96,164097
DA:98,164097
DA:99,967280
DA:100,163873
DA:101,163873
DA:106,224
DA:107,224
DA:110,224
DA:113,567697
DA:114,567443
DA:115,432
DA:116,432
DA:119,567011
DA:120,567011
DA:121,3250700
DA:122,3250700
DA:123,567473
DA:124,567473
DA:125,567473
DA:130,224
DA:131,224
DA:134,5
DA:135,0
DA:136,0
DA:138,0
DA:139,0
DA:140,0
DA:142,0
DA:145,0
DA:146,0
DA:148,0
DA:149,0
DA:150,0
DA:153,0
DA:154,0
DA:155,0
DA:156,0
DA:157,0
DA:158,0
DA:159,0
DA:164,0
DA:165,0
DA:166,0
DA:174,5
DA:175,5
DA:176,1
DA:179,12
DA:182,4
DA:183,11
DA:184,1
DA:189,3
DA:190,3
DA:191,9
DA:192,1
DA:194,8
DA:198,2
DA:199,4
DA:200,4
DA:202,4
DA:203,0
DA:206,4
DA:207,4
DA:208,12
DA:209,6
DA:213,4
DA:214,1
DA:218,1
DA:227,5
DA:228,0
DA:229,0
DA:230,0
DA:232,0
LF:125
LH:96
BRDA:14,0,0,61175
BRDA:26,1,0,78610
BRDA:26,1,1,0
BRDA:27,2,0,64610
BRDA:36,3,0,0
BRDA:37,4,0,0
BRDA:37,4,1,0
BRDA:38,5,0,0
BRDA:48,6,0,1
BRDA:49,7,0,4
BRDA:49,7,1,0
BRDA:57,8,0,2
BRDA:57,9,0,808152
BRDA:57,9,1,808151
BRDA:58,10,0,1
BRDA:67,11,0,4080934
BRDA:67,11,1,0
BRDA:68,12,0,4961
BRDA:72,13,0,3656314
BRDA:82,14,0,0
BRDA:86,15,0,0
BRDA:86,16,0,224
BRDA:86,16,1,224
BRDA:87,17,0,0
BRDA:98,18,0,164097
BRDA:98,18,1,0
BRDA:99,19,0,163873
BRDA:106,20,0,0
BRDA:113,21,0,254
BRDA:114,22,0,432
BRDA:120,23,0,567011
BRDA:120,23,1,0
BRDA:122,24,0,567473
BRDA:134,25,0,0
BRDA:138,26,0,0
BRDA:138,27,0,0
BRDA:138,27,1,0
BRDA:139,28,0,0
BRDA:140,29,0,0
BRDA:145,30,0,0
BRDA:146,31,0,0
BRDA:148,32,0,0
BRDA:153,33,0,0
BRDA:153,33,1,0
BRDA:154,34,0,0
BRDA:175,35,0,1
BRDA:183,36,0,1
BRDA:191,37,0,1
BRDA:202,38,0,0
BRDA:208,39,0,6
BRDA:213,40,0,1
BRF:51
BRH:25
end_of_record
TN:
SF:src\components\ConsumableButton.tsx
FN:14,(anonymous_1)
FN:24,(anonymous_2)
FNF:2
FNH:0
FNDA:0,(anonymous_1)
FNDA:0,(anonymous_2)
DA:1,0
DA:14,0
DA:22,0
DA:24,0
DA:25,0
DA:26,0
DA:28,0
DA:32,0
LF:8
LH:0
BRDA:25,0,0,0
BRDA:25,0,1,0
BRDA:36,1,0,0
BRDA:36,1,1,0
BRDA:38,2,0,0
BRDA:38,2,1,0
BRDA:40,3,0,0
BRDA:40,3,1,0
BRDA:44,4,0,0
BRDA:44,4,1,0
BRDA:46,5,0,0
BRDA:46,5,1,0
BRF:12
BRH:0
end_of_record
TN:
SF:src\components\HomeButton.tsx
FN:9,(anonymous_6)
FN:17,(anonymous_7)
FN:20,(anonymous_8)
FN:27,(anonymous_9)
FN:30,(anonymous_10)
FN:38,(anonymous_11)
FN:69,(anonymous_12)
FN:73,(anonymous_13)
FN:83,(anonymous_14)
FNF:9
FNH:0
FNDA:0,(anonymous_6)
FNDA:0,(anonymous_7)
FNDA:0,(anonymous_8)
FNDA:0,(anonymous_9)
FNDA:0,(anonymous_10)
FNDA:0,(anonymous_11)
FNDA:0,(anonymous_12)
FNDA:0,(anonymous_13)
FNDA:0,(anonymous_14)
DA:1,0
DA:2,0
DA:9,0
DA:13,0
DA:14,0
DA:17,0
DA:18,0
DA:20,0
DA:21,0
DA:22,0
DA:26,0
DA:27,0
DA:30,0
DA:31,0
DA:32,0
DA:34,0
DA:38,0
DA:39,0
DA:40,0
DA:43,0
DA:69,0
DA:73,0
DA:83,0
LF:23
LH:0
BRDA:10,0,0,0
BRDA:18,1,0,0
BRDA:21,2,0,0
BRDA:31,3,0,0
BRDA:31,3,1,0
BRDA:66,4,0,0
BRDA:66,4,1,0
BRF:7
BRH:0
end_of_record
TN:
SF:src\components\ModeTile.tsx
FN:11,(anonymous_1)
FNF:1
FNH:0
FNDA:0,(anonymous_1)
DA:1,0
DA:2,0
DA:11,0
DA:17,0
DA:18,0
DA:20,0
DA:21,0
DA:36,0
LF:8
LH:0
BRDA:14,0,0,0
BRDA:15,1,0,0
BRDA:20,2,0,0
BRF:3
BRH:0
end_of_record
TN:
SF:src\components\PuzzleBoard.tsx
FN:21,(anonymous_6)
FN:33,(anonymous_7)
FN:34,(anonymous_8)
FN:40,(anonymous_9)
FN:45,(anonymous_10)
FN:46,(anonymous_11)
FN:51,(anonymous_12)
FN:57,(anonymous_13)
FN:75,(anonymous_14)
FN:86,(anonymous_15)
FN:102,(anonymous_16)
FN:105,(anonymous_17)
FN:121,(anonymous_18)
FN:130,(anonymous_19)
FNF:14
FNH:0
FNDA:0,(anonymous_6)
FNDA:0,(anonymous_7)
FNDA:0,(anonymous_8)
FNDA:0,(anonymous_9)
FNDA:0,(anonymous_10)
FNDA:0,(anonymous_11)
FNDA:0,(anonymous_12)
FNDA:0,(anonymous_13)
FNDA:0,(anonymous_14)
FNDA:0,(anonymous_15)
FNDA:0,(anonymous_16)
FNDA:0,(anonymous_17)
FNDA:0,(anonymous_18)
FNDA:0,(anonymous_19)
DA:1,0
DA:3,0
DA:4,0
DA:5,0
DA:21,0
DA:29,0
DA:30,0
DA:31,0
DA:33,0
DA:35,0
DA:40,0
DA:41,0
DA:42,0
DA:43,0
DA:44,0
DA:45,0
DA:46,0
DA:51,0
DA:52,0
DA:53,0
DA:57,0
DA:58,0
DA:60,0
DA:62,0
DA:63,0
DA:66,0
DA:69,0
DA:76,0
DA:87,0
DA:103,0
DA:104,0
DA:105,0
DA:106,0
DA:107,0
DA:108,0
DA:110,0
DA:121,0
DA:131,0
LF:38
LH:0
BRDA:25,0,0,0
BRDA:26,1,0,0
BRDA:41,2,0,0
BRDA:52,3,0,0
BRDA:58,4,0,0
BRDA:62,5,0,0
BRDA:101,6,0,0
BRDA:101,6,1,0
BRDA:104,7,0,0
BRDA:104,7,1,0
BRDA:106,8,0,0
BRDA:106,9,0,0
BRDA:106,9,1,0
BRDA:107,10,0,0
BRDA:107,11,0,0
BRDA:107,11,1,0
BRDA:118,12,0,0
BRDA:118,12,1,0
BRDA:127,13,0,0
BRDA:127,13,1,0
BRDA:142,14,0,0
BRDA:142,14,1,0
BRDA:148,15,0,0
BRDA:148,15,1,0
BRDA:166,16,0,0
BRDA:166,16,1,0
BRF:26
BRH:0
end_of_record
TN:
SF:src\components\StatsStrip.tsx
FN:4,(anonymous_6)
FN:5,(anonymous_7)
FN:19,(anonymous_8)
FNF:3
FNH:0
FNDA:0,(anonymous_6)
FNDA:0,(anonymous_7)
FNDA:0,(anonymous_8)
DA:1,0
DA:2,0
DA:4,0
DA:5,0
DA:7,0
DA:9,0
DA:16,0
DA:20,0
LF:8
LH:0
BRDA:7,0,0,0
BRDA:7,0,1,0
BRDA:23,1,0,0
BRDA:23,1,1,0
BRF:4
BRH:0
end_of_record
TN:
SF:src\components\economy\LevelUpModal.tsx
FN:9,(anonymous_6)
FN:11,(anonymous_7)
FN:12,(anonymous_8)
FN:19,(anonymous_9)
FN:23,(anonymous_10)
FN:25,(anonymous_11)
FN:40,(anonymous_12)
FN:63,(anonymous_13)
FN:88,describeUnlock
FNF:9
FNH:9
FNDA:16,(anonymous_6)
FNDA:12,(anonymous_7)
FNDA:2,(anonymous_8)
FNDA:12,(anonymous_9)
FNDA:12,(anonymous_10)
FNDA:12,(anonymous_11)
FNDA:4,(anonymous_12)
FNDA:19,(anonymous_13)
FNDA:19,describeUnlock
DA:1,2
DA:9,2
DA:11,16
DA:12,12
DA:13,2
DA:14,2
DA:18,12
DA:19,12
DA:23,16
DA:24,12
DA:25,12
DA:26,12
DA:30,16
DA:40,4
DA:64,19
DA:89,19
DA:91,11
DA:93,8
DA:95,0
DA:97,0
DA:99,0
LF:21
LH:18
BRDA:13,0,0,2
BRDA:61,1,0,16
BRDA:61,1,1,11
BRDA:89,2,0,11
BRDA:89,2,1,8
BRDA:89,2,2,0
BRDA:89,2,3,0
BRDA:89,2,4,0
BRDA:93,3,0,8
BRDA:93,3,1,0
BRDA:97,4,0,0
BRDA:97,4,1,0
BRF:12
BRH:6
end_of_record
TN:
SF:src\components\economy\LevelUpProvider.tsx
FN:30,LevelUpProvider
FN:36,(anonymous_7)
FN:38,(anonymous_8)
FN:44,(anonymous_9)
FN:45,(anonymous_10)
FN:60,useLevelUpQueue
FNF:6
FNH:6
FNDA:14,LevelUpProvider
FNDA:5,(anonymous_7)
FNDA:4,(anonymous_8)
FNDA:4,(anonymous_9)
FNDA:4,(anonymous_10)
FNDA:16,useLevelUpQueue
DA:1,1
DA:3,1
DA:16,1
DA:30,1
DA:31,14
DA:36,14
DA:37,5
DA:38,4
DA:44,14
DA:45,4
DA:48,14
DA:60,1
DA:61,16
DA:62,15
DA:63,2
DA:65,13
LF:16
LH:16
BRDA:37,0,0,1
BRDA:51,1,0,14
BRDA:51,1,1,8
BRDA:62,2,0,2
BRF:4
BRH:4
end_of_record
TN:
SF:src\components\economy\WalletStrip.tsx
FN:12,WalletStrip
FN:34,(anonymous_2)
FN:49,CoinDisplay
FN:67,LevelDisplay
FNF:4
FNH:4
FNDA:21,WalletStrip
FNDA:1,(anonymous_2)
FNDA:21,CoinDisplay
FNDA:21,LevelDisplay
DA:1,2
DA:2,2
DA:3,2
DA:4,2
DA:12,2
DA:13,21
DA:14,21
DA:16,21
DA:17,21
DA:19,21
DA:25,21
DA:31,21
DA:32,17
DA:34,1
DA:46,4
DA:50,21
DA:78,21
LF:17
LH:17
BRDA:12,0,0,17
BRDA:12,1,0,14
BRDA:21,2,0,2
BRDA:21,2,1,19
BRDA:31,3,0,17
BRDA:52,4,0,2
BRDA:52,4,1,19
BRDA:55,5,0,2
BRDA:55,5,1,19
BRDA:58,6,0,21
BRDA:58,6,1,19
BRDA:81,7,0,2
BRDA:81,7,1,19
BRDA:84,8,0,21
BRDA:84,8,1,19
BRF:15
BRH:15
end_of_record
TN:
SF:src\components\game\HintRevealButtons.tsx
FN:10,(anonymous_1)
FNF:1
FNH:1
FNDA:3,(anonymous_1)
DA:1,1
DA:10,1
DA:16,3
LF:3
LH:3
BRDA:13,0,0,2
BRDA:14,1,0,2
BRF:2
BRH:2
end_of_record
TN:
SF:src\components\game\TimerExtensionButton.tsx
FN:9,(anonymous_1)
FNF:1
FNH:0
FNDA:0,(anonymous_1)
DA:1,0
DA:9,0
DA:14,0
LF:3
LH:0
BRDA:11,0,0,0
BRDA:12,1,0,0
BRF:2
BRH:0
end_of_record
TN:
SF:src\components\leaderboard\AchievementsScreen.tsx
FN:9,(anonymous_6)
FN:14,(anonymous_7)
FN:15,(anonymous_8)
FN:25,(anonymous_9)
FN:43,(anonymous_10)
FN:46,(anonymous_11)
FN:64,(anonymous_12)
FNF:7
FNH:0
FNDA:0,(anonymous_6)
FNDA:0,(anonymous_7)
FNDA:0,(anonymous_8)
FNDA:0,(anonymous_9)
FNDA:0,(anonymous_10)
FNDA:0,(anonymous_11)
FNDA:0,(anonymous_12)
DA:3,0
DA:5,0
DA:7,0
DA:9,0
DA:10,0
DA:11,0
DA:12,0
DA:14,0
DA:15,0
DA:16,0
DA:17,0
DA:18,0
DA:20,0
DA:25,0
DA:26,0
DA:27,0
DA:28,0
DA:31,0
DA:44,0
DA:46,0
DA:65,0
DA:66,0
LF:22
LH:0
BRDA:26,0,0,0
BRDA:27,1,0,0
BRDA:48,2,0,0
BRDA:48,2,1,0
BRDA:60,3,0,0
BRDA:60,3,1,0
BRDA:70,4,0,0
BRDA:70,4,1,0
BRDA:80,5,0,0
BRDA:80,5,1,0
BRDA:81,6,0,0
BRDA:81,6,1,0
BRDA:86,7,0,0
BRDA:86,7,1,0
BRF:14
BRH:0
end_of_record
TN:
SF:src\components\leaderboard\LeaderboardScreen.tsx
FN:10,(anonymous_6)
FN:17,(anonymous_7)
FN:21,(anonymous_8)
FN:22,(anonymous_9)
FN:28,(anonymous_10)
FN:42,(anonymous_11)
FN:45,(anonymous_12)
FN:59,(anonymous_13)
FN:62,(anonymous_14)
FN:80,(anonymous_15)
FN:83,(anonymous_16)
FNF:11
FNH:0
FNDA:0,(anonymous_6)
FNDA:0,(anonymous_7)
FNDA:0,(anonymous_8)
FNDA:0,(anonymous_9)
FNDA:0,(anonymous_10)
FNDA:0,(anonymous_11)
FNDA:0,(anonymous_12)
FNDA:0,(anonymous_13)
FNDA:0,(anonymous_14)
FNDA:0,(anonymous_15)
FNDA:0,(anonymous_16)
DA:3,0
DA:4,0
DA:6,0
DA:8,0
DA:10,0
DA:11,0
DA:12,0
DA:13,0
DA:14,0
DA:15,0
DA:17,0
DA:18,0
DA:19,0
DA:21,0
DA:22,0
DA:23,0
DA:24,0
DA:28,0
DA:29,0
DA:33,0
DA:43,0
DA:45,0
DA:60,0
DA:62,0
DA:81,0
DA:83,0
LF:26
LH:0
BRDA:29,0,0,0
BRDA:47,1,0,0
BRDA:47,1,1,0
BRDA:64,2,0,0
BRDA:64,2,1,0
BRDA:76,3,0,0
BRDA:76,3,1,0
BRDA:78,4,0,0
BRDA:78,4,1,0
BRF:9
BRH:0
end_of_record
TN:
SF:src\components\leaderboard\PlayerProfileScreen.tsx
FN:10,(anonymous_6)
FN:17,(anonymous_7)
FN:20,(anonymous_8)
FN:70,(anonymous_9)
FN:72,(anonymous_10)
FN:141,(anonymous_11)
FN:153,(anonymous_12)
FN:159,(anonymous_13)
FNF:8
FNH:0
FNDA:0,(anonymous_6)
FNDA:0,(anonymous_7)
FNDA:0,(anonymous_8)
FNDA:0,(anonymous_9)
FNDA:0,(anonymous_10)
FNDA:0,(anonymous_11)
FNDA:0,(anonymous_12)
FNDA:0,(anonymous_13)
DA:3,0
DA:4,0
DA:6,0
DA:8,0
DA:10,0
DA:11,0
DA:12,0
DA:13,0
DA:14,0
DA:15,0
DA:17,0
DA:18,0
DA:20,0
DA:21,0
DA:22,0
DA:23,0
DA:25,0
DA:27,0
DA:32,0
DA:33,0
DA:34,0
DA:36,0
DA:71,0
DA:72,0
DA:73,0
DA:74,0
DA:75,0
DA:76,0
DA:77,0
DA:78,0
DA:79,0
DA:80,0
DA:82,0
DA:86,0
DA:142,0
DA:153,0
DA:159,0
LF:37
LH:0
BRDA:18,0,0,0
BRDA:32,1,0,0
BRDA:33,2,0,0
BRDA:34,3,0,0
BRDA:43,4,0,0
BRDA:43,4,1,0
BRDA:77,5,0,0
BRDA:77,5,1,0
BRDA:79,6,0,0
BRDA:79,6,1,0
BRDA:106,7,0,0
BRDA:106,7,1,0
BRDA:112,8,0,0
BRDA:112,8,1,0
BRDA:118,9,0,0
BRDA:118,9,1,0
BRDA:124,10,0,0
BRDA:124,10,1,0
BRF:18
BRH:0
end_of_record
TN:
SF:src\components\navigation\HomeButton.tsx
FN:4,(anonymous_6)
FN:7,(anonymous_7)
FNF:2
FNH:1
FNDA:49,(anonymous_6)
FNDA:0,(anonymous_7)
DA:1,1
DA:2,1
DA:4,1
DA:5,49
DA:7,0
DA:8,0
DA:11,0
LF:7
LH:4
BRF:0
BRH:0
end_of_record
TN:
SF:src\components\navigation\SettingsButton.tsx
FN:4,(anonymous_6)
FN:7,(anonymous_7)
FNF:2
FNH:2
FNDA:4,(anonymous_6)
FNDA:1,(anonymous_7)
DA:1,2
DA:2,2
DA:4,2
DA:5,4
DA:7,4
DA:8,1
DA:11,4
LF:7
LH:7
BRF:0
BRH:0
end_of_record
TN:
SF:src\dictionary\index.ts
FN:7,normalize
FN:9,(anonymous_1)
FN:10,(anonymous_2)
FN:11,(anonymous_3)
FN:33,getWordsByLength
FNF:5
FNH:5
FNDA:25,normalize
FNDA:16925,(anonymous_1)
FNDA:16925,(anonymous_2)
FNDA:16920,(anonymous_3)
FNDA:240,getWordsByLength
DA:1,5
DA:2,5
DA:3,5
DA:4,5
DA:5,5
DA:8,25
DA:9,16925
DA:10,16925
DA:11,16920
DA:14,5
DA:22,5
DA:24,5
DA:25,5
DA:26,16915
DA:27,16915
DA:28,25
DA:30,16915
DA:33,5
DA:34,240
LF:19
LH:19
BRDA:10,0,0,16925
BRDA:10,0,1,16925
BRDA:10,0,2,16920
BRDA:27,1,0,25
BRDA:34,2,0,240
BRDA:34,2,1,0
BRF:6
BRH:5
end_of_record
TN:
SF:src\dictionary\words3.ts
FNF:0
FNH:0
DA:2,5
LF:1
LH:1
BRF:0
BRH:0
end_of_record
TN:
SF:src\dictionary\words4.ts
FNF:0
FNH:0
DA:2,5
LF:1
LH:1
BRF:0
BRH:0
end_of_record
TN:
SF:src\dictionary\words5.ts
FNF:0
FNH:0
DA:2,5
LF:1
LH:1
BRF:0
BRH:0
end_of_record
TN:
SF:src\dictionary\words6.ts
FNF:0
FNH:0
DA:2,5
LF:1
LH:1
BRF:0
BRH:0
end_of_record
TN:
SF:src\dictionary\words7.ts
FNF:0
FNH:0
DA:2,5
LF:1
LH:1
BRF:0
BRH:0
end_of_record
TN:
SF:src\features\blitz\BlitzPage.tsx
FN:13,(anonymous_6)
FN:19,(anonymous_7)
FN:24,(anonymous_8)
FN:28,(anonymous_9)
FN:33,(anonymous_10)
FN:41,(anonymous_11)
FN:48,(anonymous_12)
FN:53,(anonymous_13)
FN:58,(anonymous_14)
FN:76,(anonymous_15)
FN:86,(anonymous_16)
FN:161,(anonymous_17)
FN:162,(anonymous_18)
FNF:13
FNH:0
FNDA:0,(anonymous_6)
FNDA:0,(anonymous_7)
FNDA:0,(anonymous_8)
FNDA:0,(anonymous_9)
FNDA:0,(anonymous_10)
FNDA:0,(anonymous_11)
FNDA:0,(anonymous_12)
FNDA:0,(anonymous_13)
FNDA:0,(anonymous_14)
FNDA:0,(anonymous_15)
FNDA:0,(anonymous_16)
FNDA:0,(anonymous_17)
FNDA:0,(anonymous_18)
DA:1,0
DA:2,0
DA:3,0
DA:4,0
DA:5,0
DA:6,0
DA:7,0
DA:8,0
DA:9,0
DA:10,0
DA:13,0
DA:14,0
DA:15,0
DA:16,0
DA:19,0
DA:20,0
DA:24,0
DA:25,0
DA:28,0
DA:29,0
DA:32,0
DA:34,0
DA:40,0
DA:42,0
DA:48,0
DA:49,0
DA:50,0
DA:53,0
DA:54,0
DA:58,0
DA:59,0
DA:76,0
DA:77,0
DA:86,0
DA:87,0
DA:89,0
DA:90,0
DA:92,0
DA:94,0
DA:95,0
DA:98,0
DA:111,0
DA:113,0
DA:114,0
DA:117,0
DA:125,0
DA:126,0
DA:129,0
DA:130,0
DA:134,0
DA:138,0
DA:139,0
DA:143,0
DA:144,0
DA:148,0
DA:149,0
DA:153,0
DA:155,0
DA:161,0
DA:162,0
LF:60
LH:0
BRDA:62,0,0,0
BRDA:62,0,1,0
BRDA:87,1,0,0
BRDA:90,2,0,0
BRDA:90,2,1,0
BRDA:92,3,0,0
BRDA:94,4,0,0
BRDA:111,5,0,0
BRDA:113,6,0,0
BRDA:125,7,0,0
BRDA:129,8,0,0
BRDA:138,9,0,0
BRDA:143,10,0,0
BRDA:148,11,0,0
BRF:14
BRH:0
end_of_record
TN:
SF:src\features\blitz\economy.ts
FN:32,getDifficultyMultiplier
FN:52,calculateBlitzCoins
FN:65,calculateBlitzXP
FNF:3
FNH:3
FNDA:13,getDifficultyMultiplier
FNDA:4,calculateBlitzCoins
FNDA:6,calculateBlitzXP
DA:17,1
DA:22,1
DA:27,1
DA:32,1
DA:33,13
DA:35,6
DA:37,3
DA:39,4
DA:41,0
DA:42,0
DA:52,1
DA:53,4
DA:54,4
DA:55,4
DA:56,4
DA:65,1
DA:66,6
DA:67,6
DA:68,6
DA:69,6
LF:20
LH:18
BRDA:33,0,0,6
BRDA:33,0,1,3
BRDA:33,0,2,4
BRDA:33,0,3,0
BRF:4
BRH:3
end_of_record
TN:
SF:src\features\blitz\scoring.ts
FN:43,computeBlitzPuzzleScore
FN:66,computeBlitzPuzzleScoreIfSolved
FNF:2
FNH:2
FNDA:18,computeBlitzPuzzleScore
FNDA:3,computeBlitzPuzzleScoreIfSolved
DA:2,2
DA:17,2
DA:43,2
DA:44,18
DA:45,1
DA:48,17
DA:49,17
DA:50,17
DA:51,17
DA:53,17
DA:54,17
DA:55,8
DA:56,8
DA:59,17
DA:60,17
DA:66,2
DA:67,3
DA:68,1
DA:70,2
LF:19
LH:19
BRDA:44,0,0,1
BRDA:44,1,0,18
BRDA:44,1,1,17
BRDA:54,2,0,8
BRDA:67,3,0,1
BRF:5
BRH:5
end_of_record
TN:
SF:src\features\blitz\theme.ts
FNF:0
FNH:0
DA:11,7
DA:32,7
DA:51,7
DA:63,7
DA:70,7
DA:82,7
DA:94,7
DA:145,7
DA:152,7
DA:164,7
DA:171,7
DA:180,7
DA:195,7
LF:13
LH:13
BRF:0
BRH:0
end_of_record
TN:
SF:src\features\blitz\types.ts
FN:9,createPlayerId
FN:13,createRoomCode
FNF:2
FNH:2
FNDA:173,createPlayerId
FNDA:315,createRoomCode
DA:9,6
DA:10,173
DA:13,6
DA:14,315
DA:85,6
LF:5
LH:5
BRF:0
BRH:0
end_of_record
TN:
SF:src\features\blitz\useBlitzGame.ts
FN:50,useBlitzGame
FN:78,(anonymous_1)
FN:86,(anonymous_2)
FN:113,(anonymous_3)
FN:146,(anonymous_4)
FN:178,(anonymous_5)
FN:179,(anonymous_6)
FNF:7
FNH:7
FNDA:21,useBlitzGame
FNDA:14,(anonymous_1)
FNDA:7,(anonymous_2)
FNDA:1,(anonymous_3)
FNDA:2,(anonymous_4)
FNDA:14,(anonymous_5)
FNDA:14,(anonymous_6)
DA:1,1
DA:2,1
DA:50,1
DA:51,21
DA:54,21
DA:55,21
DA:58,21
DA:59,21
DA:62,21
DA:63,21
DA:64,21
DA:65,21
DA:66,21
DA:69,21
DA:70,21
DA:71,21
DA:72,17
DA:78,21
DA:79,14
DA:85,21
DA:87,7
DA:88,1
DA:91,6
DA:94,6
DA:104,6
DA:105,6
DA:108,6
DA:109,0
DA:113,6
DA:114,1
DA:115,1
DA:119,6
DA:128,6
DA:129,6
DA:131,6
DA:145,21
DA:147,2
DA:148,1
DA:151,1
DA:154,1
DA:163,1
DA:164,1
DA:166,1
DA:178,21
DA:179,14
DA:180,14
DA:181,5
DA:186,21
LF:48
LH:47
BRDA:62,0,0,21
BRDA:62,0,1,3
BRDA:63,1,0,21
BRDA:63,1,1,3
BRDA:64,2,0,21
BRDA:64,2,1,3
BRDA:65,3,0,21
BRDA:65,3,1,3
BRDA:66,4,0,21
BRDA:66,4,1,20
BRDA:70,5,0,21
BRDA:70,5,1,3
BRDA:71,6,0,17
BRDA:71,7,0,21
BRDA:71,7,1,18
BRDA:71,7,2,18
BRDA:71,7,3,17
BRDA:87,8,0,1
BRDA:87,9,0,7
BRDA:87,9,1,6
BRDA:87,9,2,6
BRDA:108,10,0,0
BRDA:147,11,0,1
BRDA:147,12,0,2
BRDA:147,12,1,1
BRDA:147,12,2,1
BRDA:180,13,0,5
BRF:27
BRH:26
end_of_record
TN:
SF:src\features\blitz\useBlitzRoom.ts
FN:40,useBlitzRoom
FN:66,(anonymous_1)
FN:76,(anonymous_2)
FN:86,(anonymous_3)
FN:89,(anonymous_4)
FN:106,(anonymous_5)
FN:114,(anonymous_6)
FN:122,(anonymous_7)
FN:123,(anonymous_8)
FN:132,(anonymous_9)
FN:146,(anonymous_10)
FN:154,(anonymous_11)
FN:177,(anonymous_12)
FN:186,(anonymous_13)
FN:207,(anonymous_14)
FN:229,(anonymous_15)
FN:250,(anonymous_16)
FN:271,(anonymous_17)
FN:291,(anonymous_18)
FN:313,(anonymous_19)
FN:331,(anonymous_20)
FN:351,(anonymous_21)
FNF:22
FNH:0
FNDA:0,useBlitzRoom
FNDA:0,(anonymous_1)
FNDA:0,(anonymous_2)
FNDA:0,(anonymous_3)
FNDA:0,(anonymous_4)
FNDA:0,(anonymous_5)
FNDA:0,(anonymous_6)
FNDA:0,(anonymous_7)
FNDA:0,(anonymous_8)
FNDA:0,(anonymous_9)
FNDA:0,(anonymous_10)
FNDA:0,(anonymous_11)
FNDA:0,(anonymous_12)
FNDA:0,(anonymous_13)
FNDA:0,(anonymous_14)
FNDA:0,(anonymous_15)
FNDA:0,(anonymous_16)
FNDA:0,(anonymous_17)
FNDA:0,(anonymous_18)
FNDA:0,(anonymous_19)
FNDA:0,(anonymous_20)
FNDA:0,(anonymous_21)
DA:1,0
DA:2,0
DA:6,0
DA:40,0
DA:42,0
DA:43,0
DA:44,0
DA:45,0
DA:48,0
DA:49,0
DA:50,0
DA:53,0
DA:54,0
DA:57,0
DA:60,0
DA:61,0
DA:66,0
DA:67,0
DA:68,0
DA:69,0
DA:76,0
DA:77,0
DA:78,0
DA:79,0
DA:86,0
DA:87,0
DA:89,0
DA:91,0
DA:92,0
DA:93,0
DA:106,0
DA:107,0
DA:108,0
DA:109,0
DA:112,0
DA:114,0
DA:115,0
DA:122,0
DA:123,0
DA:124,0
DA:125,0
DA:132,0
DA:133,0
DA:134,0
DA:136,0
DA:137,0
DA:139,0
DA:145,0
DA:147,0
DA:148,0
DA:149,0
DA:151,0
DA:154,0
DA:155,0
DA:157,0
DA:159,0
DA:161,0
DA:163,0
DA:164,0
DA:165,0
DA:167,0
DA:176,0
DA:178,0
DA:179,0
DA:180,0
DA:182,0
DA:183,0
DA:186,0
DA:187,0
DA:189,0
DA:191,0
DA:193,0
DA:194,0
DA:195,0
DA:197,0
DA:206,0
DA:208,0
DA:209,0
DA:210,0
DA:213,0
DA:214,0
DA:215,0
DA:216,0
DA:218,0
DA:219,0
DA:220,0
DA:229,0
DA:230,0
DA:231,0
DA:232,0
DA:235,0
DA:236,0
DA:237,0
DA:238,0
DA:240,0
DA:241,0
DA:242,0
DA:249,0
DA:251,0
DA:252,0
DA:255,0
DA:256,0
DA:257,0
DA:259,0
DA:260,0
DA:261,0
DA:270,0
DA:272,0
DA:273,0
DA:276,0
DA:277,0
DA:278,0
DA:280,0
DA:281,0
DA:282,0
DA:291,0
DA:292,0
DA:293,0
DA:296,0
DA:297,0
DA:298,0
DA:299,0
DA:300,0
DA:301,0
DA:302,0
DA:304,0
DA:305,0
DA:306,0
DA:313,0
DA:314,0
DA:315,0
DA:318,0
DA:319,0
DA:320,0
DA:322,0
DA:323,0
DA:324,0
DA:331,0
DA:332,0
DA:333,0
DA:334,0
DA:337,0
DA:338,0
DA:339,0
DA:340,0
DA:342,0
DA:343,0
DA:344,0
DA:351,0
DA:352,0
DA:355,0
LF:151
LH:0
BRDA:53,0,0,0
BRDA:60,1,0,0
BRDA:60,1,1,0
BRDA:60,2,0,0
BRDA:60,2,1,0
BRDA:60,3,0,0
BRDA:60,3,1,0
BRDA:61,4,0,0
BRDA:61,4,1,0
BRDA:67,5,0,0
BRDA:77,6,0,0
BRDA:91,7,0,0
BRDA:91,8,0,0
BRDA:91,8,1,0
BRDA:91,8,2,0
BRDA:107,9,0,0
BRDA:107,10,0,0
BRDA:107,10,1,0
BRDA:133,11,0,0
BRDA:136,12,0,0
BRDA:208,13,0,0
BRDA:208,14,0,0
BRDA:208,14,1,0
BRDA:230,15,0,0
BRDA:230,16,0,0
BRDA:230,16,1,0
BRDA:251,17,0,0
BRDA:251,18,0,0
BRDA:251,18,1,0
BRDA:272,19,0,0
BRDA:272,20,0,0
BRDA:272,20,1,0
BRDA:292,21,0,0
BRDA:292,22,0,0
BRDA:292,22,1,0
BRDA:314,23,0,0
BRDA:314,24,0,0
BRDA:314,24,1,0
BRDA:332,25,0,0
BRDA:332,26,0,0
BRDA:332,26,1,0
BRF:41
BRH:0
end_of_record
TN:
SF:src\features\blitz\useBlitzTimer.ts
FN:34,useBlitzTimer
FN:37,(anonymous_1)
FN:53,(anonymous_2)
FN:87,(anonymous_3)
FN:109,(anonymous_4)
FN:118,(anonymous_5)
FN:130,(anonymous_6)
FNF:7
FNH:7
FNDA:29,useBlitzTimer
FNDA:15,(anonymous_1)
FNDA:3458,(anonymous_2)
FNDA:3453,(anonymous_3)
FNDA:3439,(anonymous_4)
FNDA:18,(anonymous_5)
FNDA:18,(anonymous_6)
DA:1,1
DA:34,1
DA:35,29
DA:37,29
DA:38,15
DA:39,14
DA:40,13
DA:41,13
DA:44,29
DA:47,29
DA:50,29
DA:53,29
DA:54,3458
DA:55,2
DA:56,2
DA:59,3456
DA:62,3456
DA:63,2
DA:64,2
DA:68,3454
DA:70,3454
DA:72,3454
DA:74,6
DA:75,5
DA:76,5
DA:77,5
DA:79,6
DA:83,3448
DA:87,29
DA:88,3453
DA:89,3435
DA:90,3435
DA:94,3453
DA:96,4
DA:99,3449
DA:100,3449
DA:102,3449
DA:104,1
DA:105,1
DA:109,3448
DA:110,3439
DA:111,3439
DA:112,3435
DA:118,29
DA:120,18
DA:121,18
DA:124,18
DA:127,18
DA:130,18
DA:131,18
DA:132,13
DA:133,13
DA:138,29
DA:140,29
LF:54
LH:54
BRDA:38,0,0,1
BRDA:39,1,0,1
BRDA:54,2,0,2
BRDA:62,3,0,2
BRDA:72,4,0,6
BRDA:74,5,0,5
BRDA:88,6,0,3435
BRDA:94,7,0,4
BRDA:94,8,0,3453
BRDA:94,8,1,3451
BRDA:102,9,0,1
BRDA:111,10,0,3435
BRDA:131,11,0,13
BRDA:138,12,0,29
BRDA:138,12,1,26
BRDA:138,12,2,23
BRF:16
BRH:16
end_of_record
TN:
SF:src\features\blitz\utils.ts
FN:8,generateRoomCode
FN:21,isValidRoomCode
FN:37,generateBlitzPuzzleBatch
FN:168,formatTime
FN:189,formatBlitzTime
FN:202,generateSessionSeed
FNF:6
FNH:6
FNDA:300,generateRoomCode
FNDA:16,isValidRoomCode
FNDA:11,generateBlitzPuzzleBatch
FNDA:11,formatTime
FNDA:60,formatBlitzTime
FNDA:13,generateSessionSeed
DA:2,2
DA:8,2
DA:9,300
DA:10,300
DA:11,300
DA:12,1800
DA:14,300
DA:21,2
DA:22,16
DA:23,16
DA:25,14
DA:26,14
DA:28,9
DA:29,9
DA:37,2
DA:43,11
DA:127,11
DA:128,11
DA:129,0
DA:132,11
DA:133,11
DA:135,11
DA:136,11
DA:137,11
DA:139,11
DA:141,35
DA:142,35
DA:143,35
DA:144,735
DA:146,35
DA:147,35
DA:149,35
DA:152,11
DA:153,11
DA:156,0
DA:159,0
DA:168,2
DA:169,11
DA:171,9
DA:172,9
DA:173,9
DA:174,9
DA:176,9
DA:177,3
DA:179,6
DA:189,2
DA:190,60
DA:192,58
DA:193,58
DA:194,58
DA:196,58
DA:202,2
DA:203,13
DA:204,13
DA:205,13
DA:206,13
DA:207,65
DA:209,13
LF:58
LH:55
BRDA:23,0,0,2
BRDA:26,1,0,5
BRDA:127,2,0,11
BRDA:127,2,1,0
BRDA:128,3,0,0
BRDA:152,4,0,11
BRDA:169,5,0,2
BRDA:176,6,0,3
BRDA:176,6,1,6
BRDA:190,7,0,2
BRF:10
BRH:8
end_of_record
TN:
SF:src\features\blitz\components\BlitzEntry.tsx
FN:11,(anonymous_1)
FNF:1
FNH:1
FNDA:15,(anonymous_1)
DA:1,1
DA:11,1
DA:17,15
LF:3
LH:3
BRDA:32,0,0,15
BRDA:32,0,1,3
BRDA:42,1,0,15
BRDA:42,1,1,3
BRF:4
BRH:4
end_of_record
TN:
SF:src\features\blitz\components\BlitzGameScreen.tsx
FN:28,(anonymous_6)
FN:61,(anonymous_7)
FN:73,(anonymous_8)
FN:78,(anonymous_9)
FN:83,(anonymous_10)
FNF:5
FNH:1
FNDA:48,(anonymous_6)
FNDA:0,(anonymous_7)
FNDA:0,(anonymous_8)
FNDA:0,(anonymous_9)
FNDA:0,(anonymous_10)
DA:1,1
DA:2,1
DA:3,1
DA:4,1
DA:5,1
DA:6,1
DA:7,1
DA:8,1
DA:9,1
DA:10,1
DA:11,1
DA:28,1
DA:29,48
DA:32,48
DA:33,0
DA:47,48
DA:55,48
DA:56,48
DA:58,48
DA:62,0
DA:63,0
DA:68,48
DA:69,48
DA:70,48
DA:73,48
DA:74,0
DA:78,48
DA:79,0
DA:83,48
DA:84,0
DA:85,0
DA:89,48
DA:90,0
DA:105,48
DA:106,0
DA:113,48
DA:114,48
DA:115,48
DA:117,48
LF:39
LH:30
BRDA:32,0,0,0
BRDA:32,1,0,48
BRDA:32,1,1,48
BRDA:55,2,0,48
BRDA:55,2,1,48
BRDA:56,3,0,48
BRDA:56,3,1,48
BRDA:69,4,0,48
BRDA:69,4,1,0
BRDA:89,5,0,0
BRDA:105,6,0,0
BRDA:105,7,0,48
BRDA:105,7,1,48
BRDA:105,7,2,48
BRDA:132,8,0,2
BRDA:132,8,1,46
BRDA:134,9,0,2
BRDA:134,9,1,44
BRDA:175,10,0,48
BRDA:175,10,1,48
BRF:20
BRH:16
end_of_record
TN:
SF:src\features\blitz\components\BlitzLeaderboard.tsx
FN:22,(anonymous_6)
FN:26,(anonymous_7)
FN:27,(anonymous_8)
FN:31,(anonymous_9)
FN:51,(anonymous_10)
FNF:5
FNH:5
FNDA:21,(anonymous_6)
FNDA:21,(anonymous_7)
FNDA:22,(anonymous_8)
FNDA:41,(anonymous_9)
FNDA:41,(anonymous_10)
DA:1,2
DA:2,2
DA:22,2
DA:26,21
DA:27,22
DA:31,21
DA:32,41
DA:33,20
DA:34,6
DA:35,1
DA:38,21
DA:52,41
DA:53,41
DA:54,41
DA:56,41
LF:15
LH:15
BRDA:32,0,0,21
BRDA:33,1,0,14
BRDA:34,2,0,5
BRDA:45,3,0,0
BRDA:45,3,1,21
BRDA:64,4,0,21
BRDA:64,4,1,20
BRDA:73,5,0,41
BRDA:73,5,1,1
BRDA:77,6,0,41
BRDA:77,6,1,21
BRF:11
BRH:10
end_of_record
TN:
SF:src\features\blitz\components\BlitzResultsScreen.tsx
FN:21,(anonymous_7)
FN:32,(anonymous_8)
FN:33,(anonymous_9)
FN:34,(anonymous_10)
FN:52,(anonymous_11)
FN:67,(anonymous_12)
FN:72,(anonymous_13)
FN:73,(anonymous_14)
FN:77,(anonymous_15)
FN:81,(anonymous_16)
FN:116,(anonymous_17)
FN:119,(anonymous_18)
FN:155,(anonymous_19)
FN:163,(anonymous_20)
FN:181,(anonymous_21)
FN:184,(anonymous_22)
FN:185,(anonymous_23)
FN:189,(anonymous_24)
FN:194,(anonymous_25)
FN:196,(anonymous_26)
FN:202,(anonymous_27)
FN:221,(anonymous_28)
FN:239,(anonymous_29)
FN:246,(anonymous_30)
FN:353,(anonymous_31)
FNF:25
FNH:0
FNDA:0,(anonymous_7)
FNDA:0,(anonymous_8)
FNDA:0,(anonymous_9)
FNDA:0,(anonymous_10)
FNDA:0,(anonymous_11)
FNDA:0,(anonymous_12)
FNDA:0,(anonymous_13)
FNDA:0,(anonymous_14)
FNDA:0,(anonymous_15)
FNDA:0,(anonymous_16)
FNDA:0,(anonymous_17)
FNDA:0,(anonymous_18)
FNDA:0,(anonymous_19)
FNDA:0,(anonymous_20)
FNDA:0,(anonymous_21)
FNDA:0,(anonymous_22)
FNDA:0,(anonymous_23)
FNDA:0,(anonymous_24)
FNDA:0,(anonymous_25)
FNDA:0,(anonymous_26)
FNDA:0,(anonymous_27)
FNDA:0,(anonymous_28)
FNDA:0,(anonymous_29)
FNDA:0,(anonymous_30)
FNDA:0,(anonymous_31)
DA:1,0
DA:2,0
DA:3,0
DA:4,0
DA:5,0
DA:6,0
DA:7,0
DA:9,0
DA:11,0
DA:21,0
DA:22,0
DA:23,0
DA:24,0
DA:25,0
DA:26,0
DA:32,0
DA:33,0
DA:34,0
DA:52,0
DA:53,0
DA:54,0
DA:55,0
DA:56,0
DA:58,0
DA:59,0
DA:60,0
DA:61,0
DA:62,0
DA:63,0
DA:66,0
DA:67,0
DA:68,0
DA:72,0
DA:73,0
DA:74,0
DA:77,0
DA:81,0
DA:82,0
DA:84,0
DA:92,0
DA:101,0
DA:102,0
DA:105,0
DA:106,0
DA:107,0
DA:110,0
DA:111,0
DA:116,0
DA:117,0
DA:119,0
DA:120,0
DA:121,0
DA:122,0
DA:124,0
DA:125,0
DA:126,0
DA:129,0
DA:130,0
DA:131,0
DA:135,0
DA:149,0
DA:152,0
DA:153,0
DA:155,0
DA:156,0
DA:160,0
DA:161,0
DA:162,0
DA:163,0
DA:164,0
DA:165,0
DA:168,0
DA:169,0
DA:173,0
DA:177,0
DA:181,0
DA:182,0
DA:184,0
DA:185,0
DA:189,0
DA:190,0
DA:194,0
DA:195,0
DA:196,0
DA:202,0
DA:203,0
DA:204,0
DA:206,0
DA:207,0
DA:208,0
DA:209,0
DA:212,0
DA:214,0
DA:221,0
DA:222,0
DA:223,0
DA:225,0
DA:226,0
DA:227,0
DA:228,0
DA:230,0
DA:232,0
DA:239,0
DA:240,0
DA:246,0
DA:247,0
DA:248,0
DA:249,0
DA:250,0
DA:254,0
DA:255,0
DA:262,0
DA:264,0
DA:354,0
DA:355,0
DA:357,0
LF:116
LH:0
BRDA:23,0,0,0
BRDA:82,1,0,0
BRDA:82,2,0,0
BRDA:82,2,1,0
BRDA:110,3,0,0
BRDA:117,4,0,0
BRDA:117,5,0,0
BRDA:117,5,1,0
BRDA:124,6,0,0
BRDA:124,7,0,0
BRDA:124,7,1,0
BRDA:131,8,0,0
BRDA:131,8,1,0
BRDA:132,9,0,0
BRDA:132,9,1,0
BRDA:153,10,0,0
BRDA:153,11,0,0
BRDA:153,11,1,0
BRDA:164,12,0,0
BRDA:168,13,0,0
BRDA:182,14,0,0
BRDA:182,15,0,0
BRDA:182,15,1,0
BRDA:190,16,0,0
BRDA:190,16,1,0
BRDA:195,17,0,0
BRDA:208,18,0,0
BRDA:208,19,0,0
BRDA:208,19,1,0
BRDA:212,20,0,0
BRDA:212,20,1,0
BRDA:230,21,0,0
BRDA:230,21,1,0
BRDA:247,22,0,0
BRDA:248,23,0,0
BRDA:249,24,0,0
BRDA:254,25,0,0
BRDA:254,26,0,0
BRDA:254,26,1,0
BRDA:270,27,0,0
BRDA:270,27,1,0
BRDA:291,28,0,0
BRDA:291,28,1,0
BRDA:307,29,0,0
BRDA:307,29,1,0
BRDA:315,30,0,0
BRDA:315,30,1,0
BRDA:315,30,2,0
BRDA:323,31,0,0
BRDA:323,31,1,0
BRDA:364,32,0,0
BRDA:364,32,1,0
BRDA:404,33,0,0
BRDA:404,33,1,0
BRDA:414,34,0,0
BRDA:414,34,1,0
BRDA:417,35,0,0
BRDA:417,35,1,0
BRDA:427,36,0,0
BRDA:427,36,1,0
BRDA:434,37,0,0
BRDA:434,37,1,0
BRDA:444,38,0,0
BRDA:444,38,1,0
BRDA:450,39,0,0
BRDA:450,39,1,0
BRF:66
BRH:0
end_of_record
TN:
SF:src\features\blitz\components\Card.tsx
FN:35,(anonymous_1)
FNF:1
FNH:1
FNDA:94,(anonymous_1)
DA:1,2
DA:2,2
DA:19,2
DA:35,2
DA:43,94
LF:5
LH:5
BRDA:39,0,0,91
BRDA:41,1,0,18
BRDA:52,2,0,94
BRDA:52,2,1,93
BRDA:55,3,0,94
BRDA:55,3,1,80
BRDA:60,4,0,80
BRDA:60,4,1,3
BRF:8
BRH:8
end_of_record
TN:
SF:src\features\blitz\components\CountdownOverlay.tsx
FN:20,(anonymous_6)
FN:28,(anonymous_7)
FN:32,(anonymous_8)
FN:34,(anonymous_9)
FN:55,(anonymous_10)
FN:65,(anonymous_11)
FNF:6
FNH:6
FNDA:29,(anonymous_6)
FNDA:1,(anonymous_7)
FNDA:13,(anonymous_8)
FNDA:18,(anonymous_9)
FNDA:13,(anonymous_10)
FNDA:16,(anonymous_11)
DA:1,1
DA:2,1
DA:20,1
DA:24,29
DA:25,29
DA:28,29
DA:29,1
DA:32,29
DA:34,13
DA:35,18
DA:38,18
DA:39,1
DA:40,1
DA:41,1
DA:45,17
DA:46,17
DA:50,13
DA:53,13
DA:55,13
DA:56,13
DA:60,29
DA:61,13
DA:65,16
DA:66,16
DA:67,16
DA:69,0
DA:72,16
LF:27
LH:26
BRDA:38,0,0,1
BRDA:60,1,0,13
BRDA:60,2,0,29
BRDA:60,2,1,28
BRDA:66,3,0,16
BRF:5
BRH:5
end_of_record
TN:
SF:src\features\blitz\components\CreateRoomForm.tsx
FN:14,(anonymous_6)
FN:28,(anonymous_7)
FN:99,(anonymous_8)
FN:120,(anonymous_9)
FN:141,(anonymous_10)
FN:162,(anonymous_11)
FN:180,(anonymous_12)
FNF:7
FNH:7
FNDA:74,(anonymous_6)
FNDA:4,(anonymous_7)
FNDA:35,(anonymous_8)
FNDA:1,(anonymous_9)
FNDA:2,(anonymous_10)
FNDA:2,(anonymous_11)
FNDA:3,(anonymous_12)
DA:1,1
DA:2,1
DA:3,1
DA:4,1
DA:14,1
DA:20,74
DA:21,74
DA:22,74
DA:23,74
DA:24,74
DA:26,74
DA:28,74
DA:29,4
DA:30,4
DA:32,4
DA:40,4
DA:41,4
DA:42,4
DA:43,4
DA:44,4
DA:45,4
DA:46,4
DA:52,74
DA:99,35
DA:120,1
DA:141,2
DA:162,2
DA:180,3
LF:28
LH:28
BRDA:30,0,0,0
BRDA:82,1,0,74
BRDA:82,1,1,1
BRDA:103,2,0,1
BRDA:103,2,1,73
BRDA:103,3,0,74
BRDA:103,3,1,36
BRDA:197,4,0,74
BRDA:197,4,1,73
BRDA:200,5,0,1
BRDA:200,5,1,73
BRF:11
BRH:10
end_of_record
TN:
SF:src\features\blitz\components\FormInput.tsx
FN:26,(anonymous_1)
FNF:1
FNH:1
FNDA:170,(anonymous_1)
DA:1,2
DA:2,2
DA:25,2
DA:27,170
DA:28,170
DA:29,170
DA:31,170
DA:80,2
LF:8
LH:8
BRDA:28,0,0,170
BRDA:28,0,1,21
BRDA:42,1,0,154
BRDA:42,1,1,16
BRDA:42,2,0,170
BRDA:42,2,1,164
BRDA:52,3,0,6
BRDA:52,3,1,164
BRDA:54,4,0,1
BRDA:54,4,1,163
BRDA:58,5,0,170
BRDA:58,5,1,169
BRDA:62,6,0,170
BRDA:62,6,1,164
BRDA:62,6,2,154
BRDA:66,7,0,6
BRDA:66,7,1,148
BRDA:70,8,0,6
BRDA:70,8,1,148
BRDA:72,9,0,154
BRDA:72,9,1,148
BRF:21
BRH:21
end_of_record
TN:
SF:src\features\blitz\components\JoinRoomForm.tsx
FN:12,(anonymous_6)
FN:23,(anonymous_7)
FN:31,(anonymous_8)
FN:97,(anonymous_9)
FNF:4
FNH:4
FNDA:115,(anonymous_6)
FNDA:50,(anonymous_7)
FNDA:4,(anonymous_8)
FNDA:42,(anonymous_9)
DA:1,1
DA:3,1
DA:12,1
DA:18,115
DA:19,115
DA:21,115
DA:23,115
DA:24,50
DA:28,50
DA:31,115
DA:32,4
DA:33,4
DA:35,4
DA:36,4
DA:37,4
DA:38,4
DA:39,4
DA:45,115
DA:97,42
LF:19
LH:19
BRDA:21,0,0,115
BRDA:21,0,1,85
BRDA:33,1,0,0
BRDA:75,2,0,115
BRDA:75,2,1,3
BRDA:139,3,0,115
BRDA:139,3,1,114
BRDA:142,4,0,1
BRDA:142,4,1,114
BRF:9
BRH:8
end_of_record
TN:
SF:src\features\blitz\components\LoadingSpinner.tsx
FN:16,(anonymous_1)
FNF:1
FNH:1
FNDA:11,(anonymous_1)
DA:1,1
DA:2,1
DA:16,1
DA:20,11
LF:4
LH:4
BRDA:17,0,0,8
BRDA:18,1,0,10
BRF:2
BRH:2
end_of_record
TN:
SF:src\features\blitz\components\WaitingRoom.tsx
FN:14,(anonymous_1)
FN:79,(anonymous_2)
FNF:2
FNH:0
FNDA:0,(anonymous_1)
FNDA:0,(anonymous_2)
DA:1,0
DA:14,0
DA:23,0
DA:25,0
DA:80,0
LF:5
LH:0
BRDA:35,0,0,0
BRDA:35,0,1,0
BRDA:45,1,0,0
BRDA:45,1,1,0
BRDA:91,2,0,0
BRDA:91,2,1,0
BRDA:93,3,0,0
BRDA:93,3,1,0
BRDA:93,3,2,0
BRDA:104,4,0,0
BRDA:104,4,1,0
BRDA:112,5,0,0
BRDA:112,5,1,0
BRDA:118,6,0,0
BRDA:118,6,1,0
BRDA:126,7,0,0
BRDA:126,7,1,0
BRF:17
BRH:0
end_of_record
TN:
SF:src\features\blitz\sync\LocalSyncAdapter.ts
FN:20,(anonymous_0)
FN:25,(anonymous_1)
FN:94,(anonymous_2)
FN:133,(anonymous_3)
FN:149,(anonymous_4)
FN:157,(anonymous_5)
FN:188,(anonymous_6)
FN:229,(anonymous_7)
FN:242,(anonymous_8)
FN:266,(anonymous_9)
FN:291,(anonymous_10)
FN:339,(anonymous_11)
FN:364,(anonymous_12)
FN:416,(anonymous_13)
FN:455,(anonymous_14)
FN:465,(anonymous_15)
FN:472,(anonymous_16)
FN:489,(anonymous_17)
FNF:18
FNH:0
FNDA:0,(anonymous_0)
FNDA:0,(anonymous_1)
FNDA:0,(anonymous_2)
FNDA:0,(anonymous_3)
FNDA:0,(anonymous_4)
FNDA:0,(anonymous_5)
FNDA:0,(anonymous_6)
FNDA:0,(anonymous_7)
FNDA:0,(anonymous_8)
FNDA:0,(anonymous_9)
FNDA:0,(anonymous_10)
FNDA:0,(anonymous_11)
FNDA:0,(anonymous_12)
FNDA:0,(anonymous_13)
FNDA:0,(anonymous_14)
FNDA:0,(anonymous_15)
FNDA:0,(anonymous_16)
FNDA:0,(anonymous_17)
DA:1,0
DA:8,0
DA:9,0
DA:20,0
DA:21,0
DA:22,0
DA:23,0
DA:29,0
DA:32,0
DA:33,0
DA:34,0
DA:35,0
DA:36,0
DA:37,0
DA:41,0
DA:42,0
DA:49,0
DA:50,0
DA:63,0
DA:64,0
DA:83,0
DA:85,0
DA:86,0
DA:89,0
DA:91,0
DA:95,0
DA:96,0
DA:97,0
DA:100,0
DA:101,0
DA:104,0
DA:105,0
DA:112,0
DA:113,0
DA:125,0
DA:128,0
DA:130,0
DA:134,0
DA:135,0
DA:136,0
DA:137,0
DA:140,0
DA:143,0
DA:144,0
DA:145,0
DA:149,0
DA:150,0
DA:151,0
DA:152,0
DA:162,0
DA:163,0
DA:164,0
DA:167,0
DA:169,0
DA:170,0
DA:176,0
DA:179,0
DA:180,0
DA:181,0
DA:182,0
DA:185,0
DA:189,0
DA:190,0
DA:191,0
DA:194,0
DA:196,0
DA:198,0
DA:204,0
DA:206,0
DA:213,0
DA:214,0
DA:215,0
DA:219,0
DA:220,0
DA:221,0
DA:222,0
DA:223,0
DA:226,0
DA:229,0
DA:230,0
DA:231,0
DA:232,0
DA:233,0
DA:235,0
DA:239,0
DA:247,0
DA:248,0
DA:249,0
DA:252,0
DA:253,0
DA:254,0
DA:260,0
DA:263,0
DA:267,0
DA:268,0
DA:269,0
DA:272,0
DA:273,0
DA:274,0
DA:281,0
DA:282,0
DA:285,0
DA:288,0
DA:292,0
DA:293,0
DA:294,0
DA:297,0
DA:298,0
DA:299,0
DA:305,0
DA:307,0
DA:310,0
DA:311,0
DA:312,0
DA:316,0
DA:317,0
DA:318,0
DA:321,0
DA:322,0
DA:323,0
DA:324,0
DA:328,0
DA:331,0
DA:332,0
DA:335,0
DA:340,0
DA:341,0
DA:342,0
DA:346,0
DA:347,0
DA:350,0
DA:351,0
DA:354,0
DA:355,0
DA:356,0
DA:357,0
DA:361,0
DA:365,0
DA:366,0
DA:367,0
DA:370,0
DA:373,0
DA:380,0
DA:383,0
DA:384,0
DA:385,0
DA:386,0
DA:387,0
DA:388,0
DA:389,0
DA:390,0
DA:391,0
DA:395,0
DA:396,0
DA:397,0
DA:398,0
DA:399,0
DA:400,0
DA:403,0
DA:404,0
DA:405,0
DA:406,0
DA:410,0
DA:417,0
DA:419,0
DA:420,0
DA:421,0
DA:427,0
DA:428,0
DA:429,0
DA:435,0
DA:436,0
DA:437,0
DA:443,0
DA:444,0
DA:445,0
DA:456,0
DA:457,0
DA:458,0
DA:466,0
DA:473,0
DA:474,0
DA:476,0
DA:477,0
DA:479,0
DA:480,0
DA:481,0
DA:491,0
DA:492,0
DA:493,0
DA:497,0
DA:498,0
DA:500,0
DA:508,0
LF:194
LH:0
BRDA:35,0,0,0
BRDA:41,1,0,0
BRDA:96,2,0,0
BRDA:100,3,0,0
BRDA:104,4,0,0
BRDA:135,5,0,0
BRDA:144,6,0,0
BRDA:151,7,0,0
BRDA:163,8,0,0
BRDA:169,9,0,0
BRDA:190,10,0,0
BRDA:208,11,0,0
BRDA:208,11,1,0
BRDA:214,12,0,0
BRDA:231,13,0,0
BRDA:231,14,0,0
BRDA:231,14,1,0
BRDA:248,15,0,0
BRDA:253,16,0,0
BRDA:268,17,0,0
BRDA:273,18,0,0
BRDA:281,19,0,0
BRDA:293,20,0,0
BRDA:298,21,0,0
BRDA:310,22,0,0
BRDA:310,23,0,0
BRDA:310,23,1,0
BRDA:316,24,0,0
BRDA:316,24,1,0
BRDA:322,25,0,0
BRDA:341,26,0,0
BRDA:346,27,0,0
BRDA:355,28,0,0
BRDA:366,29,0,0
BRDA:404,30,0,0
BRDA:420,31,0,0
BRDA:428,32,0,0
BRDA:436,33,0,0
BRDA:444,34,0,0
BRDA:457,35,0,0
BRDA:474,36,0,0
BRDA:477,37,0,0
BRF:42
BRH:0
end_of_record
TN:
SF:src\features\blitz\sync\SyncAdapter.ts
FN:6,(anonymous_0)
FN:20,(anonymous_1)
FNF:2
FNH:0
FNDA:0,(anonymous_0)
FNDA:0,(anonymous_1)
DA:6,0
DA:7,0
DA:8,0
DA:9,0
DA:10,0
DA:11,0
DA:12,0
DA:13,0
DA:19,0
DA:21,0
DA:24,0
DA:25,0
LF:12
LH:0
BRDA:6,0,0,0
BRDA:6,0,1,0
BRF:2
BRH:0
end_of_record
TN:
SF:src\features\blitz\sync\index.ts
FN:11,getBlitzSyncAdapter
FN:22,__resetBlitzSyncAdapterForTests
FN:28,(anonymous_2)
FN:28,(anonymous_3)
FNF:4
FNH:0
FNDA:0,getBlitzSyncAdapter
FNDA:0,__resetBlitzSyncAdapterForTests
FNDA:0,(anonymous_2)
FNDA:0,(anonymous_3)
DA:2,0
DA:4,0
DA:11,0
DA:12,0
DA:13,0
DA:15,0
DA:22,0
DA:23,0
DA:28,0
LF:9
LH:0
BRDA:12,0,0,0
BRF:1
BRH:0
end_of_record
TN:
SF:src\features\timeAttack\difficulty.ts
FN:12,getDifficultyForIndex
FN:35,getSkipCostSeconds
FN:61,getTimeRewardSeconds
FN:81,getSurvivalBaseSeconds
FN:96,compareDifficulty
FNF:5
FNH:5
FNDA:103,getDifficultyForIndex
FNDA:10,getSkipCostSeconds
FNDA:4,getTimeRewardSeconds
FNDA:8,getSurvivalBaseSeconds
FNDA:9,compareDifficulty
DA:12,3
DA:13,103
DA:14,91
DA:16,12
DA:17,3
DA:19,9
DA:20,3
DA:22,6
DA:23,3
DA:25,3
DA:35,3
DA:39,10
DA:40,5
DA:43,5
DA:45,3
DA:47,1
DA:49,1
DA:51,0
DA:52,0
DA:61,3
DA:62,4
DA:64,2
DA:66,1
DA:68,1
DA:70,0
DA:71,0
DA:81,3
DA:82,8
DA:84,4
DA:86,2
DA:88,2
DA:90,0
DA:91,0
DA:96,3
DA:97,9
DA:102,9
DA:105,3
LF:37
LH:31
BRDA:13,0,0,91
BRDA:16,1,0,3
BRDA:19,2,0,3
BRDA:22,3,0,3
BRDA:39,4,0,5
BRDA:43,5,0,3
BRDA:43,5,1,1
BRDA:43,5,2,1
BRDA:43,5,3,0
BRDA:62,6,0,2
BRDA:62,6,1,1
BRDA:62,6,2,1
BRDA:62,6,3,0
BRDA:82,7,0,4
BRDA:82,7,1,2
BRDA:82,7,2,2
BRDA:82,7,3,0
BRF:17
BRH:14
end_of_record
TN:
SF:src\features\timeAttack\stats.ts
FN:18,getDefaultStats
FN:26,loadStats
FN:54,saveStats
FN:68,recordRun
FN:106,getBest
FNF:5
FNH:5
FNDA:18,getDefaultStats
FNDA:8,loadStats
FNDA:3,saveStats
FNDA:11,recordRun
FNDA:4,getBest
DA:16,3
DA:18,3
DA:19,18
DA:26,3
DA:27,8
DA:28,8
DA:29,6
DA:30,1
DA:33,5
DA:36,4
DA:45,1
DA:48,3
DA:50,3
DA:54,3
DA:55,3
DA:56,3
DA:68,3
DA:69,11
DA:70,11
DA:72,11
DA:74,11
DA:76,5
DA:79,6
DA:80,3
DA:81,3
DA:85,1
DA:89,11
DA:90,11
DA:91,9
DA:98,11
DA:106,3
DA:111,4
DA:112,4
LF:33
LH:33
BRDA:29,0,0,1
BRDA:36,1,0,1
BRDA:37,2,0,4
BRDA:37,2,1,4
BRDA:37,2,2,3
BRDA:37,2,3,3
BRDA:37,2,4,3
BRDA:37,2,5,3
BRDA:37,2,6,3
BRDA:74,3,0,5
BRDA:74,3,1,6
BRDA:79,4,0,3
BRDA:79,4,1,3
BRDA:81,5,0,1
BRDA:82,6,0,3
BRDA:82,6,1,2
BRDA:90,7,0,9
BRDA:112,8,0,4
BRDA:112,8,1,3
BRF:19
BRH:19
end_of_record
TN:
SF:src\features\timeAttack\timer.ts
FN:23,useTimer
FN:42,(anonymous_1)
FN:46,(anonymous_2)
FN:82,(anonymous_3)
FN:87,(anonymous_4)
FN:91,(anonymous_5)
FN:97,(anonymous_6)
FN:100,(anonymous_7)
FN:107,(anonymous_8)
FN:111,(anonymous_9)
FN:115,(anonymous_10)
FN:138,(anonymous_11)
FN:143,(anonymous_12)
FNF:13
FNH:13
FNDA:73,useTimer
FNDA:22,(anonymous_1)
FNDA:34,(anonymous_2)
FNDA:20,(anonymous_3)
FNDA:19,(anonymous_4)
FNDA:4,(anonymous_5)
FNDA:3,(anonymous_6)
FNDA:2,(anonymous_7)
FNDA:1,(anonymous_8)
FNDA:5,(anonymous_9)
FNDA:4,(anonymous_10)
FNDA:22,(anonymous_11)
FNDA:22,(anonymous_12)
DA:1,2
DA:23,2
DA:24,73
DA:30,73
DA:40,73
DA:42,73
DA:43,22
DA:46,73
DA:47,34
DA:48,34
DA:50,34
DA:51,0
DA:54,34
DA:55,34
DA:56,4
DA:59,34
DA:60,34
DA:62,34
DA:68,34
DA:69,5
DA:70,5
DA:71,5
DA:73,0
DA:77,34
DA:78,27
DA:82,73
DA:83,20
DA:84,1
DA:86,19
DA:87,19
DA:88,19
DA:91,73
DA:92,4
DA:93,4
DA:94,1
DA:96,3
DA:97,3
DA:100,73
DA:101,2
DA:102,2
DA:103,1
DA:105,1
DA:106,1
DA:107,1
DA:108,1
DA:111,73
DA:112,5
DA:115,73
DA:116,4
DA:117,4
DA:118,4
DA:121,4
DA:123,4
DA:124,4
DA:125,4
DA:126,4
DA:127,4
DA:128,4
DA:129,4
DA:131,4
DA:138,73
DA:139,22
DA:140,2
DA:143,22
DA:144,22
DA:145,15
DA:150,73
LF:67
LH:65
BRDA:50,0,0,0
BRDA:55,1,0,4
BRDA:68,2,0,5
BRDA:68,3,0,34
BRDA:68,3,1,7
BRDA:77,4,0,27
BRDA:83,5,0,1
BRDA:93,6,0,1
BRDA:93,7,0,4
BRDA:93,7,1,3
BRDA:102,8,0,1
BRDA:102,9,0,2
BRDA:102,9,1,1
BRDA:117,10,0,4
BRDA:121,11,0,4
BRDA:121,11,1,3
BRDA:139,12,0,2
BRDA:144,13,0,15
BRF:18
BRH:17
end_of_record
TN:
SF:src\features\timeAttack\useTimeAttack.ts
FN:81,timeAttackReducer
FN:206,useTimeAttack
FN:212,(anonymous_2)
FN:223,(anonymous_3)
FN:246,(anonymous_4)
FN:250,(anonymous_5)
FN:254,(anonymous_6)
FN:260,(anonymous_7)
FN:279,(anonymous_8)
FN:301,(anonymous_9)
FN:308,(anonymous_10)
FN:327,(anonymous_11)
FN:334,(anonymous_12)
FN:357,(anonymous_13)
FN:368,(anonymous_14)
FN:372,(anonymous_15)
FN:380,(anonymous_16)
FN:381,(anonymous_17)
FNF:18
FNH:16
FNDA:109,timeAttackReducer
FNDA:110,useTimeAttack
FNDA:1,(anonymous_2)
FNDA:44,(anonymous_3)
FNDA:26,(anonymous_4)
FNDA:26,(anonymous_5)
FNDA:2,(anonymous_6)
FNDA:22,(anonymous_7)
FNDA:18,(anonymous_8)
FNDA:0,(anonymous_9)
FNDA:5,(anonymous_10)
FNDA:0,(anonymous_11)
FNDA:7,(anonymous_12)
FNDA:9,(anonymous_13)
FNDA:2,(anonymous_14)
FNDA:1,(anonymous_15)
FNDA:30,(anonymous_16)
FNDA:30,(anonymous_17)
DA:1,1
DA:4,1
DA:5,1
DA:6,1
DA:7,1
DA:61,1
DA:82,109
DA:84,26
DA:91,26
DA:97,1
DA:105,21
DA:123,18
DA:124,18
DA:125,18
DA:126,18
DA:127,18
DA:128,18
DA:129,18
DA:133,18
DA:148,5
DA:159,1
DA:165,0
DA:172,8
DA:179,2
DA:199,1
DA:202,0
DA:206,1
DA:207,110
DA:208,110
DA:210,110
DA:214,1
DA:215,1
DA:216,1
DA:218,1
DA:222,110
DA:224,44
DA:225,44
DA:227,44
DA:228,44
DA:229,1
DA:233,1
DA:234,1
DA:235,0
DA:237,0
DA:239,1
DA:241,43
DA:246,110
DA:247,26
DA:250,110
DA:251,26
DA:254,110
DA:255,2
DA:256,1
DA:260,110
DA:261,22
DA:262,1
DA:265,21
DA:269,21
DA:270,21
DA:272,21
DA:273,21
DA:274,21
DA:275,21
DA:279,110
DA:280,18
DA:281,0
DA:284,18
DA:285,18
DA:286,18
DA:288,18
DA:289,18
DA:291,18
DA:292,1
DA:293,1
DA:295,1
DA:296,0
DA:299,1
DA:300,1
DA:301,0
DA:308,110
DA:309,5
DA:310,0
DA:313,5
DA:314,5
DA:316,5
DA:317,5
DA:318,4
DA:320,1
DA:321,1
DA:322,1
DA:327,110
DA:328,0
DA:329,0
DA:331,0
DA:334,110
DA:335,7
DA:336,0
DA:339,7
DA:340,7
DA:343,7
DA:344,7
DA:345,7
DA:348,7
DA:349,7
DA:357,9
DA:361,7
DA:362,7
DA:365,7
DA:368,110
DA:369,2
DA:372,110
DA:373,1
DA:374,1
DA:375,1
DA:376,0
DA:380,110
DA:381,30
DA:382,30
DA:383,1
DA:388,110
LF:120
LH:107
BRDA:82,0,0,26
BRDA:82,0,1,26
BRDA:82,0,2,1
BRDA:82,0,3,21
BRDA:82,0,4,18
BRDA:82,0,5,5
BRDA:82,0,6,1
BRDA:82,0,7,0
BRDA:82,0,8,7
BRDA:82,0,9,8
BRDA:82,0,10,2
BRDA:82,0,11,1
BRDA:82,0,12,0
BRDA:123,1,0,0
BRDA:129,2,0,5
BRDA:129,2,1,13
BRDA:130,3,0,0
BRDA:130,3,1,5
BRDA:215,4,0,1
BRDA:215,4,1,0
BRDA:215,5,0,1
BRDA:215,5,1,1
BRDA:216,6,0,1
BRDA:216,6,1,0
BRDA:216,7,0,1
BRDA:216,7,1,0
BRDA:228,8,0,1
BRDA:234,9,0,0
BRDA:255,10,0,1
BRDA:261,11,0,1
BRDA:261,12,0,22
BRDA:261,12,1,21
BRDA:261,12,2,21
BRDA:265,13,0,19
BRDA:265,13,1,2
BRDA:272,14,0,21
BRDA:280,15,0,0
BRDA:280,16,0,18
BRDA:280,16,1,18
BRDA:288,17,0,18
BRDA:291,18,0,1
BRDA:291,19,0,18
BRDA:291,19,1,1
BRDA:295,20,0,0
BRDA:309,21,0,0
BRDA:309,22,0,5
BRDA:309,22,1,5
BRDA:309,22,2,5
BRDA:316,23,0,5
BRDA:317,24,0,4
BRDA:317,24,1,1
BRDA:328,25,0,0
BRDA:335,26,0,0
BRDA:344,27,0,7
BRDA:344,27,1,0
BRDA:344,28,0,7
BRDA:344,28,1,7
BRDA:345,29,0,7
BRDA:345,29,1,0
BRDA:345,30,0,7
BRDA:345,30,1,4
BRDA:348,31,0,7
BRDA:348,31,1,0
BRDA:356,32,0,7
BRDA:356,32,1,0
BRDA:375,33,0,0
BRDA:382,34,0,1
BRF:67
BRH:49
end_of_record
TN:
SF:src\features\timeAttack\components\Clock.tsx
FN:8,(anonymous_1)
FNF:1
FNH:0
FNDA:0,(anonymous_1)
DA:1,0
DA:8,0
DA:9,0
DA:10,0
DA:11,0
DA:12,0
DA:14,0
DA:15,0
DA:18,0
DA:19,0
DA:21,0
DA:24,0
DA:25,0
DA:31,0
LF:14
LH:0
BRDA:8,0,0,0
BRDA:18,1,0,0
BRDA:18,1,1,0
BRDA:24,2,0,0
BRDA:24,2,1,0
BRDA:24,3,0,0
BRDA:24,3,1,0
BRDA:25,4,0,0
BRDA:25,4,1,0
BRDA:27,5,0,0
BRDA:27,5,1,0
BRDA:44,6,0,0
BRDA:44,6,1,0
BRDA:46,7,0,0
BRDA:46,7,1,0
BRF:15
BRH:0
end_of_record
TN:
SF:src\features\timeAttack\components\EndScreen.tsx
FN:23,(anonymous_6)
FN:31,(anonymous_7)
FN:42,(anonymous_8)
FN:55,(anonymous_9)
FN:77,(anonymous_10)
FN:97,(anonymous_11)
FNF:6
FNH:6
FNDA:130,(anonymous_6)
FNDA:66,(anonymous_7)
FNDA:66,(anonymous_8)
FNDA:66,(anonymous_9)
FNDA:66,(anonymous_10)
FNDA:2,(anonymous_11)
DA:1,1
DA:2,1
DA:4,1
DA:7,1
DA:23,1
DA:24,130
DA:25,130
DA:26,130
DA:27,130
DA:28,130
DA:31,1
DA:32,66
DA:33,60
DA:37,6
DA:38,6
DA:42,1
DA:43,66
DA:46,60
DA:47,60
DA:51,6
DA:55,1
DA:68,66
DA:69,66
DA:70,66
DA:71,66
DA:73,66
DA:74,66
DA:77,66
DA:78,66
DA:80,30
DA:81,30
DA:82,30
DA:85,30
DA:86,29
DA:88,30
DA:89,1
DA:93,30
DA:94,30
DA:97,66
DA:98,2
DA:99,2
DA:102,66
LF:42
LH:42
BRDA:32,0,0,60
BRDA:32,0,1,6
BRDA:38,1,0,6
BRDA:38,1,1,0
BRDA:43,2,0,60
BRDA:43,2,1,6
BRDA:64,3,0,10
BRDA:73,4,0,66
BRDA:73,4,1,6
BRDA:78,5,0,36
BRDA:81,6,0,1
BRDA:81,6,1,29
BRDA:81,7,0,30
BRDA:81,7,1,28
BRDA:85,8,0,29
BRDA:88,9,0,1
BRDA:88,10,0,30
BRDA:88,10,1,28
BRDA:118,11,0,66
BRDA:118,11,1,60
BRDA:123,12,0,66
BRDA:123,12,1,62
BRDA:123,12,2,2
BRDA:138,13,0,60
BRDA:138,13,1,6
BRDA:155,14,0,64
BRDA:155,14,1,2
BRDA:161,15,0,64
BRDA:161,15,1,2
BRDA:167,16,0,2
BRDA:167,16,1,64
BRDA:167,17,0,66
BRDA:167,17,1,62
BRF:33
BRH:32
end_of_record
TN:
SF:src\features\timeAttack\components\PlayScreen.tsx
FN:26,(anonymous_6)
FN:44,(anonymous_7)
FN:47,(anonymous_8)
FN:50,(anonymous_9)
FN:56,(anonymous_10)
FN:59,(anonymous_11)
FN:62,(anonymous_12)
FN:65,(anonymous_13)
FN:73,(anonymous_14)
FN:80,(anonymous_15)
FN:156,(anonymous_16)
FN:166,(anonymous_17)
FN:170,(anonymous_18)
FNF:13
FNH:0
FNDA:0,(anonymous_6)
FNDA:0,(anonymous_7)
FNDA:0,(anonymous_8)
FNDA:0,(anonymous_9)
FNDA:0,(anonymous_10)
FNDA:0,(anonymous_11)
FNDA:0,(anonymous_12)
FNDA:0,(anonymous_13)
FNDA:0,(anonymous_14)
FNDA:0,(anonymous_15)
FNDA:0,(anonymous_16)
FNDA:0,(anonymous_17)
FNDA:0,(anonymous_18)
DA:1,0
DA:3,0
DA:4,0
DA:5,0
DA:6,0
DA:8,0
DA:9,0
DA:26,0
DA:39,0
DA:40,0
DA:41,0
DA:42,0
DA:44,0
DA:45,0
DA:46,0
DA:47,0
DA:48,0
DA:50,0
DA:52,0
DA:56,0
DA:57,0
DA:58,0
DA:59,0
DA:60,0
DA:62,0
DA:65,0
DA:66,0
DA:67,0
DA:69,0
DA:70,0
DA:73,0
DA:74,0
DA:77,0
DA:80,0
DA:81,0
DA:82,0
DA:84,0
DA:85,0
DA:87,0
DA:89,0
DA:92,0
DA:93,0
DA:98,0
DA:101,0
DA:157,0
DA:167,0
DA:168,0
DA:171,0
LF:48
LH:0
BRDA:45,0,0,0
BRDA:45,0,1,0
BRDA:66,1,0,0
BRDA:67,2,0,0
BRDA:67,2,1,0
BRDA:74,3,0,0
BRDA:82,4,0,0
BRDA:85,5,0,0
BRDA:87,6,0,0
BRDA:87,6,1,0
BRDA:92,7,0,0
BRDA:128,8,0,0
BRDA:128,8,1,0
BRDA:128,9,0,0
BRDA:128,9,1,0
BRDA:180,10,0,0
BRDA:180,10,1,0
BRF:17
BRH:0
end_of_record
TN:
SF:src\features\timeAttack\components\SetupScreen.tsx
FN:31,(anonymous_1)
FN:42,(anonymous_2)
FN:47,(anonymous_3)
FN:57,(anonymous_4)
FN:67,(anonymous_5)
FN:107,(anonymous_6)
FN:110,(anonymous_7)
FN:133,(anonymous_8)
FN:136,(anonymous_9)
FNF:9
FNH:9
FNDA:33,(anonymous_1)
FNDA:2,(anonymous_2)
FNDA:51,(anonymous_3)
FNDA:51,(anonymous_4)
FNDA:51,(anonymous_5)
FNDA:66,(anonymous_6)
FNDA:3,(anonymous_7)
FNDA:51,(anonymous_8)
FNDA:3,(anonymous_9)
DA:1,1
DA:2,1
DA:4,1
DA:5,1
DA:16,1
DA:29,1
DA:31,1
DA:39,33
DA:40,33
DA:42,33
DA:43,2
DA:44,2
DA:47,33
DA:48,51
DA:49,51
DA:50,48
DA:52,3
DA:53,3
DA:57,33
DA:58,51
DA:59,51
DA:60,48
DA:62,3
DA:63,3
DA:67,33
DA:68,51
DA:69,51
DA:72,33
DA:108,66
DA:110,3
DA:134,51
DA:136,3
LF:32
LH:32
BRDA:48,0,0,0
BRDA:49,1,0,48
BRDA:49,1,1,3
BRDA:58,2,0,0
BRDA:59,3,0,48
BRDA:59,3,1,3
BRDA:69,4,0,3
BRDA:69,4,1,48
BRDA:112,5,0,17
BRDA:112,5,1,49
BRDA:127,6,0,33
BRDA:127,6,1,17
BRDA:138,7,0,5
BRDA:138,7,1,46
BRDA:157,8,0,33
BRDA:157,8,1,17
BRDA:157,8,2,5
BRF:17
BRH:15
end_of_record
TN:
SF:src\features\timeAttack\pages\TimeAttackPage.tsx
FN:20,calculateSolveXp
FN:39,(anonymous_7)
FN:47,(anonymous_8)
FN:57,(anonymous_9)
FN:62,(anonymous_10)
FN:71,(anonymous_11)
FN:77,(anonymous_12)
FN:97,(anonymous_13)
FN:109,(anonymous_14)
FN:112,(anonymous_15)
FN:120,(anonymous_16)
FN:127,(anonymous_17)
FN:182,(anonymous_18)
FNF:13
FNH:0
FNDA:0,calculateSolveXp
FNDA:0,(anonymous_7)
FNDA:0,(anonymous_8)
FNDA:0,(anonymous_9)
FNDA:0,(anonymous_10)
FNDA:0,(anonymous_11)
FNDA:0,(anonymous_12)
FNDA:0,(anonymous_13)
FNDA:0,(anonymous_14)
FNDA:0,(anonymous_15)
FNDA:0,(anonymous_16)
FNDA:0,(anonymous_17)
FNDA:0,(anonymous_18)
DA:1,0
DA:2,0
DA:3,0
DA:4,0
DA:5,0
DA:6,0
DA:7,0
DA:8,0
DA:9,0
DA:10,0
DA:11,0
DA:13,0
DA:14,0
DA:15,0
DA:16,0
DA:17,0
DA:18,0
DA:25,0
DA:27,0
DA:32,0
DA:33,0
DA:34,0
DA:36,0
DA:39,0
DA:40,0
DA:41,0
DA:42,0
DA:43,0
DA:44,0
DA:47,0
DA:48,0
DA:49,0
DA:50,0
DA:51,0
DA:52,0
DA:53,0
DA:54,0
DA:55,0
DA:57,0
DA:58,0
DA:62,0
DA:63,0
DA:64,0
DA:65,0
DA:66,0
DA:71,0
DA:72,0
DA:77,0
DA:78,0
DA:80,0
DA:82,0
DA:83,0
DA:87,0
DA:88,0
DA:89,0
DA:92,0
DA:97,0
DA:98,0
DA:99,0
DA:101,0
DA:110,0
DA:112,0
DA:113,0
DA:121,0
DA:127,0
DA:128,0
DA:130,0
DA:131,0
DA:132,0
DA:133,0
DA:134,0
DA:139,0
DA:182,0
LF:73
LH:0
BRDA:25,0,0,0
BRDA:33,1,0,0
BRDA:33,1,1,0
BRDA:41,2,0,0
BRDA:63,3,0,0
BRDA:63,4,0,0
BRDA:63,4,1,0
BRDA:78,5,0,0
BRDA:78,6,0,0
BRDA:78,6,1,0
BRDA:78,6,2,0
BRDA:82,7,0,0
BRDA:87,8,0,0
BRDA:87,8,1,0
BRDA:88,9,0,0
BRDA:98,10,0,0
BRDA:98,11,0,0
BRDA:98,11,1,0
BRDA:103,12,0,0
BRDA:103,12,1,0
BRDA:104,13,0,0
BRDA:104,13,1,0
BRDA:106,14,0,0
BRDA:106,14,1,0
BRDA:110,15,0,0
BRDA:110,16,0,0
BRDA:110,16,1,0
BRDA:128,17,0,0
BRDA:130,18,0,0
BRDA:146,19,0,0
BRDA:146,19,1,0
BRDA:146,19,2,0
BRDA:157,20,0,0
BRDA:157,20,1,0
BRDA:173,21,0,0
BRDA:173,21,1,0
BRDA:181,22,0,0
BRDA:181,22,1,0
BRF:38
BRH:0
end_of_record
TN:
SF:src\hooks\useGameResult.ts
FN:16,(anonymous_0)
FN:18,(anonymous_1)
FNF:2
FNH:2
FNDA:2,(anonymous_0)
FNDA:2,(anonymous_1)
DA:11,1
DA:12,1
DA:13,1
DA:16,1
DA:17,2
DA:30,2
DA:31,2
DA:33,2
DA:46,2
DA:47,0
DA:49,2
DA:50,0
DA:54,2
DA:57,2
DA:59,2
DA:64,2
LF:16
LH:14
BRDA:46,0,0,0
BRDA:49,1,0,0
BRF:2
BRH:0
end_of_record
TN:
SF:src\lib\stats.ts
FN:11,getTodayISODate
FN:16,getDefaultStats
FN:26,loadStats
FN:49,saveStats
FN:57,recordWin
FN:70,recordLoss
FNF:6
FNH:0
FNDA:0,getTodayISODate
FNDA:0,getDefaultStats
FNDA:0,loadStats
FNDA:0,saveStats
FNDA:0,recordWin
FNDA:0,recordLoss
DA:9,0
DA:12,0
DA:13,0
DA:16,0
DA:17,0
DA:26,0
DA:27,0
DA:28,0
DA:29,0
DA:30,0
DA:32,0
DA:34,0
DA:41,0
DA:43,0
DA:45,0
DA:49,0
DA:50,0
DA:51,0
DA:57,0
DA:58,0
DA:59,0
DA:61,0
DA:70,0
DA:71,0
LF:24
LH:0
BRDA:29,0,0,0
BRDA:34,1,0,0
BRDA:35,2,0,0
BRDA:35,2,1,0
BRDA:35,2,2,0
BRDA:35,2,3,0
BRDA:35,2,4,0
BRDA:35,2,5,0
BRF:8
BRH:0
end_of_record
TN:
SF:src\lib\theme.ts
FN:5,loadTheme
FN:17,saveTheme
FN:25,applyTheme
FNF:3
FNH:0
FNDA:0,loadTheme
FNDA:0,saveTheme
FNDA:0,applyTheme
DA:3,0
DA:5,0
DA:6,0
DA:7,0
DA:8,0
DA:9,0
DA:14,0
DA:17,0
DA:18,0
DA:19,0
DA:25,0
DA:26,0
DA:28,0
DA:29,0
DA:30,0
DA:31,0
DA:32,0
DA:33,0
DA:34,0
DA:35,0
DA:37,0
LF:21
LH:0
BRDA:8,0,0,0
BRDA:8,1,0,0
BRDA:8,1,1,0
BRDA:8,1,2,0
BRDA:28,2,0,0
BRDA:28,2,1,0
BRDA:30,3,0,0
BRDA:30,3,1,0
BRDA:32,4,0,0
BRDA:34,5,0,0
BRDA:34,5,1,0
BRF:11
BRH:0
end_of_record
TN:
SF:src\lib\economy\index.ts
FN:1,(anonymous_0)
FN:1,(anonymous_1)
FN:1,(anonymous_2)
FN:1,(anonymous_3)
FN:1,(anonymous_4)
FN:1,(anonymous_5)
FN:4,(anonymous_6)
FN:4,(anonymous_7)
FN:4,(anonymous_8)
FN:8,(anonymous_9)
FN:9,(anonymous_10)
FN:10,(anonymous_11)
FN:11,(anonymous_12)
FN:12,(anonymous_13)
FN:13,(anonymous_14)
FN:14,(anonymous_15)
FN:15,(anonymous_16)
FN:16,(anonymous_17)
FN:20,(anonymous_18)
FN:25,(anonymous_19)
FN:25,(anonymous_20)
FN:25,(anonymous_21)
FN:25,(anonymous_22)
FN:25,(anonymous_23)
FN:27,(anonymous_24)
FN:27,(anonymous_25)
FN:27,(anonymous_26)
FN:27,(anonymous_27)
FNF:28
FNH:1
FNDA:0,(anonymous_0)
FNDA:0,(anonymous_1)
FNDA:0,(anonymous_2)
FNDA:0,(anonymous_3)
FNDA:0,(anonymous_4)
FNDA:0,(anonymous_5)
FNDA:0,(anonymous_6)
FNDA:0,(anonymous_7)
FNDA:0,(anonymous_8)
FNDA:0,(anonymous_9)
FNDA:0,(anonymous_10)
FNDA:0,(anonymous_11)
FNDA:0,(anonymous_12)
FNDA:0,(anonymous_13)
FNDA:0,(anonymous_14)
FNDA:0,(anonymous_15)
FNDA:0,(anonymous_16)
FNDA:0,(anonymous_17)
FNDA:66,(anonymous_18)
FNDA:0,(anonymous_19)
FNDA:0,(anonymous_20)
FNDA:0,(anonymous_21)
FNDA:0,(anonymous_22)
FNDA:0,(anonymous_23)
FNDA:0,(anonymous_24)
FNDA:0,(anonymous_25)
FNDA:0,(anonymous_26)
FNDA:0,(anonymous_27)
DA:1,1
DA:4,1
DA:7,1
DA:8,1
DA:9,1
DA:10,1
DA:11,1
DA:12,1
DA:13,1
DA:14,1
DA:15,1
DA:16,1
DA:20,67
DA:25,1
DA:27,1
LF:15
LH:15
BRF:0
BRH:0
end_of_record
TN:
SF:src\lib\economy\inventory.ts
FN:11,getDefaultInventory
FN:24,loadInventory
FN:50,saveInventory
FN:54,addConsumable
FN:64,useConsumable
FN:78,getConsumableCount
FN:82,addUnlock
FN:92,hasUnlock
FN:96,addDictionaryVouchers
FNF:9
FNH:7
FNDA:80,getDefaultInventory
FNDA:111,loadInventory
FNDA:30,saveInventory
FNDA:20,addConsumable
FNDA:6,useConsumable
FNDA:19,getConsumableCount
FNDA:22,addUnlock
FNDA:0,hasUnlock
FNDA:0,addDictionaryVouchers
DA:9,4
DA:11,4
DA:12,80
DA:24,4
DA:25,111
DA:26,111
DA:27,80
DA:29,31
DA:30,31
DA:32,31
DA:34,0
DA:35,0
DA:36,0
DA:38,0
DA:44,31
DA:46,0
DA:50,4
DA:51,30
DA:54,4
DA:55,20
DA:64,4
DA:65,6
DA:66,6
DA:67,1
DA:69,5
DA:78,4
DA:79,19
DA:82,4
DA:83,22
DA:84,0
DA:86,22
DA:92,4
DA:93,0
DA:96,4
DA:97,0
LF:35
LH:27
BRDA:26,0,0,80
BRDA:32,1,0,0
BRDA:36,2,0,0
BRDA:36,2,1,0
BRDA:40,3,0,0
BRDA:40,3,1,0
BRDA:41,4,0,0
BRDA:41,4,1,0
BRDA:59,5,0,20
BRDA:59,5,1,17
BRDA:65,6,0,6
BRDA:65,6,1,1
BRDA:66,7,0,1
BRDA:79,8,0,19
BRDA:79,8,1,3
BRDA:83,9,0,0
BRF:16
BRH:8
end_of_record
TN:
SF:src\lib\economy\levelRewards.ts
FN:75,getLevelReward
FN:84,getRewardsBetween
FN:100,getNextRewardLevel
FNF:3
FNH:3
FNDA:221,getLevelReward
FNDA:22,getRewardsBetween
FNDA:15,getNextRewardLevel
DA:3,5
DA:75,5
DA:76,221
DA:84,5
DA:85,22
DA:86,22
DA:87,170
DA:88,170
DA:89,53
DA:92,22
DA:100,5
DA:101,15
DA:102,15
DA:103,29
DA:104,12
DA:107,3
LF:16
LH:16
BRDA:76,0,0,221
BRDA:76,0,1,138
BRDA:88,1,0,53
BRDA:103,2,0,12
BRF:4
BRH:4
end_of_record
TN:
SF:src\lib\economy\levels.ts
FN:13,computeLevel
FN:33,xpRequiredForLevel
FN:44,xpToNextLevel
FN:55,xpProgressInLevel
FN:68,xpDeltaToLevelProgress
FNF:5
FNH:5
FNDA:448,computeLevel
FNDA:577,xpRequiredForLevel
FNDA:50,xpToNextLevel
FNDA:234,xpProgressInLevel
FNDA:6,xpDeltaToLevelProgress
DA:11,6
DA:13,6
DA:14,448
DA:15,2
DA:20,446
DA:21,446
DA:33,6
DA:34,577
DA:35,40
DA:37,537
DA:44,6
DA:45,50
DA:46,50
DA:47,50
DA:55,6
DA:56,234
DA:57,234
DA:58,234
DA:59,234
DA:60,234
DA:61,234
DA:68,6
DA:74,6
DA:75,6
DA:76,6
DA:78,6
DA:79,6
DA:80,3
DA:81,13
DA:85,6
LF:30
LH:30
BRDA:14,0,0,2
BRDA:34,1,0,40
BRDA:79,2,0,3
BRF:3
BRH:3
end_of_record
TN:
SF:src\lib\economy\shop.ts
FN:56,getShopItem
FN:57,(anonymous_1)
FN:60,getItemsByCategory
FN:61,(anonymous_3)
FNF:4
FNH:0
FNDA:0,getShopItem
FNDA:0,(anonymous_1)
FNDA:0,getItemsByCategory
FNDA:0,(anonymous_3)
DA:17,1
DA:56,1
DA:57,0
DA:60,1
DA:61,0
LF:5
LH:3
BRF:0
BRH:0
end_of_record
TN:
SF:src\lib\economy\useEconomy.ts
FN:21,useEconomy
FN:22,(anonymous_1)
FN:23,(anonymous_2)
FN:26,(anonymous_3)
FN:27,(anonymous_4)
FN:32,(anonymous_5)
FN:35,(anonymous_6)
FN:42,(anonymous_7)
FN:53,(anonymous_8)
FN:92,(anonymous_9)
FN:101,(anonymous_10)
FN:112,(anonymous_11)
FN:124,(anonymous_12)
FNF:13
FNH:12
FNDA:136,useEconomy
FNDA:61,(anonymous_1)
FNDA:61,(anonymous_2)
FNDA:61,(anonymous_3)
FNDA:0,(anonymous_4)
FNDA:61,(anonymous_5)
FNDA:41,(anonymous_6)
FNDA:11,(anonymous_7)
FNDA:15,(anonymous_8)
FNDA:24,(anonymous_9)
FNDA:10,(anonymous_10)
FNDA:6,(anonymous_11)
FNDA:19,(anonymous_12)
DA:1,4
DA:2,4
DA:4,4
DA:21,4
DA:22,136
DA:23,136
DA:26,136
DA:27,61
DA:28,0
DA:29,0
DA:31,61
DA:32,61
DA:35,136
DA:36,41
DA:37,41
DA:38,41
DA:39,41
DA:42,136
DA:43,11
DA:44,11
DA:45,0
DA:47,11
DA:48,11
DA:49,11
DA:50,11
DA:53,136
DA:54,15
DA:55,15
DA:57,15
DA:58,15
DA:61,15
DA:63,24
DA:66,24
DA:67,32
DA:69,10
DA:70,10
DA:72,6
DA:73,6
DA:75,16
DA:76,16
DA:78,0
DA:79,0
DA:85,15
DA:86,15
DA:87,15
DA:88,15
DA:90,15
DA:92,24
DA:101,136
DA:102,10
DA:103,0
DA:105,10
DA:106,10
DA:107,10
DA:108,10
DA:109,10
DA:112,136
DA:113,6
DA:114,6
DA:115,6
DA:117,1
DA:119,5
DA:120,5
DA:121,5
DA:124,136
DA:125,19
DA:126,19
DA:130,136
DA:134,136
LF:69
LH:63
BRDA:44,0,0,0
BRDA:67,1,0,10
BRDA:67,1,1,6
BRDA:67,1,2,16
BRDA:67,1,3,0
BRDA:102,2,0,0
BRDA:115,3,0,1
BRF:7
BRH:4
end_of_record
TN:
SF:src\lib\economy\wallet.ts
FN:25,getDefaultWallet
FN:37,loadWallet
FN:54,saveWallet
FN:58,earnCoins
FN:68,spendCoins
FN:78,addXp
FNF:6
FNH:6
FNDA:32,getDefaultWallet
FNDA:128,loadWallet
FNDA:97,saveWallet
FNDA:65,earnCoins
FNDA:11,spendCoins
FNDA:15,addXp
DA:2,4
DA:3,4
DA:23,4
DA:25,4
DA:26,32
DA:37,4
DA:38,128
DA:39,128
DA:40,2
DA:42,126
DA:43,126
DA:45,126
DA:50,0
DA:54,4
DA:55,97
DA:58,4
DA:59,65
DA:65,65
DA:68,4
DA:69,11
DA:70,11
DA:78,4
DA:79,15
DA:80,15
DA:81,15
DA:82,15
DA:84,15
DA:92,15
LF:28
LH:27
BRDA:39,0,0,2
BRF:1
BRH:1
end_of_record
TN:
SF:src\lib\leaderboard\achievements\AchievementEvaluator.ts
FN:9,(anonymous_0)
FN:31,(anonymous_1)
FN:54,(anonymous_2)
FN:67,(anonymous_3)
FN:78,(anonymous_4)
FN:81,(anonymous_5)
FNF:6
FNH:5
FNDA:7,(anonymous_0)
FNDA:76,(anonymous_1)
FNDA:41,(anonymous_2)
FNDA:21,(anonymous_3)
FNDA:55,(anonymous_4)
FNDA:0,(anonymous_5)
DA:2,5
DA:4,5
DA:10,7
DA:11,7
DA:13,7
DA:15,77
DA:16,1
DA:20,76
DA:21,8
DA:25,7
DA:32,76
DA:34,76
DA:36,41
DA:38,21
DA:42,7
DA:45,7
DA:48,0
DA:50,0
DA:55,41
DA:57,41
DA:59,21
DA:60,21
DA:64,20
DA:68,21
DA:70,21
DA:72,0
DA:73,0
DA:77,21
DA:78,55
DA:84,0
LF:30
LH:25
BRDA:15,0,0,1
BRDA:20,1,0,8
BRDA:34,2,0,41
BRDA:34,2,1,21
BRDA:34,2,2,7
BRDA:34,2,3,7
BRDA:34,2,4,0
BRDA:34,2,5,0
BRDA:57,3,0,21
BRDA:70,4,0,0
BRF:10
BRH:7
end_of_record
TN:
SF:src\lib\leaderboard\achievements\achievements.ts
FN:201,getAllAchievements
FN:211,getAchievementsByRarity
FN:230,getAchievementById
FN:231,(anonymous_3)
FN:239,(anonymous_4)
FNF:5
FNH:2
FNDA:12,getAllAchievements
FNDA:0,getAchievementsByRarity
FNDA:0,getAchievementById
FNDA:0,(anonymous_3)
FNDA:55,(anonymous_4)
DA:13,5
DA:97,5
DA:163,5
DA:201,5
DA:202,12
DA:211,5
DA:212,0
DA:214,0
DA:216,0
DA:218,0
DA:220,0
DA:230,5
DA:231,0
DA:235,5
DA:238,5
DA:239,55
LF:16
LH:10
BRDA:212,0,0,0
BRDA:212,0,1,0
BRDA:212,0,2,0
BRDA:212,0,3,0
BRF:4
BRH:0
end_of_record
TN:
SF:src\lib\leaderboard\cache\LeaderboardCache.ts
FN:42,(anonymous_0)
FN:45,(anonymous_1)
FN:46,(anonymous_2)
FN:49,(anonymous_3)
FN:50,(anonymous_4)
FN:55,(anonymous_5)
FN:72,(anonymous_6)
FN:81,(anonymous_7)
FN:86,(anonymous_8)
FN:87,(anonymous_9)
FN:91,(anonymous_10)
FN:94,(anonymous_11)
FN:99,(anonymous_12)
FN:100,(anonymous_13)
FN:107,(anonymous_14)
FN:117,(anonymous_15)
FN:122,(anonymous_16)
FN:123,(anonymous_17)
FN:127,(anonymous_18)
FN:131,(anonymous_19)
FN:136,(anonymous_20)
FN:137,(anonymous_21)
FN:149,(anonymous_22)
FN:159,(anonymous_23)
FN:164,(anonymous_24)
FN:165,(anonymous_25)
FN:169,(anonymous_26)
FN:172,(anonymous_27)
FN:177,(anonymous_28)
FN:178,(anonymous_29)
FN:180,(anonymous_30)
FN:181,(anonymous_31)
FN:187,(anonymous_32)
FN:190,(anonymous_33)
FN:195,(anonymous_34)
FN:196,(anonymous_35)
FN:198,(anonymous_36)
FN:199,(anonymous_37)
FN:206,(anonymous_38)
FN:207,(anonymous_39)
FN:211,(anonymous_40)
FN:214,(anonymous_41)
FN:221,(anonymous_42)
FN:222,(anonymous_43)
FNF:44
FNH:0
FNDA:0,(anonymous_0)
FNDA:0,(anonymous_1)
FNDA:0,(anonymous_2)
FNDA:0,(anonymous_3)
FNDA:0,(anonymous_4)
FNDA:0,(anonymous_5)
FNDA:0,(anonymous_6)
FNDA:0,(anonymous_7)
FNDA:0,(anonymous_8)
FNDA:0,(anonymous_9)
FNDA:0,(anonymous_10)
FNDA:0,(anonymous_11)
FNDA:0,(anonymous_12)
FNDA:0,(anonymous_13)
FNDA:0,(anonymous_14)
FNDA:0,(anonymous_15)
FNDA:0,(anonymous_16)
FNDA:0,(anonymous_17)
FNDA:0,(anonymous_18)
FNDA:0,(anonymous_19)
FNDA:0,(anonymous_20)
FNDA:0,(anonymous_21)
FNDA:0,(anonymous_22)
FNDA:0,(anonymous_23)
FNDA:0,(anonymous_24)
FNDA:0,(anonymous_25)
FNDA:0,(anonymous_26)
FNDA:0,(anonymous_27)
FNDA:0,(anonymous_28)
FNDA:0,(anonymous_29)
FNDA:0,(anonymous_30)
FNDA:0,(anonymous_31)
FNDA:0,(anonymous_32)
FNDA:0,(anonymous_33)
FNDA:0,(anonymous_34)
FNDA:0,(anonymous_35)
FNDA:0,(anonymous_36)
FNDA:0,(anonymous_37)
FNDA:0,(anonymous_38)
FNDA:0,(anonymous_39)
FNDA:0,(anonymous_40)
FNDA:0,(anonymous_41)
FNDA:0,(anonymous_42)
FNDA:0,(anonymous_43)
DA:5,1
DA:6,1
DA:7,1
DA:8,1
DA:9,1
DA:42,1
DA:43,0
DA:46,0
DA:47,0
DA:49,0
DA:50,0
DA:51,0
DA:52,0
DA:55,0
DA:56,0
DA:58,0
DA:59,0
DA:61,0
DA:62,0
DA:64,0
DA:65,0
DA:66,0
DA:73,0
DA:75,0
DA:81,0
DA:82,0
DA:83,0
DA:84,0
DA:86,0
DA:87,0
DA:92,0
DA:94,0
DA:95,0
DA:96,0
DA:97,0
DA:99,0
DA:100,0
DA:101,0
DA:102,0
DA:108,0
DA:110,0
DA:111,0
DA:117,0
DA:118,0
DA:119,0
DA:120,0
DA:122,0
DA:123,0
DA:128,0
DA:130,0
DA:131,0
DA:132,0
DA:133,0
DA:134,0
DA:136,0
DA:137,0
DA:138,0
DA:139,0
DA:150,0
DA:152,0
DA:159,0
DA:160,0
DA:161,0
DA:162,0
DA:164,0
DA:165,0
DA:170,0
DA:172,0
DA:173,0
DA:174,0
DA:175,0
DA:177,0
DA:178,0
DA:179,0
DA:180,0
DA:181,0
DA:182,0
DA:188,0
DA:190,0
DA:191,0
DA:192,0
DA:193,0
DA:195,0
DA:196,0
DA:197,0
DA:198,0
DA:199,0
DA:200,0
DA:201,0
DA:206,0
DA:207,0
DA:212,0
DA:214,0
DA:215,0
DA:217,0
DA:218,0
DA:219,0
DA:221,0
DA:222,0
LF:99
LH:6
BRDA:58,0,0,0
BRDA:61,1,0,0
BRDA:64,2,0,0
BRDA:73,3,0,0
BRDA:92,4,0,0
BRDA:102,5,0,0
BRDA:102,5,1,0
BRDA:108,6,0,0
BRDA:128,7,0,0
BRDA:139,8,0,0
BRDA:139,8,1,0
BRDA:150,9,0,0
BRDA:170,10,0,0
BRDA:180,11,0,0
BRDA:180,11,1,0
BRDA:188,12,0,0
BRDA:198,13,0,0
BRDA:198,13,1,0
BRDA:212,14,0,0
BRF:19
BRH:0
end_of_record
TN:
SF:src\lib\leaderboard\sync\FirebaseLeaderboardAdapter.ts
FN:53,(anonymous_0)
FN:62,(anonymous_1)
FN:78,(anonymous_2)
FN:85,(anonymous_3)
FN:88,(anonymous_4)
FN:103,(anonymous_5)
FN:130,(anonymous_6)
FN:140,(anonymous_7)
FN:145,(anonymous_8)
FN:153,(anonymous_9)
FN:159,(anonymous_10)
FN:181,(anonymous_11)
FN:217,(anonymous_12)
FN:248,(anonymous_13)
FN:256,(anonymous_14)
FN:315,(anonymous_15)
FN:367,(anonymous_16)
FN:368,(anonymous_17)
FNF:18
FNH:0
FNDA:0,(anonymous_0)
FNDA:0,(anonymous_1)
FNDA:0,(anonymous_2)
FNDA:0,(anonymous_3)
FNDA:0,(anonymous_4)
FNDA:0,(anonymous_5)
FNDA:0,(anonymous_6)
FNDA:0,(anonymous_7)
FNDA:0,(anonymous_8)
FNDA:0,(anonymous_9)
FNDA:0,(anonymous_10)
FNDA:0,(anonymous_11)
FNDA:0,(anonymous_12)
FNDA:0,(anonymous_13)
FNDA:0,(anonymous_14)
FNDA:0,(anonymous_15)
FNDA:0,(anonymous_16)
FNDA:0,(anonymous_17)
DA:9,1
DA:22,1
DA:27,1
DA:42,1
DA:43,1
DA:44,1
DA:46,1
DA:49,0
DA:50,0
DA:51,0
DA:54,0
DA:55,0
DA:63,0
DA:64,0
DA:65,0
DA:67,0
DA:80,0
DA:81,0
DA:85,0
DA:86,0
DA:87,0
DA:88,0
DA:89,0
DA:95,0
DA:104,0
DA:106,0
DA:109,0
DA:112,0
DA:113,0
DA:114,0
DA:116,0
DA:119,0
DA:135,0
DA:138,0
DA:141,0
DA:142,0
DA:146,0
DA:149,0
DA:151,0
DA:153,0
DA:154,0
DA:155,0
DA:157,0
DA:160,0
DA:163,0
DA:167,0
DA:168,0
DA:170,0
DA:182,0
DA:184,0
DA:185,0
DA:186,0
DA:190,0
DA:191,0
DA:193,0
DA:194,0
DA:200,0
DA:201,0
DA:202,0
DA:204,0
DA:205,0
DA:218,0
DA:219,0
DA:220,0
DA:222,0
DA:223,0
DA:227,0
DA:228,0
DA:231,0
DA:232,0
DA:235,0
DA:237,0
DA:238,0
DA:249,0
DA:257,0
DA:258,0
DA:260,0
DA:261,0
DA:262,0
DA:265,0
DA:268,0
DA:271,0
DA:273,0
DA:274,0
DA:280,0
DA:284,0
DA:285,0
DA:293,0
DA:296,0
DA:299,0
DA:301,0
DA:303,0
DA:304,0
DA:320,0
DA:321,0
DA:322,0
DA:325,0
DA:326,0
DA:327,0
DA:328,0
DA:329,0
DA:333,0
DA:334,0
DA:338,0
DA:339,0
DA:343,0
DA:344,0
DA:345,0
DA:349,0
DA:350,0
DA:354,0
DA:356,0
DA:357,0
DA:368,0
DA:369,0
DA:370,0
DA:372,0
DA:375,0
DA:378,0
DA:379,0
DA:380,0
LF:121
LH:7
BRDA:80,0,0,0
BRDA:87,1,0,0
BRDA:112,2,0,0
BRDA:112,2,1,0
BRDA:141,3,0,0
BRDA:154,4,0,0
BRDA:185,5,0,0
BRDA:193,6,0,0
BRDA:204,7,0,0
BRDA:219,8,0,0
BRDA:219,8,1,0
BRDA:222,9,0,0
BRDA:237,10,0,0
BRDA:260,11,0,0
BRDA:303,12,0,0
BRDA:326,13,0,0
BRDA:333,14,0,0
BRDA:338,15,0,0
BRDA:343,16,0,0
BRDA:343,16,1,0
BRDA:343,17,0,0
BRDA:343,17,1,0
BRDA:345,18,0,0
BRDA:346,19,0,0
BRDA:346,19,1,0
BRDA:350,20,0,0
BRDA:351,21,0,0
BRDA:351,21,1,0
BRDA:356,22,0,0
BRDA:378,23,0,0
BRF:30
BRH:0
end_of_record
TN:
SF:src\lib\leaderboard\sync\LeaderboardSyncAdapter.ts
FN:13,(anonymous_0)
FN:26,(anonymous_1)
FNF:2
FNH:1
FNDA:4,(anonymous_0)
FNDA:0,(anonymous_1)
DA:13,4
DA:14,4
DA:15,4
DA:16,4
DA:17,4
DA:18,4
DA:19,4
DA:25,4
DA:27,0
DA:30,0
DA:31,0
LF:11
LH:8
BRDA:13,0,0,4
BRDA:13,0,1,4
BRF:2
BRH:2
end_of_record
TN:
SF:src\lib\leaderboard\sync\LocalLeaderboardAdapter.ts
FN:22,(anonymous_0)
FN:32,(anonymous_1)
FN:42,(anonymous_2)
FN:88,(anonymous_3)
FN:108,(anonymous_4)
FN:117,(anonymous_5)
FN:129,(anonymous_6)
FN:146,(anonymous_7)
FN:154,(anonymous_8)
FN:162,(anonymous_9)
FN:207,(anonymous_10)
FN:215,(anonymous_11)
FN:223,(anonymous_12)
FN:235,(anonymous_13)
FN:242,(anonymous_14)
FN:244,(anonymous_15)
FN:255,(anonymous_16)
FN:256,(anonymous_17)
FN:271,(anonymous_18)
FNF:19
FNH:14
FNDA:13,(anonymous_0)
FNDA:13,(anonymous_1)
FNDA:13,(anonymous_2)
FNDA:1,(anonymous_3)
FNDA:0,(anonymous_4)
FNDA:1,(anonymous_5)
FNDA:1,(anonymous_6)
FNDA:0,(anonymous_7)
FNDA:0,(anonymous_8)
FNDA:10,(anonymous_9)
FNDA:6,(anonymous_10)
FNDA:0,(anonymous_11)
FNDA:13,(anonymous_12)
FNDA:1,(anonymous_13)
FNDA:1,(anonymous_14)
FNDA:2,(anonymous_15)
FNDA:1,(anonymous_16)
FNDA:2,(anonymous_17)
FNDA:0,(anonymous_18)
DA:2,3
DA:13,3
DA:14,3
DA:15,3
DA:22,3
DA:23,13
DA:24,13
DA:25,13
DA:26,13
DA:33,13
DA:34,13
DA:35,13
DA:43,13
DA:44,13
DA:45,0
DA:49,13
DA:50,13
DA:51,13
DA:52,13
DA:53,13
DA:54,13
DA:55,13
DA:56,11
DA:61,13
DA:62,8
DA:63,5
DA:64,1
DA:65,1
DA:66,1
DA:67,1
DA:68,1
DA:75,13
DA:76,13
DA:77,13
DA:80,13
DA:93,1
DA:95,1
DA:96,1
DA:99,1
DA:102,1
DA:103,1
DA:104,0
DA:108,1
DA:109,0
DA:118,1
DA:119,1
DA:120,0
DA:122,1
DA:133,1
DA:134,1
DA:135,0
DA:138,1
DA:139,1
DA:140,1
DA:147,0
DA:163,10
DA:199,10
DA:200,10
DA:208,6
DA:216,0
DA:224,13
DA:225,13
DA:226,13
DA:227,12
DA:231,1
DA:232,1
DA:235,1
DA:243,1
DA:245,2
DA:246,2
DA:255,1
DA:256,2
DA:258,1
DA:272,0
LF:74
LH:66
BRDA:44,0,0,0
BRDA:50,1,0,13
BRDA:55,2,0,11
BRDA:61,3,0,8
BRDA:61,3,1,5
BRDA:63,4,0,1
BRDA:65,5,0,1
BRDA:67,6,0,1
BRDA:67,7,0,1
BRDA:67,7,1,1
BRDA:95,8,0,1
BRDA:103,9,0,0
BRDA:119,10,0,0
BRDA:133,11,0,1
BRDA:133,11,1,1
BRDA:134,12,0,0
BRDA:226,13,0,12
BRDA:226,14,0,13
BRDA:226,14,1,1
BRDA:249,15,0,2
BRDA:249,15,1,1
BRDA:251,16,0,2
BRDA:251,16,1,1
BRF:23
BRH:19
end_of_record
TN:
SF:src\pages\ComponentsPreview.tsx
FN:5,(anonymous_6)
FN:8,(anonymous_7)
FN:23,(anonymous_8)
FNF:3
FNH:0
FNDA:0,(anonymous_6)
FNDA:0,(anonymous_7)
FNDA:0,(anonymous_8)
DA:1,0
DA:2,0
DA:3,0
DA:5,0
DA:6,0
DA:8,0
DA:9,0
DA:10,0
DA:12,0
DA:16,0
DA:23,0
LF:11
LH:0
BRDA:9,0,0,0
BRDA:9,0,1,0
BRDA:17,1,0,0
BRDA:17,1,1,0
BRDA:26,2,0,0
BRDA:26,2,1,0
BRF:6
BRH:0
end_of_record
TN:
SF:src\pages\HomePage.tsx
FN:11,getUserId
FN:25,(anonymous_7)
FN:26,(anonymous_8)
FNF:3
FNH:0
FNDA:0,getUserId
FNDA:0,(anonymous_7)
FNDA:0,(anonymous_8)
DA:1,0
DA:2,0
DA:3,0
DA:4,0
DA:5,0
DA:12,0
DA:13,0
DA:15,0
DA:17,0
DA:19,0
DA:22,0
DA:25,0
DA:26,0
DA:27,0
DA:30,0
DA:32,0
LF:16
LH:0
BRDA:15,0,0,0
BRF:1
BRH:0
end_of_record
TN:
SF:src\pages\SettingsPage.tsx
FN:9,loadDifficulty
FN:21,saveDifficulty
FN:33,getUserId
FN:47,(anonymous_9)
FN:52,(anonymous_10)
FN:56,(anonymous_11)
FN:62,(anonymous_12)
FN:135,(anonymous_13)
FN:142,(anonymous_14)
FN:159,(anonymous_15)
FN:166,(anonymous_16)
FNF:11
FNH:0
FNDA:0,loadDifficulty
FNDA:0,saveDifficulty
FNDA:0,getUserId
FNDA:0,(anonymous_9)
FNDA:0,(anonymous_10)
FNDA:0,(anonymous_11)
FNDA:0,(anonymous_12)
FNDA:0,(anonymous_13)
FNDA:0,(anonymous_14)
FNDA:0,(anonymous_15)
FNDA:0,(anonymous_16)
DA:1,0
DA:2,0
DA:3,0
DA:7,0
DA:10,0
DA:11,0
DA:12,0
DA:13,0
DA:18,0
DA:22,0
DA:23,0
DA:34,0
DA:35,0
DA:37,0
DA:39,0
DA:41,0
DA:44,0
DA:47,0
DA:48,0
DA:49,0
DA:50,0
DA:52,0
DA:53,0
DA:56,0
DA:57,0
DA:58,0
DA:59,0
DA:62,0
DA:63,0
DA:64,0
DA:67,0
DA:136,0
DA:142,0
DA:160,0
DA:166,0
LF:35
LH:0
BRDA:12,0,0,0
BRDA:12,1,0,0
BRDA:12,1,1,0
BRDA:12,1,2,0
BRDA:37,2,0,0
BRDA:146,3,0,0
BRDA:146,3,1,0
BRF:7
BRH:0
end_of_record
TN:
SF:src\scripts\auditDictionary.ts
FN:4,findConnectedComponents
FN:34,auditDictionary
FN:39,(anonymous_2)
FN:41,(anonymous_3)
FN:45,(anonymous_4)
FN:57,(anonymous_5)
FN:58,(anonymous_6)
FNF:7
FNH:0
FNDA:0,findConnectedComponents
FNDA:0,auditDictionary
FNDA:0,(anonymous_2)
FNDA:0,(anonymous_3)
FNDA:0,(anonymous_4)
FNDA:0,(anonymous_5)
FNDA:0,(anonymous_6)
DA:1,0
DA:2,0
DA:5,0
DA:6,0
DA:8,0
DA:9,0
DA:11,0
DA:12,0
DA:13,0
DA:15,0
DA:16,0
DA:17,0
DA:18,0
DA:20,0
DA:21,0
DA:22,0
DA:23,0
DA:28,0
DA:31,0
DA:34,0
DA:35,0
DA:37,0
DA:38,0
DA:39,0
DA:40,0
DA:41,0
DA:42,0
DA:45,0
DA:47,0
DA:48,0
DA:49,0
DA:50,0
DA:51,0
DA:52,0
DA:53,0
DA:55,0
DA:56,0
DA:57,0
DA:58,0
DA:64,0
DA:65,0
LF:41
LH:0
BRDA:9,0,0,0
BRDA:21,1,0,0
BRDA:42,2,0,0
BRDA:42,2,1,0
BRDA:45,3,0,0
BRDA:45,3,1,0
BRDA:52,4,0,0
BRDA:52,5,0,0
BRDA:52,5,1,0
BRDA:56,6,0,0
BRDA:56,7,0,0
BRDA:56,7,1,0
BRDA:64,8,0,0
BRF:13
BRH:0
end_of_record
